{"numFailedTestSuites":1,"numFailedTests":2,"numPassedTestSuites":3,"numPassedTests":43,"numPendingTestSuites":0,"numPendingTests":0,"numRuntimeErrorTestSuites":0,"numTodoTests":0,"numTotalTestSuites":4,"numTotalTests":45,"openHandles":[],"snapshot":{"added":0,"didUpdate":false,"failure":false,"filesAdded":0,"filesRemoved":0,"filesRemovedList":[],"filesUnmatched":0,"filesUpdated":0,"matched":0,"total":0,"unchecked":0,"uncheckedKeysByFile":[],"unmatched":0,"updated":0},"startTime":1774340863188,"success":false,"testResults":[{"assertionResults":[{"ancestorTitles":["master-data.routes"],"duration":46,"failureDetails":[],"failureMessages":[],"fullName":"master-data.routes returns paginated master data records","invocations":1,"location":null,"numPassingAsserts":3,"retryReasons":[],"status":"passed","title":"returns paginated master data records"},{"ancestorTitles":["master-data.routes"],"duration":24,"failureDetails":[{"matcherResult":{"actual":"undefined","expected":"string","message":"\u001b[2mexpect(\u001b[22m\u001b[31mreceived\u001b[39m\u001b[2m).\u001b[22mtoBe\u001b[2m(\u001b[22m\u001b[32mexpected\u001b[39m\u001b[2m) // Object.is equality\u001b[22m\n\nExpected: \u001b[32m\"string\"\u001b[39m\nReceived: \u001b[31m\"undefined\"\u001b[39m","name":"toBe","pass":false}}],"failureMessages":["Error: \u001b[2mexpect(\u001b[22m\u001b[31mreceived\u001b[39m\u001b[2m).\u001b[22mtoBe\u001b[2m(\u001b[22m\u001b[32mexpected\u001b[39m\u001b[2m) // Object.is equality\u001b[22m\n\nExpected: \u001b[32m\"string\"\u001b[39m\nReceived: \u001b[31m\"undefined\"\u001b[39m\n    at Object.<anonymous> (/Users/vims/Downloads/Development Projects/Trae/SOS Logistics Pro/logic-nexus-ai/services/amro-api/tests/master-data.routes.test.ts:81:40)\n    at processTicksAndRejections (node:internal/process/task_queues:104:5)"],"fullName":"master-data.routes validates query parameters before database calls","invocations":1,"location":null,"numPassingAsserts":0,"retryReasons":[],"status":"failed","title":"validates query parameters before database calls"},{"ancestorTitles":["master-data.routes"],"duration":13,"failureDetails":[{"matcherResult":{"actual":"undefined","expected":"string","message":"\u001b[2mexpect(\u001b[22m\u001b[31mreceived\u001b[39m\u001b[2m).\u001b[22mtoBe\u001b[2m(\u001b[22m\u001b[32mexpected\u001b[39m\u001b[2m) // Object.is equality\u001b[22m\n\nExpected: \u001b[32m\"string\"\u001b[39m\nReceived: \u001b[31m\"undefined\"\u001b[39m","name":"toBe","pass":false}}],"failureMessages":["Error: \u001b[2mexpect(\u001b[22m\u001b[31mreceived\u001b[39m\u001b[2m).\u001b[22mtoBe\u001b[2m(\u001b[22m\u001b[32mexpected\u001b[39m\u001b[2m) // Object.is equality\u001b[22m\n\nExpected: \u001b[32m\"string\"\u001b[39m\nReceived: \u001b[31m\"undefined\"\u001b[39m\n    at Object.<anonymous> (/Users/vims/Downloads/Development Projects/Trae/SOS Logistics Pro/logic-nexus-ai/services/amro-api/tests/master-data.routes.test.ts:95:40)\n    at processTicksAndRejections (node:internal/process/task_queues:104:5)"],"fullName":"master-data.routes maps resilience failures to dependency status codes","invocations":1,"location":null,"numPassingAsserts":0,"retryReasons":[],"status":"failed","title":"maps resilience failures to dependency status codes"}],"endTime":1774340864554,"message":"\u001b[1m\u001b[31m  \u001b[1m● \u001b[22m\u001b[1mmaster-data.routes › validates query parameters before database calls\u001b[39m\u001b[22m\n\n    \u001b[2mexpect(\u001b[22m\u001b[31mreceived\u001b[39m\u001b[2m).\u001b[22mtoBe\u001b[2m(\u001b[22m\u001b[32mexpected\u001b[39m\u001b[2m) // Object.is equality\u001b[22m\n\n    Expected: \u001b[32m\"string\"\u001b[39m\n    Received: \u001b[31m\"undefined\"\u001b[39m\n\u001b[2m\u001b[22m\n\u001b[2m    \u001b[0m \u001b[90m 79 |\u001b[39m       \u001b[33m.\u001b[39m\u001b[36mget\u001b[39m(\u001b[32m'/api/v2/amro/master-data/aircraft?page=0&page_size=25'\u001b[39m)\u001b[22m\n\u001b[2m     \u001b[90m 80 |\u001b[39m       \u001b[33m.\u001b[39mexpect(\u001b[35m400\u001b[39m)\u001b[33m;\u001b[39m\u001b[22m\n\u001b[2m    \u001b[31m\u001b[1m>\u001b[22m\u001b[2m\u001b[39m\u001b[90m 81 |\u001b[39m     expect(\u001b[36mtypeof\u001b[39m response\u001b[33m.\u001b[39mbody\u001b[33m.\u001b[39merror)\u001b[33m.\u001b[39mtoBe(\u001b[32m'string'\u001b[39m)\u001b[33m;\u001b[39m\u001b[22m\n\u001b[2m     \u001b[90m    |\u001b[39m                                        \u001b[31m\u001b[1m^\u001b[22m\u001b[2m\u001b[39m\u001b[22m\n\u001b[2m     \u001b[90m 82 |\u001b[39m     expect(mockExecuteWithResilience)\u001b[33m.\u001b[39mnot\u001b[33m.\u001b[39mtoHaveBeenCalled()\u001b[33m;\u001b[39m\u001b[22m\n\u001b[2m     \u001b[90m 83 |\u001b[39m   })\u001b[33m;\u001b[39m\u001b[22m\n\u001b[2m     \u001b[90m 84 |\u001b[39m\u001b[0m\u001b[22m\n\u001b[2m\u001b[22m\n\u001b[2m      \u001b[2mat Object.<anonymous> (\u001b[22m\u001b[2m\u001b[0m\u001b[36mtests/master-data.routes.test.ts\u001b[39m\u001b[0m\u001b[2m:81:40)\u001b[22m\u001b[2m\u001b[22m\n\n\u001b[1m\u001b[31m  \u001b[1m● \u001b[22m\u001b[1mmaster-data.routes › maps resilience failures to dependency status codes\u001b[39m\u001b[22m\n\n    \u001b[2mexpect(\u001b[22m\u001b[31mreceived\u001b[39m\u001b[2m).\u001b[22mtoBe\u001b[2m(\u001b[22m\u001b[32mexpected\u001b[39m\u001b[2m) // Object.is equality\u001b[22m\n\n    Expected: \u001b[32m\"string\"\u001b[39m\n    Received: \u001b[31m\"undefined\"\u001b[39m\n\u001b[2m\u001b[22m\n\u001b[2m    \u001b[0m \u001b[90m 93 |\u001b[39m       \u001b[33m.\u001b[39m\u001b[36mget\u001b[39m(\u001b[32m'/api/v2/amro/master-data/aircraft?page=1&page_size=25'\u001b[39m)\u001b[22m\n\u001b[2m     \u001b[90m 94 |\u001b[39m       \u001b[33m.\u001b[39mexpect(\u001b[35m503\u001b[39m)\u001b[33m;\u001b[39m\u001b[22m\n\u001b[2m    \u001b[31m\u001b[1m>\u001b[22m\u001b[2m\u001b[39m\u001b[90m 95 |\u001b[39m     expect(\u001b[36mtypeof\u001b[39m response\u001b[33m.\u001b[39mbody\u001b[33m.\u001b[39merror)\u001b[33m.\u001b[39mtoBe(\u001b[32m'string'\u001b[39m)\u001b[33m;\u001b[39m\u001b[22m\n\u001b[2m     \u001b[90m    |\u001b[39m                                        \u001b[31m\u001b[1m^\u001b[22m\u001b[2m\u001b[39m\u001b[22m\n\u001b[2m     \u001b[90m 96 |\u001b[39m   })\u001b[33m;\u001b[39m\u001b[22m\n\u001b[2m     \u001b[90m 97 |\u001b[39m })\u001b[33m;\u001b[39m\u001b[22m\n\u001b[2m     \u001b[90m 98 |\u001b[39m\u001b[0m\u001b[22m\n\u001b[2m\u001b[22m\n\u001b[2m      \u001b[2mat Object.<anonymous> (\u001b[22m\u001b[2m\u001b[0m\u001b[36mtests/master-data.routes.test.ts\u001b[39m\u001b[0m\u001b[2m:95:40)\u001b[22m\u001b[2m\u001b[22m\n","name":"/Users/vims/Downloads/Development Projects/Trae/SOS Logistics Pro/logic-nexus-ai/services/amro-api/tests/master-data.routes.test.ts","startTime":1774340863333,"status":"failed","summary":""},{"assertionResults":[{"ancestorTitles":["authMiddleware"],"duration":3,"failureDetails":[],"failureMessages":[],"fullName":"authMiddleware returns 401 for missing token","invocations":1,"location":null,"numPassingAsserts":3,"retryReasons":[],"status":"passed","title":"returns 401 for missing token"},{"ancestorTitles":["authMiddleware"],"duration":0,"failureDetails":[],"failureMessages":[],"fullName":"authMiddleware returns 401 for invalid token","invocations":1,"location":null,"numPassingAsserts":3,"retryReasons":[],"status":"passed","title":"returns 401 for invalid token"},{"ancestorTitles":["authMiddleware"],"duration":1,"failureDetails":[],"failureMessages":[],"fullName":"authMiddleware returns 401 when user has no tenant assignment","invocations":1,"location":null,"numPassingAsserts":3,"retryReasons":[],"status":"passed","title":"returns 401 when user has no tenant assignment"},{"ancestorTitles":["authMiddleware"],"duration":1,"failureDetails":[],"failureMessages":[],"fullName":"authMiddleware sets context and calls next for valid token","invocations":1,"location":null,"numPassingAsserts":3,"retryReasons":[],"status":"passed","title":"sets context and calls next for valid token"},{"ancestorTitles":["authMiddleware"],"duration":6,"failureDetails":[],"failureMessages":[],"fullName":"authMiddleware continues with metadata tenant when user_roles lookup table is unavailable","invocations":1,"location":null,"numPassingAsserts":3,"retryReasons":[],"status":"passed","title":"continues with metadata tenant when user_roles lookup table is unavailable"},{"ancestorTitles":["authMiddleware"],"duration":290,"failureDetails":[],"failureMessages":[],"fullName":"authMiddleware returns 500 when middleware throws","invocations":1,"location":null,"numPassingAsserts":2,"retryReasons":[],"status":"passed","title":"returns 500 when middleware throws"}],"endTime":1774340864875,"message":"","name":"/Users/vims/Downloads/Development Projects/Trae/SOS Logistics Pro/logic-nexus-ai/services/amro-api/tests/auth.middleware.test.ts","startTime":1774340864558,"status":"passed","summary":""},{"assertionResults":[{"ancestorTitles":["AMRO API Health Check"],"duration":8,"failureDetails":[],"failureMessages":[],"fullName":"AMRO API Health Check should return 200 OK on GET /health","invocations":1,"location":null,"numPassingAsserts":3,"retryReasons":[],"status":"passed","title":"should return 200 OK on GET /health"},{"ancestorTitles":["AMRO API Health Check"],"duration":2,"failureDetails":[],"failureMessages":[],"fullName":"AMRO API Health Check should return service info on GET /","invocations":1,"location":null,"numPassingAsserts":3,"retryReasons":[],"status":"passed","title":"should return service info on GET /"},{"ancestorTitles":["AMRO API Health Check"],"duration":16,"failureDetails":[],"failureMessages":[],"fullName":"AMRO API Health Check should return readiness payload on GET /health/ready","invocations":1,"location":null,"numPassingAsserts":3,"retryReasons":[],"status":"passed","title":"should return readiness payload on GET /health/ready"},{"ancestorTitles":["AMRO API Health Check"],"duration":2,"failureDetails":[],"failureMessages":[],"fullName":"AMRO API Health Check should return monitoring metrics on GET /health/metrics","invocations":1,"location":null,"numPassingAsserts":3,"retryReasons":[],"status":"passed","title":"should return monitoring metrics on GET /health/metrics"},{"ancestorTitles":["AMRO API Contract Artifacts"],"duration":2,"failureDetails":[],"failureMessages":[],"fullName":"AMRO API Contract Artifacts should return OpenAPI contract without Authorization header","invocations":1,"location":null,"numPassingAsserts":3,"retryReasons":[],"status":"passed","title":"should return OpenAPI contract without Authorization header"},{"ancestorTitles":["AMRO API Contract Artifacts"],"duration":1,"failureDetails":[],"failureMessages":[],"fullName":"AMRO API Contract Artifacts should return 404 for unknown contract artifact path","invocations":1,"location":null,"numPassingAsserts":2,"retryReasons":[],"status":"passed","title":"should return 404 for unknown contract artifact path"},{"ancestorTitles":["AMRO Public Contract and Readiness APIs"],"duration":2,"failureDetails":[],"failureMessages":[],"fullName":"AMRO Public Contract and Readiness APIs should return phase plan without Authorization header","invocations":1,"location":null,"numPassingAsserts":3,"retryReasons":[],"status":"passed","title":"should return phase plan without Authorization header"},{"ancestorTitles":["AMRO Public Contract and Readiness APIs"],"duration":2,"failureDetails":[],"failureMessages":[],"fullName":"AMRO Public Contract and Readiness APIs should return phase 1 readiness without Authorization header","invocations":1,"location":null,"numPassingAsserts":3,"retryReasons":[],"status":"passed","title":"should return phase 1 readiness without Authorization header"},{"ancestorTitles":["AMRO Public Contract and Readiness APIs"],"duration":2,"failureDetails":[],"failureMessages":[],"fullName":"AMRO Public Contract and Readiness APIs should return module catalog without Authorization header","invocations":1,"location":null,"numPassingAsserts":3,"retryReasons":[],"status":"passed","title":"should return module catalog without Authorization header"},{"ancestorTitles":["AMRO Public Contract and Readiness APIs"],"duration":1,"failureDetails":[],"failureMessages":[],"fullName":"AMRO Public Contract and Readiness APIs should return screen inventory without Authorization header","invocations":1,"location":null,"numPassingAsserts":3,"retryReasons":[],"status":"passed","title":"should return screen inventory without Authorization header"},{"ancestorTitles":["AMRO Public Contract and Readiness APIs"],"duration":1,"failureDetails":[],"failureMessages":[],"fullName":"AMRO Public Contract and Readiness APIs should return migration plan without Authorization header","invocations":1,"location":null,"numPassingAsserts":3,"retryReasons":[],"status":"passed","title":"should return migration plan without Authorization header"},{"ancestorTitles":["AMRO Public Contract and Readiness APIs"],"duration":3,"failureDetails":[],"failureMessages":[],"fullName":"AMRO Public Contract and Readiness APIs should return contract health without Authorization header","invocations":1,"location":null,"numPassingAsserts":3,"retryReasons":[],"status":"passed","title":"should return contract health without Authorization header"},{"ancestorTitles":["AMRO Public Contract and Readiness APIs"],"duration":1,"failureDetails":[],"failureMessages":[],"fullName":"AMRO Public Contract and Readiness APIs should return v2 monitoring metrics without Authorization header","invocations":1,"location":null,"numPassingAsserts":3,"retryReasons":[],"status":"passed","title":"should return v2 monitoring metrics without Authorization header"},{"ancestorTitles":["Authentication Middleware"],"duration":2,"failureDetails":[],"failureMessages":[],"fullName":"Authentication Middleware should return 401 when Authorization header is missing","invocations":1,"location":null,"numPassingAsserts":2,"retryReasons":[],"status":"passed","title":"should return 401 when Authorization header is missing"},{"ancestorTitles":["Authentication Middleware"],"duration":1,"failureDetails":[],"failureMessages":[],"fullName":"Authentication Middleware should return 401 when Authorization header is malformed","invocations":1,"location":null,"numPassingAsserts":2,"retryReasons":[],"status":"passed","title":"should return 401 when Authorization header is malformed"},{"ancestorTitles":["Authentication Middleware"],"duration":1,"failureDetails":[],"failureMessages":[],"fullName":"Authentication Middleware should return 401 when Authorization header has no Bearer prefix","invocations":1,"location":null,"numPassingAsserts":2,"retryReasons":[],"status":"passed","title":"should return 401 when Authorization header has no Bearer prefix"},{"ancestorTitles":["Error Handling"],"duration":1,"failureDetails":[],"failureMessages":[],"fullName":"Error Handling should return 404 for unknown non-API routes","invocations":1,"location":null,"numPassingAsserts":2,"retryReasons":[],"status":"passed","title":"should return 404 for unknown non-API routes"},{"ancestorTitles":["Error Handling"],"duration":2,"failureDetails":[],"failureMessages":[],"fullName":"Error Handling should return appropriate error format for 404","invocations":1,"location":null,"numPassingAsserts":4,"retryReasons":[],"status":"passed","title":"should return appropriate error format for 404"},{"ancestorTitles":["Error Handling"],"duration":1,"failureDetails":[],"failureMessages":[],"fullName":"Error Handling should return 401 for unknown API routes without token (auth middleware protection)","invocations":1,"location":null,"numPassingAsserts":2,"retryReasons":[],"status":"passed","title":"should return 401 for unknown API routes without token (auth middleware protection)"},{"ancestorTitles":["CORS Headers"],"duration":1,"failureDetails":[],"failureMessages":[],"fullName":"CORS Headers should include CORS headers in response","invocations":1,"location":null,"numPassingAsserts":1,"retryReasons":[],"status":"passed","title":"should include CORS headers in response"},{"ancestorTitles":["CORS Headers"],"duration":0,"failureDetails":[],"failureMessages":[],"fullName":"CORS Headers should allow OPTIONS requests on health endpoint","invocations":1,"location":null,"numPassingAsserts":1,"retryReasons":[],"status":"passed","title":"should allow OPTIONS requests on health endpoint"},{"ancestorTitles":["Work Packages Endpoints - Authentication Required"],"duration":2,"failureDetails":[],"failureMessages":[],"fullName":"Work Packages Endpoints - Authentication Required should require authentication for GET /api/v1/work-packages","invocations":1,"location":null,"numPassingAsserts":2,"retryReasons":[],"status":"passed","title":"should require authentication for GET /api/v1/work-packages"},{"ancestorTitles":["Work Packages Endpoints - Authentication Required"],"duration":7,"failureDetails":[],"failureMessages":[],"fullName":"Work Packages Endpoints - Authentication Required should require authentication for POST /api/v1/work-packages","invocations":1,"location":null,"numPassingAsserts":2,"retryReasons":[],"status":"passed","title":"should require authentication for POST /api/v1/work-packages"},{"ancestorTitles":["Work Packages Endpoints - Authentication Required"],"duration":2,"failureDetails":[],"failureMessages":[],"fullName":"Work Packages Endpoints - Authentication Required should require authentication for GET /api/v1/work-packages/:id","invocations":1,"location":null,"numPassingAsserts":2,"retryReasons":[],"status":"passed","title":"should require authentication for GET /api/v1/work-packages/:id"},{"ancestorTitles":["Work Packages Endpoints - Authentication Required"],"duration":1,"failureDetails":[],"failureMessages":[],"fullName":"Work Packages Endpoints - Authentication Required should require authentication for PATCH /api/v1/work-packages/:id","invocations":1,"location":null,"numPassingAsserts":2,"retryReasons":[],"status":"passed","title":"should require authentication for PATCH /api/v1/work-packages/:id"},{"ancestorTitles":["Work Packages Endpoints - Authentication Required"],"duration":7,"failureDetails":[],"failureMessages":[],"fullName":"Work Packages Endpoints - Authentication Required should require authentication for DELETE /api/v1/work-packages/:id","invocations":1,"location":null,"numPassingAsserts":2,"retryReasons":[],"status":"passed","title":"should require authentication for DELETE /api/v1/work-packages/:id"},{"ancestorTitles":["Tasks Endpoints - Authentication Required"],"duration":3,"failureDetails":[],"failureMessages":[],"fullName":"Tasks Endpoints - Authentication Required should require authentication for GET /api/v1/work-packages/:id/tasks","invocations":1,"location":null,"numPassingAsserts":2,"retryReasons":[],"status":"passed","title":"should require authentication for GET /api/v1/work-packages/:id/tasks"},{"ancestorTitles":["Tasks Endpoints - Authentication Required"],"duration":2,"failureDetails":[],"failureMessages":[],"fullName":"Tasks Endpoints - Authentication Required should require authentication for POST /api/v1/work-packages/:id/tasks","invocations":1,"location":null,"numPassingAsserts":2,"retryReasons":[],"status":"passed","title":"should require authentication for POST /api/v1/work-packages/:id/tasks"},{"ancestorTitles":["Tasks Endpoints - Authentication Required"],"duration":1,"failureDetails":[],"failureMessages":[],"fullName":"Tasks Endpoints - Authentication Required should require authentication for GET /api/v1/tasks/:id","invocations":1,"location":null,"numPassingAsserts":2,"retryReasons":[],"status":"passed","title":"should require authentication for GET /api/v1/tasks/:id"},{"ancestorTitles":["Tasks Endpoints - Authentication Required"],"duration":2,"failureDetails":[],"failureMessages":[],"fullName":"Tasks Endpoints - Authentication Required should require authentication for PATCH /api/v1/tasks/:id","invocations":1,"location":null,"numPassingAsserts":2,"retryReasons":[],"status":"passed","title":"should require authentication for PATCH /api/v1/tasks/:id"},{"ancestorTitles":["Tasks Endpoints - Authentication Required"],"duration":2,"failureDetails":[],"failureMessages":[],"fullName":"Tasks Endpoints - Authentication Required should require authentication for DELETE /api/v1/tasks/:id","invocations":1,"location":null,"numPassingAsserts":2,"retryReasons":[],"status":"passed","title":"should require authentication for DELETE /api/v1/tasks/:id"},{"ancestorTitles":["Materials and Maintenance Event Endpoints - Authentication Required"],"duration":2,"failureDetails":[],"failureMessages":[],"fullName":"Materials and Maintenance Event Endpoints - Authentication Required should require authentication for GET /api/v1/work-packages/:id/materials","invocations":1,"location":null,"numPassingAsserts":2,"retryReasons":[],"status":"passed","title":"should require authentication for GET /api/v1/work-packages/:id/materials"},{"ancestorTitles":["Materials and Maintenance Event Endpoints - Authentication Required"],"duration":2,"failureDetails":[],"failureMessages":[],"fullName":"Materials and Maintenance Event Endpoints - Authentication Required should require authentication for GET /api/v1/materials/:id","invocations":1,"location":null,"numPassingAsserts":2,"retryReasons":[],"status":"passed","title":"should require authentication for GET /api/v1/materials/:id"},{"ancestorTitles":["Materials and Maintenance Event Endpoints - Authentication Required"],"duration":1,"failureDetails":[],"failureMessages":[],"fullName":"Materials and Maintenance Event Endpoints - Authentication Required should require authentication for POST /api/v1/tasks/:id/maintenance-events","invocations":1,"location":null,"numPassingAsserts":2,"retryReasons":[],"status":"passed","title":"should require authentication for POST /api/v1/tasks/:id/maintenance-events"}],"endTime":1774340865131,"message":"","name":"/Users/vims/Downloads/Development Projects/Trae/SOS Logistics Pro/logic-nexus-ai/services/amro-api/tests/work-orders.test.ts","startTime":1774340864899,"status":"passed","summary":""},{"assertionResults":[{"ancestorTitles":["resilience utilities"],"duration":5,"failureDetails":[],"failureMessages":[],"fullName":"resilience utilities retries transient dependency failures and eventually succeeds","invocations":1,"location":null,"numPassingAsserts":2,"retryReasons":[],"status":"passed","title":"retries transient dependency failures and eventually succeeds"},{"ancestorTitles":["resilience utilities"],"duration":3,"failureDetails":[],"failureMessages":[],"fullName":"resilience utilities opens circuit after threshold failures and short-circuits subsequent calls","invocations":1,"location":null,"numPassingAsserts":2,"retryReasons":[],"status":"passed","title":"opens circuit after threshold failures and short-circuits subsequent calls"}],"endTime":1774340865185,"message":"","name":"/Users/vims/Downloads/Development Projects/Trae/SOS Logistics Pro/logic-nexus-ai/services/amro-api/tests/resilience.test.ts","startTime":1774340865161,"status":"passed","summary":""}],"wasInterrupted":false}
