{"numFailedTestSuites":0,"numFailedTests":0,"numPassedTestSuites":10,"numPassedTests":111,"numPendingTestSuites":0,"numPendingTests":0,"numRuntimeErrorTestSuites":0,"numTodoTests":0,"numTotalTestSuites":10,"numTotalTests":111,"openHandles":[],"snapshot":{"added":0,"didUpdate":false,"failure":false,"filesAdded":0,"filesRemoved":0,"filesRemovedList":[],"filesUnmatched":0,"filesUpdated":0,"matched":0,"total":0,"unchecked":0,"uncheckedKeysByFile":[],"unmatched":0,"updated":0},"startTime":1774342156944,"success":true,"testResults":[{"assertionResults":[{"ancestorTitles":["master-data.routes"],"duration":35,"failureDetails":[],"failureMessages":[],"fullName":"master-data.routes returns paginated master data records","invocations":1,"location":null,"numPassingAsserts":3,"retryReasons":[],"status":"passed","title":"returns paginated master data records"},{"ancestorTitles":["master-data.routes"],"duration":21,"failureDetails":[],"failureMessages":[],"fullName":"master-data.routes validates query parameters before database calls","invocations":1,"location":null,"numPassingAsserts":2,"retryReasons":[],"status":"passed","title":"validates query parameters before database calls"},{"ancestorTitles":["master-data.routes"],"duration":12,"failureDetails":[],"failureMessages":[],"fullName":"master-data.routes maps resilience failures to dependency status codes","invocations":1,"location":null,"numPassingAsserts":1,"retryReasons":[],"status":"passed","title":"maps resilience failures to dependency status codes"}],"endTime":1774342158402,"message":"","name":"/Users/vims/Downloads/Development Projects/Trae/SOS Logistics Pro/logic-nexus-ai/services/amro-api/tests/master-data.routes.test.ts","startTime":1774342157124,"status":"passed","summary":""},{"assertionResults":[{"ancestorTitles":["AMRO API Health Check"],"duration":8,"failureDetails":[],"failureMessages":[],"fullName":"AMRO API Health Check should return 200 OK on GET /health","invocations":1,"location":null,"numPassingAsserts":3,"retryReasons":[],"status":"passed","title":"should return 200 OK on GET /health"},{"ancestorTitles":["AMRO API Health Check"],"duration":2,"failureDetails":[],"failureMessages":[],"fullName":"AMRO API Health Check should return service info on GET /","invocations":1,"location":null,"numPassingAsserts":3,"retryReasons":[],"status":"passed","title":"should return service info on GET /"},{"ancestorTitles":["AMRO API Health Check"],"duration":15,"failureDetails":[],"failureMessages":[],"fullName":"AMRO API Health Check should return readiness payload on GET /health/ready","invocations":1,"location":null,"numPassingAsserts":3,"retryReasons":[],"status":"passed","title":"should return readiness payload on GET /health/ready"},{"ancestorTitles":["AMRO API Health Check"],"duration":2,"failureDetails":[],"failureMessages":[],"fullName":"AMRO API Health Check should return monitoring metrics on GET /health/metrics","invocations":1,"location":null,"numPassingAsserts":3,"retryReasons":[],"status":"passed","title":"should return monitoring metrics on GET /health/metrics"},{"ancestorTitles":["AMRO API Contract Artifacts"],"duration":3,"failureDetails":[],"failureMessages":[],"fullName":"AMRO API Contract Artifacts should return OpenAPI contract without Authorization header","invocations":1,"location":null,"numPassingAsserts":3,"retryReasons":[],"status":"passed","title":"should return OpenAPI contract without Authorization header"},{"ancestorTitles":["AMRO API Contract Artifacts"],"duration":2,"failureDetails":[],"failureMessages":[],"fullName":"AMRO API Contract Artifacts should return 404 for unknown contract artifact path","invocations":1,"location":null,"numPassingAsserts":2,"retryReasons":[],"status":"passed","title":"should return 404 for unknown contract artifact path"},{"ancestorTitles":["AMRO Public Contract and Readiness APIs"],"duration":2,"failureDetails":[],"failureMessages":[],"fullName":"AMRO Public Contract and Readiness APIs should return phase plan without Authorization header","invocations":1,"location":null,"numPassingAsserts":3,"retryReasons":[],"status":"passed","title":"should return phase plan without Authorization header"},{"ancestorTitles":["AMRO Public Contract and Readiness APIs"],"duration":2,"failureDetails":[],"failureMessages":[],"fullName":"AMRO Public Contract and Readiness APIs should return phase 1 readiness without Authorization header","invocations":1,"location":null,"numPassingAsserts":3,"retryReasons":[],"status":"passed","title":"should return phase 1 readiness without Authorization header"},{"ancestorTitles":["AMRO Public Contract and Readiness APIs"],"duration":1,"failureDetails":[],"failureMessages":[],"fullName":"AMRO Public Contract and Readiness APIs should return module catalog without Authorization header","invocations":1,"location":null,"numPassingAsserts":3,"retryReasons":[],"status":"passed","title":"should return module catalog without Authorization header"},{"ancestorTitles":["AMRO Public Contract and Readiness APIs"],"duration":1,"failureDetails":[],"failureMessages":[],"fullName":"AMRO Public Contract and Readiness APIs should return screen inventory without Authorization header","invocations":1,"location":null,"numPassingAsserts":3,"retryReasons":[],"status":"passed","title":"should return screen inventory without Authorization header"},{"ancestorTitles":["AMRO Public Contract and Readiness APIs"],"duration":1,"failureDetails":[],"failureMessages":[],"fullName":"AMRO Public Contract and Readiness APIs should return migration plan without Authorization header","invocations":1,"location":null,"numPassingAsserts":3,"retryReasons":[],"status":"passed","title":"should return migration plan without Authorization header"},{"ancestorTitles":["AMRO Public Contract and Readiness APIs"],"duration":3,"failureDetails":[],"failureMessages":[],"fullName":"AMRO Public Contract and Readiness APIs should return contract health without Authorization header","invocations":1,"location":null,"numPassingAsserts":3,"retryReasons":[],"status":"passed","title":"should return contract health without Authorization header"},{"ancestorTitles":["AMRO Public Contract and Readiness APIs"],"duration":2,"failureDetails":[],"failureMessages":[],"fullName":"AMRO Public Contract and Readiness APIs should return v2 monitoring metrics without Authorization header","invocations":1,"location":null,"numPassingAsserts":3,"retryReasons":[],"status":"passed","title":"should return v2 monitoring metrics without Authorization header"},{"ancestorTitles":["Authentication Middleware"],"duration":2,"failureDetails":[],"failureMessages":[],"fullName":"Authentication Middleware should return 401 when Authorization header is missing","invocations":1,"location":null,"numPassingAsserts":2,"retryReasons":[],"status":"passed","title":"should return 401 when Authorization header is missing"},{"ancestorTitles":["Authentication Middleware"],"duration":2,"failureDetails":[],"failureMessages":[],"fullName":"Authentication Middleware should return 401 when Authorization header is malformed","invocations":1,"location":null,"numPassingAsserts":2,"retryReasons":[],"status":"passed","title":"should return 401 when Authorization header is malformed"},{"ancestorTitles":["Authentication Middleware"],"duration":1,"failureDetails":[],"failureMessages":[],"fullName":"Authentication Middleware should return 401 when Authorization header has no Bearer prefix","invocations":1,"location":null,"numPassingAsserts":2,"retryReasons":[],"status":"passed","title":"should return 401 when Authorization header has no Bearer prefix"},{"ancestorTitles":["Error Handling"],"duration":2,"failureDetails":[],"failureMessages":[],"fullName":"Error Handling should return 404 for unknown non-API routes","invocations":1,"location":null,"numPassingAsserts":2,"retryReasons":[],"status":"passed","title":"should return 404 for unknown non-API routes"},{"ancestorTitles":["Error Handling"],"duration":1,"failureDetails":[],"failureMessages":[],"fullName":"Error Handling should return appropriate error format for 404","invocations":1,"location":null,"numPassingAsserts":4,"retryReasons":[],"status":"passed","title":"should return appropriate error format for 404"},{"ancestorTitles":["Error Handling"],"duration":1,"failureDetails":[],"failureMessages":[],"fullName":"Error Handling should return 401 for unknown API routes without token (auth middleware protection)","invocations":1,"location":null,"numPassingAsserts":2,"retryReasons":[],"status":"passed","title":"should return 401 for unknown API routes without token (auth middleware protection)"},{"ancestorTitles":["CORS Headers"],"duration":1,"failureDetails":[],"failureMessages":[],"fullName":"CORS Headers should include CORS headers in response","invocations":1,"location":null,"numPassingAsserts":1,"retryReasons":[],"status":"passed","title":"should include CORS headers in response"},{"ancestorTitles":["CORS Headers"],"duration":1,"failureDetails":[],"failureMessages":[],"fullName":"CORS Headers should allow OPTIONS requests on health endpoint","invocations":1,"location":null,"numPassingAsserts":1,"retryReasons":[],"status":"passed","title":"should allow OPTIONS requests on health endpoint"},{"ancestorTitles":["Work Packages Endpoints - Authentication Required"],"duration":1,"failureDetails":[],"failureMessages":[],"fullName":"Work Packages Endpoints - Authentication Required should require authentication for GET /api/v1/work-packages","invocations":1,"location":null,"numPassingAsserts":2,"retryReasons":[],"status":"passed","title":"should require authentication for GET /api/v1/work-packages"},{"ancestorTitles":["Work Packages Endpoints - Authentication Required"],"duration":8,"failureDetails":[],"failureMessages":[],"fullName":"Work Packages Endpoints - Authentication Required should require authentication for POST /api/v1/work-packages","invocations":1,"location":null,"numPassingAsserts":2,"retryReasons":[],"status":"passed","title":"should require authentication for POST /api/v1/work-packages"},{"ancestorTitles":["Work Packages Endpoints - Authentication Required"],"duration":1,"failureDetails":[],"failureMessages":[],"fullName":"Work Packages Endpoints - Authentication Required should require authentication for GET /api/v1/work-packages/:id","invocations":1,"location":null,"numPassingAsserts":2,"retryReasons":[],"status":"passed","title":"should require authentication for GET /api/v1/work-packages/:id"},{"ancestorTitles":["Work Packages Endpoints - Authentication Required"],"duration":9,"failureDetails":[],"failureMessages":[],"fullName":"Work Packages Endpoints - Authentication Required should require authentication for PATCH /api/v1/work-packages/:id","invocations":1,"location":null,"numPassingAsserts":2,"retryReasons":[],"status":"passed","title":"should require authentication for PATCH /api/v1/work-packages/:id"},{"ancestorTitles":["Work Packages Endpoints - Authentication Required"],"duration":1,"failureDetails":[],"failureMessages":[],"fullName":"Work Packages Endpoints - Authentication Required should require authentication for DELETE /api/v1/work-packages/:id","invocations":1,"location":null,"numPassingAsserts":2,"retryReasons":[],"status":"passed","title":"should require authentication for DELETE /api/v1/work-packages/:id"},{"ancestorTitles":["Tasks Endpoints - Authentication Required"],"duration":2,"failureDetails":[],"failureMessages":[],"fullName":"Tasks Endpoints - Authentication Required should require authentication for GET /api/v1/work-packages/:id/tasks","invocations":1,"location":null,"numPassingAsserts":2,"retryReasons":[],"status":"passed","title":"should require authentication for GET /api/v1/work-packages/:id/tasks"},{"ancestorTitles":["Tasks Endpoints - Authentication Required"],"duration":2,"failureDetails":[],"failureMessages":[],"fullName":"Tasks Endpoints - Authentication Required should require authentication for POST /api/v1/work-packages/:id/tasks","invocations":1,"location":null,"numPassingAsserts":2,"retryReasons":[],"status":"passed","title":"should require authentication for POST /api/v1/work-packages/:id/tasks"},{"ancestorTitles":["Tasks Endpoints - Authentication Required"],"duration":1,"failureDetails":[],"failureMessages":[],"fullName":"Tasks Endpoints - Authentication Required should require authentication for GET /api/v1/tasks/:id","invocations":1,"location":null,"numPassingAsserts":2,"retryReasons":[],"status":"passed","title":"should require authentication for GET /api/v1/tasks/:id"},{"ancestorTitles":["Tasks Endpoints - Authentication Required"],"duration":2,"failureDetails":[],"failureMessages":[],"fullName":"Tasks Endpoints - Authentication Required should require authentication for PATCH /api/v1/tasks/:id","invocations":1,"location":null,"numPassingAsserts":2,"retryReasons":[],"status":"passed","title":"should require authentication for PATCH /api/v1/tasks/:id"},{"ancestorTitles":["Tasks Endpoints - Authentication Required"],"duration":2,"failureDetails":[],"failureMessages":[],"fullName":"Tasks Endpoints - Authentication Required should require authentication for DELETE /api/v1/tasks/:id","invocations":1,"location":null,"numPassingAsserts":2,"retryReasons":[],"status":"passed","title":"should require authentication for DELETE /api/v1/tasks/:id"},{"ancestorTitles":["Materials and Maintenance Event Endpoints - Authentication Required"],"duration":2,"failureDetails":[],"failureMessages":[],"fullName":"Materials and Maintenance Event Endpoints - Authentication Required should require authentication for GET /api/v1/work-packages/:id/materials","invocations":1,"location":null,"numPassingAsserts":2,"retryReasons":[],"status":"passed","title":"should require authentication for GET /api/v1/work-packages/:id/materials"},{"ancestorTitles":["Materials and Maintenance Event Endpoints - Authentication Required"],"duration":1,"failureDetails":[],"failureMessages":[],"fullName":"Materials and Maintenance Event Endpoints - Authentication Required should require authentication for GET /api/v1/materials/:id","invocations":1,"location":null,"numPassingAsserts":2,"retryReasons":[],"status":"passed","title":"should require authentication for GET /api/v1/materials/:id"},{"ancestorTitles":["Materials and Maintenance Event Endpoints - Authentication Required"],"duration":2,"failureDetails":[],"failureMessages":[],"fullName":"Materials and Maintenance Event Endpoints - Authentication Required should require authentication for POST /api/v1/tasks/:id/maintenance-events","invocations":1,"location":null,"numPassingAsserts":2,"retryReasons":[],"status":"passed","title":"should require authentication for POST /api/v1/tasks/:id/maintenance-events"}],"endTime":1774342158655,"message":"","name":"/Users/vims/Downloads/Development Projects/Trae/SOS Logistics Pro/logic-nexus-ai/services/amro-api/tests/work-orders.test.ts","startTime":1774342158416,"status":"passed","summary":""},{"assertionResults":[{"ancestorTitles":["authMiddleware"],"duration":2,"failureDetails":[],"failureMessages":[],"fullName":"authMiddleware returns 401 for missing token","invocations":1,"location":null,"numPassingAsserts":3,"retryReasons":[],"status":"passed","title":"returns 401 for missing token"},{"ancestorTitles":["authMiddleware"],"duration":1,"failureDetails":[],"failureMessages":[],"fullName":"authMiddleware returns 401 for invalid token","invocations":1,"location":null,"numPassingAsserts":3,"retryReasons":[],"status":"passed","title":"returns 401 for invalid token"},{"ancestorTitles":["authMiddleware"],"duration":1,"failureDetails":[],"failureMessages":[],"fullName":"authMiddleware returns 401 when user has no tenant assignment","invocations":1,"location":null,"numPassingAsserts":3,"retryReasons":[],"status":"passed","title":"returns 401 when user has no tenant assignment"},{"ancestorTitles":["authMiddleware"],"duration":1,"failureDetails":[],"failureMessages":[],"fullName":"authMiddleware sets context and calls next for valid token","invocations":1,"location":null,"numPassingAsserts":3,"retryReasons":[],"status":"passed","title":"sets context and calls next for valid token"},{"ancestorTitles":["authMiddleware"],"duration":8,"failureDetails":[],"failureMessages":[],"fullName":"authMiddleware continues with metadata tenant when user_roles lookup table is unavailable","invocations":1,"location":null,"numPassingAsserts":3,"retryReasons":[],"status":"passed","title":"continues with metadata tenant when user_roles lookup table is unavailable"},{"ancestorTitles":["authMiddleware"],"duration":225,"failureDetails":[],"failureMessages":[],"fullName":"authMiddleware returns 500 when middleware throws","invocations":1,"location":null,"numPassingAsserts":2,"retryReasons":[],"status":"passed","title":"returns 500 when middleware throws"}],"endTime":1774342158936,"message":"","name":"/Users/vims/Downloads/Development Projects/Trae/SOS Logistics Pro/logic-nexus-ai/services/amro-api/tests/auth.middleware.test.ts","startTime":1774342158681,"status":"passed","summary":""},{"assertionResults":[{"ancestorTitles":["Work Orders Routes Field Contract"],"duration":4,"failureDetails":[],"failureMessages":[],"fullName":"Work Orders Routes Field Contract maps route workPackageId and keeps legacy sequence_number","invocations":1,"location":null,"numPassingAsserts":2,"retryReasons":[],"status":"passed","title":"maps route workPackageId and keeps legacy sequence_number"},{"ancestorTitles":["Work Orders Routes Field Contract"],"duration":1,"failureDetails":[],"failureMessages":[],"fullName":"Work Orders Routes Field Contract accepts corrected sequence_order field","invocations":1,"location":null,"numPassingAsserts":2,"retryReasons":[],"status":"passed","title":"accepts corrected sequence_order field"},{"ancestorTitles":["Work Orders Routes Field Contract"],"duration":2,"failureDetails":[],"failureMessages":[],"fullName":"Work Orders Routes Field Contract forwards tenant scope to materials endpoint","invocations":1,"location":null,"numPassingAsserts":2,"retryReasons":[],"status":"passed","title":"forwards tenant scope to materials endpoint"},{"ancestorTitles":["Work Orders Routes Field Contract"],"duration":1,"failureDetails":[],"failureMessages":[],"fullName":"Work Orders Routes Field Contract forwards maintenance event payload to service","invocations":1,"location":null,"numPassingAsserts":2,"retryReasons":[],"status":"passed","title":"forwards maintenance event payload to service"}],"endTime":1774342158999,"message":"","name":"/Users/vims/Downloads/Development Projects/Trae/SOS Logistics Pro/logic-nexus-ai/services/amro-api/tests/work-orders-contract.test.ts","startTime":1774342158941,"status":"passed","summary":""},{"assertionResults":[{"ancestorTitles":["work-orders.routes"],"duration":20,"failureDetails":[],"failureMessages":[],"fullName":"work-orders.routes serves work package and task CRUD endpoints","invocations":1,"location":null,"numPassingAsserts":0,"retryReasons":[],"status":"passed","title":"serves work package and task CRUD endpoints"},{"ancestorTitles":["work-orders.routes"],"duration":3,"failureDetails":[],"failureMessages":[],"fullName":"work-orders.routes validates payloads and tenant context","invocations":1,"location":null,"numPassingAsserts":0,"retryReasons":[],"status":"passed","title":"validates payloads and tenant context"},{"ancestorTitles":["work-orders.routes"],"duration":1,"failureDetails":[],"failureMessages":[],"fullName":"work-orders.routes streams SSE updates and filters by tenant","invocations":1,"location":null,"numPassingAsserts":4,"retryReasons":[],"status":"passed","title":"streams SSE updates and filters by tenant"}],"endTime":1774342159058,"message":"","name":"/Users/vims/Downloads/Development Projects/Trae/SOS Logistics Pro/logic-nexus-ai/services/amro-api/tests/work-orders.routes.test.ts","startTime":1774342159003,"status":"passed","summary":""},{"assertionResults":[{"ancestorTitles":["AMRO Tracing Instrumentation","Tracer Initialization"],"duration":1,"failureDetails":[],"failureMessages":[],"fullName":"AMRO Tracing Instrumentation Tracer Initialization should have a tracer instance","invocations":1,"location":null,"numPassingAsserts":2,"retryReasons":[],"status":"passed","title":"should have a tracer instance"},{"ancestorTitles":["AMRO Tracing Instrumentation","createSpan()"],"duration":0,"failureDetails":[],"failureMessages":[],"fullName":"AMRO Tracing Instrumentation createSpan() should create a span","invocations":1,"location":null,"numPassingAsserts":1,"retryReasons":[],"status":"passed","title":"should create a span"},{"ancestorTitles":["AMRO Tracing Instrumentation","createSpan()"],"duration":0,"failureDetails":[],"failureMessages":[],"fullName":"AMRO Tracing Instrumentation createSpan() should accept span name and optional attributes","invocations":1,"location":null,"numPassingAsserts":2,"retryReasons":[],"status":"passed","title":"should accept span name and optional attributes"},{"ancestorTitles":["AMRO Tracing Instrumentation","withSpan() - Success Cases"],"duration":0,"failureDetails":[],"failureMessages":[],"fullName":"AMRO Tracing Instrumentation withSpan() - Success Cases should execute function and return result","invocations":1,"location":null,"numPassingAsserts":1,"retryReasons":[],"status":"passed","title":"should execute function and return result"},{"ancestorTitles":["AMRO Tracing Instrumentation","withSpan() - Success Cases"],"duration":1,"failureDetails":[],"failureMessages":[],"fullName":"AMRO Tracing Instrumentation withSpan() - Success Cases should end span after successful execution","invocations":1,"location":null,"numPassingAsserts":1,"retryReasons":[],"status":"passed","title":"should end span after successful execution"},{"ancestorTitles":["AMRO Tracing Instrumentation","withSpan() - Success Cases"],"duration":10,"failureDetails":[],"failureMessages":[],"fullName":"AMRO Tracing Instrumentation withSpan() - Success Cases should support async operations","invocations":1,"location":null,"numPassingAsserts":1,"retryReasons":[],"status":"passed","title":"should support async operations"},{"ancestorTitles":["AMRO Tracing Instrumentation","withSpan() - Success Cases"],"duration":0,"failureDetails":[],"failureMessages":[],"fullName":"AMRO Tracing Instrumentation withSpan() - Success Cases should accept span attributes","invocations":1,"location":null,"numPassingAsserts":1,"retryReasons":[],"status":"passed","title":"should accept span attributes"},{"ancestorTitles":["AMRO Tracing Instrumentation","withSpan() - Error Handling"],"duration":4,"failureDetails":[],"failureMessages":[],"fullName":"AMRO Tracing Instrumentation withSpan() - Error Handling should catch and re-throw errors","invocations":1,"location":null,"numPassingAsserts":1,"retryReasons":[],"status":"passed","title":"should catch and re-throw errors"},{"ancestorTitles":["AMRO Tracing Instrumentation","withSpan() - Error Handling"],"duration":1,"failureDetails":[],"failureMessages":[],"fullName":"AMRO Tracing Instrumentation withSpan() - Error Handling should handle non-Error objects thrown","invocations":1,"location":null,"numPassingAsserts":1,"retryReasons":[],"status":"passed","title":"should handle non-Error objects thrown"},{"ancestorTitles":["AMRO Tracing Instrumentation","withSpan() - Error Handling"],"duration":0,"failureDetails":[],"failureMessages":[],"fullName":"AMRO Tracing Instrumentation withSpan() - Error Handling should end span even on error","invocations":1,"location":null,"numPassingAsserts":1,"retryReasons":[],"status":"passed","title":"should end span even on error"},{"ancestorTitles":["AMRO Tracing Instrumentation","withSpan() - Error Handling"],"duration":0,"failureDetails":[],"failureMessages":[],"fullName":"AMRO Tracing Instrumentation withSpan() - Error Handling should preserve error message","invocations":1,"location":null,"numPassingAsserts":1,"retryReasons":[],"status":"passed","title":"should preserve error message"},{"ancestorTitles":["AMRO Tracing Instrumentation","withChildSpan()"],"duration":0,"failureDetails":[],"failureMessages":[],"fullName":"AMRO Tracing Instrumentation withChildSpan() should execute function and return result","invocations":1,"location":null,"numPassingAsserts":1,"retryReasons":[],"status":"passed","title":"should execute function and return result"},{"ancestorTitles":["AMRO Tracing Instrumentation","withChildSpan()"],"duration":0,"failureDetails":[],"failureMessages":[],"fullName":"AMRO Tracing Instrumentation withChildSpan() should support both sync and async functions","invocations":1,"location":null,"numPassingAsserts":2,"retryReasons":[],"status":"passed","title":"should support both sync and async functions"},{"ancestorTitles":["AMRO Tracing Instrumentation","withChildSpan()"],"duration":3,"failureDetails":[],"failureMessages":[],"fullName":"AMRO Tracing Instrumentation withChildSpan() should handle errors","invocations":1,"location":null,"numPassingAsserts":1,"retryReasons":[],"status":"passed","title":"should handle errors"},{"ancestorTitles":["AMRO Tracing Instrumentation","recordSpanEvent()"],"duration":0,"failureDetails":[],"failureMessages":[],"fullName":"AMRO Tracing Instrumentation recordSpanEvent() should record event without throwing","invocations":1,"location":null,"numPassingAsserts":1,"retryReasons":[],"status":"passed","title":"should record event without throwing"},{"ancestorTitles":["AMRO Tracing Instrumentation","recordSpanEvent()"],"duration":0,"failureDetails":[],"failureMessages":[],"fullName":"AMRO Tracing Instrumentation recordSpanEvent() should include event attributes","invocations":1,"location":null,"numPassingAsserts":1,"retryReasons":[],"status":"passed","title":"should include event attributes"},{"ancestorTitles":["AMRO Tracing Instrumentation","recordSpanEvent()"],"duration":1,"failureDetails":[],"failureMessages":[],"fullName":"AMRO Tracing Instrumentation recordSpanEvent() should handle null active span gracefully","invocations":1,"location":null,"numPassingAsserts":1,"retryReasons":[],"status":"passed","title":"should handle null active span gracefully"},{"ancestorTitles":["AMRO Tracing Instrumentation","setSpanAttribute()"],"duration":0,"failureDetails":[],"failureMessages":[],"fullName":"AMRO Tracing Instrumentation setSpanAttribute() should set attribute without throwing","invocations":1,"location":null,"numPassingAsserts":1,"retryReasons":[],"status":"passed","title":"should set attribute without throwing"},{"ancestorTitles":["AMRO Tracing Instrumentation","setSpanAttribute()"],"duration":0,"failureDetails":[],"failureMessages":[],"fullName":"AMRO Tracing Instrumentation setSpanAttribute() should handle null active span gracefully","invocations":1,"location":null,"numPassingAsserts":1,"retryReasons":[],"status":"passed","title":"should handle null active span gracefully"},{"ancestorTitles":["AMRO Tracing Instrumentation","setSpanAttribute()"],"duration":0,"failureDetails":[],"failureMessages":[],"fullName":"AMRO Tracing Instrumentation setSpanAttribute() should support different value types","invocations":1,"location":null,"numPassingAsserts":1,"retryReasons":[],"status":"passed","title":"should support different value types"},{"ancestorTitles":["AMRO Tracing Instrumentation","getActiveSpan()"],"duration":0,"failureDetails":[],"failureMessages":[],"fullName":"AMRO Tracing Instrumentation getActiveSpan() should return undefined outside span context","invocations":1,"location":null,"numPassingAsserts":1,"retryReasons":[],"status":"passed","title":"should return undefined outside span context"},{"ancestorTitles":["AMRO Tracing Instrumentation","Span Context Propagation"],"duration":0,"failureDetails":[],"failureMessages":[],"fullName":"AMRO Tracing Instrumentation Span Context Propagation should maintain context across nested spans","invocations":1,"location":null,"numPassingAsserts":3,"retryReasons":[],"status":"passed","title":"should maintain context across nested spans"},{"ancestorTitles":["AMRO Tracing Instrumentation","Performance and Resource Management"],"duration":1,"failureDetails":[],"failureMessages":[],"fullName":"AMRO Tracing Instrumentation Performance and Resource Management should handle rapid sequential spans","invocations":1,"location":null,"numPassingAsserts":2,"retryReasons":[],"status":"passed","title":"should handle rapid sequential spans"},{"ancestorTitles":["AMRO Tracing Instrumentation","Performance and Resource Management"],"duration":0,"failureDetails":[],"failureMessages":[],"fullName":"AMRO Tracing Instrumentation Performance and Resource Management should not leak memory with many spans","invocations":1,"location":null,"numPassingAsserts":1,"retryReasons":[],"status":"passed","title":"should not leak memory with many spans"},{"ancestorTitles":["AMRO Tracing Instrumentation","Error Message Tracking"],"duration":0,"failureDetails":[],"failureMessages":[],"fullName":"AMRO Tracing Instrumentation Error Message Tracking should preserve error message in exception handling","invocations":1,"location":null,"numPassingAsserts":1,"retryReasons":[],"status":"passed","title":"should preserve error message in exception handling"},{"ancestorTitles":["AMRO Tracing Instrumentation","Error Message Tracking"],"duration":0,"failureDetails":[],"failureMessages":[],"fullName":"AMRO Tracing Instrumentation Error Message Tracking should handle errors without message property","invocations":1,"location":null,"numPassingAsserts":1,"retryReasons":[],"status":"passed","title":"should handle errors without message property"},{"ancestorTitles":["AMRO Tracing - Real-World Scenarios"],"duration":0,"failureDetails":[],"failureMessages":[],"fullName":"AMRO Tracing - Real-World Scenarios should trace work package creation flow","invocations":1,"location":null,"numPassingAsserts":2,"retryReasons":[],"status":"passed","title":"should trace work package creation flow"},{"ancestorTitles":["AMRO Tracing - Real-World Scenarios"],"duration":0,"failureDetails":[],"failureMessages":[],"fullName":"AMRO Tracing - Real-World Scenarios should trace task creation with proper context","invocations":1,"location":null,"numPassingAsserts":2,"retryReasons":[],"status":"passed","title":"should trace task creation with proper context"},{"ancestorTitles":["AMRO Tracing - Real-World Scenarios"],"duration":0,"failureDetails":[],"failureMessages":[],"fullName":"AMRO Tracing - Real-World Scenarios should track database errors with context","invocations":1,"location":null,"numPassingAsserts":1,"retryReasons":[],"status":"passed","title":"should track database errors with context"},{"ancestorTitles":["AMRO Tracing - Real-World Scenarios"],"duration":1,"failureDetails":[],"failureMessages":[],"fullName":"AMRO Tracing - Real-World Scenarios should handle distributed request tracing","invocations":1,"location":null,"numPassingAsserts":2,"retryReasons":[],"status":"passed","title":"should handle distributed request tracing"},{"ancestorTitles":["AMRO Tracing - Real-World Scenarios"],"duration":0,"failureDetails":[],"failureMessages":[],"fullName":"AMRO Tracing - Real-World Scenarios should integrate with work orders service","invocations":1,"location":null,"numPassingAsserts":2,"retryReasons":[],"status":"passed","title":"should integrate with work orders service"}],"endTime":1774342159100,"message":"","name":"/Users/vims/Downloads/Development Projects/Trae/SOS Logistics Pro/logic-nexus-ai/services/amro-api/tests/amro-tracing.test.ts","startTime":1774342159060,"status":"passed","summary":""},{"assertionResults":[{"ancestorTitles":["AmroEventsProducer","Initialization"],"duration":4,"failureDetails":[],"failureMessages":[],"fullName":"AmroEventsProducer Initialization should initialize producer successfully","invocations":1,"location":null,"numPassingAsserts":4,"retryReasons":[],"status":"passed","title":"should initialize producer successfully"},{"ancestorTitles":["AmroEventsProducer","Initialization"],"duration":0,"failureDetails":[],"failureMessages":[],"fullName":"AmroEventsProducer Initialization should not initialize twice","invocations":1,"location":null,"numPassingAsserts":1,"retryReasons":[],"status":"passed","title":"should not initialize twice"},{"ancestorTitles":["AmroEventsProducer","Initialization"],"duration":0,"failureDetails":[],"failureMessages":[],"fullName":"AmroEventsProducer Initialization should be a singleton","invocations":1,"location":null,"numPassingAsserts":1,"retryReasons":[],"status":"passed","title":"should be a singleton"},{"ancestorTitles":["AmroEventsProducer","Work Order Events"],"duration":0,"failureDetails":[],"failureMessages":[],"fullName":"AmroEventsProducer Work Order Events should publish work order created event","invocations":1,"location":null,"numPassingAsserts":1,"retryReasons":[],"status":"passed","title":"should publish work order created event"},{"ancestorTitles":["AmroEventsProducer","Work Order Events"],"duration":1,"failureDetails":[],"failureMessages":[],"fullName":"AmroEventsProducer Work Order Events should publish work order updated event","invocations":1,"location":null,"numPassingAsserts":1,"retryReasons":[],"status":"passed","title":"should publish work order updated event"},{"ancestorTitles":["AmroEventsProducer","Work Order Events"],"duration":0,"failureDetails":[],"failureMessages":[],"fullName":"AmroEventsProducer Work Order Events should publish work order deleted event","invocations":1,"location":null,"numPassingAsserts":1,"retryReasons":[],"status":"passed","title":"should publish work order deleted event"},{"ancestorTitles":["AmroEventsProducer","Task Events"],"duration":0,"failureDetails":[],"failureMessages":[],"fullName":"AmroEventsProducer Task Events should publish task created event","invocations":1,"location":null,"numPassingAsserts":1,"retryReasons":[],"status":"passed","title":"should publish task created event"},{"ancestorTitles":["AmroEventsProducer","Task Events"],"duration":0,"failureDetails":[],"failureMessages":[],"fullName":"AmroEventsProducer Task Events should publish task updated event","invocations":1,"location":null,"numPassingAsserts":1,"retryReasons":[],"status":"passed","title":"should publish task updated event"},{"ancestorTitles":["AmroEventsProducer","Task Events"],"duration":0,"failureDetails":[],"failureMessages":[],"fullName":"AmroEventsProducer Task Events should publish task deleted event","invocations":1,"location":null,"numPassingAsserts":1,"retryReasons":[],"status":"passed","title":"should publish task deleted event"},{"ancestorTitles":["AmroEventsProducer","Task Events"],"duration":1,"failureDetails":[],"failureMessages":[],"fullName":"AmroEventsProducer Task Events should publish task started event","invocations":1,"location":null,"numPassingAsserts":1,"retryReasons":[],"status":"passed","title":"should publish task started event"},{"ancestorTitles":["AmroEventsProducer","Task Events"],"duration":0,"failureDetails":[],"failureMessages":[],"fullName":"AmroEventsProducer Task Events should publish task completed event","invocations":1,"location":null,"numPassingAsserts":1,"retryReasons":[],"status":"passed","title":"should publish task completed event"},{"ancestorTitles":["AmroEventsProducer","Event Format"],"duration":1,"failureDetails":[],"failureMessages":[],"fullName":"AmroEventsProducer Event Format should include idempotency key in headers","invocations":1,"location":null,"numPassingAsserts":2,"retryReasons":[],"status":"passed","title":"should include idempotency key in headers"},{"ancestorTitles":["AmroEventsProducer","Event Format"],"duration":0,"failureDetails":[],"failureMessages":[],"fullName":"AmroEventsProducer Event Format should partition by tenant ID","invocations":1,"location":null,"numPassingAsserts":1,"retryReasons":[],"status":"passed","title":"should partition by tenant ID"},{"ancestorTitles":["AmroEventsProducer","Event Format"],"duration":0,"failureDetails":[],"failureMessages":[],"fullName":"AmroEventsProducer Event Format should serialize event data to JSON","invocations":1,"location":null,"numPassingAsserts":7,"retryReasons":[],"status":"passed","title":"should serialize event data to JSON"},{"ancestorTitles":["AmroEventsProducer","Maintenance Events"],"duration":1,"failureDetails":[],"failureMessages":[],"fullName":"AmroEventsProducer Maintenance Events should publish maintenance event recorded event","invocations":1,"location":null,"numPassingAsserts":1,"retryReasons":[],"status":"passed","title":"should publish maintenance event recorded event"},{"ancestorTitles":["AmroEventsProducer","Maintenance Events"],"duration":0,"failureDetails":[],"failureMessages":[],"fullName":"AmroEventsProducer Maintenance Events should include task and execution details in maintenance event","invocations":1,"location":null,"numPassingAsserts":6,"retryReasons":[],"status":"passed","title":"should include task and execution details in maintenance event"},{"ancestorTitles":["AmroEventsProducer","Error Handling"],"duration":1,"failureDetails":[],"failureMessages":[],"fullName":"AmroEventsProducer Error Handling should not throw on publish error (fire-and-forget)","invocations":1,"location":null,"numPassingAsserts":1,"retryReasons":[],"status":"passed","title":"should not throw on publish error (fire-and-forget)"},{"ancestorTitles":["AmroEventsProducer","Error Handling"],"duration":1,"failureDetails":[],"failureMessages":[],"fullName":"AmroEventsProducer Error Handling should handle invalid event type gracefully","invocations":1,"location":null,"numPassingAsserts":1,"retryReasons":[],"status":"passed","title":"should handle invalid event type gracefully"},{"ancestorTitles":["AmroEventsProducer","Shutdown"],"duration":0,"failureDetails":[],"failureMessages":[],"fullName":"AmroEventsProducer Shutdown should disconnect producer gracefully","invocations":1,"location":null,"numPassingAsserts":2,"retryReasons":[],"status":"passed","title":"should disconnect producer gracefully"},{"ancestorTitles":["AmroEventsProducer","Shutdown"],"duration":0,"failureDetails":[],"failureMessages":[],"fullName":"AmroEventsProducer Shutdown should handle shutdown when not connected","invocations":1,"location":null,"numPassingAsserts":0,"retryReasons":[],"status":"passed","title":"should handle shutdown when not connected"}],"endTime":1774342159136,"message":"","name":"/Users/vims/Downloads/Development Projects/Trae/SOS Logistics Pro/logic-nexus-ai/services/amro-api/tests/amro-events.test.ts","startTime":1774342159102,"status":"passed","summary":""},{"assertionResults":[{"ancestorTitles":["resilience utilities"],"duration":16,"failureDetails":[],"failureMessages":[],"fullName":"resilience utilities retries transient dependency failures and eventually succeeds","invocations":1,"location":null,"numPassingAsserts":2,"retryReasons":[],"status":"passed","title":"retries transient dependency failures and eventually succeeds"},{"ancestorTitles":["resilience utilities"],"duration":2,"failureDetails":[],"failureMessages":[],"fullName":"resilience utilities opens circuit after threshold failures and short-circuits subsequent calls","invocations":1,"location":null,"numPassingAsserts":2,"retryReasons":[],"status":"passed","title":"opens circuit after threshold failures and short-circuits subsequent calls"}],"endTime":1774342159170,"message":"","name":"/Users/vims/Downloads/Development Projects/Trae/SOS Logistics Pro/logic-nexus-ai/services/amro-api/tests/resilience.test.ts","startTime":1774342159140,"status":"passed","summary":""},{"assertionResults":[{"ancestorTitles":["WorkOrdersService"],"duration":1,"failureDetails":[],"failureMessages":[],"fullName":"WorkOrdersService returns work packages for tenant","invocations":1,"location":null,"numPassingAsserts":2,"retryReasons":[],"status":"passed","title":"returns work packages for tenant"},{"ancestorTitles":["WorkOrdersService"],"duration":0,"failureDetails":[],"failureMessages":[],"fullName":"WorkOrdersService creates work package and publishes events","invocations":1,"location":null,"numPassingAsserts":3,"retryReasons":[],"status":"passed","title":"creates work package and publishes events"},{"ancestorTitles":["WorkOrdersService"],"duration":1,"failureDetails":[],"failureMessages":[],"fullName":"WorkOrdersService updates and deletes work packages with tenant checks","invocations":1,"location":null,"numPassingAsserts":4,"retryReasons":[],"status":"passed","title":"updates and deletes work packages with tenant checks"},{"ancestorTitles":["WorkOrdersService"],"duration":1,"failureDetails":[],"failureMessages":[],"fullName":"WorkOrdersService creates, updates and deletes tasks with lifecycle events","invocations":1,"location":null,"numPassingAsserts":2,"retryReasons":[],"status":"passed","title":"creates, updates and deletes tasks with lifecycle events"},{"ancestorTitles":["WorkOrdersService"],"duration":10,"failureDetails":[],"failureMessages":[],"fullName":"WorkOrdersService throws on createTask without work_package_id","invocations":1,"location":null,"numPassingAsserts":1,"retryReasons":[],"status":"passed","title":"throws on createTask without work_package_id"},{"ancestorTitles":["WorkOrdersService"],"duration":0,"failureDetails":[],"failureMessages":[],"fullName":"WorkOrdersService records maintenance event and logs publish failures","invocations":1,"location":null,"numPassingAsserts":1,"retryReasons":[],"status":"passed","title":"records maintenance event and logs publish failures"},{"ancestorTitles":["WorkOrdersService"],"duration":0,"failureDetails":[],"failureMessages":[],"fullName":"WorkOrdersService returns materials and material details","invocations":1,"location":null,"numPassingAsserts":2,"retryReasons":[],"status":"passed","title":"returns materials and material details"}],"endTime":1774342159204,"message":"","name":"/Users/vims/Downloads/Development Projects/Trae/SOS Logistics Pro/logic-nexus-ai/services/amro-api/tests/work-orders.service.test.ts","startTime":1774342159172,"status":"passed","summary":""},{"assertionResults":[{"ancestorTitles":["workPackagesStream"],"duration":1,"failureDetails":[],"failureMessages":[],"fullName":"workPackagesStream publishes and receives work package events","invocations":1,"location":null,"numPassingAsserts":1,"retryReasons":[],"status":"passed","title":"publishes and receives work package events"}],"endTime":1774342159228,"message":"","name":"/Users/vims/Downloads/Development Projects/Trae/SOS Logistics Pro/logic-nexus-ai/services/amro-api/tests/work-packages-stream.test.ts","startTime":1774342159213,"status":"passed","summary":""}],"wasInterrupted":false}
