{"/Users/vims/Downloads/Development Projects/Trae/SOS Logistics Pro/logic-nexus-ai/services/amro-api/src/app.ts": {"path":"/Users/vims/Downloads/Development Projects/Trae/SOS Logistics Pro/logic-nexus-ai/services/amro-api/src/app.ts","statementMap":{"0":{"start":{"line":19,"column":6},"end":{"line":19,"column":null}},"1":{"start":{"line":23,"column":21},"end":{"line":27,"column":null}},"2":{"start":{"line":28,"column":18},"end":{"line":28,"column":null}},"3":{"start":{"line":28,"column":35},"end":{"line":28,"column":70}},"4":{"start":{"line":29,"column":2},"end":{"line":31,"column":null}},"5":{"start":{"line":30,"column":4},"end":{"line":30,"column":null}},"6":{"start":{"line":32,"column":2},"end":{"line":32,"column":null}},"7":{"start":{"line":35,"column":60},"end":{"line":45,"column":null}},"8":{"start":{"line":47,"column":26},"end":{"line":52,"column":null}},"9":{"start":{"line":54,"column":24},"end":{"line":60,"column":null}},"10":{"start":{"line":63,"column":21},"end":{"line":63,"column":null}},"11":{"start":{"line":64,"column":2},"end":{"line":64,"column":null}},"12":{"start":{"line":64,"column":19},"end":{"line":64,"column":null}},"13":{"start":{"line":65,"column":2},"end":{"line":65,"column":null}},"14":{"start":{"line":69,"column":2},"end":{"line":69,"column":null}},"15":{"start":{"line":73,"column":14},"end":{"line":78,"column":null}},"16":{"start":{"line":79,"column":21},"end":{"line":84,"column":null}},"17":{"start":{"line":85,"column":2},"end":{"line":85,"column":null}},"18":{"start":{"line":89,"column":30},"end":{"line":89,"column":null}},"19":{"start":{"line":90,"column":2},"end":{"line":92,"column":null}},"20":{"start":{"line":91,"column":4},"end":{"line":91,"column":null}},"21":{"start":{"line":93,"column":2},"end":{"line":93,"column":null}},"22":{"start":{"line":97,"column":14},"end":{"line":97,"column":null}},"23":{"start":{"line":98,"column":2},"end":{"line":98,"column":null}},"24":{"start":{"line":99,"column":2},"end":{"line":99,"column":null}},"25":{"start":{"line":99,"column":45},"end":{"line":99,"column":null}},"26":{"start":{"line":100,"column":2},"end":{"line":100,"column":null}},"27":{"start":{"line":100,"column":25},"end":{"line":100,"column":null}},"28":{"start":{"line":101,"column":2},"end":{"line":101,"column":null}},"29":{"start":{"line":102,"column":2},"end":{"line":102,"column":null}},"30":{"start":{"line":102,"column":68},"end":{"line":102,"column":112}},"31":{"start":{"line":103,"column":22},"end":{"line":103,"column":null}},"32":{"start":{"line":104,"column":20},"end":{"line":104,"column":null}},"33":{"start":{"line":104,"column":61},"end":{"line":104,"column":84}},"34":{"start":{"line":105,"column":22},"end":{"line":105,"column":null}},"35":{"start":{"line":106,"column":22},"end":{"line":108,"column":null}},"36":{"start":{"line":109,"column":2},"end":{"line":120,"column":null}},"37":{"start":{"line":110,"column":4},"end":{"line":110,"column":null}},"38":{"start":{"line":111,"column":4},"end":{"line":119,"column":null}},"39":{"start":{"line":124,"column":20},"end":{"line":124,"column":null}},"40":{"start":{"line":125,"column":2},"end":{"line":153,"column":null}},"41":{"start":{"line":126,"column":21},"end":{"line":126,"column":null}},"42":{"start":{"line":127,"column":22},"end":{"line":138,"column":null}},"43":{"start":{"line":134,"column":8},"end":{"line":137,"column":null}},"44":{"start":{"line":139,"column":4},"end":{"line":145,"column":null}},"45":{"start":{"line":140,"column":6},"end":{"line":144,"column":null}},"46":{"start":{"line":146,"column":4},"end":{"line":146,"column":null}},"47":{"start":{"line":148,"column":4},"end":{"line":152,"column":null}},"48":{"start":{"line":157,"column":2},"end":{"line":157,"column":null}},"49":{"start":{"line":157,"column":14},"end":{"line":157,"column":null}},"50":{"start":{"line":158,"column":17},"end":{"line":158,"column":null}},"51":{"start":{"line":159,"column":2},"end":{"line":159,"column":null}},"52":{"start":{"line":163,"column":2},"end":{"line":168,"column":null}},"53":{"start":{"line":164,"column":18},"end":{"line":164,"column":null}},"54":{"start":{"line":165,"column":4},"end":{"line":165,"column":null}},"55":{"start":{"line":165,"column":47},"end":{"line":165,"column":null}},"56":{"start":{"line":166,"column":23},"end":{"line":166,"column":null}},"57":{"start":{"line":167,"column":4},"end":{"line":167,"column":null}},"58":{"start":{"line":167,"column":20},"end":{"line":167,"column":null}},"59":{"start":{"line":169,"column":2},"end":{"line":169,"column":null}},"60":{"start":{"line":173,"column":2},"end":{"line":178,"column":null}},"61":{"start":{"line":174,"column":18},"end":{"line":174,"column":null}},"62":{"start":{"line":175,"column":4},"end":{"line":175,"column":null}},"63":{"start":{"line":175,"column":63},"end":{"line":175,"column":null}},"64":{"start":{"line":176,"column":19},"end":{"line":176,"column":null}},"65":{"start":{"line":177,"column":4},"end":{"line":177,"column":null}},"66":{"start":{"line":177,"column":33},"end":{"line":177,"column":null}},"67":{"start":{"line":179,"column":2},"end":{"line":179,"column":null}},"68":{"start":{"line":183,"column":2},"end":{"line":183,"column":null}},"69":{"start":{"line":183,"column":31},"end":{"line":183,"column":null}},"70":{"start":{"line":184,"column":2},"end":{"line":184,"column":null}},"71":{"start":{"line":184,"column":18},"end":{"line":184,"column":null}},"72":{"start":{"line":185,"column":2},"end":{"line":185,"column":null}},"73":{"start":{"line":189,"column":2},"end":{"line":192,"column":null}},"74":{"start":{"line":196,"column":2},"end":{"line":196,"column":null}},"75":{"start":{"line":200,"column":2},"end":{"line":202,"column":null}},"76":{"start":{"line":201,"column":4},"end":{"line":201,"column":null}},"77":{"start":{"line":201,"column":31},"end":{"line":201,"column":56}},"78":{"start":{"line":203,"column":14},"end":{"line":203,"column":null}},"79":{"start":{"line":204,"column":2},"end":{"line":204,"column":null}},"80":{"start":{"line":204,"column":12},"end":{"line":204,"column":null}},"81":{"start":{"line":205,"column":2},"end":{"line":205,"column":null}},"82":{"start":{"line":205,"column":38},"end":{"line":205,"column":49}},"83":{"start":{"line":209,"column":21},"end":{"line":209,"column":null}},"84":{"start":{"line":210,"column":2},"end":{"line":212,"column":null}},"85":{"start":{"line":211,"column":4},"end":{"line":211,"column":null}},"86":{"start":{"line":213,"column":2},"end":{"line":221,"column":null}},"87":{"start":{"line":214,"column":33},"end":{"line":214,"column":null}},"88":{"start":{"line":215,"column":21},"end":{"line":215,"column":null}},"89":{"start":{"line":216,"column":19},"end":{"line":216,"column":null}},"90":{"start":{"line":217,"column":4},"end":{"line":219,"column":null}},"91":{"start":{"line":218,"column":6},"end":{"line":218,"column":null}},"92":{"start":{"line":220,"column":4},"end":{"line":220,"column":null}},"93":{"start":{"line":222,"column":2},"end":{"line":222,"column":null}},"94":{"start":{"line":231,"column":26},"end":{"line":231,"column":null}},"95":{"start":{"line":232,"column":29},"end":{"line":232,"column":null}},"96":{"start":{"line":234,"column":30},"end":{"line":237,"column":null}},"97":{"start":{"line":235,"column":4},"end":{"line":237,"column":null}},"98":{"start":{"line":238,"column":35},"end":{"line":239,"column":null}},"99":{"start":{"line":239,"column":4},"end":{"line":239,"column":null}},"100":{"start":{"line":241,"column":2},"end":{"line":281,"column":null}},"101":{"start":{"line":242,"column":4},"end":{"line":273,"column":null}},"102":{"start":{"line":243,"column":23},"end":{"line":243,"column":null}},"103":{"start":{"line":244,"column":30},"end":{"line":248,"column":null}},"104":{"start":{"line":249,"column":6},"end":{"line":251,"column":null}},"105":{"start":{"line":250,"column":8},"end":{"line":250,"column":null}},"106":{"start":{"line":252,"column":22},"end":{"line":252,"column":null}},"107":{"start":{"line":253,"column":19},"end":{"line":253,"column":null}},"108":{"start":{"line":254,"column":6},"end":{"line":263,"column":null}},"109":{"start":{"line":255,"column":31},"end":{"line":258,"column":null}},"110":{"start":{"line":259,"column":8},"end":{"line":262,"column":null}},"111":{"start":{"line":260,"column":10},"end":{"line":260,"column":null}},"112":{"start":{"line":261,"column":10},"end":{"line":261,"column":null}},"113":{"start":{"line":264,"column":6},"end":{"line":266,"column":null}},"114":{"start":{"line":265,"column":8},"end":{"line":265,"column":null}},"115":{"start":{"line":267,"column":28},"end":{"line":267,"column":null}},"116":{"start":{"line":268,"column":6},"end":{"line":270,"column":null}},"117":{"start":{"line":269,"column":8},"end":{"line":269,"column":null}},"118":{"start":{"line":271,"column":6},"end":{"line":271,"column":null}},"119":{"start":{"line":272,"column":6},"end":{"line":272,"column":null}},"120":{"start":{"line":274,"column":4},"end":{"line":276,"column":null}},"121":{"start":{"line":275,"column":6},"end":{"line":275,"column":null}},"122":{"start":{"line":277,"column":4},"end":{"line":277,"column":null}},"123":{"start":{"line":279,"column":4},"end":{"line":279,"column":null}},"124":{"start":{"line":280,"column":4},"end":{"line":280,"column":null}},"125":{"start":{"line":285,"column":15},"end":{"line":285,"column":null}},"126":{"start":{"line":286,"column":20},"end":{"line":286,"column":null}},"127":{"start":{"line":287,"column":16},"end":{"line":287,"column":null}},"128":{"start":{"line":288,"column":2},"end":{"line":294,"column":null}},"129":{"start":{"line":289,"column":22},"end":{"line":289,"column":null}},"130":{"start":{"line":290,"column":16},"end":{"line":290,"column":null}},"131":{"start":{"line":291,"column":4},"end":{"line":291,"column":null}},"132":{"start":{"line":291,"column":37},"end":{"line":291,"column":null}},"133":{"start":{"line":292,"column":16},"end":{"line":292,"column":null}},"134":{"start":{"line":293,"column":4},"end":{"line":293,"column":null}},"135":{"start":{"line":295,"column":2},"end":{"line":300,"column":null}},"136":{"start":{"line":296,"column":20},"end":{"line":296,"column":null}},"137":{"start":{"line":297,"column":4},"end":{"line":297,"column":null}},"138":{"start":{"line":298,"column":16},"end":{"line":298,"column":null}},"139":{"start":{"line":299,"column":4},"end":{"line":299,"column":null}},"140":{"start":{"line":308,"column":0},"end":{"line":308,"column":null}},"141":{"start":{"line":311,"column":19},"end":{"line":311,"column":null}},"142":{"start":{"line":312,"column":0},"end":{"line":328,"column":null}},"143":{"start":{"line":331,"column":0},"end":{"line":357,"column":null}},"144":{"start":{"line":332,"column":20},"end":{"line":332,"column":null}},"145":{"start":{"line":333,"column":20},"end":{"line":333,"column":null}},"146":{"start":{"line":334,"column":2},"end":{"line":334,"column":null}},"147":{"start":{"line":336,"column":2},"end":{"line":343,"column":null}},"148":{"start":{"line":345,"column":2},"end":{"line":354,"column":null}},"149":{"start":{"line":346,"column":4},"end":{"line":346,"column":null}},"150":{"start":{"line":347,"column":4},"end":{"line":353,"column":null}},"151":{"start":{"line":356,"column":2},"end":{"line":356,"column":null}},"152":{"start":{"line":359,"column":25},"end":{"line":359,"column":null}},"153":{"start":{"line":360,"column":0},"end":{"line":384,"column":null}},"154":{"start":{"line":361,"column":29},"end":{"line":361,"column":null}},"155":{"start":{"line":362,"column":2},"end":{"line":365,"column":null}},"156":{"start":{"line":363,"column":4},"end":{"line":363,"column":null}},"157":{"start":{"line":364,"column":4},"end":{"line":364,"column":null}},"158":{"start":{"line":366,"column":20},"end":{"line":366,"column":null}},"159":{"start":{"line":367,"column":24},"end":{"line":381,"column":null}},"160":{"start":{"line":368,"column":4},"end":{"line":368,"column":null}},"161":{"start":{"line":368,"column":25},"end":{"line":368,"column":null}},"162":{"start":{"line":369,"column":4},"end":{"line":374,"column":null}},"163":{"start":{"line":375,"column":4},"end":{"line":380,"column":null}},"164":{"start":{"line":382,"column":2},"end":{"line":382,"column":null}},"165":{"start":{"line":382,"column":25},"end":{"line":382,"column":52}},"166":{"start":{"line":383,"column":2},"end":{"line":383,"column":null}},"167":{"start":{"line":394,"column":0},"end":{"line":403,"column":null}},"168":{"start":{"line":395,"column":2},"end":{"line":402,"column":null}},"169":{"start":{"line":405,"column":0},"end":{"line":433,"column":null}},"170":{"start":{"line":406,"column":14},"end":{"line":406,"column":null}},"171":{"start":{"line":407,"column":17},"end":{"line":407,"column":null}},"172":{"start":{"line":407,"column":58},"end":{"line":407,"column":102}},"173":{"start":{"line":408,"column":22},"end":{"line":408,"column":null}},"174":{"start":{"line":409,"column":20},"end":{"line":409,"column":null}},"175":{"start":{"line":409,"column":45},"end":{"line":409,"column":68}},"176":{"start":{"line":410,"column":20},"end":{"line":410,"column":null}},"177":{"start":{"line":410,"column":45},"end":{"line":410,"column":94}},"178":{"start":{"line":411,"column":25},"end":{"line":411,"column":null}},"179":{"start":{"line":412,"column":2},"end":{"line":432,"column":null}},"180":{"start":{"line":435,"column":0},"end":{"line":447,"column":null}},"181":{"start":{"line":436,"column":20},"end":{"line":436,"column":null}},"182":{"start":{"line":437,"column":19},"end":{"line":437,"column":null}},"183":{"start":{"line":438,"column":20},"end":{"line":438,"column":null}},"184":{"start":{"line":439,"column":2},"end":{"line":446,"column":null}},"185":{"start":{"line":453,"column":0},"end":{"line":459,"column":null}},"186":{"start":{"line":454,"column":2},"end":{"line":458,"column":null}},"187":{"start":{"line":461,"column":0},"end":{"line":491,"column":null}},"188":{"start":{"line":462,"column":19},"end":{"line":462,"column":null}},"189":{"start":{"line":463,"column":27},"end":{"line":468,"column":null}},"190":{"start":{"line":469,"column":2},"end":{"line":477,"column":null}},"191":{"start":{"line":470,"column":4},"end":{"line":475,"column":null}},"192":{"start":{"line":476,"column":4},"end":{"line":476,"column":null}},"193":{"start":{"line":479,"column":56},"end":{"line":484,"column":null}},"194":{"start":{"line":485,"column":23},"end":{"line":485,"column":null}},"195":{"start":{"line":486,"column":19},"end":{"line":486,"column":null}},"196":{"start":{"line":487,"column":8},"end":{"line":487,"column":null}},"197":{"start":{"line":488,"column":2},"end":{"line":488,"column":null}},"198":{"start":{"line":489,"column":2},"end":{"line":489,"column":null}},"199":{"start":{"line":490,"column":2},"end":{"line":490,"column":null}},"200":{"start":{"line":493,"column":0},"end":{"line":505,"column":null}},"201":{"start":{"line":494,"column":20},"end":{"line":494,"column":null}},"202":{"start":{"line":495,"column":2},"end":{"line":504,"column":null}},"203":{"start":{"line":507,"column":0},"end":{"line":519,"column":null}},"204":{"start":{"line":508,"column":20},"end":{"line":508,"column":null}},"205":{"start":{"line":509,"column":2},"end":{"line":518,"column":null}},"206":{"start":{"line":521,"column":0},"end":{"line":533,"column":null}},"207":{"start":{"line":522,"column":20},"end":{"line":522,"column":null}},"208":{"start":{"line":523,"column":2},"end":{"line":532,"column":null}},"209":{"start":{"line":535,"column":0},"end":{"line":547,"column":null}},"210":{"start":{"line":536,"column":20},"end":{"line":536,"column":null}},"211":{"start":{"line":537,"column":2},"end":{"line":546,"column":null}},"212":{"start":{"line":549,"column":0},"end":{"line":561,"column":null}},"213":{"start":{"line":550,"column":20},"end":{"line":550,"column":null}},"214":{"start":{"line":551,"column":2},"end":{"line":560,"column":null}},"215":{"start":{"line":563,"column":0},"end":{"line":582,"column":null}},"216":{"start":{"line":564,"column":20},"end":{"line":564,"column":null}},"217":{"start":{"line":565,"column":19},"end":{"line":565,"column":null}},"218":{"start":{"line":566,"column":17},"end":{"line":566,"column":null}},"219":{"start":{"line":567,"column":2},"end":{"line":581,"column":null}},"220":{"start":{"line":584,"column":0},"end":{"line":608,"column":null}},"221":{"start":{"line":585,"column":14},"end":{"line":585,"column":null}},"222":{"start":{"line":586,"column":17},"end":{"line":586,"column":null}},"223":{"start":{"line":586,"column":58},"end":{"line":586,"column":102}},"224":{"start":{"line":587,"column":22},"end":{"line":587,"column":null}},"225":{"start":{"line":588,"column":20},"end":{"line":588,"column":null}},"226":{"start":{"line":588,"column":45},"end":{"line":588,"column":68}},"227":{"start":{"line":589,"column":25},"end":{"line":589,"column":null}},"228":{"start":{"line":590,"column":2},"end":{"line":607,"column":null}},"229":{"start":{"line":610,"column":0},"end":{"line":962,"column":null}},"230":{"start":{"line":611,"column":20},"end":{"line":611,"column":null}},"231":{"start":{"line":612,"column":2},"end":{"line":961,"column":null}},"232":{"start":{"line":613,"column":4},"end":{"line":622,"column":null}},"233":{"start":{"line":614,"column":6},"end":{"line":614,"column":null}},"234":{"start":{"line":615,"column":6},"end":{"line":620,"column":null}},"235":{"start":{"line":621,"column":6},"end":{"line":621,"column":null}},"236":{"start":{"line":623,"column":4},"end":{"line":631,"column":null}},"237":{"start":{"line":624,"column":6},"end":{"line":629,"column":null}},"238":{"start":{"line":630,"column":6},"end":{"line":630,"column":null}},"239":{"start":{"line":632,"column":21},"end":{"line":632,"column":null}},"240":{"start":{"line":633,"column":4},"end":{"line":641,"column":null}},"241":{"start":{"line":634,"column":6},"end":{"line":639,"column":null}},"242":{"start":{"line":640,"column":6},"end":{"line":640,"column":null}},"243":{"start":{"line":643,"column":26},"end":{"line":643,"column":null}},"244":{"start":{"line":644,"column":23},"end":{"line":644,"column":null}},"245":{"start":{"line":644,"column":75},"end":{"line":644,"column":94}},"246":{"start":{"line":645,"column":21},"end":{"line":645,"column":null}},"247":{"start":{"line":645,"column":71},"end":{"line":645,"column":90}},"248":{"start":{"line":646,"column":22},"end":{"line":646,"column":null}},"249":{"start":{"line":647,"column":23},"end":{"line":647,"column":null}},"250":{"start":{"line":649,"column":4},"end":{"line":799,"column":null}},"251":{"start":{"line":650,"column":24},"end":{"line":650,"column":null}},"252":{"start":{"line":651,"column":35},"end":{"line":651,"column":null}},"253":{"start":{"line":652,"column":94},"end":{"line":658,"column":null}},"254":{"start":{"line":660,"column":35},"end":{"line":666,"column":null}},"255":{"start":{"line":661,"column":24},"end":{"line":661,"column":null}},"256":{"start":{"line":662,"column":25},"end":{"line":662,"column":null}},"257":{"start":{"line":663,"column":28},"end":{"line":663,"column":null}},"258":{"start":{"line":664,"column":29},"end":{"line":664,"column":null}},"259":{"start":{"line":665,"column":8},"end":{"line":665,"column":null}},"260":{"start":{"line":667,"column":18},"end":{"line":667,"column":null}},"261":{"start":{"line":668,"column":33},"end":{"line":668,"column":null}},"262":{"start":{"line":668,"column":70},"end":{"line":668,"column":107}},"263":{"start":{"line":669,"column":27},"end":{"line":672,"column":null}},"264":{"start":{"line":670,"column":22},"end":{"line":670,"column":null}},"265":{"start":{"line":671,"column":8},"end":{"line":671,"column":null}},"266":{"start":{"line":673,"column":31},"end":{"line":673,"column":null}},"267":{"start":{"line":673,"column":62},"end":{"line":673,"column":125}},"268":{"start":{"line":674,"column":28},"end":{"line":674,"column":null}},"269":{"start":{"line":675,"column":38},"end":{"line":685,"column":null}},"270":{"start":{"line":676,"column":23},"end":{"line":683,"column":10}},"271":{"start":{"line":684,"column":31},"end":{"line":684,"column":65}},"272":{"start":{"line":686,"column":31},"end":{"line":688,"column":null}},"273":{"start":{"line":687,"column":56},"end":{"line":687,"column":83}},"274":{"start":{"line":689,"column":34},"end":{"line":697,"column":null}},"275":{"start":{"line":689,"column":82},"end":{"line":697,"column":8}},"276":{"start":{"line":698,"column":30},"end":{"line":714,"column":null}},"277":{"start":{"line":700,"column":28},"end":{"line":700,"column":null}},"278":{"start":{"line":701,"column":27},"end":{"line":701,"column":null}},"279":{"start":{"line":702,"column":31},"end":{"line":702,"column":null}},"280":{"start":{"line":703,"column":27},"end":{"line":703,"column":null}},"281":{"start":{"line":704,"column":10},"end":{"line":710,"column":null}},"282":{"start":{"line":712,"column":26},"end":{"line":712,"column":47}},"283":{"start":{"line":713,"column":31},"end":{"line":713,"column":69}},"284":{"start":{"line":715,"column":34},"end":{"line":724,"column":null}},"285":{"start":{"line":716,"column":23},"end":{"line":722,"column":10}},"286":{"start":{"line":723,"column":26},"end":{"line":723,"column":99}},"287":{"start":{"line":725,"column":27},"end":{"line":725,"column":null}},"288":{"start":{"line":726,"column":29},"end":{"line":739,"column":null}},"289":{"start":{"line":727,"column":23},"end":{"line":733,"column":10}},"290":{"start":{"line":735,"column":25},"end":{"line":735,"column":null}},"291":{"start":{"line":736,"column":10},"end":{"line":736,"column":null}},"292":{"start":{"line":736,"column":22},"end":{"line":736,"column":null}},"293":{"start":{"line":737,"column":10},"end":{"line":737,"column":null}},"294":{"start":{"line":740,"column":26},"end":{"line":740,"column":null}},"295":{"start":{"line":742,"column":6},"end":{"line":797,"column":null}},"296":{"start":{"line":768,"column":73},"end":{"line":772,"column":14}},"297":{"start":{"line":775,"column":77},"end":{"line":780,"column":12}},"298":{"start":{"line":798,"column":6},"end":{"line":798,"column":null}},"299":{"start":{"line":801,"column":4},"end":{"line":914,"column":null}},"300":{"start":{"line":802,"column":35},"end":{"line":802,"column":null}},"301":{"start":{"line":803,"column":24},"end":{"line":803,"column":null}},"302":{"start":{"line":804,"column":21},"end":{"line":804,"column":null}},"303":{"start":{"line":805,"column":53},"end":{"line":805,"column":null}},"304":{"start":{"line":806,"column":28},"end":{"line":806,"column":null}},"305":{"start":{"line":807,"column":85},"end":{"line":813,"column":null}},"306":{"start":{"line":815,"column":25},"end":{"line":815,"column":null}},"307":{"start":{"line":816,"column":23},"end":{"line":816,"column":null}},"308":{"start":{"line":816,"column":68},"end":{"line":816,"column":87}},"309":{"start":{"line":817,"column":23},"end":{"line":817,"column":null}},"310":{"start":{"line":818,"column":28},"end":{"line":818,"column":null}},"311":{"start":{"line":819,"column":27},"end":{"line":819,"column":null}},"312":{"start":{"line":820,"column":33},"end":{"line":820,"column":null}},"313":{"start":{"line":821,"column":28},"end":{"line":821,"column":null}},"314":{"start":{"line":822,"column":30},"end":{"line":822,"column":null}},"315":{"start":{"line":823,"column":6},"end":{"line":836,"column":null}},"316":{"start":{"line":824,"column":29},"end":{"line":824,"column":null}},"317":{"start":{"line":825,"column":8},"end":{"line":825,"column":null}},"318":{"start":{"line":825,"column":26},"end":{"line":825,"column":null}},"319":{"start":{"line":826,"column":23},"end":{"line":826,"column":null}},"320":{"start":{"line":827,"column":26},"end":{"line":827,"column":null}},"321":{"start":{"line":828,"column":8},"end":{"line":828,"column":null}},"322":{"start":{"line":828,"column":23},"end":{"line":828,"column":null}},"323":{"start":{"line":829,"column":32},"end":{"line":829,"column":null}},"324":{"start":{"line":830,"column":8},"end":{"line":830,"column":null}},"325":{"start":{"line":830,"column":42},"end":{"line":830,"column":null}},"326":{"start":{"line":831,"column":29},"end":{"line":831,"column":null}},"327":{"start":{"line":832,"column":8},"end":{"line":835,"column":null}},"328":{"start":{"line":833,"column":10},"end":{"line":833,"column":null}},"329":{"start":{"line":834,"column":10},"end":{"line":834,"column":null}},"330":{"start":{"line":837,"column":28},"end":{"line":846,"column":null}},"331":{"start":{"line":838,"column":23},"end":{"line":845,"column":10}},"332":{"start":{"line":847,"column":33},"end":{"line":849,"column":null}},"333":{"start":{"line":848,"column":22},"end":{"line":848,"column":117}},"334":{"start":{"line":849,"column":27},"end":{"line":849,"column":49}},"335":{"start":{"line":850,"column":33},"end":{"line":859,"column":null}},"336":{"start":{"line":851,"column":23},"end":{"line":857,"column":10}},"337":{"start":{"line":858,"column":26},"end":{"line":858,"column":104}},"338":{"start":{"line":860,"column":28},"end":{"line":869,"column":null}},"339":{"start":{"line":861,"column":23},"end":{"line":867,"column":10}},"340":{"start":{"line":868,"column":31},"end":{"line":868,"column":91}},"341":{"start":{"line":870,"column":38},"end":{"line":880,"column":null}},"342":{"start":{"line":871,"column":23},"end":{"line":878,"column":10}},"343":{"start":{"line":879,"column":31},"end":{"line":879,"column":65}},"344":{"start":{"line":882,"column":6},"end":{"line":912,"column":null}},"345":{"start":{"line":904,"column":69},"end":{"line":904,"column":81}},"346":{"start":{"line":913,"column":6},"end":{"line":913,"column":null}},"347":{"start":{"line":916,"column":4},"end":{"line":942,"column":null}},"348":{"start":{"line":917,"column":23},"end":{"line":917,"column":null}},"349":{"start":{"line":918,"column":6},"end":{"line":918,"column":null}},"350":{"start":{"line":919,"column":30},"end":{"line":919,"column":null}},"351":{"start":{"line":920,"column":6},"end":{"line":928,"column":null}},"352":{"start":{"line":921,"column":8},"end":{"line":926,"column":null}},"353":{"start":{"line":927,"column":8},"end":{"line":927,"column":null}},"354":{"start":{"line":929,"column":21},"end":{"line":929,"column":null}},"355":{"start":{"line":930,"column":12},"end":{"line":930,"column":null}},"356":{"start":{"line":931,"column":6},"end":{"line":940,"column":null}},"357":{"start":{"line":941,"column":6},"end":{"line":941,"column":null}},"358":{"start":{"line":944,"column":4},"end":{"line":949,"column":null}},"359":{"start":{"line":951,"column":4},"end":{"line":954,"column":null}},"360":{"start":{"line":955,"column":4},"end":{"line":960,"column":null}},"361":{"start":{"line":969,"column":0},"end":{"line":969,"column":null}},"362":{"start":{"line":970,"column":0},"end":{"line":970,"column":null}},"363":{"start":{"line":973,"column":0},"end":{"line":973,"column":null}},"364":{"start":{"line":974,"column":0},"end":{"line":974,"column":null}},"365":{"start":{"line":975,"column":0},"end":{"line":975,"column":null}},"366":{"start":{"line":984,"column":0},"end":{"line":991,"column":null}},"367":{"start":{"line":985,"column":2},"end":{"line":990,"column":null}},"368":{"start":{"line":996,"column":0},"end":{"line":1016,"column":null}},"369":{"start":{"line":997,"column":20},"end":{"line":997,"column":null}},"370":{"start":{"line":998,"column":2},"end":{"line":1004,"column":null}},"371":{"start":{"line":1006,"column":21},"end":{"line":1006,"column":null}},"372":{"start":{"line":1007,"column":15},"end":{"line":1007,"column":null}},"373":{"start":{"line":1008,"column":18},"end":{"line":1008,"column":null}},"374":{"start":{"line":1010,"column":2},"end":{"line":1015,"column":null}},"375":{"start":{"line":1025,"column":0},"end":{"line":1029,"column":null}},"376":{"start":{"line":1026,"column":2},"end":{"line":1026,"column":null}},"377":{"start":{"line":1027,"column":2},"end":{"line":1027,"column":null}},"378":{"start":{"line":1028,"column":2},"end":{"line":1028,"column":null}},"379":{"start":{"line":1031,"column":0},"end":{"line":1035,"column":null}},"380":{"start":{"line":1032,"column":2},"end":{"line":1032,"column":null}},"381":{"start":{"line":1033,"column":2},"end":{"line":1033,"column":null}},"382":{"start":{"line":1034,"column":2},"end":{"line":1034,"column":null}}},"fnMap":{"0":{"name":"resolveContractsDir","decl":{"start":{"line":22,"column":9},"end":{"line":22,"column":39}},"loc":{"start":{"line":22,"column":39},"end":{"line":33,"column":null}},"line":22},"1":{"name":"(anonymous_1)","decl":{"start":{"line":28,"column":34},"end":{"line":28,"column":35}},"loc":{"start":{"line":28,"column":35},"end":{"line":28,"column":70}},"line":28},"2":{"name":"parseFlag","decl":{"start":{"line":62,"column":9},"end":{"line":62,"column":19}},"loc":{"start":{"line":62,"column":74},"end":{"line":66,"column":null}},"line":62},"3":{"name":"isOverviewKpiEnabled","decl":{"start":{"line":68,"column":9},"end":{"line":68,"column":41}},"loc":{"start":{"line":68,"column":41},"end":{"line":70,"column":null}},"line":68},"4":{"name":"resolveSupabaseCredentials","decl":{"start":{"line":72,"column":9},"end":{"line":72,"column":75}},"loc":{"start":{"line":72,"column":75},"end":{"line":86,"column":null}},"line":72},"5":{"name":"getSupabaseAdminClient","decl":{"start":{"line":88,"column":9},"end":{"line":88,"column":50}},"loc":{"start":{"line":88,"column":50},"end":{"line":94,"column":null}},"line":88},"6":{"name":"recordMonitoringStatus","decl":{"start":{"line":96,"column":9},"end":{"line":96,"column":32}},"loc":{"start":{"line":96,"column":95},"end":{"line":121,"column":null}},"line":96},"7":{"name":"(anonymous_7)","decl":{"start":{"line":102,"column":57},"end":{"line":102,"column":58}},"loc":{"start":{"line":102,"column":68},"end":{"line":102,"column":112}},"line":102},"8":{"name":"(anonymous_8)","decl":{"start":{"line":104,"column":50},"end":{"line":104,"column":51}},"loc":{"start":{"line":104,"column":61},"end":{"line":104,"column":84}},"line":104},"9":{"name":"probeSupabaseDependency","decl":{"start":{"line":123,"column":15},"end":{"line":123,"column":39}},"loc":{"start":{"line":123,"column":121},"end":{"line":154,"column":null}},"line":123},"10":{"name":"(anonymous_10)","decl":{"start":{"line":133,"column":6},"end":{"line":133,"column":null}},"loc":{"start":{"line":134,"column":8},"end":{"line":137,"column":null}},"line":134},"11":{"name":"parseDateMs","decl":{"start":{"line":156,"column":9},"end":{"line":156,"column":21}},"loc":{"start":{"line":156,"column":45},"end":{"line":160,"column":null}},"line":156},"12":{"name":"getStringValue","decl":{"start":{"line":162,"column":9},"end":{"line":162,"column":24}},"loc":{"start":{"line":162,"column":80},"end":{"line":170,"column":null}},"line":162},"13":{"name":"getNumericValue","decl":{"start":{"line":172,"column":9},"end":{"line":172,"column":25}},"loc":{"start":{"line":172,"column":80},"end":{"line":180,"column":null}},"line":172},"14":{"name":"normalizePercent","decl":{"start":{"line":182,"column":9},"end":{"line":182,"column":26}},"loc":{"start":{"line":182,"column":49},"end":{"line":186,"column":null}},"line":182},"15":{"name":"resolveStatus","decl":{"start":{"line":188,"column":9},"end":{"line":188,"column":23}},"loc":{"start":{"line":188,"column":48},"end":{"line":193,"column":null}},"line":188},"16":{"name":"isResolvedStatus","decl":{"start":{"line":195,"column":9},"end":{"line":195,"column":26}},"loc":{"start":{"line":195,"column":51},"end":{"line":197,"column":null}},"line":195},"17":{"name":"parseStringArray","decl":{"start":{"line":199,"column":9},"end":{"line":199,"column":26}},"loc":{"start":{"line":199,"column":52},"end":{"line":206,"column":null}},"line":199},"18":{"name":"(anonymous_18)","decl":{"start":{"line":201,"column":21},"end":{"line":201,"column":22}},"loc":{"start":{"line":201,"column":31},"end":{"line":201,"column":56}},"line":201},"19":{"name":"(anonymous_19)","decl":{"start":{"line":205,"column":28},"end":{"line":205,"column":29}},"loc":{"start":{"line":205,"column":38},"end":{"line":205,"column":49}},"line":205},"20":{"name":"parseDateRange","decl":{"start":{"line":208,"column":9},"end":{"line":208,"column":24}},"loc":{"start":{"line":208,"column":70},"end":{"line":223,"column":null}},"line":208},"21":{"name":"fetchScopedRows","decl":{"start":{"line":225,"column":15},"end":{"line":225,"column":null}},"loc":{"start":{"line":230,"column":25},"end":{"line":282,"column":null}},"line":230},"22":{"name":"(anonymous_22)","decl":{"start":{"line":234,"column":30},"end":{"line":234,"column":31}},"loc":{"start":{"line":235,"column":4},"end":{"line":237,"column":null}},"line":235},"23":{"name":"(anonymous_23)","decl":{"start":{"line":238,"column":35},"end":{"line":238,"column":36}},"loc":{"start":{"line":239,"column":4},"end":{"line":239,"column":null}},"line":239},"24":{"name":"buildTrendSeries","decl":{"start":{"line":284,"column":9},"end":{"line":284,"column":26}},"loc":{"start":{"line":284,"column":76},"end":{"line":301,"column":null}},"line":284},"25":{"name":"(anonymous_25)","decl":{"start":{"line":295,"column":42},"end":{"line":295,"column":43}},"loc":{"start":{"line":295,"column":56},"end":{"line":300,"column":3}},"line":295},"26":{"name":"(anonymous_26)","decl":{"start":{"line":331,"column":8},"end":{"line":331,"column":9}},"loc":{"start":{"line":331,"column":61},"end":{"line":357,"column":1}},"line":331},"27":{"name":"(anonymous_27)","decl":{"start":{"line":345,"column":19},"end":{"line":345,"column":25}},"loc":{"start":{"line":345,"column":25},"end":{"line":354,"column":3}},"line":345},"28":{"name":"(anonymous_28)","decl":{"start":{"line":360,"column":8},"end":{"line":360,"column":9}},"loc":{"start":{"line":360,"column":61},"end":{"line":384,"column":1}},"line":360},"29":{"name":"(anonymous_29)","decl":{"start":{"line":367,"column":35},"end":{"line":367,"column":41}},"loc":{"start":{"line":367,"column":41},"end":{"line":381,"column":5}},"line":367},"30":{"name":"(anonymous_30)","decl":{"start":{"line":382,"column":19},"end":{"line":382,"column":25}},"loc":{"start":{"line":382,"column":25},"end":{"line":382,"column":52}},"line":382},"31":{"name":"(anonymous_31)","decl":{"start":{"line":394,"column":19},"end":{"line":394,"column":20}},"loc":{"start":{"line":394,"column":53},"end":{"line":403,"column":1}},"line":394},"32":{"name":"(anonymous_32)","decl":{"start":{"line":405,"column":27},"end":{"line":405,"column":28}},"loc":{"start":{"line":405,"column":61},"end":{"line":433,"column":1}},"line":405},"33":{"name":"(anonymous_33)","decl":{"start":{"line":407,"column":47},"end":{"line":407,"column":48}},"loc":{"start":{"line":407,"column":58},"end":{"line":407,"column":102}},"line":407},"34":{"name":"(anonymous_34)","decl":{"start":{"line":409,"column":34},"end":{"line":409,"column":35}},"loc":{"start":{"line":409,"column":45},"end":{"line":409,"column":68}},"line":409},"35":{"name":"(anonymous_35)","decl":{"start":{"line":410,"column":34},"end":{"line":410,"column":35}},"loc":{"start":{"line":410,"column":45},"end":{"line":410,"column":94}},"line":410},"36":{"name":"(anonymous_36)","decl":{"start":{"line":435,"column":25},"end":{"line":435,"column":32}},"loc":{"start":{"line":435,"column":64},"end":{"line":447,"column":1}},"line":435},"37":{"name":"(anonymous_37)","decl":{"start":{"line":453,"column":13},"end":{"line":453,"column":14}},"loc":{"start":{"line":453,"column":47},"end":{"line":459,"column":1}},"line":453},"38":{"name":"(anonymous_38)","decl":{"start":{"line":461,"column":44},"end":{"line":461,"column":45}},"loc":{"start":{"line":461,"column":77},"end":{"line":491,"column":1}},"line":461},"39":{"name":"(anonymous_39)","decl":{"start":{"line":493,"column":35},"end":{"line":493,"column":36}},"loc":{"start":{"line":493,"column":68},"end":{"line":505,"column":1}},"line":493},"40":{"name":"(anonymous_40)","decl":{"start":{"line":507,"column":42},"end":{"line":507,"column":43}},"loc":{"start":{"line":507,"column":75},"end":{"line":519,"column":1}},"line":507},"41":{"name":"(anonymous_41)","decl":{"start":{"line":521,"column":39},"end":{"line":521,"column":40}},"loc":{"start":{"line":521,"column":72},"end":{"line":533,"column":1}},"line":521},"42":{"name":"(anonymous_42)","decl":{"start":{"line":535,"column":41},"end":{"line":535,"column":42}},"loc":{"start":{"line":535,"column":74},"end":{"line":547,"column":1}},"line":535},"43":{"name":"(anonymous_43)","decl":{"start":{"line":549,"column":39},"end":{"line":549,"column":40}},"loc":{"start":{"line":549,"column":72},"end":{"line":561,"column":1}},"line":549},"44":{"name":"(anonymous_44)","decl":{"start":{"line":563,"column":31},"end":{"line":563,"column":38}},"loc":{"start":{"line":563,"column":70},"end":{"line":582,"column":1}},"line":563},"45":{"name":"(anonymous_45)","decl":{"start":{"line":584,"column":39},"end":{"line":584,"column":40}},"loc":{"start":{"line":584,"column":73},"end":{"line":608,"column":1}},"line":584},"46":{"name":"(anonymous_46)","decl":{"start":{"line":586,"column":47},"end":{"line":586,"column":48}},"loc":{"start":{"line":586,"column":58},"end":{"line":586,"column":102}},"line":586},"47":{"name":"(anonymous_47)","decl":{"start":{"line":588,"column":34},"end":{"line":588,"column":35}},"loc":{"start":{"line":588,"column":45},"end":{"line":588,"column":68}},"line":588},"48":{"name":"(anonymous_48)","decl":{"start":{"line":610,"column":60},"end":{"line":610,"column":67}},"loc":{"start":{"line":610,"column":103},"end":{"line":962,"column":1}},"line":610},"49":{"name":"(anonymous_49)","decl":{"start":{"line":644,"column":67},"end":{"line":644,"column":68}},"loc":{"start":{"line":644,"column":75},"end":{"line":644,"column":94}},"line":644},"50":{"name":"(anonymous_50)","decl":{"start":{"line":645,"column":63},"end":{"line":645,"column":64}},"loc":{"start":{"line":645,"column":71},"end":{"line":645,"column":90}},"line":645},"51":{"name":"(anonymous_51)","decl":{"start":{"line":660,"column":58},"end":{"line":660,"column":59}},"loc":{"start":{"line":660,"column":67},"end":{"line":666,"column":7}},"line":660},"52":{"name":"(anonymous_52)","decl":{"start":{"line":668,"column":61},"end":{"line":668,"column":62}},"loc":{"start":{"line":668,"column":70},"end":{"line":668,"column":107}},"line":668},"53":{"name":"(anonymous_53)","decl":{"start":{"line":669,"column":55},"end":{"line":669,"column":56}},"loc":{"start":{"line":669,"column":64},"end":{"line":672,"column":7}},"line":669},"54":{"name":"(anonymous_54)","decl":{"start":{"line":673,"column":53},"end":{"line":673,"column":54}},"loc":{"start":{"line":673,"column":62},"end":{"line":673,"column":125}},"line":673},"55":{"name":"(anonymous_55)","decl":{"start":{"line":676,"column":13},"end":{"line":676,"column":14}},"loc":{"start":{"line":676,"column":23},"end":{"line":683,"column":10}},"line":676},"56":{"name":"(anonymous_56)","decl":{"start":{"line":684,"column":14},"end":{"line":684,"column":15}},"loc":{"start":{"line":684,"column":31},"end":{"line":684,"column":65}},"line":684},"57":{"name":"(anonymous_57)","decl":{"start":{"line":687,"column":41},"end":{"line":687,"column":42}},"loc":{"start":{"line":687,"column":56},"end":{"line":687,"column":83}},"line":687},"58":{"name":"(anonymous_58)","decl":{"start":{"line":689,"column":72},"end":{"line":689,"column":73}},"loc":{"start":{"line":689,"column":82},"end":{"line":697,"column":8}},"line":689},"59":{"name":"(anonymous_59)","decl":{"start":{"line":699,"column":13},"end":{"line":699,"column":14}},"loc":{"start":{"line":699,"column":22},"end":{"line":711,"column":9}},"line":699},"60":{"name":"(anonymous_60)","decl":{"start":{"line":712,"column":16},"end":{"line":712,"column":17}},"loc":{"start":{"line":712,"column":26},"end":{"line":712,"column":47}},"line":712},"61":{"name":"(anonymous_61)","decl":{"start":{"line":713,"column":14},"end":{"line":713,"column":15}},"loc":{"start":{"line":713,"column":31},"end":{"line":713,"column":69}},"line":713},"62":{"name":"(anonymous_62)","decl":{"start":{"line":716,"column":13},"end":{"line":716,"column":14}},"loc":{"start":{"line":716,"column":23},"end":{"line":722,"column":10}},"line":716},"63":{"name":"(anonymous_63)","decl":{"start":{"line":723,"column":16},"end":{"line":723,"column":17}},"loc":{"start":{"line":723,"column":26},"end":{"line":723,"column":99}},"line":723},"64":{"name":"(anonymous_64)","decl":{"start":{"line":727,"column":13},"end":{"line":727,"column":14}},"loc":{"start":{"line":727,"column":23},"end":{"line":733,"column":10}},"line":727},"65":{"name":"(anonymous_65)","decl":{"start":{"line":734,"column":16},"end":{"line":734,"column":17}},"loc":{"start":{"line":734,"column":27},"end":{"line":738,"column":9}},"line":734},"66":{"name":"(anonymous_66)","decl":{"start":{"line":768,"column":55},"end":{"line":768,"column":56}},"loc":{"start":{"line":768,"column":73},"end":{"line":772,"column":14}},"line":768},"67":{"name":"(anonymous_67)","decl":{"start":{"line":775,"column":56},"end":{"line":775,"column":57}},"loc":{"start":{"line":775,"column":77},"end":{"line":780,"column":12}},"line":775},"68":{"name":"(anonymous_68)","decl":{"start":{"line":816,"column":52},"end":{"line":816,"column":53}},"loc":{"start":{"line":816,"column":68},"end":{"line":816,"column":87}},"line":816},"69":{"name":"(anonymous_69)","decl":{"start":{"line":838,"column":13},"end":{"line":838,"column":14}},"loc":{"start":{"line":838,"column":23},"end":{"line":845,"column":10}},"line":838},"70":{"name":"(anonymous_70)","decl":{"start":{"line":848,"column":13},"end":{"line":848,"column":14}},"loc":{"start":{"line":848,"column":22},"end":{"line":848,"column":117}},"line":848},"71":{"name":"(anonymous_71)","decl":{"start":{"line":849,"column":16},"end":{"line":849,"column":17}},"loc":{"start":{"line":849,"column":27},"end":{"line":849,"column":49}},"line":849},"72":{"name":"(anonymous_72)","decl":{"start":{"line":851,"column":13},"end":{"line":851,"column":14}},"loc":{"start":{"line":851,"column":23},"end":{"line":857,"column":10}},"line":851},"73":{"name":"(anonymous_73)","decl":{"start":{"line":858,"column":16},"end":{"line":858,"column":17}},"loc":{"start":{"line":858,"column":26},"end":{"line":858,"column":104}},"line":858},"74":{"name":"(anonymous_74)","decl":{"start":{"line":861,"column":13},"end":{"line":861,"column":14}},"loc":{"start":{"line":861,"column":23},"end":{"line":867,"column":10}},"line":861},"75":{"name":"(anonymous_75)","decl":{"start":{"line":868,"column":14},"end":{"line":868,"column":15}},"loc":{"start":{"line":868,"column":31},"end":{"line":868,"column":91}},"line":868},"76":{"name":"(anonymous_76)","decl":{"start":{"line":871,"column":13},"end":{"line":871,"column":14}},"loc":{"start":{"line":871,"column":23},"end":{"line":878,"column":10}},"line":871},"77":{"name":"(anonymous_77)","decl":{"start":{"line":879,"column":14},"end":{"line":879,"column":15}},"loc":{"start":{"line":879,"column":31},"end":{"line":879,"column":65}},"line":879},"78":{"name":"(anonymous_78)","decl":{"start":{"line":904,"column":54},"end":{"line":904,"column":55}},"loc":{"start":{"line":904,"column":69},"end":{"line":904,"column":81}},"line":904},"79":{"name":"(anonymous_79)","decl":{"start":{"line":984,"column":8},"end":{"line":984,"column":9}},"loc":{"start":{"line":984,"column":41},"end":{"line":991,"column":1}},"line":984},"80":{"name":"(anonymous_80)","decl":{"start":{"line":996,"column":8},"end":{"line":996,"column":9}},"loc":{"start":{"line":996,"column":72},"end":{"line":1016,"column":1}},"line":996},"81":{"name":"(anonymous_81)","decl":{"start":{"line":1025,"column":22},"end":{"line":1025,"column":34}},"loc":{"start":{"line":1025,"column":34},"end":{"line":1029,"column":1}},"line":1025},"82":{"name":"(anonymous_82)","decl":{"start":{"line":1031,"column":21},"end":{"line":1031,"column":33}},"loc":{"start":{"line":1031,"column":33},"end":{"line":1035,"column":1}},"line":1031}},"branchMap":{"0":{"loc":{"start":{"line":29,"column":2},"end":{"line":31,"column":null}},"type":"if","locations":[{"start":{"line":29,"column":2},"end":{"line":31,"column":null}},{"start":{},"end":{}}],"line":29},"1":{"loc":{"start":{"line":48,"column":19},"end":{"line":48,"column":66}},"type":"binary-expr","locations":[{"start":{"line":48,"column":19},"end":{"line":48,"column":60}},{"start":{"line":48,"column":60},"end":{"line":48,"column":66}}],"line":48},"2":{"loc":{"start":{"line":49,"column":21},"end":{"line":49,"column":66}},"type":"binary-expr","locations":[{"start":{"line":49,"column":21},"end":{"line":49,"column":64}},{"start":{"line":49,"column":64},"end":{"line":49,"column":66}}],"line":49},"3":{"loc":{"start":{"line":50,"column":26},"end":{"line":50,"column":76}},"type":"binary-expr","locations":[{"start":{"line":50,"column":26},"end":{"line":50,"column":75}},{"start":{"line":50,"column":75},"end":{"line":50,"column":76}}],"line":50},"4":{"loc":{"start":{"line":51,"column":29},"end":{"line":51,"column":87}},"type":"binary-expr","locations":[{"start":{"line":51,"column":29},"end":{"line":51,"column":82}},{"start":{"line":51,"column":82},"end":{"line":51,"column":87}}],"line":51},"5":{"loc":{"start":{"line":63,"column":28},"end":{"line":63,"column":39}},"type":"binary-expr","locations":[{"start":{"line":63,"column":28},"end":{"line":63,"column":37}},{"start":{"line":63,"column":37},"end":{"line":63,"column":39}}],"line":63},"6":{"loc":{"start":{"line":64,"column":2},"end":{"line":64,"column":null}},"type":"if","locations":[{"start":{"line":64,"column":2},"end":{"line":64,"column":null}},{"start":{},"end":{}}],"line":64},"7":{"loc":{"start":{"line":65,"column":9},"end":{"line":65,"column":null}},"type":"binary-expr","locations":[{"start":{"line":65,"column":9},"end":{"line":65,"column":34}},{"start":{"line":65,"column":34},"end":{"line":65,"column":56}},{"start":{"line":65,"column":56},"end":{"line":65,"column":null}}],"line":65},"8":{"loc":{"start":{"line":74,"column":4},"end":{"line":77,"column":null}},"type":"binary-expr","locations":[{"start":{"line":74,"column":4},"end":{"line":74,"column":null}},{"start":{"line":75,"column":6},"end":{"line":75,"column":null}},{"start":{"line":76,"column":6},"end":{"line":76,"column":null}},{"start":{"line":77,"column":6},"end":{"line":77,"column":null}}],"line":74},"9":{"loc":{"start":{"line":80,"column":4},"end":{"line":83,"column":null}},"type":"binary-expr","locations":[{"start":{"line":80,"column":4},"end":{"line":80,"column":null}},{"start":{"line":81,"column":6},"end":{"line":81,"column":null}},{"start":{"line":82,"column":6},"end":{"line":82,"column":null}},{"start":{"line":83,"column":6},"end":{"line":83,"column":null}}],"line":80},"10":{"loc":{"start":{"line":90,"column":2},"end":{"line":92,"column":null}},"type":"if","locations":[{"start":{"line":90,"column":2},"end":{"line":92,"column":null}},{"start":{},"end":{}}],"line":90},"11":{"loc":{"start":{"line":90,"column":6},"end":{"line":90,"column":27}},"type":"binary-expr","locations":[{"start":{"line":90,"column":6},"end":{"line":90,"column":14}},{"start":{"line":90,"column":14},"end":{"line":90,"column":27}}],"line":90},"12":{"loc":{"start":{"line":99,"column":2},"end":{"line":99,"column":null}},"type":"if","locations":[{"start":{"line":99,"column":2},"end":{"line":99,"column":null}},{"start":{},"end":{}}],"line":99},"13":{"loc":{"start":{"line":99,"column":6},"end":{"line":99,"column":45}},"type":"binary-expr","locations":[{"start":{"line":99,"column":6},"end":{"line":99,"column":27}},{"start":{"line":99,"column":27},"end":{"line":99,"column":45}}],"line":99},"14":{"loc":{"start":{"line":100,"column":2},"end":{"line":100,"column":null}},"type":"if","locations":[{"start":{"line":100,"column":2},"end":{"line":100,"column":null}},{"start":{},"end":{}}],"line":100},"15":{"loc":{"start":{"line":105,"column":22},"end":{"line":105,"column":null}},"type":"cond-expr","locations":[{"start":{"line":105,"column":41},"end":{"line":105,"column":74}},{"start":{"line":105,"column":74},"end":{"line":105,"column":null}}],"line":105},"16":{"loc":{"start":{"line":106,"column":22},"end":{"line":108,"column":null}},"type":"binary-expr","locations":[{"start":{"line":106,"column":22},"end":{"line":106,"column":null}},{"start":{"line":107,"column":7},"end":{"line":107,"column":null}},{"start":{"line":108,"column":7},"end":{"line":108,"column":null}}],"line":106},"17":{"loc":{"start":{"line":109,"column":2},"end":{"line":120,"column":null}},"type":"if","locations":[{"start":{"line":109,"column":2},"end":{"line":120,"column":null}},{"start":{},"end":{}}],"line":109},"18":{"loc":{"start":{"line":139,"column":4},"end":{"line":145,"column":null}},"type":"if","locations":[{"start":{"line":139,"column":4},"end":{"line":145,"column":null}},{"start":{},"end":{}}],"line":139},"19":{"loc":{"start":{"line":143,"column":24},"end":{"line":143,"column":64}},"type":"binary-expr","locations":[{"start":{"line":143,"column":24},"end":{"line":143,"column":41}},{"start":{"line":143,"column":41},"end":{"line":143,"column":64}}],"line":143},"20":{"loc":{"start":{"line":151,"column":23},"end":{"line":151,"column":97}},"type":"binary-expr","locations":[{"start":{"line":151,"column":23},"end":{"line":151,"column":74}},{"start":{"line":151,"column":74},"end":{"line":151,"column":97}}],"line":151},"21":{"loc":{"start":{"line":157,"column":2},"end":{"line":157,"column":null}},"type":"if","locations":[{"start":{"line":157,"column":2},"end":{"line":157,"column":null}},{"start":{},"end":{}}],"line":157},"22":{"loc":{"start":{"line":159,"column":9},"end":{"line":159,"column":null}},"type":"cond-expr","locations":[{"start":{"line":159,"column":35},"end":{"line":159,"column":44}},{"start":{"line":159,"column":44},"end":{"line":159,"column":null}}],"line":159},"23":{"loc":{"start":{"line":162,"column":57},"end":{"line":162,"column":80}},"type":"default-arg","locations":[{"start":{"line":162,"column":68},"end":{"line":162,"column":80}}],"line":162},"24":{"loc":{"start":{"line":165,"column":4},"end":{"line":165,"column":null}},"type":"if","locations":[{"start":{"line":165,"column":4},"end":{"line":165,"column":null}},{"start":{},"end":{}}],"line":165},"25":{"loc":{"start":{"line":165,"column":8},"end":{"line":165,"column":47}},"type":"binary-expr","locations":[{"start":{"line":165,"column":8},"end":{"line":165,"column":31}},{"start":{"line":165,"column":31},"end":{"line":165,"column":47}}],"line":165},"26":{"loc":{"start":{"line":167,"column":4},"end":{"line":167,"column":null}},"type":"if","locations":[{"start":{"line":167,"column":4},"end":{"line":167,"column":null}},{"start":{},"end":{}}],"line":167},"27":{"loc":{"start":{"line":172,"column":58},"end":{"line":172,"column":80}},"type":"default-arg","locations":[{"start":{"line":172,"column":69},"end":{"line":172,"column":80}}],"line":172},"28":{"loc":{"start":{"line":175,"column":4},"end":{"line":175,"column":null}},"type":"if","locations":[{"start":{"line":175,"column":4},"end":{"line":175,"column":null}},{"start":{},"end":{}}],"line":175},"29":{"loc":{"start":{"line":175,"column":8},"end":{"line":175,"column":63}},"type":"binary-expr","locations":[{"start":{"line":175,"column":8},"end":{"line":175,"column":31}},{"start":{"line":175,"column":31},"end":{"line":175,"column":49}},{"start":{"line":175,"column":49},"end":{"line":175,"column":63}}],"line":175},"30":{"loc":{"start":{"line":177,"column":4},"end":{"line":177,"column":null}},"type":"if","locations":[{"start":{"line":177,"column":4},"end":{"line":177,"column":null}},{"start":{},"end":{}}],"line":177},"31":{"loc":{"start":{"line":183,"column":2},"end":{"line":183,"column":null}},"type":"if","locations":[{"start":{"line":183,"column":2},"end":{"line":183,"column":null}},{"start":{},"end":{}}],"line":183},"32":{"loc":{"start":{"line":184,"column":2},"end":{"line":184,"column":null}},"type":"if","locations":[{"start":{"line":184,"column":2},"end":{"line":184,"column":null}},{"start":{},"end":{}}],"line":184},"33":{"loc":{"start":{"line":200,"column":2},"end":{"line":202,"column":null}},"type":"if","locations":[{"start":{"line":200,"column":2},"end":{"line":202,"column":null}},{"start":{},"end":{}}],"line":200},"34":{"loc":{"start":{"line":201,"column":38},"end":{"line":201,"column":48}},"type":"binary-expr","locations":[{"start":{"line":201,"column":38},"end":{"line":201,"column":46}},{"start":{"line":201,"column":46},"end":{"line":201,"column":48}}],"line":201},"35":{"loc":{"start":{"line":203,"column":21},"end":{"line":203,"column":32}},"type":"binary-expr","locations":[{"start":{"line":203,"column":21},"end":{"line":203,"column":30}},{"start":{"line":203,"column":30},"end":{"line":203,"column":32}}],"line":203},"36":{"loc":{"start":{"line":204,"column":2},"end":{"line":204,"column":null}},"type":"if","locations":[{"start":{"line":204,"column":2},"end":{"line":204,"column":null}},{"start":{},"end":{}}],"line":204},"37":{"loc":{"start":{"line":209,"column":28},"end":{"line":209,"column":39}},"type":"binary-expr","locations":[{"start":{"line":209,"column":28},"end":{"line":209,"column":37}},{"start":{"line":209,"column":37},"end":{"line":209,"column":39}}],"line":209},"38":{"loc":{"start":{"line":210,"column":2},"end":{"line":212,"column":null}},"type":"if","locations":[{"start":{"line":210,"column":2},"end":{"line":212,"column":null}},{"start":{},"end":{}}],"line":210},"39":{"loc":{"start":{"line":213,"column":2},"end":{"line":221,"column":null}},"type":"if","locations":[{"start":{"line":213,"column":2},"end":{"line":221,"column":null}},{"start":{},"end":{}}],"line":213},"40":{"loc":{"start":{"line":214,"column":11},"end":{"line":214,"column":22}},"type":"default-arg","locations":[{"start":{"line":214,"column":18},"end":{"line":214,"column":22}}],"line":214},"41":{"loc":{"start":{"line":214,"column":22},"end":{"line":214,"column":29}},"type":"default-arg","locations":[{"start":{"line":214,"column":27},"end":{"line":214,"column":29}}],"line":214},"42":{"loc":{"start":{"line":217,"column":4},"end":{"line":219,"column":null}},"type":"if","locations":[{"start":{"line":217,"column":4},"end":{"line":219,"column":null}},{"start":{},"end":{}}],"line":217},"43":{"loc":{"start":{"line":217,"column":8},"end":{"line":217,"column":85}},"type":"binary-expr","locations":[{"start":{"line":217,"column":8},"end":{"line":217,"column":38}},{"start":{"line":217,"column":38},"end":{"line":217,"column":66}},{"start":{"line":217,"column":66},"end":{"line":217,"column":85}}],"line":217},"44":{"loc":{"start":{"line":231,"column":38},"end":{"line":231,"column":77}},"type":"binary-expr","locations":[{"start":{"line":231,"column":38},"end":{"line":231,"column":74}},{"start":{"line":231,"column":74},"end":{"line":231,"column":77}}],"line":231},"45":{"loc":{"start":{"line":235,"column":4},"end":{"line":237,"column":null}},"type":"binary-expr","locations":[{"start":{"line":235,"column":4},"end":{"line":235,"column":null}},{"start":{"line":236,"column":7},"end":{"line":236,"column":null}},{"start":{"line":237,"column":8},"end":{"line":237,"column":54}},{"start":{"line":237,"column":54},"end":{"line":237,"column":null}}],"line":235},"46":{"loc":{"start":{"line":249,"column":6},"end":{"line":251,"column":null}},"type":"if","locations":[{"start":{"line":249,"column":6},"end":{"line":251,"column":null}},{"start":{},"end":{}}],"line":249},"47":{"loc":{"start":{"line":250,"column":15},"end":{"line":250,"column":null}},"type":"cond-expr","locations":[{"start":{"line":250,"column":38},"end":{"line":250,"column":62}},{"start":{"line":250,"column":62},"end":{"line":250,"column":null}}],"line":250},"48":{"loc":{"start":{"line":252,"column":29},"end":{"line":252,"column":77}},"type":"binary-expr","locations":[{"start":{"line":252,"column":29},"end":{"line":252,"column":46}},{"start":{"line":252,"column":46},"end":{"line":252,"column":77}}],"line":252},"49":{"loc":{"start":{"line":253,"column":27},"end":{"line":253,"column":65}},"type":"binary-expr","locations":[{"start":{"line":253,"column":27},"end":{"line":253,"column":63}},{"start":{"line":253,"column":63},"end":{"line":253,"column":65}}],"line":253},"50":{"loc":{"start":{"line":254,"column":6},"end":{"line":263,"column":null}},"type":"if","locations":[{"start":{"line":254,"column":6},"end":{"line":263,"column":null}},{"start":{},"end":{}}],"line":254},"51":{"loc":{"start":{"line":254,"column":10},"end":{"line":254,"column":86}},"type":"binary-expr","locations":[{"start":{"line":254,"column":10},"end":{"line":254,"column":51}},{"start":{"line":254,"column":51},"end":{"line":254,"column":86}}],"line":254},"52":{"loc":{"start":{"line":259,"column":8},"end":{"line":262,"column":null}},"type":"if","locations":[{"start":{"line":259,"column":8},"end":{"line":262,"column":null}},{"start":{},"end":{}}],"line":259},"53":{"loc":{"start":{"line":261,"column":17},"end":{"line":261,"column":null}},"type":"cond-expr","locations":[{"start":{"line":261,"column":55},"end":{"line":261,"column":94}},{"start":{"line":261,"column":94},"end":{"line":261,"column":null}}],"line":261},"54":{"loc":{"start":{"line":264,"column":6},"end":{"line":266,"column":null}},"type":"if","locations":[{"start":{"line":264,"column":6},"end":{"line":266,"column":null}},{"start":{},"end":{}}],"line":264},"55":{"loc":{"start":{"line":267,"column":28},"end":{"line":267,"column":null}},"type":"binary-expr","locations":[{"start":{"line":267,"column":28},"end":{"line":267,"column":66}},{"start":{"line":267,"column":66},"end":{"line":267,"column":null}}],"line":267},"56":{"loc":{"start":{"line":268,"column":6},"end":{"line":270,"column":null}},"type":"if","locations":[{"start":{"line":268,"column":6},"end":{"line":270,"column":null}},{"start":{},"end":{}}],"line":268},"57":{"loc":{"start":{"line":274,"column":4},"end":{"line":276,"column":null}},"type":"if","locations":[{"start":{"line":274,"column":4},"end":{"line":276,"column":null}},{"start":{},"end":{}}],"line":274},"58":{"loc":{"start":{"line":279,"column":37},"end":{"line":279,"column":109}},"type":"cond-expr","locations":[{"start":{"line":279,"column":62},"end":{"line":279,"column":78}},{"start":{"line":279,"column":78},"end":{"line":279,"column":109}}],"line":279},"59":{"loc":{"start":{"line":285,"column":15},"end":{"line":285,"column":null}},"type":"cond-expr","locations":[{"start":{"line":285,"column":33},"end":{"line":285,"column":37}},{"start":{"line":285,"column":37},"end":{"line":285,"column":null}}],"line":285},"60":{"loc":{"start":{"line":285,"column":37},"end":{"line":285,"column":null}},"type":"cond-expr","locations":[{"start":{"line":285,"column":56},"end":{"line":285,"column":61}},{"start":{"line":285,"column":61},"end":{"line":285,"column":null}}],"line":285},"61":{"loc":{"start":{"line":291,"column":4},"end":{"line":291,"column":null}},"type":"if","locations":[{"start":{"line":291,"column":4},"end":{"line":291,"column":null}},{"start":{},"end":{}}],"line":291},"62":{"loc":{"start":{"line":293,"column":24},"end":{"line":293,"column":51}},"type":"binary-expr","locations":[{"start":{"line":293,"column":24},"end":{"line":293,"column":46}},{"start":{"line":293,"column":46},"end":{"line":293,"column":51}}],"line":293},"63":{"loc":{"start":{"line":299,"column":31},"end":{"line":299,"column":55}},"type":"binary-expr","locations":[{"start":{"line":299,"column":31},"end":{"line":299,"column":53}},{"start":{"line":299,"column":53},"end":{"line":299,"column":55}}],"line":299},"64":{"loc":{"start":{"line":311,"column":19},"end":{"line":311,"column":null}},"type":"binary-expr","locations":[{"start":{"line":311,"column":19},"end":{"line":311,"column":46}},{"start":{"line":311,"column":46},"end":{"line":311,"column":null}}],"line":311},"65":{"loc":{"start":{"line":332,"column":20},"end":{"line":332,"column":null}},"type":"binary-expr","locations":[{"start":{"line":332,"column":20},"end":{"line":332,"column":50}},{"start":{"line":332,"column":50},"end":{"line":332,"column":null}}],"line":332},"66":{"loc":{"start":{"line":341,"column":47},"end":{"line":341,"column":78}},"type":"binary-expr","locations":[{"start":{"line":341,"column":47},"end":{"line":341,"column":76}},{"start":{"line":341,"column":76},"end":{"line":341,"column":78}}],"line":341},"67":{"loc":{"start":{"line":342,"column":25},"end":{"line":342,"column":null}},"type":"binary-expr","locations":[{"start":{"line":342,"column":25},"end":{"line":342,"column":106}},{"start":{"line":342,"column":106},"end":{"line":342,"column":null}}],"line":342},"68":{"loc":{"start":{"line":342,"column":32},"end":{"line":342,"column":63}},"type":"binary-expr","locations":[{"start":{"line":342,"column":32},"end":{"line":342,"column":61}},{"start":{"line":342,"column":61},"end":{"line":342,"column":63}}],"line":342},"69":{"loc":{"start":{"line":359,"column":32},"end":{"line":359,"column":76}},"type":"binary-expr","locations":[{"start":{"line":359,"column":32},"end":{"line":359,"column":71}},{"start":{"line":359,"column":71},"end":{"line":359,"column":76}}],"line":359},"70":{"loc":{"start":{"line":361,"column":29},"end":{"line":361,"column":null}},"type":"binary-expr","locations":[{"start":{"line":361,"column":29},"end":{"line":361,"column":61}},{"start":{"line":361,"column":61},"end":{"line":361,"column":null}}],"line":361},"71":{"loc":{"start":{"line":361,"column":68},"end":{"line":361,"column":92}},"type":"binary-expr","locations":[{"start":{"line":361,"column":68},"end":{"line":361,"column":90}},{"start":{"line":361,"column":90},"end":{"line":361,"column":92}}],"line":361},"72":{"loc":{"start":{"line":362,"column":2},"end":{"line":365,"column":null}},"type":"if","locations":[{"start":{"line":362,"column":2},"end":{"line":365,"column":null}},{"start":{},"end":{}}],"line":362},"73":{"loc":{"start":{"line":366,"column":27},"end":{"line":366,"column":109}},"type":"binary-expr","locations":[{"start":{"line":366,"column":27},"end":{"line":366,"column":60}},{"start":{"line":366,"column":60},"end":{"line":366,"column":90}},{"start":{"line":366,"column":90},"end":{"line":366,"column":109}}],"line":366},"74":{"loc":{"start":{"line":368,"column":4},"end":{"line":368,"column":null}},"type":"if","locations":[{"start":{"line":368,"column":4},"end":{"line":368,"column":null}},{"start":{},"end":{}}],"line":368},"75":{"loc":{"start":{"line":410,"column":45},"end":{"line":410,"column":94}},"type":"binary-expr","locations":[{"start":{"line":410,"column":45},"end":{"line":410,"column":72}},{"start":{"line":410,"column":72},"end":{"line":410,"column":94}}],"line":410},"76":{"loc":{"start":{"line":411,"column":25},"end":{"line":411,"column":null}},"type":"cond-expr","locations":[{"start":{"line":411,"column":44},"end":{"line":411,"column":77}},{"start":{"line":411,"column":77},"end":{"line":411,"column":null}}],"line":411},"77":{"loc":{"start":{"line":436,"column":20},"end":{"line":436,"column":null}},"type":"binary-expr","locations":[{"start":{"line":436,"column":20},"end":{"line":436,"column":50}},{"start":{"line":436,"column":50},"end":{"line":436,"column":null}}],"line":436},"78":{"loc":{"start":{"line":439,"column":13},"end":{"line":439,"column":34}},"type":"cond-expr","locations":[{"start":{"line":439,"column":25},"end":{"line":439,"column":31}},{"start":{"line":439,"column":31},"end":{"line":439,"column":34}}],"line":439},"79":{"loc":{"start":{"line":440,"column":12},"end":{"line":440,"column":null}},"type":"cond-expr","locations":[{"start":{"line":440,"column":24},"end":{"line":440,"column":34}},{"start":{"line":440,"column":34},"end":{"line":440,"column":null}}],"line":440},"80":{"loc":{"start":{"line":462,"column":26},"end":{"line":462,"column":51}},"type":"binary-expr","locations":[{"start":{"line":462,"column":26},"end":{"line":462,"column":49}},{"start":{"line":462,"column":49},"end":{"line":462,"column":51}}],"line":462},"81":{"loc":{"start":{"line":469,"column":2},"end":{"line":477,"column":null}},"type":"if","locations":[{"start":{"line":469,"column":2},"end":{"line":477,"column":null}},{"start":{},"end":{}}],"line":469},"82":{"loc":{"start":{"line":488,"column":32},"end":{"line":488,"column":94}},"type":"binary-expr","locations":[{"start":{"line":488,"column":32},"end":{"line":488,"column":67}},{"start":{"line":488,"column":67},"end":{"line":488,"column":94}}],"line":488},"83":{"loc":{"start":{"line":494,"column":20},"end":{"line":494,"column":null}},"type":"binary-expr","locations":[{"start":{"line":494,"column":20},"end":{"line":494,"column":50}},{"start":{"line":494,"column":50},"end":{"line":494,"column":null}}],"line":494},"84":{"loc":{"start":{"line":508,"column":20},"end":{"line":508,"column":null}},"type":"binary-expr","locations":[{"start":{"line":508,"column":20},"end":{"line":508,"column":50}},{"start":{"line":508,"column":50},"end":{"line":508,"column":null}}],"line":508},"85":{"loc":{"start":{"line":522,"column":20},"end":{"line":522,"column":null}},"type":"binary-expr","locations":[{"start":{"line":522,"column":20},"end":{"line":522,"column":50}},{"start":{"line":522,"column":50},"end":{"line":522,"column":null}}],"line":522},"86":{"loc":{"start":{"line":536,"column":20},"end":{"line":536,"column":null}},"type":"binary-expr","locations":[{"start":{"line":536,"column":20},"end":{"line":536,"column":50}},{"start":{"line":536,"column":50},"end":{"line":536,"column":null}}],"line":536},"87":{"loc":{"start":{"line":550,"column":20},"end":{"line":550,"column":null}},"type":"binary-expr","locations":[{"start":{"line":550,"column":20},"end":{"line":550,"column":50}},{"start":{"line":550,"column":50},"end":{"line":550,"column":null}}],"line":550},"88":{"loc":{"start":{"line":564,"column":20},"end":{"line":564,"column":null}},"type":"binary-expr","locations":[{"start":{"line":564,"column":20},"end":{"line":564,"column":50}},{"start":{"line":564,"column":50},"end":{"line":564,"column":null}}],"line":564},"89":{"loc":{"start":{"line":566,"column":17},"end":{"line":566,"column":null}},"type":"cond-expr","locations":[{"start":{"line":566,"column":31},"end":{"line":566,"column":38}},{"start":{"line":566,"column":38},"end":{"line":566,"column":null}}],"line":566},"90":{"loc":{"start":{"line":589,"column":25},"end":{"line":589,"column":null}},"type":"cond-expr","locations":[{"start":{"line":589,"column":44},"end":{"line":589,"column":77}},{"start":{"line":589,"column":77},"end":{"line":589,"column":null}}],"line":589},"91":{"loc":{"start":{"line":611,"column":20},"end":{"line":611,"column":null}},"type":"binary-expr","locations":[{"start":{"line":611,"column":20},"end":{"line":611,"column":50}},{"start":{"line":611,"column":50},"end":{"line":611,"column":null}}],"line":611},"92":{"loc":{"start":{"line":613,"column":4},"end":{"line":622,"column":null}},"type":"if","locations":[{"start":{"line":613,"column":4},"end":{"line":622,"column":null}},{"start":{},"end":{}}],"line":613},"93":{"loc":{"start":{"line":613,"column":8},"end":{"line":613,"column":55}},"type":"binary-expr","locations":[{"start":{"line":613,"column":8},"end":{"line":613,"column":32}},{"start":{"line":613,"column":32},"end":{"line":613,"column":55}}],"line":613},"94":{"loc":{"start":{"line":623,"column":4},"end":{"line":631,"column":null}},"type":"if","locations":[{"start":{"line":623,"column":4},"end":{"line":631,"column":null}},{"start":{},"end":{}}],"line":623},"95":{"loc":{"start":{"line":632,"column":28},"end":{"line":632,"column":46}},"type":"binary-expr","locations":[{"start":{"line":632,"column":28},"end":{"line":632,"column":44}},{"start":{"line":632,"column":44},"end":{"line":632,"column":46}}],"line":632},"96":{"loc":{"start":{"line":633,"column":4},"end":{"line":641,"column":null}},"type":"if","locations":[{"start":{"line":633,"column":4},"end":{"line":641,"column":null}},{"start":{},"end":{}}],"line":633},"97":{"loc":{"start":{"line":643,"column":33},"end":{"line":643,"column":58}},"type":"binary-expr","locations":[{"start":{"line":643,"column":33},"end":{"line":643,"column":56}},{"start":{"line":643,"column":56},"end":{"line":643,"column":58}}],"line":643},"98":{"loc":{"start":{"line":646,"column":22},"end":{"line":646,"column":null}},"type":"binary-expr","locations":[{"start":{"line":646,"column":22},"end":{"line":646,"column":67}},{"start":{"line":646,"column":67},"end":{"line":646,"column":null}}],"line":646},"99":{"loc":{"start":{"line":646,"column":29},"end":{"line":646,"column":55}},"type":"binary-expr","locations":[{"start":{"line":646,"column":29},"end":{"line":646,"column":53}},{"start":{"line":646,"column":53},"end":{"line":646,"column":55}}],"line":646},"100":{"loc":{"start":{"line":647,"column":23},"end":{"line":647,"column":null}},"type":"binary-expr","locations":[{"start":{"line":647,"column":23},"end":{"line":647,"column":69}},{"start":{"line":647,"column":69},"end":{"line":647,"column":null}}],"line":647},"101":{"loc":{"start":{"line":647,"column":30},"end":{"line":647,"column":57}},"type":"binary-expr","locations":[{"start":{"line":647,"column":30},"end":{"line":647,"column":55}},{"start":{"line":647,"column":55},"end":{"line":647,"column":57}}],"line":647},"102":{"loc":{"start":{"line":649,"column":4},"end":{"line":799,"column":null}},"type":"if","locations":[{"start":{"line":649,"column":4},"end":{"line":799,"column":null}},{"start":{},"end":{}}],"line":649},"103":{"loc":{"start":{"line":649,"column":8},"end":{"line":649,"column":72}},"type":"binary-expr","locations":[{"start":{"line":649,"column":8},"end":{"line":649,"column":32}},{"start":{"line":649,"column":32},"end":{"line":649,"column":72}}],"line":649},"104":{"loc":{"start":{"line":663,"column":28},"end":{"line":663,"column":null}},"type":"binary-expr","locations":[{"start":{"line":663,"column":28},"end":{"line":663,"column":42}},{"start":{"line":663,"column":42},"end":{"line":663,"column":null}}],"line":663},"105":{"loc":{"start":{"line":664,"column":29},"end":{"line":664,"column":null}},"type":"binary-expr","locations":[{"start":{"line":664,"column":29},"end":{"line":664,"column":44}},{"start":{"line":664,"column":44},"end":{"line":664,"column":null}}],"line":664},"106":{"loc":{"start":{"line":665,"column":15},"end":{"line":665,"column":null}},"type":"binary-expr","locations":[{"start":{"line":665,"column":15},"end":{"line":665,"column":30}},{"start":{"line":665,"column":30},"end":{"line":665,"column":null}}],"line":665},"107":{"loc":{"start":{"line":671,"column":15},"end":{"line":671,"column":null}},"type":"binary-expr","locations":[{"start":{"line":671,"column":15},"end":{"line":671,"column":41}},{"start":{"line":671,"column":41},"end":{"line":671,"column":56}},{"start":{"line":671,"column":56},"end":{"line":671,"column":null}}],"line":671},"108":{"loc":{"start":{"line":674,"column":28},"end":{"line":674,"column":null}},"type":"cond-expr","locations":[{"start":{"line":674,"column":53},"end":{"line":674,"column":103}},{"start":{"line":674,"column":103},"end":{"line":674,"column":null}}],"line":674},"109":{"loc":{"start":{"line":686,"column":31},"end":{"line":688,"column":null}},"type":"cond-expr","locations":[{"start":{"line":687,"column":10},"end":{"line":687,"column":null}},{"start":{"line":688,"column":10},"end":{"line":688,"column":null}}],"line":686},"110":{"loc":{"start":{"line":692,"column":16},"end":{"line":692,"column":null}},"type":"binary-expr","locations":[{"start":{"line":692,"column":16},"end":{"line":692,"column":38}},{"start":{"line":692,"column":38},"end":{"line":692,"column":null}}],"line":692},"111":{"loc":{"start":{"line":719,"column":18},"end":{"line":719,"column":null}},"type":"binary-expr","locations":[{"start":{"line":719,"column":18},"end":{"line":719,"column":40}},{"start":{"line":719,"column":40},"end":{"line":719,"column":null}}],"line":719},"112":{"loc":{"start":{"line":729,"column":18},"end":{"line":729,"column":null}},"type":"binary-expr","locations":[{"start":{"line":729,"column":18},"end":{"line":729,"column":40}},{"start":{"line":729,"column":40},"end":{"line":729,"column":null}}],"line":729},"113":{"loc":{"start":{"line":736,"column":10},"end":{"line":736,"column":null}},"type":"if","locations":[{"start":{"line":736,"column":10},"end":{"line":736,"column":null}},{"start":{},"end":{}}],"line":736},"114":{"loc":{"start":{"line":740,"column":26},"end":{"line":740,"column":null}},"type":"cond-expr","locations":[{"start":{"line":740,"column":52},"end":{"line":740,"column":101}},{"start":{"line":740,"column":101},"end":{"line":740,"column":null}}],"line":740},"115":{"loc":{"start":{"line":750,"column":29},"end":{"line":750,"column":null}},"type":"binary-expr","locations":[{"start":{"line":750,"column":29},"end":{"line":750,"column":81}},{"start":{"line":750,"column":81},"end":{"line":750,"column":null}}],"line":750},"116":{"loc":{"start":{"line":750,"column":36},"end":{"line":750,"column":69}},"type":"binary-expr","locations":[{"start":{"line":750,"column":36},"end":{"line":750,"column":67}},{"start":{"line":750,"column":67},"end":{"line":750,"column":69}}],"line":750},"117":{"loc":{"start":{"line":762,"column":104},"end":{"line":762,"column":142}},"type":"cond-expr","locations":[{"start":{"line":762,"column":129},"end":{"line":762,"column":137}},{"start":{"line":762,"column":137},"end":{"line":762,"column":142}}],"line":762},"118":{"loc":{"start":{"line":763,"column":88},"end":{"line":763,"column":120}},"type":"cond-expr","locations":[{"start":{"line":763,"column":107},"end":{"line":763,"column":115}},{"start":{"line":763,"column":115},"end":{"line":763,"column":120}}],"line":763},"119":{"loc":{"start":{"line":764,"column":125},"end":{"line":764,"column":165}},"type":"cond-expr","locations":[{"start":{"line":764,"column":147},"end":{"line":764,"column":157}},{"start":{"line":764,"column":157},"end":{"line":764,"column":165}}],"line":764},"120":{"loc":{"start":{"line":765,"column":128},"end":{"line":765,"column":171}},"type":"cond-expr","locations":[{"start":{"line":765,"column":153},"end":{"line":765,"column":163}},{"start":{"line":765,"column":163},"end":{"line":765,"column":171}}],"line":765},"121":{"loc":{"start":{"line":769,"column":23},"end":{"line":769,"column":null}},"type":"binary-expr","locations":[{"start":{"line":769,"column":23},"end":{"line":769,"column":65}},{"start":{"line":769,"column":65},"end":{"line":769,"column":86}},{"start":{"line":769,"column":86},"end":{"line":769,"column":null}}],"line":769},"122":{"loc":{"start":{"line":770,"column":24},"end":{"line":770,"column":null}},"type":"cond-expr","locations":[{"start":{"line":770,"column":51},"end":{"line":770,"column":60}},{"start":{"line":770,"column":60},"end":{"line":770,"column":null}}],"line":770},"123":{"loc":{"start":{"line":770,"column":60},"end":{"line":770,"column":null}},"type":"cond-expr","locations":[{"start":{"line":770,"column":88},"end":{"line":770,"column":99}},{"start":{"line":770,"column":99},"end":{"line":770,"column":null}}],"line":770},"124":{"loc":{"start":{"line":771,"column":21},"end":{"line":771,"column":null}},"type":"cond-expr","locations":[{"start":{"line":771,"column":48},"end":{"line":771,"column":53}},{"start":{"line":771,"column":53},"end":{"line":771,"column":null}}],"line":771},"125":{"loc":{"start":{"line":771,"column":53},"end":{"line":771,"column":null}},"type":"cond-expr","locations":[{"start":{"line":771,"column":81},"end":{"line":771,"column":86}},{"start":{"line":771,"column":86},"end":{"line":771,"column":null}}],"line":771},"126":{"loc":{"start":{"line":778,"column":22},"end":{"line":778,"column":null}},"type":"cond-expr","locations":[{"start":{"line":778,"column":53},"end":{"line":778,"column":64}},{"start":{"line":778,"column":64},"end":{"line":778,"column":null}}],"line":778},"127":{"loc":{"start":{"line":779,"column":21},"end":{"line":779,"column":null}},"type":"binary-expr","locations":[{"start":{"line":779,"column":21},"end":{"line":779,"column":46}},{"start":{"line":779,"column":46},"end":{"line":779,"column":null}}],"line":779},"128":{"loc":{"start":{"line":785,"column":20},"end":{"line":785,"column":null}},"type":"cond-expr","locations":[{"start":{"line":785,"column":39},"end":{"line":785,"column":52}},{"start":{"line":785,"column":52},"end":{"line":785,"column":null}}],"line":785},"129":{"loc":{"start":{"line":801,"column":4},"end":{"line":914,"column":null}},"type":"if","locations":[{"start":{"line":801,"column":4},"end":{"line":914,"column":null}},{"start":{},"end":{}}],"line":801},"130":{"loc":{"start":{"line":801,"column":8},"end":{"line":801,"column":77}},"type":"binary-expr","locations":[{"start":{"line":801,"column":8},"end":{"line":801,"column":32}},{"start":{"line":801,"column":32},"end":{"line":801,"column":77}}],"line":801},"131":{"loc":{"start":{"line":803,"column":24},"end":{"line":803,"column":null}},"type":"binary-expr","locations":[{"start":{"line":803,"column":24},"end":{"line":803,"column":69}},{"start":{"line":803,"column":69},"end":{"line":803,"column":null}}],"line":803},"132":{"loc":{"start":{"line":803,"column":31},"end":{"line":803,"column":57}},"type":"binary-expr","locations":[{"start":{"line":803,"column":31},"end":{"line":803,"column":55}},{"start":{"line":803,"column":55},"end":{"line":803,"column":57}}],"line":803},"133":{"loc":{"start":{"line":804,"column":28},"end":{"line":804,"column":50}},"type":"binary-expr","locations":[{"start":{"line":804,"column":28},"end":{"line":804,"column":48}},{"start":{"line":804,"column":48},"end":{"line":804,"column":50}}],"line":804},"134":{"loc":{"start":{"line":805,"column":53},"end":{"line":805,"column":null}},"type":"cond-expr","locations":[{"start":{"line":805,"column":91},"end":{"line":805,"column":100}},{"start":{"line":805,"column":100},"end":{"line":805,"column":null}}],"line":805},"135":{"loc":{"start":{"line":805,"column":53},"end":{"line":805,"column":91}},"type":"binary-expr","locations":[{"start":{"line":805,"column":53},"end":{"line":805,"column":72}},{"start":{"line":805,"column":72},"end":{"line":805,"column":91}}],"line":805},"136":{"loc":{"start":{"line":806,"column":28},"end":{"line":806,"column":null}},"type":"binary-expr","locations":[{"start":{"line":806,"column":28},"end":{"line":806,"column":77}},{"start":{"line":806,"column":77},"end":{"line":806,"column":null}}],"line":806},"137":{"loc":{"start":{"line":806,"column":35},"end":{"line":806,"column":65}},"type":"binary-expr","locations":[{"start":{"line":806,"column":35},"end":{"line":806,"column":63}},{"start":{"line":806,"column":63},"end":{"line":806,"column":65}}],"line":806},"138":{"loc":{"start":{"line":825,"column":8},"end":{"line":825,"column":null}},"type":"if","locations":[{"start":{"line":825,"column":8},"end":{"line":825,"column":null}},{"start":{},"end":{}}],"line":825},"139":{"loc":{"start":{"line":827,"column":26},"end":{"line":827,"column":null}},"type":"binary-expr","locations":[{"start":{"line":827,"column":26},"end":{"line":827,"column":54}},{"start":{"line":827,"column":54},"end":{"line":827,"column":null}}],"line":827},"140":{"loc":{"start":{"line":828,"column":8},"end":{"line":828,"column":null}},"type":"if","locations":[{"start":{"line":828,"column":8},"end":{"line":828,"column":null}},{"start":{},"end":{}}],"line":828},"141":{"loc":{"start":{"line":829,"column":40},"end":{"line":829,"column":112}},"type":"binary-expr","locations":[{"start":{"line":829,"column":40},"end":{"line":829,"column":67}},{"start":{"line":829,"column":67},"end":{"line":829,"column":91}},{"start":{"line":829,"column":91},"end":{"line":829,"column":112}}],"line":829},"142":{"loc":{"start":{"line":830,"column":8},"end":{"line":830,"column":null}},"type":"if","locations":[{"start":{"line":830,"column":8},"end":{"line":830,"column":null}},{"start":{},"end":{}}],"line":830},"143":{"loc":{"start":{"line":830,"column":12},"end":{"line":830,"column":42}},"type":"binary-expr","locations":[{"start":{"line":830,"column":12},"end":{"line":830,"column":25}},{"start":{"line":830,"column":25},"end":{"line":830,"column":42}}],"line":830},"144":{"loc":{"start":{"line":832,"column":8},"end":{"line":835,"column":null}},"type":"if","locations":[{"start":{"line":832,"column":8},"end":{"line":835,"column":null}},{"start":{},"end":{}}],"line":832},"145":{"loc":{"start":{"line":855,"column":18},"end":{"line":855,"column":null}},"type":"binary-expr","locations":[{"start":{"line":855,"column":18},"end":{"line":855,"column"
[...]
":{"start":{"line":169,"column":21},"end":{"line":169,"column":null}},"105":{"start":{"line":170,"column":4},"end":{"line":170,"column":null}},"106":{"start":{"line":171,"column":4},"end":{"line":171,"column":null}},"107":{"start":{"line":174,"column":2},"end":{"line":182,"column":null}},"108":{"start":{"line":175,"column":21},"end":{"line":179,"column":null}},"109":{"start":{"line":180,"column":4},"end":{"line":180,"column":null}},"110":{"start":{"line":181,"column":4},"end":{"line":181,"column":null}},"111":{"start":{"line":184,"column":2},"end":{"line":188,"column":null}},"112":{"start":{"line":185,"column":21},"end":{"line":185,"column":null}},"113":{"start":{"line":186,"column":4},"end":{"line":186,"column":null}},"114":{"start":{"line":187,"column":4},"end":{"line":187,"column":null}},"115":{"start":{"line":190,"column":2},"end":{"line":196,"column":null}},"116":{"start":{"line":191,"column":21},"end":{"line":193,"column":null}},"117":{"start":{"line":194,"column":4},"end":{"line":194,"column":null}},"118":{"start":{"line":195,"column":4},"end":{"line":195,"column":null}},"119":{"start":{"line":198,"column":2},"end":{"line":202,"column":null}},"120":{"start":{"line":199,"column":21},"end":{"line":199,"column":null}},"121":{"start":{"line":200,"column":4},"end":{"line":200,"column":null}},"122":{"start":{"line":201,"column":4},"end":{"line":201,"column":null}},"123":{"start":{"line":205,"column":0},"end":{"line":244,"column":null}},"124":{"start":{"line":206,"column":2},"end":{"line":212,"column":null}},"125":{"start":{"line":207,"column":21},"end":{"line":209,"column":null}},"126":{"start":{"line":210,"column":4},"end":{"line":210,"column":null}},"127":{"start":{"line":211,"column":4},"end":{"line":211,"column":null}},"128":{"start":{"line":214,"column":2},"end":{"line":223,"column":null}},"129":{"start":{"line":215,"column":21},"end":{"line":220,"column":null}},"130":{"start":{"line":221,"column":4},"end":{"line":221,"column":null}},"131":{"start":{"line":222,"column":4},"end":{"line":222,"column":null}},"132":{"start":{"line":225,"column":2},"end":{"line":229,"column":null}},"133":{"start":{"line":226,"column":21},"end":{"line":226,"column":null}},"134":{"start":{"line":227,"column":4},"end":{"line":227,"column":null}},"135":{"start":{"line":228,"column":4},"end":{"line":228,"column":null}},"136":{"start":{"line":231,"column":2},"end":{"line":237,"column":null}},"137":{"start":{"line":232,"column":21},"end":{"line":234,"column":null}},"138":{"start":{"line":235,"column":4},"end":{"line":235,"column":null}},"139":{"start":{"line":236,"column":4},"end":{"line":236,"column":null}},"140":{"start":{"line":239,"column":2},"end":{"line":243,"column":null}},"141":{"start":{"line":240,"column":21},"end":{"line":240,"column":null}},"142":{"start":{"line":241,"column":4},"end":{"line":241,"column":null}},"143":{"start":{"line":242,"column":4},"end":{"line":242,"column":null}},"144":{"start":{"line":246,"column":0},"end":{"line":269,"column":null}},"145":{"start":{"line":247,"column":2},"end":{"line":251,"column":null}},"146":{"start":{"line":248,"column":21},"end":{"line":248,"column":null}},"147":{"start":{"line":249,"column":4},"end":{"line":249,"column":null}},"148":{"start":{"line":250,"column":4},"end":{"line":250,"column":null}},"149":{"start":{"line":253,"column":2},"end":{"line":257,"column":null}},"150":{"start":{"line":254,"column":21},"end":{"line":254,"column":null}},"151":{"start":{"line":255,"column":4},"end":{"line":255,"column":null}},"152":{"start":{"line":256,"column":4},"end":{"line":256,"column":null}},"153":{"start":{"line":259,"column":2},"end":{"line":268,"column":null}},"154":{"start":{"line":260,"column":21},"end":{"line":265,"column":null}},"155":{"start":{"line":266,"column":4},"end":{"line":266,"column":null}},"156":{"start":{"line":267,"column":4},"end":{"line":267,"column":null}}},"fnMap":{"0":{"name":"(anonymous_0)","decl":{"start":{"line":9,"column":34},"end":{"line":9,"column":40}},"loc":{"start":{"line":9,"column":40},"end":{"line":37,"column":1}},"line":9},"1":{"name":"(anonymous_1)","decl":{"start":{"line":10,"column":44},"end":{"line":10,"column":56}},"loc":{"start":{"line":10,"column":56},"end":{"line":15,"column":3}},"line":10},"2":{"name":"(anonymous_2)","decl":{"start":{"line":17,"column":44},"end":{"line":17,"column":56}},"loc":{"start":{"line":17,"column":56},"end":{"line":22,"column":3}},"line":17},"3":{"name":"(anonymous_3)","decl":{"start":{"line":24,"column":61},"end":{"line":24,"column":73}},"loc":{"start":{"line":24,"column":73},"end":{"line":29,"column":3}},"line":24},"4":{"name":"(anonymous_4)","decl":{"start":{"line":31,"column":64},"end":{"line":31,"column":76}},"loc":{"start":{"line":31,"column":76},"end":{"line":36,"column":3}},"line":31},"5":{"name":"(anonymous_5)","decl":{"start":{"line":39,"column":40},"end":{"line":39,"column":46}},"loc":{"start":{"line":39,"column":46},"end":{"line":52,"column":1}},"line":39},"6":{"name":"(anonymous_6)","decl":{"start":{"line":40,"column":68},"end":{"line":40,"column":80}},"loc":{"start":{"line":40,"column":80},"end":{"line":45,"column":3}},"line":40},"7":{"name":"(anonymous_7)","decl":{"start":{"line":47,"column":61},"end":{"line":47,"column":73}},"loc":{"start":{"line":47,"column":73},"end":{"line":51,"column":3}},"line":47},"8":{"name":"(anonymous_8)","decl":{"start":{"line":54,"column":52},"end":{"line":54,"column":58}},"loc":{"start":{"line":54,"column":58},"end":{"line":103,"column":1}},"line":54},"9":{"name":"(anonymous_9)","decl":{"start":{"line":55,"column":62},"end":{"line":55,"column":74}},"loc":{"start":{"line":55,"column":74},"end":{"line":60,"column":3}},"line":55},"10":{"name":"(anonymous_10)","decl":{"start":{"line":62,"column":69},"end":{"line":62,"column":81}},"loc":{"start":{"line":62,"column":81},"end":{"line":67,"column":3}},"line":62},"11":{"name":"(anonymous_11)","decl":{"start":{"line":69,"column":66},"end":{"line":69,"column":78}},"loc":{"start":{"line":69,"column":78},"end":{"line":74,"column":3}},"line":69},"12":{"name":"(anonymous_12)","decl":{"start":{"line":76,"column":68},"end":{"line":76,"column":80}},"loc":{"start":{"line":76,"column":80},"end":{"line":81,"column":3}},"line":76},"13":{"name":"(anonymous_13)","decl":{"start":{"line":83,"column":66},"end":{"line":83,"column":78}},"loc":{"start":{"line":83,"column":78},"end":{"line":88,"column":3}},"line":83},"14":{"name":"(anonymous_14)","decl":{"start":{"line":90,"column":67},"end":{"line":90,"column":79}},"loc":{"start":{"line":90,"column":79},"end":{"line":95,"column":3}},"line":90},"15":{"name":"(anonymous_15)","decl":{"start":{"line":97,"column":73},"end":{"line":97,"column":85}},"loc":{"start":{"line":97,"column":85},"end":{"line":102,"column":3}},"line":97},"16":{"name":"(anonymous_16)","decl":{"start":{"line":105,"column":38},"end":{"line":105,"column":44}},"loc":{"start":{"line":105,"column":44},"end":{"line":127,"column":1}},"line":105},"17":{"name":"(anonymous_17)","decl":{"start":{"line":106,"column":63},"end":{"line":106,"column":75}},"loc":{"start":{"line":106,"column":75},"end":{"line":110,"column":3}},"line":106},"18":{"name":"(anonymous_18)","decl":{"start":{"line":112,"column":65},"end":{"line":112,"column":77}},"loc":{"start":{"line":112,"column":77},"end":{"line":118,"column":3}},"line":112},"19":{"name":"(anonymous_19)","decl":{"start":{"line":120,"column":73},"end":{"line":120,"column":85}},"loc":{"start":{"line":120,"column":85},"end":{"line":126,"column":3}},"line":120},"20":{"name":"(anonymous_20)","decl":{"start":{"line":129,"column":27},"end":{"line":129,"column":33}},"loc":{"start":{"line":129,"column":33},"end":{"line":149,"column":1}},"line":129},"21":{"name":"(anonymous_21)","decl":{"start":{"line":130,"column":53},"end":{"line":130,"column":65}},"loc":{"start":{"line":130,"column":65},"end":{"line":134,"column":3}},"line":130},"22":{"name":"(anonymous_22)","decl":{"start":{"line":136,"column":55},"end":{"line":136,"column":67}},"loc":{"start":{"line":136,"column":67},"end":{"line":142,"column":3}},"line":136},"23":{"name":"(anonymous_23)","decl":{"start":{"line":144,"column":92},"end":{"line":144,"column":104}},"loc":{"start":{"line":144,"column":104},"end":{"line":148,"column":3}},"line":144},"24":{"name":"(anonymous_24)","decl":{"start":{"line":151,"column":25},"end":{"line":151,"column":31}},"loc":{"start":{"line":151,"column":31},"end":{"line":165,"column":1}},"line":151},"25":{"name":"(anonymous_25)","decl":{"start":{"line":152,"column":48},"end":{"line":152,"column":60}},"loc":{"start":{"line":152,"column":60},"end":{"line":157,"column":3}},"line":152},"26":{"name":"(anonymous_26)","decl":{"start":{"line":159,"column":57},"end":{"line":159,"column":69}},"loc":{"start":{"line":159,"column":69},"end":{"line":164,"column":3}},"line":159},"27":{"name":"(anonymous_27)","decl":{"start":{"line":167,"column":62},"end":{"line":167,"column":68}},"loc":{"start":{"line":167,"column":68},"end":{"line":203,"column":1}},"line":167},"28":{"name":"(anonymous_28)","decl":{"start":{"line":168,"column":68},"end":{"line":168,"column":80}},"loc":{"start":{"line":168,"column":80},"end":{"line":172,"column":3}},"line":168},"29":{"name":"(anonymous_29)","decl":{"start":{"line":174,"column":69},"end":{"line":174,"column":81}},"loc":{"start":{"line":174,"column":81},"end":{"line":182,"column":3}},"line":174},"30":{"name":"(anonymous_30)","decl":{"start":{"line":184,"column":72},"end":{"line":184,"column":84}},"loc":{"start":{"line":184,"column":84},"end":{"line":188,"column":3}},"line":184},"31":{"name":"(anonymous_31)","decl":{"start":{"line":190,"column":74},"end":{"line":190,"column":86}},"loc":{"start":{"line":190,"column":86},"end":{"line":196,"column":3}},"line":190},"32":{"name":"(anonymous_32)","decl":{"start":{"line":198,"column":75},"end":{"line":198,"column":87}},"loc":{"start":{"line":198,"column":87},"end":{"line":202,"column":3}},"line":198},"33":{"name":"(anonymous_33)","decl":{"start":{"line":205,"column":54},"end":{"line":205,"column":60}},"loc":{"start":{"line":205,"column":60},"end":{"line":244,"column":1}},"line":205},"34":{"name":"(anonymous_34)","decl":{"start":{"line":206,"column":78},"end":{"line":206,"column":90}},"loc":{"start":{"line":206,"column":90},"end":{"line":212,"column":3}},"line":206},"35":{"name":"(anonymous_35)","decl":{"start":{"line":214,"column":79},"end":{"line":214,"column":91}},"loc":{"start":{"line":214,"column":91},"end":{"line":223,"column":3}},"line":214},"36":{"name":"(anonymous_36)","decl":{"start":{"line":225,"column":64},"end":{"line":225,"column":76}},"loc":{"start":{"line":225,"column":76},"end":{"line":229,"column":3}},"line":225},"37":{"name":"(anonymous_37)","decl":{"start":{"line":231,"column":66},"end":{"line":231,"column":78}},"loc":{"start":{"line":231,"column":78},"end":{"line":237,"column":3}},"line":231},"38":{"name":"(anonymous_38)","decl":{"start":{"line":239,"column":67},"end":{"line":239,"column":79}},"loc":{"start":{"line":239,"column":79},"end":{"line":243,"column":3}},"line":239},"39":{"name":"(anonymous_39)","decl":{"start":{"line":246,"column":80},"end":{"line":246,"column":86}},"loc":{"start":{"line":246,"column":86},"end":{"line":269,"column":1}},"line":246},"40":{"name":"(anonymous_40)","decl":{"start":{"line":247,"column":82},"end":{"line":247,"column":94}},"loc":{"start":{"line":247,"column":94},"end":{"line":251,"column":3}},"line":247},"41":{"name":"(anonymous_41)","decl":{"start":{"line":253,"column":68},"end":{"line":253,"column":80}},"loc":{"start":{"line":253,"column":80},"end":{"line":257,"column":3}},"line":253},"42":{"name":"(anonymous_42)","decl":{"start":{"line":259,"column":84},"end":{"line":259,"column":96}},"loc":{"start":{"line":259,"column":96},"end":{"line":268,"column":3}},"line":259}},"branchMap":{},"s":{"0":0,"1":0,"2":0,"3":0,"4":0,"5":0,"6":0,"7":0,"8":0,"9":0,"10":0,"11":0,"12":0,"13":0,"14":0,"15":0,"16":0,"17":0,"18":0,"19":0,"20":0,"21":0,"22":0,"23":0,"24":0,"25":0,"26":0,"27":0,"28":0,"29":0,"30":0,"31":0,"32":0,"33":0,"34":0,"35":0,"36":0,"37":0,"38":0,"39":0,"40":0,"41":0,"42":0,"43":0,"44":0,"45":0,"46":0,"47":0,"48":0,"49":0,"50":0,"51":0,"52":0,"53":0,"54":0,"55":0,"56":0,"57":0,"58":0,"59":0,"60":0,"61":0,"62":0,"63":0,"64":0,"65":0,"66":0,"67":0,"68":0,"69":0,"70":0,"71":0,"72":0,"73":0,"74":0,"75":0,"76":0,"77":0,"78":0,"79":0,"80":0,"81":0,"82":0,"83":0,"84":0,"85":0,"86":0,"87":0,"88":0,"89":0,"90":0,"91":0,"92":0,"93":0,"94":0,"95":0,"96":0,"97":0,"98":0,"99":0,"100":0,"101":0,"102":0,"103":0,"104":0,"105":0,"106":0,"107":0,"108":0,"109":0,"110":0,"111":0,"112":0,"113":0,"114":0,"115":0,"116":0,"117":0,"118":0,"119":0,"120":0,"121":0,"122":0,"123":0,"124":0,"125":0,"126":0,"127":0,"128":0,"129":0,"130":0,"131":0,"132":0,"133":0,"134":0,"135":0,"136":0,"137":0,"138":0,"139":0,"140":0,"141":0,"142":0,"143":0,"144":0,"145":0,"146":0,"147":0,"148":0,"149":0,"150":0,"151":0,"152":0,"153":0,"154":0,"155":0,"156":0},"f":{"0":0,"1":0,"2":0,"3":0,"4":0,"5":0,"6":0,"7":0,"8":0,"9":0,"10":0,"11":0,"12":0,"13":0,"14":0,"15":0,"16":0,"17":0,"18":0,"19":0,"20":0,"21":0,"22":0,"23":0,"24":0,"25":0,"26":0,"27":0,"28":0,"29":0,"30":0,"31":0,"32":0,"33":0,"34":0,"35":0,"36":0,"37":0,"38":0,"39":0,"40":0,"41":0,"42":0},"b":{},"meta":{"lastBranch":0,"lastFunction":43,"lastStatement":157,"seen":{"s:9:0:37:Infinity":0,"f:9:34:9:40":0,"s:10:2:15:Infinity":1,"f:10:44:10:56":1,"s:11:21:11:Infinity":2,"s:12:4:12:Infinity":3,"s:13:4:13:Infinity":4,"s:14:4:14:Infinity":5,"s:17:2:22:Infinity":6,"f:17:44:17:56":2,"s:18:21:18:Infinity":7,"s:19:4:19:Infinity":8,"s:20:4:20:Infinity":9,"s:21:4:21:Infinity":10,"s:24:2:29:Infinity":11,"f:24:61:24:73":3,"s:25:21:25:Infinity":12,"s:26:4:26:Infinity":13,"s:27:4:27:Infinity":14,"s:28:4:28:Infinity":15,"s:31:2:36:Infinity":16,"f:31:64:31:76":4,"s:32:21:32:Infinity":17,"s:33:4:33:Infinity":18,"s:34:4:34:Infinity":19,"s:35:4:35:Infinity":20,"s:39:0:52:Infinity":21,"f:39:40:39:46":5,"s:40:2:45:Infinity":22,"f:40:68:40:80":6,"s:41:21:41:Infinity":23,"s:42:4:42:Infinity":24,"s:43:4:43:Infinity":25,"s:44:4:44:Infinity":26,"s:47:2:51:Infinity":27,"f:47:61:47:73":7,"s:48:21:48:Infinity":28,"s:49:4:49:Infinity":29,"s:50:4:50:Infinity":30,"s:54:0:103:Infinity":31,"f:54:52:54:58":8,"s:55:2:60:Infinity":32,"f:55:62:55:74":9,"s:56:21:56:Infinity":33,"s:57:4:57:Infinity":34,"s:58:4:58:Infinity":35,"s:59:4:59:Infinity":36,"s:62:2:67:Infinity":37,"f:62:69:62:81":10,"s:63:21:63:Infinity":38,"s:64:4:64:Infinity":39,"s:65:4:65:Infinity":40,"s:66:4:66:Infinity":41,"s:69:2:74:Infinity":42,"f:69:66:69:78":11,"s:70:21:70:Infinity":43,"s:71:4:71:Infinity":44,"s:72:4:72:Infinity":45,"s:73:4:73:Infinity":46,"s:76:2:81:Infinity":47,"f:76:68:76:80":12,"s:77:21:77:Infinity":48,"s:78:4:78:Infinity":49,"s:79:4:79:Infinity":50,"s:80:4:80:Infinity":51,"s:83:2:88:Infinity":52,"f:83:66:83:78":13,"s:84:21:84:Infinity":53,"s:85:4:85:Infinity":54,"s:86:4:86:Infinity":55,"s:87:4:87:Infinity":56,"s:90:2:95:Infinity":57,"f:90:67:90:79":14,"s:91:21:91:Infinity":58,"s:92:4:92:Infinity":59,"s:93:4:93:Infinity":60,"s:94:4:94:Infinity":61,"s:97:2:102:Infinity":62,"f:97:73:97:85":15,"s:98:21:98:Infinity":63,"s:99:4:99:Infinity":64,"s:100:4:100:Infinity":65,"s:101:4:101:Infinity":66,"s:105:0:127:Infinity":67,"f:105:38:105:44":16,"s:106:2:110:Infinity":68,"f:106:63:106:75":17,"s:107:21:107:Infinity":69,"s:108:4:108:Infinity":70,"s:109:4:109:Infinity":71,"s:112:2:118:Infinity":72,"f:112:65:112:77":18,"s:113:21:115:Infinity":73,"s:116:4:116:Infinity":74,"s:117:4:117:Infinity":75,"s:120:2:126:Infinity":76,"f:120:73:120:85":19,"s:121:21:123:Infinity":77,"s:124:4:124:Infinity":78,"s:125:4:125:Infinity":79,"s:129:0:149:Infinity":80,"f:129:27:129:33":20,"s:130:2:134:Infinity":81,"f:130:53:130:65":21,"s:131:21:131:Infinity":82,"s:132:4:132:Infinity":83,"s:133:4:133:Infinity":84,"s:136:2:142:Infinity":85,"f:136:55:136:67":22,"s:137:21:137:Infinity":86,"s:138:4:138:Infinity":87,"s:139:4:139:Infinity":88,"s:140:4:140:Infinity":89,"s:141:4:141:Infinity":90,"s:144:2:148:Infinity":91,"f:144:92:144:104":23,"s:145:21:145:Infinity":92,"s:146:4:146:Infinity":93,"s:147:4:147:Infinity":94,"s:151:0:165:Infinity":95,"f:151:25:151:31":24,"s:152:2:157:Infinity":96,"f:152:48:152:60":25,"s:153:21:155:Infinity":97,"s:156:4:156:Infinity":98,"s:159:2:164:Infinity":99,"f:159:57:159:69":26,"s:160:21:162:Infinity":100,"s:163:4:163:Infinity":101,"s:167:0:203:Infinity":102,"f:167:62:167:68":27,"s:168:2:172:Infinity":103,"f:168:68:168:80":28,"s:169:21:169:Infinity":104,"s:170:4:170:Infinity":105,"s:171:4:171:Infinity":106,"s:174:2:182:Infinity":107,"f:174:69:174:81":29,"s:175:21:179:Infinity":108,"s:180:4:180:Infinity":109,"s:181:4:181:Infinity":110,"s:184:2:188:Infinity":111,"f:184:72:184:84":30,"s:185:21:185:Infinity":112,"s:186:4:186:Infinity":113,"s:187:4:187:Infinity":114,"s:190:2:196:Infinity":115,"f:190:74:190:86":31,"s:191:21:193:Infinity":116,"s:194:4:194:Infinity":117,"s:195:4:195:Infinity":118,"s:198:2:202:Infinity":119,"f:198:75:198:87":32,"s:199:21:199:Infinity":120,"s:200:4:200:Infinity":121,"s:201:4:201:Infinity":122,"s:205:0:244:Infinity":123,"f:205:54:205:60":33,"s:206:2:212:Infinity":124,"f:206:78:206:90":34,"s:207:21:209:Infinity":125,"s:210:4:210:Infinity":126,"s:211:4:211:Infinity":127,"s:214:2:223:Infinity":128,"f:214:79:214:91":35,"s:215:21:220:Infinity":129,"s:221:4:221:Infinity":130,"s:222:4:222:Infinity":131,"s:225:2:229:Infinity":132,"f:225:64:225:76":36,"s:226:21:226:Infinity":133,"s:227:4:227:Infinity":134,"s:228:4:228:Infinity":135,"s:231:2:237:Infinity":136,"f:231:66:231:78":37,"s:232:21:234:Infinity":137,"s:235:4:235:Infinity":138,"s:236:4:236:Infinity":139,"s:239:2:243:Infinity":140,"f:239:67:239:79":38,"s:240:21:240:Infinity":141,"s:241:4:241:Infinity":142,"s:242:4:242:Infinity":143,"s:246:0:269:Infinity":144,"f:246:80:246:86":39,"s:247:2:251:Infinity":145,"f:247:82:247:94":40,"s:248:21:248:Infinity":146,"s:249:4:249:Infinity":147,"s:250:4:250:Infinity":148,"s:253:2:257:Infinity":149,"f:253:68:253:80":41,"s:254:21:254:Infinity":150,"s:255:4:255:Infinity":151,"s:256:4:256:Infinity":152,"s:259:2:268:Infinity":153,"f:259:84:259:96":42,"s:260:21:265:Infinity":154,"s:266:4:266:Infinity":155,"s:267:4:267:Infinity":156}}}
,"/Users/vims/Downloads/Development Projects/Trae/SOS Logistics Pro/logic-nexus-ai/services/amro-api/tests/work-packages-stream.test.ts": {"path":"/Users/vims/Downloads/Development Projects/Trae/SOS Logistics Pro/logic-nexus-ai/services/amro-api/tests/work-packages-stream.test.ts","statementMap":{"0":{"start":{"line":3,"column":0},"end":{"line":22,"column":null}},"1":{"start":{"line":4,"column":2},"end":{"line":21,"column":null}},"2":{"start":{"line":5,"column":31},"end":{"line":5,"column":null}},"3":{"start":{"line":6,"column":24},"end":{"line":8,"column":null}},"4":{"start":{"line":7,"column":6},"end":{"line":7,"column":null}},"5":{"start":{"line":10,"column":4},"end":{"line":16,"column":null}},"6":{"start":{"line":18,"column":4},"end":{"line":18,"column":null}},"7":{"start":{"line":20,"column":4},"end":{"line":20,"column":null}}},"fnMap":{"0":{"name":"(anonymous_0)","decl":{"start":{"line":3,"column":31},"end":{"line":3,"column":37}},"loc":{"start":{"line":3,"column":37},"end":{"line":22,"column":1}},"line":3},"1":{"name":"(anonymous_1)","decl":{"start":{"line":4,"column":51},"end":{"line":4,"column":57}},"loc":{"start":{"line":4,"column":57},"end":{"line":21,"column":3}},"line":4},"2":{"name":"(anonymous_2)","decl":{"start":{"line":6,"column":53},"end":{"line":6,"column":54}},"loc":{"start":{"line":6,"column":64},"end":{"line":8,"column":5}},"line":6}},"branchMap":{},"s":{"0":0,"1":0,"2":0,"3":0,"4":0,"5":0,"6":0,"7":0},"f":{"0":0,"1":0,"2":0},"b":{},"meta":{"lastBranch":0,"lastFunction":3,"lastStatement":8,"seen":{"s:3:0:22:Infinity":0,"f:3:31:3:37":0,"s:4:2:21:Infinity":1,"f:4:51:4:57":1,"s:5:31:5:Infinity":2,"s:6:24:8:Infinity":3,"f:6:53:6:54":2,"s:7:6:7:Infinity":4,"s:10:4:16:Infinity":5,"s:18:4:18:Infinity":6,"s:20:4:20:Infinity":7}}}
}
