TN:
SF:services/amro-api/src/app.ts
FN:22,resolveContractsDir
FN:28,(anonymous_1)
FN:62,parseFlag
FN:68,isOverviewKpiEnabled
FN:72,resolveSupabaseCredentials
FN:88,getSupabaseAdminClient
FN:96,recordMonitoringStatus
FN:102,(anonymous_7)
FN:104,(anonymous_8)
FN:123,probeSupabaseDependency
FN:133,(anonymous_10)
FN:156,parseDateMs
FN:162,getStringValue
FN:172,getNumericValue
FN:182,normalizePercent
FN:188,resolveStatus
FN:195,isResolvedStatus
FN:199,parseStringArray
FN:201,(anonymous_18)
FN:205,(anonymous_19)
FN:208,parseDateRange
FN:225,fetchScopedRows
FN:234,(anonymous_22)
FN:238,(anonymous_23)
FN:284,buildTrendSeries
FN:295,(anonymous_25)
FN:331,(anonymous_26)
FN:345,(anonymous_27)
FN:360,(anonymous_28)
FN:367,(anonymous_29)
FN:382,(anonymous_30)
FN:394,(anonymous_31)
FN:405,(anonymous_32)
FN:407,(anonymous_33)
FN:409,(anonymous_34)
FN:410,(anonymous_35)
FN:435,(anonymous_36)
FN:453,(anonymous_37)
FN:461,(anonymous_38)
FN:493,(anonymous_39)
FN:507,(anonymous_40)
FN:521,(anonymous_41)
FN:535,(anonymous_42)
FN:549,(anonymous_43)
FN:563,(anonymous_44)
FN:584,(anonymous_45)
FN:586,(anonymous_46)
FN:588,(anonymous_47)
FN:610,(anonymous_48)
FN:644,(anonymous_49)
FN:645,(anonymous_50)
FN:660,(anonymous_51)
FN:668,(anonymous_52)
FN:669,(anonymous_53)
FN:673,(anonymous_54)
FN:676,(anonymous_55)
FN:684,(anonymous_56)
FN:687,(anonymous_57)
FN:689,(anonymous_58)
FN:699,(anonymous_59)
FN:712,(anonymous_60)
FN:713,(anonymous_61)
FN:716,(anonymous_62)
FN:723,(anonymous_63)
FN:727,(anonymous_64)
FN:734,(anonymous_65)
FN:768,(anonymous_66)
FN:775,(anonymous_67)
FN:816,(anonymous_68)
FN:838,(anonymous_69)
FN:848,(anonymous_70)
FN:849,(anonymous_71)
FN:851,(anonymous_72)
FN:858,(anonymous_73)
FN:861,(anonymous_74)
FN:868,(anonymous_75)
FN:871,(anonymous_76)
FN:879,(anonymous_77)
FN:904,(anonymous_78)
FN:984,(anonymous_79)
FN:996,(anonymous_80)
FN:1025,(anonymous_81)
FN:1031,(anonymous_82)
FNF:83
FNH:0
FNDA:0,resolveContractsDir
FNDA:0,(anonymous_1)
FNDA:0,parseFlag
FNDA:0,isOverviewKpiEnabled
FNDA:0,resolveSupabaseCredentials
FNDA:0,getSupabaseAdminClient
FNDA:0,recordMonitoringStatus
FNDA:0,(anonymous_7)
FNDA:0,(anonymous_8)
FNDA:0,probeSupabaseDependency
FNDA:0,(anonymous_10)
FNDA:0,parseDateMs
FNDA:0,getStringValue
FNDA:0,getNumericValue
FNDA:0,normalizePercent
FNDA:0,resolveStatus
FNDA:0,isResolvedStatus
FNDA:0,parseStringArray
FNDA:0,(anonymous_18)
FNDA:0,(anonymous_19)
FNDA:0,parseDateRange
FNDA:0,fetchScopedRows
FNDA:0,(anonymous_22)
FNDA:0,(anonymous_23)
FNDA:0,buildTrendSeries
FNDA:0,(anonymous_25)
FNDA:0,(anonymous_26)
FNDA:0,(anonymous_27)
FNDA:0,(anonymous_28)
FNDA:0,(anonymous_29)
FNDA:0,(anonymous_30)
FNDA:0,(anonymous_31)
FNDA:0,(anonymous_32)
FNDA:0,(anonymous_33)
FNDA:0,(anonymous_34)
FNDA:0,(anonymous_35)
FNDA:0,(anonymous_36)
FNDA:0,(anonymous_37)
FNDA:0,(anonymous_38)
FNDA:0,(anonymous_39)
FNDA:0,(anonymous_40)
FNDA:0,(anonymous_41)
FNDA:0,(anonymous_42)
FNDA:0,(anonymous_43)
FNDA:0,(anonymous_44)
FNDA:0,(anonymous_45)
FNDA:0,(anonymous_46)
FNDA:0,(anonymous_47)
FNDA:0,(anonymous_48)
FNDA:0,(anonymous_49)
FNDA:0,(anonymous_50)
FNDA:0,(anonymous_51)
FNDA:0,(anonymous_52)
FNDA:0,(anonymous_53)
FNDA:0,(anonymous_54)
FNDA:0,(anonymous_55)
FNDA:0,(anonymous_56)
FNDA:0,(anonymous_57)
FNDA:0,(anonymous_58)
FNDA:0,(anonymous_59)
FNDA:0,(anonymous_60)
FNDA:0,(anonymous_61)
FNDA:0,(anonymous_62)
FNDA:0,(anonymous_63)
FNDA:0,(anonymous_64)
FNDA:0,(anonymous_65)
FNDA:0,(anonymous_66)
FNDA:0,(anonymous_67)
FNDA:0,(anonymous_68)
FNDA:0,(anonymous_69)
FNDA:0,(anonymous_70)
FNDA:0,(anonymous_71)
FNDA:0,(anonymous_72)
FNDA:0,(anonymous_73)
FNDA:0,(anonymous_74)
FNDA:0,(anonymous_75)
FNDA:0,(anonymous_76)
FNDA:0,(anonymous_77)
FNDA:0,(anonymous_78)
FNDA:0,(anonymous_79)
FNDA:0,(anonymous_80)
FNDA:0,(anonymous_81)
FNDA:0,(anonymous_82)
DA:19,0
DA:23,0
DA:28,0
DA:29,0
DA:30,0
DA:32,0
DA:35,0
DA:47,0
DA:54,0
DA:63,0
DA:64,0
DA:65,0
DA:69,0
DA:73,0
DA:79,0
DA:85,0
DA:89,0
DA:90,0
DA:91,0
DA:93,0
DA:97,0
DA:98,0
DA:99,0
DA:100,0
DA:101,0
DA:102,0
DA:103,0
DA:104,0
DA:105,0
DA:106,0
DA:109,0
DA:110,0
DA:111,0
DA:124,0
DA:125,0
DA:126,0
DA:127,0
DA:134,0
DA:139,0
DA:140,0
DA:146,0
DA:148,0
DA:157,0
DA:158,0
DA:159,0
DA:163,0
DA:164,0
DA:165,0
DA:166,0
DA:167,0
DA:169,0
DA:173,0
DA:174,0
DA:175,0
DA:176,0
DA:177,0
DA:179,0
DA:183,0
DA:184,0
DA:185,0
DA:189,0
DA:196,0
DA:200,0
DA:201,0
DA:203,0
DA:204,0
DA:205,0
DA:209,0
DA:210,0
DA:211,0
DA:213,0
DA:214,0
DA:215,0
DA:216,0
DA:217,0
DA:218,0
DA:220,0
DA:222,0
DA:231,0
DA:232,0
DA:234,0
DA:235,0
DA:238,0
DA:239,0
DA:241,0
DA:242,0
DA:243,0
DA:244,0
DA:249,0
DA:250,0
DA:252,0
DA:253,0
DA:254,0
DA:255,0
DA:259,0
DA:260,0
DA:261,0
DA:264,0
DA:265,0
DA:267,0
DA:268,0
DA:269,0
DA:271,0
DA:272,0
DA:274,0
DA:275,0
DA:277,0
DA:279,0
DA:280,0
DA:285,0
DA:286,0
DA:287,0
DA:288,0
DA:289,0
DA:290,0
DA:291,0
DA:292,0
DA:293,0
DA:295,0
DA:296,0
DA:297,0
DA:298,0
DA:299,0
DA:308,0
DA:311,0
DA:312,0
DA:331,0
DA:332,0
DA:333,0
DA:334,0
DA:336,0
DA:345,0
DA:346,0
DA:347,0
DA:356,0
DA:359,0
DA:360,0
DA:361,0
DA:362,0
DA:363,0
DA:364,0
DA:366,0
DA:367,0
DA:368,0
DA:369,0
DA:375,0
DA:382,0
DA:383,0
DA:394,0
DA:395,0
DA:405,0
DA:406,0
DA:407,0
DA:408,0
DA:409,0
DA:410,0
DA:411,0
DA:412,0
DA:435,0
DA:436,0
DA:437,0
DA:438,0
DA:439,0
DA:453,0
DA:454,0
DA:461,0
DA:462,0
DA:463,0
DA:469,0
DA:470,0
DA:476,0
DA:479,0
DA:485,0
DA:486,0
DA:487,0
DA:488,0
DA:489,0
DA:490,0
DA:493,0
DA:494,0
DA:495,0
DA:507,0
DA:508,0
DA:509,0
DA:521,0
DA:522,0
DA:523,0
DA:535,0
DA:536,0
DA:537,0
DA:549,0
DA:550,0
DA:551,0
DA:563,0
DA:564,0
DA:565,0
DA:566,0
DA:567,0
DA:584,0
DA:585,0
DA:586,0
DA:587,0
DA:588,0
DA:589,0
DA:590,0
DA:610,0
DA:611,0
DA:612,0
DA:613,0
DA:614,0
DA:615,0
DA:621,0
DA:623,0
DA:624,0
DA:630,0
DA:632,0
DA:633,0
DA:634,0
DA:640,0
DA:643,0
DA:644,0
DA:645,0
DA:646,0
DA:647,0
DA:649,0
DA:650,0
DA:651,0
DA:652,0
DA:660,0
DA:661,0
DA:662,0
DA:663,0
DA:664,0
DA:665,0
DA:667,0
DA:668,0
DA:669,0
DA:670,0
DA:671,0
DA:673,0
DA:674,0
DA:675,0
DA:676,0
DA:684,0
DA:686,0
DA:687,0
DA:689,0
DA:698,0
DA:700,0
DA:701,0
DA:702,0
DA:703,0
DA:704,0
DA:712,0
DA:713,0
DA:715,0
DA:716,0
DA:723,0
DA:725,0
DA:726,0
DA:727,0
DA:735,0
DA:736,0
DA:737,0
DA:740,0
DA:742,0
DA:768,0
DA:775,0
DA:798,0
DA:801,0
DA:802,0
DA:803,0
DA:804,0
DA:805,0
DA:806,0
DA:807,0
DA:815,0
DA:816,0
DA:817,0
DA:818,0
DA:819,0
DA:820,0
DA:821,0
DA:822,0
DA:823,0
DA:824,0
DA:825,0
DA:826,0
DA:827,0
DA:828,0
DA:829,0
DA:830,0
DA:831,0
DA:832,0
DA:833,0
DA:834,0
DA:837,0
DA:838,0
DA:847,0
DA:848,0
DA:849,0
DA:850,0
DA:851,0
DA:858,0
DA:860,0
DA:861,0
DA:868,0
DA:870,0
DA:871,0
DA:879,0
DA:882,0
DA:904,0
DA:913,0
DA:916,0
DA:917,0
DA:918,0
DA:919,0
DA:920,0
DA:921,0
DA:927,0
DA:929,0
DA:930,0
DA:931,0
DA:941,0
DA:944,0
DA:951,0
DA:955,0
DA:969,0
DA:970,0
DA:973,0
DA:974,0
DA:975,0
DA:984,0
DA:985,0
DA:996,0
DA:997,0
DA:998,0
DA:1006,0
DA:1007,0
DA:1008,0
DA:1010,0
DA:1025,0
DA:1026,0
DA:1027,0
DA:1028,0
DA:1031,0
DA:1032,0
DA:1033,0
DA:1034,0
LF:349
LH:0
BRDA:29,0,0,0
BRDA:29,0,1,0
BRDA:48,1,0,0
BRDA:48,1,1,0
BRDA:49,2,0,0
BRDA:49,2,1,0
BRDA:50,3,0,0
BRDA:50,3,1,0
BRDA:51,4,0,0
BRDA:51,4,1,0
BRDA:63,5,0,0
BRDA:63,5,1,0
BRDA:64,6,0,0
BRDA:64,6,1,0
BRDA:65,7,0,0
BRDA:65,7,1,0
BRDA:65,7,2,0
BRDA:74,8,0,0
BRDA:74,8,1,0
BRDA:74,8,2,0
BRDA:74,8,3,0
BRDA:80,9,0,0
BRDA:80,9,1,0
BRDA:80,9,2,0
BRDA:80,9,3,0
BRDA:90,10,0,0
BRDA:90,10,1,0
BRDA:90,11,0,0
BRDA:90,11,1,0
BRDA:99,12,0,0
BRDA:99,12,1,0
BRDA:99,13,0,0
BRDA:99,13,1,0
BRDA:100,14,0,0
BRDA:100,14,1,0
BRDA:105,15,0,0
BRDA:105,15,1,0
BRDA:106,16,0,0
BRDA:106,16,1,0
BRDA:106,16,2,0
BRDA:109,17,0,0
BRDA:109,17,1,0
BRDA:139,18,0,0
BRDA:139,18,1,0
BRDA:143,19,0,0
BRDA:143,19,1,0
BRDA:151,20,0,0
BRDA:151,20,1,0
BRDA:157,21,0,0
BRDA:157,21,1,0
BRDA:159,22,0,0
BRDA:159,22,1,0
BRDA:162,23,0,0
BRDA:165,24,0,0
BRDA:165,24,1,0
BRDA:165,25,0,0
BRDA:165,25,1,0
BRDA:167,26,0,0
BRDA:167,26,1,0
BRDA:172,27,0,0
BRDA:175,28,0,0
BRDA:175,28,1,0
BRDA:175,29,0,0
BRDA:175,29,1,0
BRDA:175,29,2,0
BRDA:177,30,0,0
BRDA:177,30,1,0
BRDA:183,31,0,0
BRDA:183,31,1,0
BRDA:184,32,0,0
BRDA:184,32,1,0
BRDA:200,33,0,0
BRDA:200,33,1,0
BRDA:201,34,0,0
BRDA:201,34,1,0
BRDA:203,35,0,0
BRDA:203,35,1,0
BRDA:204,36,0,0
BRDA:204,36,1,0
BRDA:209,37,0,0
BRDA:209,37,1,0
BRDA:210,38,0,0
BRDA:210,38,1,0
BRDA:213,39,0,0
BRDA:213,39,1,0
BRDA:214,40,0,0
BRDA:214,41,0,0
BRDA:217,42,0,0
BRDA:217,42,1,0
BRDA:217,43,0,0
BRDA:217,43,1,0
BRDA:217,43,2,0
BRDA:231,44,0,0
BRDA:231,44,1,0
BRDA:235,45,0,0
BRDA:235,45,1,0
BRDA:235,45,2,0
BRDA:235,45,3,0
BRDA:249,46,0,0
BRDA:249,46,1,0
BRDA:250,47,0,0
BRDA:250,47,1,0
BRDA:252,48,0,0
BRDA:252,48,1,0
BRDA:253,49,0,0
BRDA:253,49,1,0
BRDA:254,50,0,0
BRDA:254,50,1,0
BRDA:254,51,0,0
BRDA:254,51,1,0
BRDA:259,52,0,0
BRDA:259,52,1,0
BRDA:261,53,0,0
BRDA:261,53,1,0
BRDA:264,54,0,0
BRDA:264,54,1,0
BRDA:267,55,0,0
BRDA:267,55,1,0
BRDA:268,56,0,0
BRDA:268,56,1,0
BRDA:274,57,0,0
BRDA:274,57,1,0
BRDA:279,58,0,0
BRDA:279,58,1,0
BRDA:285,59,0,0
BRDA:285,59,1,0
BRDA:285,60,0,0
BRDA:285,60,1,0
BRDA:291,61,0,0
BRDA:291,61,1,0
BRDA:293,62,0,0
BRDA:293,62,1,0
BRDA:299,63,0,0
BRDA:299,63,1,0
BRDA:311,64,0,0
BRDA:311,64,1,0
BRDA:332,65,0,0
BRDA:332,65,1,0
BRDA:341,66,0,0
BRDA:341,66,1,0
BRDA:342,67,0,0
BRDA:342,67,1,0
BRDA:342,68,0,0
BRDA:342,68,1,0
BRDA:359,69,0,0
BRDA:359,69,1,0
BRDA:361,70,0,0
BRDA:361,70,1,0
BRDA:361,71,0,0
BRDA:361,71,1,0
BRDA:362,72,0,0
BRDA:362,72,1,0
BRDA:366,73,0,0
BRDA:366,73,1,0
BRDA:366,73,2,0
BRDA:368,74,0,0
BRDA:368,74,1,0
BRDA:410,75,0,0
BRDA:410,75,1,0
BRDA:411,76,0,0
BRDA:411,76,1,0
BRDA:436,77,0,0
BRDA:436,77,1,0
BRDA:439,78,0,0
BRDA:439,78,1,0
BRDA:440,79,0,0
BRDA:440,79,1,0
BRDA:462,80,0,0
BRDA:462,80,1,0
BRDA:469,81,0,0
BRDA:469,81,1,0
BRDA:488,82,0,0
BRDA:488,82,1,0
BRDA:494,83,0,0
BRDA:494,83,1,0
BRDA:508,84,0,0
BRDA:508,84,1,0
BRDA:522,85,0,0
BRDA:522,85,1,0
BRDA:536,86,0,0
BRDA:536,86,1,0
BRDA:550,87,0,0
BRDA:550,87,1,0
BRDA:564,88,0,0
BRDA:564,88,1,0
BRDA:566,89,0,0
BRDA:566,89,1,0
BRDA:589,90,0,0
BRDA:589,90,1,0
BRDA:611,91,0,0
BRDA:611,91,1,0
BRDA:613,92,0,0
BRDA:613,92,1,0
BRDA:613,93,0,0
BRDA:613,93,1,0
BRDA:623,94,0,0
BRDA:623,94,1,0
BRDA:632,95,0,0
BRDA:632,95,1,0
BRDA:633,96,0,0
BRDA:633,96,1,0
BRDA:643,97,0,0
BRDA:643,97,1,0
BRDA:646,98,0,0
BRDA:646,98,1,0
BRDA:646,99,0,0
BRDA:646,99,1,0
BRDA:647,100,0,0
BRDA:647,100,1,0
BRDA:647,101,0,0
BRDA:647,101,1,0
BRDA:649,102,0,0
BRDA:649,102,1,0
BRDA:649,103,0,0
BRDA:649,103,1,0
BRDA:663,104,0,0
BRDA:663,104,1,0
BRDA:664,105,0,0
BRDA:664,105,1,0
BRDA:665,106,0,0
BRDA:665,106,1,0
BRDA:671,107,0,0
BRDA:671,107,1,0
BRDA:671,107,2,0
BRDA:674,108,0,0
BRDA:674,108,1,0
BRDA:686,109,0,0
BRDA:686,109,1,0
BRDA:692,110,0,0
BRDA:692,110,1,0
BRDA:719,111,0,0
BRDA:719,111,1,0
BRDA:729,112,0,0
BRDA:729,112,1,0
BRDA:736,113,0,0
BRDA:736,113,1,0
BRDA:740,114,0,0
BRDA:740,114,1,0
BRDA:750,115,0,0
BRDA:750,115,1,0
BRDA:750,116,0,0
BRDA:750,116,1,0
BRDA:762,117,0,0
BRDA:762,117,1,0
BRDA:763,118,0,0
BRDA:763,118,1,0
BRDA:764,119,0,0
BRDA:764,119,1,0
BRDA:765,120,0,0
BRDA:765,120,1,0
BRDA:769,121,0,0
BRDA:769,121,1,0
BRDA:769,121,2,0
BRDA:770,122,0,0
BRDA:770,122,1,0
BRDA:770,123,0,0
BRDA:770,123,1,0
BRDA:771,124,0,0
BRDA:771,124,1,0
BRDA:771,125,0,0
BRDA:771,125,1,0
BRDA:778,126,0,0
BRDA:778,126,1,0
BRDA:779,127,0,0
BRDA:779,127,1,0
BRDA:785,128,0,0
BRDA:785,128,1,0
BRDA:801,129,0,0
BRDA:801,129,1,0
BRDA:801,130,0,0
BRDA:801,130,1,0
BRDA:803,131,0,0
BRDA:803,131,1,0
BRDA:803,132,0,0
BRDA:803,132,1,0
BRDA:804,133,0,0
BRDA:804,133,1,0
BRDA:805,134,0,0
BRDA:805,134,1,0
BRDA:805,135,0,0
BRDA:805,135,1,0
BRDA:806,136,0,0
BRDA:806,136,1,0
BRDA:806,137,0,0
BRDA:806,137,1,0
BRDA:825,138,0,0
BRDA:825,138,1,0
BRDA:827,139,0,0
BRDA:827,139,1,0
BRDA:828,140,0,0
BRDA:828,140,1,0
BRDA:829,141,0,0
BRDA:829,141,1,0
BRDA:829,141,2,0
BRDA:830,142,0,0
BRDA:830,142,1,0
BRDA:830,143,0,0
BRDA:830,143,1,0
BRDA:832,144,0,0
BRDA:832,144,1,0
BRDA:855,145,0,0
BRDA:855,145,1,0
BRDA:894,146,0,0
BRDA:894,146,1,0
BRDA:898,147,0,0
BRDA:898,147,1,0
BRDA:899,148,0,0
BRDA:899,148,1,0
BRDA:903,149,0,0
BRDA:903,149,1,0
BRDA:916,150,0,0
BRDA:916,150,1,0
BRDA:916,151,0,0
BRDA:916,151,1,0
BRDA:917,152,0,0
BRDA:917,152,1,0
BRDA:917,153,0,0
BRDA:917,153,1,0
BRDA:920,154,0,0
BRDA:920,154,1,0
BRDA:929,155,0,0
BRDA:929,155,1,0
BRDA:929,156,0,0
BRDA:929,156,1,0
BRDA:953,157,0,0
BRDA:953,157,1,0
BRDA:956,158,0,0
BRDA:956,158,1,0
BRDA:997,159,0,0
BRDA:997,159,1,0
BRDA:1002,160,0,0
BRDA:1002,160,1,0
BRDA:1003,161,0,0
BRDA:1003,161,1,0
BRDA:1006,162,0,0
BRDA:1006,162,1,0
BRDA:1007,163,0,0
BRDA:1007,163,1,0
BRDA:1008,164,0,0
BRDA:1008,164,1,0
BRF:340
BRH:0
end_of_record
TN:
SF:services/amro-api/src/events/amro-events.producer.ts
FN:38,(anonymous_0)
FN:43,(anonymous_1)
FN:54,(anonymous_2)
FN:96,(anonymous_3)
FN:129,(anonymous_4)
FN:143,(anonymous_5)
FN:176,(anonymous_6)
FN:190,(anonymous_7)
FN:211,(anonymous_8)
FN:224,(anonymous_9)
FN:250,(anonymous_10)
FN:267,(anonymous_11)
FNF:12
FNH:0
FNDA:0,(anonymous_0)
FNDA:0,(anonymous_1)
FNDA:0,(anonymous_2)
FNDA:0,(anonymous_3)
FNDA:0,(anonymous_4)
FNDA:0,(anonymous_5)
FNDA:0,(anonymous_6)
FNDA:0,(anonymous_7)
FNDA:0,(anonymous_8)
FNDA:0,(anonymous_9)
FNDA:0,(anonymous_10)
FNDA:0,(anonymous_11)
DA:21,0
DA:22,0
DA:23,0
DA:24,0
DA:25,0
DA:26,0
DA:34,0
DA:35,0
DA:36,0
DA:44,0
DA:45,0
DA:47,0
DA:55,0
DA:56,0
DA:57,0
DA:60,0
DA:61,0
DA:75,0
DA:81,0
DA:82,0
DA:83,0
DA:85,0
DA:88,0
DA:102,0
DA:103,0
DA:104,0
DA:108,0
DA:111,0
DA:112,0
DA:115,0
DA:129,0
DA:130,0
DA:149,0
DA:150,0
DA:151,0
DA:155,0
DA:156,0
DA:157,0
DA:160,0
DA:176,0
DA:177,0
DA:195,0
DA:196,0
DA:197,0
DA:200,0
DA:211,0
DA:212,0
DA:225,0
DA:226,0
DA:228,0
DA:251,0
DA:252,0
DA:253,0
DA:254,0
DA:255,0
DA:257,0
DA:268,0
DA:275,0
LF:58
LH:0
BRDA:21,0,0,0
BRDA:21,0,1,0
BRDA:22,1,0,0
BRDA:22,1,1,0
BRDA:23,2,0,0
BRDA:23,2,1,0
BRDA:24,3,0,0
BRDA:24,3,1,0
BRDA:25,4,0,0
BRDA:25,4,1,0
BRDA:26,5,0,0
BRDA:26,5,1,0
BRDA:44,6,0,0
BRDA:44,6,1,0
BRDA:55,7,0,0
BRDA:55,7,1,0
BRDA:86,8,0,0
BRDA:86,8,1,0
BRDA:102,9,0,0
BRDA:102,9,1,0
BRDA:108,10,0,0
BRDA:108,10,1,0
BRDA:124,11,0,0
BRDA:124,11,1,0
BRDA:133,12,0,0
BRDA:133,12,1,0
BRDA:134,13,0,0
BRDA:134,13,1,0
BRDA:149,14,0,0
BRDA:149,14,1,0
BRDA:155,15,0,0
BRDA:155,15,1,0
BRDA:171,16,0,0
BRDA:171,16,1,0
BRDA:180,17,0,0
BRDA:180,17,1,0
BRDA:181,18,0,0
BRDA:181,18,1,0
BRDA:195,19,0,0
BRDA:195,19,1,0
BRDA:206,20,0,0
BRDA:206,20,1,0
BRDA:215,21,0,0
BRDA:215,21,1,0
BRDA:225,22,0,0
BRDA:225,22,1,0
BRDA:251,23,0,0
BRDA:251,23,1,0
BRDA:251,24,0,0
BRDA:251,24,1,0
BRDA:258,25,0,0
BRDA:258,25,1,0
BRF:52
BRH:0
end_of_record
TN:
SF:services/amro-api/src/instrumentation/amro-tracing.ts
FN:21,createSpan
FN:55,withSpan
FN:62,(anonymous_2)
FN:99,withChildSpan
FN:106,(anonymous_4)
FN:137,recordSpanEvent
FN:151,setSpanAttribute
FN:164,getActiveSpan
FNF:8
FNH:0
FNDA:0,createSpan
FNDA:0,withSpan
FNDA:0,(anonymous_2)
FNDA:0,withChildSpan
FNDA:0,(anonymous_4)
FNDA:0,recordSpanEvent
FNDA:0,setSpanAttribute
FNDA:0,getActiveSpan
DA:13,0
DA:22,0
DA:60,0
DA:62,0
DA:63,0
DA:64,0
DA:65,0
DA:66,0
DA:69,0
DA:70,0
DA:72,0
DA:76,0
DA:82,0
DA:85,0
DA:104,0
DA:106,0
DA:107,0
DA:108,0
DA:109,0
DA:110,0
DA:112,0
DA:113,0
DA:115,0
DA:118,0
DA:123,0
DA:125,0
DA:138,0
DA:139,0
DA:140,0
DA:152,0
DA:153,0
DA:154,0
DA:165,0
LF:33
LH:0
BRDA:25,0,0,0
BRDA:25,0,1,0
BRDA:69,1,0,0
BRDA:69,1,1,0
BRDA:78,2,0,0
BRDA:78,2,1,0
BRDA:112,3,0,0
BRDA:112,3,1,0
BRDA:120,4,0,0
BRDA:120,4,1,0
BRDA:139,5,0,0
BRDA:139,5,1,0
BRDA:153,6,0,0
BRDA:153,6,1,0
BRF:14
BRH:0
end_of_record
TN:
SF:services/amro-api/src/instrumentation/tracer-provider.ts
FN:25,initializeTracing
FN:56,(anonymous_1)
FN:66,(anonymous_2)
FN:88,shutdownTracing
FN:104,isTracingInitialized
FNF:5
FNH:0
FNDA:0,initializeTracing
FNDA:0,(anonymous_1)
FNDA:0,(anonymous_2)
FNDA:0,shutdownTracing
FNDA:0,isTracingInitialized
DA:12,0
DA:26,0
DA:27,0
DA:28,0
DA:30,0
DA:33,0
DA:45,0
DA:52,0
DA:53,0
DA:56,0
DA:57,0
DA:58,0
DA:59,0
DA:60,0
DA:62,0
DA:66,0
DA:67,0
DA:68,0
DA:69,0
DA:70,0
DA:72,0
DA:77,0
DA:78,0
DA:89,0
DA:90,0
DA:91,0
DA:92,0
DA:93,0
DA:95,0
DA:105,0
LF:30
LH:0
BRDA:27,0,0,0
BRDA:27,0,1,0
BRDA:28,1,0,0
BRDA:28,1,1,0
BRDA:89,2,0,0
BRDA:89,2,1,0
BRF:6
BRH:0
end_of_record
TN:
SF:services/amro-api/src/middleware/auth.middleware.ts
FN:67,buildHeaderPreview
FN:74,isRecoverableLookupError
FN:89,parseAuthorizationHeader
FN:160,parseFlag
FN:166,isAuthFlowLoggingEnabled
FN:170,shouldLogRawAuthorizationHeader
FN:174,recordAuthHeaderResult
FN:186,(anonymous_7)
FN:189,(anonymous_8)
FN:208,resolveToken
FN:232,getAuthHeaderMonitoringSnapshot
FN:245,(anonymous_11)
FN:247,(anonymous_12)
FN:266,extractTokenFromQuery
FN:278,authMiddleware
FN:352,(anonymous_15)
FN:384,(anonymous_16)
FN:409,(anonymous_17)
FN:411,(anonymous_18)
FN:412,(anonymous_19)
FN:418,(anonymous_20)
FN:419,(anonymous_21)
FN:429,(anonymous_22)
FN:464,(anonymous_23)
FN:496,(anonymous_24)
FNF:25
FNH:0
FNDA:0,buildHeaderPreview
FNDA:0,isRecoverableLookupError
FNDA:0,parseAuthorizationHeader
FNDA:0,parseFlag
FNDA:0,isAuthFlowLoggingEnabled
FNDA:0,shouldLogRawAuthorizationHeader
FNDA:0,recordAuthHeaderResult
FNDA:0,(anonymous_7)
FNDA:0,(anonymous_8)
FNDA:0,resolveToken
FNDA:0,getAuthHeaderMonitoringSnapshot
FNDA:0,(anonymous_11)
FNDA:0,(anonymous_12)
FNDA:0,extractTokenFromQuery
FNDA:0,authMiddleware
FNDA:0,(anonymous_15)
FNDA:0,(anonymous_16)
FNDA:0,(anonymous_17)
FNDA:0,(anonymous_18)
FNDA:0,(anonymous_19)
FNDA:0,(anonymous_20)
FNDA:0,(anonymous_21)
FNDA:0,(anonymous_22)
FNDA:0,(anonymous_23)
FNDA:0,(anonymous_24)
DA:17,0
DA:24,0
DA:26,0
DA:27,0
DA:30,0
DA:51,0
DA:58,0
DA:68,0
DA:69,0
DA:70,0
DA:71,0
DA:75,0
DA:76,0
DA:77,0
DA:78,0
DA:90,0
DA:95,0
DA:96,0
DA:97,0
DA:108,0
DA:109,0
DA:110,0
DA:121,0
DA:122,0
DA:123,0
DA:124,0
DA:125,0
DA:136,0
DA:137,0
DA:148,0
DA:161,0
DA:162,0
DA:163,0
DA:167,0
DA:171,0
DA:175,0
DA:176,0
DA:177,0
DA:178,0
DA:180,0
DA:181,0
DA:184,0
DA:185,0
DA:186,0
DA:188,0
DA:189,0
DA:190,0
DA:191,0
DA:194,0
DA:195,0
DA:196,0
DA:209,0
DA:210,0
DA:211,0
DA:217,0
DA:218,0
DA:219,0
DA:225,0
DA:243,0
DA:244,0
DA:245,0
DA:247,0
DA:248,0
DA:249,0
DA:267,0
DA:268,0
DA:269,0
DA:271,0
DA:272,0
DA:283,0
DA:284,0
DA:285,0
DA:286,0
DA:291,0
DA:292,0
DA:298,0
DA:299,0
DA:300,0
DA:313,0
DA:314,0
DA:315,0
DA:316,0
DA:317,0
DA:318,0
DA:323,0
DA:324,0
DA:326,0
DA:327,0
DA:337,0
DA:342,0
DA:346,0
DA:352,0
DA:354,0
DA:355,0
DA:356,0
DA:361,0
DA:364,0
DA:365,0
DA:366,0
DA:368,0
DA:370,0
DA:375,0
DA:377,0
DA:385,0
DA:391,0
DA:392,0
DA:393,0
DA:394,0
DA:399,0
DA:401,0
DA:408,0
DA:409,0
DA:410,0
DA:411,0
DA:412,0
DA:413,0
DA:416,0
DA:417,0
DA:418,0
DA:419,0
DA:420,0
DA:421,0
DA:422,0
DA:430,0
DA:437,0
DA:438,0
DA:439,0
DA:444,0
DA:446,0
DA:452,0
DA:453,0
DA:457,0
DA:465,0
DA:472,0
DA:473,0
DA:474,0
DA:479,0
DA:481,0
DA:488,0
DA:489,0
DA:497,0
DA:505,0
DA:506,0
DA:507,0
DA:512,0
DA:514,0
DA:521,0
DA:522,0
DA:527,0
DA:528,0
DA:539,0
DA:540,0
DA:545,0
DA:548,0
DA:549,0
DA:550,0
DA:552,0
DA:553,0
DA:555,0
DA:558,0
DA:564,0
LF:161
LH:0
BRDA:18,0,0,0
BRDA:18,0,1,0
BRDA:18,0,2,0
BRDA:18,0,3,0
BRDA:24,1,0,0
BRDA:24,1,1,0
BRDA:26,2,0,0
BRDA:26,2,1,0
BRDA:26,3,0,0
BRDA:26,3,1,0
BRDA:52,4,0,0
BRDA:52,4,1,0
BRDA:53,5,0,0
BRDA:53,5,1,0
BRDA:54,6,0,0
BRDA:54,6,1,0
BRDA:55,7,0,0
BRDA:55,7,1,0
BRDA:68,8,0,0
BRDA:68,8,1,0
BRDA:69,9,0,0
BRDA:69,9,1,0
BRDA:70,10,0,0
BRDA:70,10,1,0
BRDA:75,11,0,0
BRDA:75,11,1,0
BRDA:76,12,0,0
BRDA:76,12,1,0
BRDA:77,13,0,0
BRDA:77,13,1,0
BRDA:77,14,0,0
BRDA:77,14,1,0
BRDA:79,15,0,0
BRDA:79,15,1,0
BRDA:79,15,2,0
BRDA:79,15,3,0
BRDA:90,16,0,0
BRDA:90,16,1,0
BRDA:92,17,0,0
BRDA:92,17,1,0
BRDA:93,18,0,0
BRDA:93,18,1,0
BRDA:96,19,0,0
BRDA:96,19,1,0
BRDA:109,20,0,0
BRDA:109,20,1,0
BRDA:122,21,0,0
BRDA:122,21,1,0
BRDA:123,22,0,0
BRDA:123,22,1,0
BRDA:124,23,0,0
BRDA:124,23,1,0
BRDA:136,24,0,0
BRDA:136,24,1,0
BRDA:161,25,0,0
BRDA:161,25,1,0
BRDA:162,26,0,0
BRDA:162,26,1,0
BRDA:163,27,0,0
BRDA:163,27,1,0
BRDA:163,27,2,0
BRDA:171,28,0,0
BRDA:171,28,1,0
BRDA:177,29,0,0
BRDA:177,29,1,0
BRDA:182,30,0,0
BRDA:182,30,1,0
BRDA:190,31,0,0
BRDA:190,31,1,0
BRDA:191,32,0,0
BRDA:191,32,1,0
BRDA:191,32,2,0
BRDA:194,33,0,0
BRDA:194,33,1,0
BRDA:210,34,0,0
BRDA:210,34,1,0
BRDA:218,35,0,0
BRDA:218,35,1,0
BRDA:259,36,0,0
BRDA:259,36,1,0
BRDA:268,37,0,0
BRDA:268,37,1,0
BRDA:272,38,0,0
BRDA:272,38,1,0
BRDA:283,39,0,0
BRDA:283,39,1,0
BRDA:286,40,0,0
BRDA:286,40,1,0
BRDA:288,41,0,0
BRDA:288,41,1,0
BRDA:289,42,0,0
BRDA:289,42,1,0
BRDA:292,43,0,0
BRDA:292,43,1,0
BRDA:294,44,0,0
BRDA:294,44,1,0
BRDA:295,45,0,0
BRDA:295,45,1,0
BRDA:299,46,0,0
BRDA:299,46,1,0
BRDA:310,47,0,0
BRDA:310,47,1,0
BRDA:313,48,0,0
BRDA:313,48,1,0
BRDA:314,49,0,0
BRDA:314,49,1,0
BRDA:314,50,0,0
BRDA:314,50,1,0
BRDA:314,50,2,0
BRDA:326,51,0,0
BRDA:326,51,1,0
BRDA:335,52,0,0
BRDA:335,52,1,0
BRDA:354,53,0,0
BRDA:354,53,1,0
BRDA:354,54,0,0
BRDA:354,54,1,0
BRDA:370,55,0,0
BRDA:370,55,1,0
BRDA:372,56,0,0
BRDA:372,56,1,0
BRDA:375,57,0,0
BRDA:375,57,1,0
BRDA:382,58,0,0
BRDA:382,58,1,0
BRDA:391,59,0,0
BRDA:391,59,1,0
BRDA:392,60,0,0
BRDA:392,60,1,0
BRDA:393,61,0,0
BRDA:393,61,1,0
BRDA:403,62,0,0
BRDA:403,62,1,0
BRDA:404,63,0,0
BRDA:404,63,1,0
BRDA:408,64,0,0
BRDA:408,64,1,0
BRDA:409,65,0,0
BRDA:409,65,1,0
BRDA:411,66,0,0
BRDA:411,66,1,0
BRDA:413,67,0,0
BRDA:413,67,1,0
BRDA:416,68,0,0
BRDA:416,68,1,0
BRDA:418,69,0,0
BRDA:418,69,1,0
BRDA:421,70,0,0
BRDA:421,70,1,0
BRDA:427,71,0,0
BRDA:427,71,1,0
BRDA:437,72,0,0
BRDA:437,72,1,0
BRDA:438,73,0,0
BRDA:438,73,1,0
BRDA:448,74,0,0
BRDA:448,74,1,0
BRDA:449,75,0,0
BRDA:449,75,1,0
BRDA:452,76,0,0
BRDA:452,76,1,0
BRDA:453,77,0,0
BRDA:453,77,1,0
BRDA:453,78,0,0
BRDA:453,78,1,0
BRDA:462,79,0,0
BRDA:462,79,1,0
BRDA:472,80,0,0
BRDA:472,80,1,0
BRDA:473,81,0,0
BRDA:473,81,1,0
BRDA:483,82,0,0
BRDA:483,82,1,0
BRDA:484,83,0,0
BRDA:484,83,1,0
BRDA:488,84,0,0
BRDA:488,84,1,0
BRDA:488,85,0,0
BRDA:488,85,1,0
BRDA:494,86,0,0
BRDA:494,86,1,0
BRDA:505,87,0,0
BRDA:505,87,1,0
BRDA:506,88,0,0
BRDA:506,88,1,0
BRDA:516,89,0,0
BRDA:516,89,1,0
BRDA:517,90,0,0
BRDA:517,90,1,0
BRDA:521,91,0,0
BRDA:521,91,1,0
BRDA:521,92,0,0
BRDA:521,92,1,0
BRDA:523,93,0,0
BRDA:523,93,1,0
BRDA:523,93,2,0
BRDA:527,94,0,0
BRDA:527,94,1,0
BRDA:528,95,0,0
BRDA:528,95,1,0
BRDA:529,96,0,0
BRDA:529,96,1,0
BRDA:529,97,0,0
BRDA:529,97,1,0
BRDA:529,97,2,0
BRDA:531,98,0,0
BRDA:531,98,1,0
BRDA:531,99,0,0
BRDA:531,99,1,0
BRDA:531,99,2,0
BRDA:531,99,3,0
BRDA:537,100,0,0
BRDA:537,100,1,0
BRDA:537,100,2,0
BRDA:537,100,3,0
BRDA:537,100,4,0
BRDA:537,100,5,0
BRDA:539,101,0,0
BRDA:539,101,1,0
BRDA:549,102,0,0
BRDA:549,102,1,0
BRDA:549,103,0,0
BRDA:549,103,1,0
BRDA:552,104,0,0
BRDA:552,104,1,0
BRDA:553,105,0,0
BRDA:553,105,1,0
BRDA:555,106,0,0
BRDA:555,106,1,0
BRDA:557,107,0,0
BRDA:557,107,1,0
BRDA:562,108,0,0
BRDA:562,108,1,0
BRF:233
BRH:0
end_of_record
TN:
SF:services/amro-api/src/realtime/work-packages-stream.ts
FN:14,(anonymous_0)
FN:17,(anonymous_1)
FN:19,(anonymous_2)
FN:24,(anonymous_3)
FNF:4
FNH:0
FNDA:0,(anonymous_0)
FNDA:0,(anonymous_1)
FNDA:0,(anonymous_2)
FNDA:0,(anonymous_3)
DA:15,0
DA:18,0
DA:19,0
DA:20,0
DA:25,0
DA:29,0
LF:6
LH:0
BRF:0
BRH:0
end_of_record
TN:
SF:services/amro-api/src/routes/master-data.routes.ts
FN:47,(anonymous_0)
FN:275,isV2Enabled
FN:280,resolveSupabaseCredentials
FN:296,getSupabaseAdminClient
FN:304,asString
FN:308,asNullableString
FN:313,asNumber
FN:322,asBoolean
FN:329,asJsonObject
FN:337,asJsonArray
FN:343,asDateString
FN:353,firstQueryValue
FN:360,resolveEntity
FN:370,parsePagination
FN:391,parseSort
FN:402,parseSearch
FN:410,parseExportRequested
FN:418,toHttpError
FN:427,parseBulkOperation
FN:431,(anonymous_19)
FN:436,splitColumns
FN:439,(anonymous_21)
FN:443,getActiveColumns
FN:451,getActiveSearchableColumns
FN:459,getSelectClause
FN:467,markMissingColumn
FN:486,extractMissingColumn
FN:498,isMissingTableError
FN:505,resolveSortColumn
FN:522,normalizeAircraft
FN:551,normalizePartsInventory
FN:574,normalizeFlightLog
FN:594,normalizeSupplier
FN:608,normalizeManufacturer
FN:618,normalizeAssemblyModel
FN:631,normalizeMaintenanceFacility
FN:648,normalizeWorkCenter
FN:662,normalizeSkillCode
FN:675,normalizeRegulatorProfile
FN:688,normalizeShiftCalendar
FN:701,normalizeWorkPackageTemplate
FN:714,normalizePayload
FN:729,sanitizeWritePayload
FN:746,loadAssemblyReferenceRecords
FN:764,validateReferenceFranchise
FN:770,validateAssemblyModelReferences
FN:779,(anonymous_46)
FN:780,(anonymous_47)
FN:786,(anonymous_48)
FN:787,(anonymous_49)
FN:792,(anonymous_50)
FN:793,(anonymous_51)
FN:796,(anonymous_52)
FN:841,formatManufacturerLabel
FN:846,hydrateAircraftPayload
FN:881,buildCsv
FN:884,(anonymous_56)
FN:885,(anonymous_57)
FN:889,(anonymous_58)
FN:896,(anonymous_59)
FN:901,extractFranchiseId
FN:914,writeAuditRecord
FN:949,(anonymous_62)
FN:967,isUuidValue
FN:971,matchesSearch
FN:980,(anonymous_65)
FN:991,(anonymous_66)
FN:1033,(anonymous_67)
FN:1035,(anonymous_68)
FN:1048,(anonymous_69)
FN:1073,(anonymous_70)
FN:1099,(anonymous_71)
FN:1123,(anonymous_72)
FN:1141,(anonymous_73)
FN:1187,(anonymous_74)
FN:1220,(anonymous_75)
FN:1244,(anonymous_76)
FN:1278,(anonymous_77)
FN:1302,(anonymous_78)
FN:1347,(anonymous_79)
FN:1384,(anonymous_80)
FN:1408,(anonymous_81)
FN:1435,(anonymous_82)
FN:1465,(anonymous_83)
FNF:84
FNH:0
FNDA:0,(anonymous_0)
FNDA:0,isV2Enabled
FNDA:0,resolveSupabaseCredentials
FNDA:0,getSupabaseAdminClient
FNDA:0,asString
FNDA:0,asNullableString
FNDA:0,asNumber
FNDA:0,asBoolean
FNDA:0,asJsonObject
FNDA:0,asJsonArray
FNDA:0,asDateString
FNDA:0,firstQueryValue
FNDA:0,resolveEntity
FNDA:0,parsePagination
FNDA:0,parseSort
FNDA:0,parseSearch
FNDA:0,parseExportRequested
FNDA:0,toHttpError
FNDA:0,parseBulkOperation
FNDA:0,(anonymous_19)
FNDA:0,splitColumns
FNDA:0,(anonymous_21)
FNDA:0,getActiveColumns
FNDA:0,getActiveSearchableColumns
FNDA:0,getSelectClause
FNDA:0,markMissingColumn
FNDA:0,extractMissingColumn
FNDA:0,isMissingTableError
FNDA:0,resolveSortColumn
FNDA:0,normalizeAircraft
FNDA:0,normalizePartsInventory
FNDA:0,normalizeFlightLog
FNDA:0,normalizeSupplier
FNDA:0,normalizeManufacturer
FNDA:0,normalizeAssemblyModel
FNDA:0,normalizeMaintenanceFacility
FNDA:0,normalizeWorkCenter
FNDA:0,normalizeSkillCode
FNDA:0,normalizeRegulatorProfile
FNDA:0,normalizeShiftCalendar
FNDA:0,normalizeWorkPackageTemplate
FNDA:0,normalizePayload
FNDA:0,sanitizeWritePayload
FNDA:0,loadAssemblyReferenceRecords
FNDA:0,validateReferenceFranchise
FNDA:0,validateAssemblyModelReferences
FNDA:0,(anonymous_46)
FNDA:0,(anonymous_47)
FNDA:0,(anonymous_48)
FNDA:0,(anonymous_49)
FNDA:0,(anonymous_50)
FNDA:0,(anonymous_51)
FNDA:0,(anonymous_52)
FNDA:0,formatManufacturerLabel
FNDA:0,hydrateAircraftPayload
FNDA:0,buildCsv
FNDA:0,(anonymous_56)
FNDA:0,(anonymous_57)
FNDA:0,(anonymous_58)
FNDA:0,(anonymous_59)
FNDA:0,extractFranchiseId
FNDA:0,writeAuditRecord
FNDA:0,(anonymous_62)
FNDA:0,isUuidValue
FNDA:0,matchesSearch
FNDA:0,(anonymous_65)
FNDA:0,(anonymous_66)
FNDA:0,(anonymous_67)
FNDA:0,(anonymous_68)
FNDA:0,(anonymous_69)
FNDA:0,(anonymous_70)
FNDA:0,(anonymous_71)
FNDA:0,(anonymous_72)
FNDA:0,(anonymous_73)
FNDA:0,(anonymous_74)
FNDA:0,(anonymous_75)
FNDA:0,(anonymous_76)
FNDA:0,(anonymous_77)
FNDA:0,(anonymous_78)
FNDA:0,(anonymous_79)
FNDA:0,(anonymous_80)
FNDA:0,(anonymous_81)
FNDA:0,(anonymous_82)
FNDA:0,(anonymous_83)
DA:41,0
DA:42,0
DA:48,0
DA:49,0
DA:53,0
DA:276,0
DA:277,0
DA:281,0
DA:287,0
DA:293,0
DA:297,0
DA:298,0
DA:299,0
DA:301,0
DA:305,0
DA:309,0
DA:310,0
DA:314,0
DA:315,0
DA:316,0
DA:317,0
DA:319,0
DA:323,0
DA:324,0
DA:325,0
DA:326,0
DA:330,0
DA:331,0
DA:332,0
DA:334,0
DA:338,0
DA:339,0
DA:340,0
DA:344,0
DA:345,0
DA:346,0
DA:347,0
DA:348,0
DA:350,0
DA:354,0
DA:355,0
DA:357,0
DA:361,0
DA:364,0
DA:365,0
DA:367,0
DA:371,0
DA:372,0
DA:373,0
DA:374,0
DA:375,0
DA:376,0
DA:378,0
DA:379,0
DA:381,0
DA:382,0
DA:384,0
DA:385,0
DA:386,0
DA:387,0
DA:388,0
DA:392,0
DA:393,0
DA:394,0
DA:395,0
DA:396,0
DA:398,0
DA:399,0
DA:403,0
DA:404,0
DA:405,0
DA:407,0
DA:411,0
DA:412,0
DA:413,0
DA:415,0
DA:419,0
DA:420,0
DA:422,0
DA:423,0
DA:424,0
DA:428,0
DA:429,0
DA:430,0
DA:431,0
DA:433,0
DA:437,0
DA:439,0
DA:444,0
DA:445,0
DA:446,0
DA:448,0
DA:452,0
DA:453,0
DA:454,0
DA:456,0
DA:460,0
DA:461,0
DA:462,0
DA:464,0
DA:468,0
DA:469,0
DA:470,0
DA:471,0
DA:473,0
DA:474,0
DA:475,0
DA:476,0
DA:478,0
DA:479,0
DA:480,0
DA:481,0
DA:483,0
DA:487,0
DA:488,0
DA:489,0
DA:491,0
DA:492,0
DA:493,0
DA:495,0
DA:499,0
DA:506,0
DA:507,0
DA:508,0
DA:510,0
DA:511,0
DA:513,0
DA:514,0
DA:516,0
DA:517,0
DA:519,0
DA:523,0
DA:524,0
DA:525,0
DA:526,0
DA:527,0
DA:552,0
DA:575,0
DA:595,0
DA:609,0
DA:619,0
DA:632,0
DA:649,0
DA:663,0
DA:676,0
DA:689,0
DA:702,0
DA:715,0
DA:716,0
DA:717,0
DA:718,0
DA:719,0
DA:720,0
DA:721,0
DA:722,0
DA:723,0
DA:724,0
DA:725,0
DA:726,0
DA:730,0
DA:731,0
DA:732,0
DA:733,0
DA:734,0
DA:735,0
DA:738,0
DA:739,0
DA:740,0
DA:743,0
DA:752,0
DA:753,0
DA:758,0
DA:759,0
DA:761,0
DA:765,0
DA:766,0
DA:767,0
DA:776,0
DA:779,0
DA:780,0
DA:783,0
DA:786,0
DA:787,0
DA:790,0
DA:791,0
DA:792,0
DA:793,0
DA:794,0
DA:796,0
DA:797,0
DA:798,0
DA:799,0
DA:801,0
DA:802,0
DA:804,0
DA:805,0
DA:806,0
DA:808,0
DA:809,0
DA:811,0
DA:812,0
DA:817,0
DA:818,0
DA:820,0
DA:821,0
DA:822,0
DA:824,0
DA:825,0
DA:827,0
DA:828,0
DA:833,0
DA:834,0
DA:838,0
DA:842,0
DA:843,0
DA:852,0
DA:853,0
DA:854,0
DA:855,0
DA:856,0
DA:858,0
DA:859,0
DA:862,0
DA:863,0
DA:868,0
DA:869,0
DA:871,0
DA:872,0
DA:873,0
DA:874,0
DA:875,0
DA:878,0
DA:882,0
DA:883,0
DA:885,0
DA:886,0
DA:889,0
DA:890,0
DA:891,0
DA:892,0
DA:894,0
DA:895,0
DA:896,0
DA:898,0
DA:902,0
DA:903,0
DA:904,0
DA:905,0
DA:907,0
DA:908,0
DA:909,0
DA:911,0
DA:924,0
DA:925,0
DA:926,0
DA:944,0
DA:949,0
DA:951,0
DA:952,0
DA:959,0
DA:965,0
DA:968,0
DA:972,0
DA:973,0
DA:974,0
DA:975,0
DA:976,0
DA:977,0
DA:980,0
DA:981,0
DA:982,0
DA:983,0
DA:987,0
DA:989,0
DA:992,0
DA:993,0
DA:994,0
DA:995,0
DA:997,0
DA:998,0
DA:1000,0
DA:1001,0
DA:1002,0
DA:1003,0
DA:1004,0
DA:1005,0
DA:1006,0
DA:1007,0
DA:1009,0
DA:1010,0
DA:1011,0
DA:1013,0
DA:1014,0
DA:1015,0
DA:1016,0
DA:1022,0
DA:1024,0
DA:1025,0
DA:1027,0
DA:1028,0
DA:1029,0
DA:1030,0
DA:1031,0
DA:1033,0
DA:1034,0
DA:1035,0
DA:1036,0
DA:1041,0
DA:1048,0
DA:1050,0
DA:1051,0
DA:1052,0
DA:1053,0
DA:1056,0
DA:1057,0
DA:1058,0
DA:1059,0
DA:1060,0
DA:1063,0
DA:1064,0
DA:1065,0
DA:1066,0
DA:1069,0
DA:1071,0
DA:1072,0
DA:1073,0
DA:1075,0
DA:1076,0
DA:1077,0
DA:1078,0
DA:1079,0
DA:1080,0
DA:1083,0
DA:1097,0
DA:1100,0
DA:1101,0
DA:1102,0
DA:1103,0
DA:1105,0
DA:1106,0
DA:1108,0
DA:1109,0
DA:1110,0
DA:1111,0
DA:1112,0
DA:1113,0
DA:1114,0
DA:1116,0
DA:1117,0
DA:1118,0
DA:1120,0
DA:1121,0
DA:1123,0
DA:1128,0
DA:1129,0
DA:1130,0
DA:1131,0
DA:1134,0
DA:1141,0
DA:1143,0
DA:1144,0
DA:1146,0
DA:1154,0
DA:1163,0
DA:1166,0
DA:1167,0
DA:1168,0
DA:1169,0
DA:1170,0
DA:1171,0
DA:1174,0
DA:1180,0
DA:1188,0
DA:1194,0
DA:1195,0
DA:1197,0
DA:1198,0
DA:1207,0
DA:1218,0
DA:1221,0
DA:1222,0
DA:1223,0
DA:1224,0
DA:1226,0
DA:1227,0
DA:1229,0
DA:1230,0
DA:1231,0
DA:1232,0
DA:1234,0
DA:1235,0
DA:1236,0
DA:1237,0
DA:1245,0
DA:1254,0
DA:1255,0
DA:1257,0
DA:1258,0
DA:1260,0
DA:1261,0
DA:1262,0
DA:1263,0
DA:1265,0
DA:1276,0
DA:1279,0
DA:1280,0
DA:1281,0
DA:1282,0
DA:1284,0
DA:1285,0
DA:1287,0
DA:1288,0
DA:1289,0
DA:1290,0
DA:1292,0
DA:1293,0
DA:1294,0
DA:1295,0
DA:1303,0
DA:1312,0
DA:1313,0
DA:1315,0
DA:1316,0
DA:1318,0
DA:1319,0
DA:1320,0
DA:1321,0
DA:1323,0
DA:1324,0
DA:1328,0
DA:1329,0
DA:1330,0
DA:1331,0
DA:1332,0
DA:1333,0
DA:1336,0
DA:1337,0
DA:1340,0
DA:1348,0
DA:1358,0
DA:1359,0
DA:1361,0
DA:1371,0
DA:1382,0
DA:1385,0
DA:1386,0
DA:1387,0
DA:1388,0
DA:1390,0
DA:1391,0
DA:1393,0
DA:1394,0
DA:1395,0
DA:1396,0
DA:1398,0
DA:1399,0
DA:1400,0
DA:1401,0
DA:1409,0
DA:1417,0
DA:1418,0
DA:1420,0
DA:1421,0
DA:1423,0
DA:1424,0
DA:1425,0
DA:1426,0
DA:1428,0
DA:1436,0
DA:1442,0
DA:1443,0
DA:1445,0
DA:1454,0
DA:1465,0
DA:1466,0
DA:1467,0
DA:1468,0
DA:1475,0
LF:478
LH:0
BRDA:47,0,0,0
BRDA:276,1,0,0
BRDA:276,1,1,0
BRDA:277,2,0,0
BRDA:277,2,1,0
BRDA:277,2,2,0
BRDA:282,3,0,0
BRDA:282,3,1,0
BRDA:282,3,2,0
BRDA:282,3,3,0
BRDA:288,4,0,0
BRDA:288,4,1,0
BRDA:288,4,2,0
BRDA:288,4,3,0
BRDA:298,5,0,0
BRDA:298,5,1,0
BRDA:298,6,0,0
BRDA:298,6,1,0
BRDA:305,7,0,0
BRDA:305,7,1,0
BRDA:310,8,0,0
BRDA:310,8,1,0
BRDA:314,9,0,0
BRDA:314,9,1,0
BRDA:314,10,0,0
BRDA:314,10,1,0
BRDA:314,10,2,0
BRDA:316,11,0,0
BRDA:316,11,1,0
BRDA:323,12,0,0
BRDA:323,12,1,0
BRDA:323,13,0,0
BRDA:323,13,1,0
BRDA:323,13,2,0
BRDA:324,14,0,0
BRDA:324,14,1,0
BRDA:326,15,0,0
BRDA:326,15,1,0
BRDA:326,15,2,0
BRDA:326,15,3,0
BRDA:330,16,0,0
BRDA:330,16,1,0
BRDA:331,17,0,0
BRDA:331,17,1,0
BRDA:331,18,0,0
BRDA:331,18,1,0
BRDA:338,19,0,0
BRDA:338,19,1,0
BRDA:339,20,0,0
BRDA:339,20,1,0
BRDA:345,21,0,0
BRDA:345,21,1,0
BRDA:347,22,0,0
BRDA:347,22,1,0
BRDA:354,23,0,0
BRDA:354,23,1,0
BRDA:355,24,0,0
BRDA:355,24,1,0
BRDA:357,25,0,0
BRDA:357,25,1,0
BRDA:364,26,0,0
BRDA:364,26,1,0
BRDA:372,27,0,0
BRDA:372,27,1,0
BRDA:373,28,0,0
BRDA:373,28,1,0
BRDA:374,29,0,0
BRDA:374,29,1,0
BRDA:375,30,0,0
BRDA:375,30,1,0
BRDA:375,31,0,0
BRDA:375,31,1,0
BRDA:375,31,2,0
BRDA:378,32,0,0
BRDA:378,32,1,0
BRDA:378,33,0,0
BRDA:378,33,1,0
BRDA:378,33,2,0
BRDA:381,34,0,0
BRDA:381,34,1,0
BRDA:393,35,0,0
BRDA:393,35,1,0
BRDA:393,36,0,0
BRDA:393,36,1,0
BRDA:394,37,0,0
BRDA:394,37,1,0
BRDA:395,38,0,0
BRDA:395,38,1,0
BRDA:395,39,0,0
BRDA:395,39,1,0
BRDA:395,39,2,0
BRDA:403,40,0,0
BRDA:403,40,1,0
BRDA:404,41,0,0
BRDA:404,41,1,0
BRDA:412,42,0,0
BRDA:412,42,1,0
BRDA:412,43,0,0
BRDA:412,43,1,0
BRDA:419,44,0,0
BRDA:419,44,1,0
BRDA:422,45,0,0
BRDA:422,45,1,0
BRDA:423,46,0,0
BRDA:423,46,1,0
BRDA:424,47,0,0
BRDA:424,47,1,0
BRDA:424,48,0,0
BRDA:424,48,1,0
BRDA:428,49,0,0
BRDA:428,49,1,0
BRDA:428,50,0,0
BRDA:428,50,1,0
BRDA:430,51,0,0
BRDA:430,51,1,0
BRDA:431,52,0,0
BRDA:431,52,1,0
BRDA:445,53,0,0
BRDA:445,53,1,0
BRDA:453,54,0,0
BRDA:453,54,1,0
BRDA:461,55,0,0
BRDA:461,55,1,0
BRDA:469,56,0,0
BRDA:469,56,1,0
BRDA:470,57,0,0
BRDA:470,57,1,0
BRDA:475,58,0,0
BRDA:475,58,1,0
BRDA:480,59,0,0
BRDA:480,59,1,0
BRDA:483,60,0,0
BRDA:483,60,1,0
BRDA:488,61,0,0
BRDA:488,61,1,0
BRDA:492,62,0,0
BRDA:492,62,1,0
BRDA:500,63,0,0
BRDA:500,63,1,0
BRDA:507,64,0,0
BRDA:507,64,1,0
BRDA:508,65,0,0
BRDA:508,65,1,0
BRDA:510,66,0,0
BRDA:510,66,1,0
BRDA:510,67,0,0
BRDA:510,67,1,0
BRDA:513,68,0,0
BRDA:513,68,1,0
BRDA:516,69,0,0
BRDA:516,69,1,0
BRDA:523,70,0,0
BRDA:523,70,1,0
BRDA:524,71,0,0
BRDA:524,71,1,0
BRDA:525,72,0,0
BRDA:525,72,1,0
BRDA:526,73,0,0
BRDA:526,73,1,0
BRDA:528,74,0,0
BRDA:528,74,1,0
BRDA:539,75,0,0
BRDA:539,75,1,0
BRDA:544,76,0,0
BRDA:544,76,1,0
BRDA:545,77,0,0
BRDA:545,77,1,0
BRDA:546,78,0,0
BRDA:546,78,1,0
BRDA:547,79,0,0
BRDA:547,79,1,0
BRDA:557,80,0,0
BRDA:557,80,1,0
BRDA:558,81,0,0
BRDA:558,81,1,0
BRDA:559,82,0,0
BRDA:559,82,1,0
BRDA:559,82,2,0
BRDA:560,83,0,0
BRDA:560,83,1,0
BRDA:561,84,0,0
BRDA:561,84,1,0
BRDA:562,85,0,0
BRDA:562,85,1,0
BRDA:567,86,0,0
BRDA:567,86,1,0
BRDA:569,87,0,0
BRDA:569,87,1,0
BRDA:577,88,0,0
BRDA:577,88,1,0
BRDA:582,89,0,0
BRDA:582,89,1,0
BRDA:583,90,0,0
BRDA:583,90,1,0
BRDA:584,91,0,0
BRDA:584,91,1,0
BRDA:586,92,0,0
BRDA:586,92,1,0
BRDA:587,93,0,0
BRDA:587,93,1,0
BRDA:639,94,0,0
BRDA:639,94,1,0
BRDA:656,95,0,0
BRDA:656,95,1,0
BRDA:681,96,0,0
BRDA:681,96,1,0
BRDA:694,97,0,0
BRDA:694,97,1,0
BRDA:695,98,0,0
BRDA:695,98,1,0
BRDA:715,99,0,0
BRDA:715,99,1,0
BRDA:716,100,0,0
BRDA:716,100,1,0
BRDA:717,101,0,0
BRDA:717,101,1,0
BRDA:718,102,0,0
BRDA:718,102,1,0
BRDA:719,103,0,0
BRDA:719,103,1,0
BRDA:720,104,0,0
BRDA:720,104,1,0
BRDA:721,105,0,0
BRDA:721,105,1,0
BRDA:722,106,0,0
BRDA:722,106,1,0
BRDA:723,107,0,0
BRDA:723,107,1,0
BRDA:724,108,0,0
BRDA:724,108,1,0
BRDA:725,109,0,0
BRDA:725,109,1,0
BRDA:734,110,0,0
BRDA:734,110,1,0
BRDA:739,111,0,0
BRDA:739,111,1,0
BRDA:752,112,0,0
BRDA:752,112,1,0
BRDA:758,113,0,0
BRDA:758,113,1,0
BRDA:761,114,0,0
BRDA:761,114,1,0
BRDA:765,115,0,0
BRDA:765,115,1,0
BRDA:766,116,0,0
BRDA:766,116,1,0
BRDA:801,117,0,0
BRDA:801,117,1,0
BRDA:805,118,0,0
BRDA:805,118,1,0
BRDA:808,119,0,0
BRDA:808,119,1,0
BRDA:811,120,0,0
BRDA:811,120,1,0
BRDA:817,121,0,0
BRDA:817,121,1,0
BRDA:821,122,0,0
BRDA:821,122,1,0
BRDA:824,123,0,0
BRDA:824,123,1,0
BRDA:827,124,0,0
BRDA:827,124,1,0
BRDA:833,125,0,0
BRDA:833,125,1,0
BRDA:842,126,0,0
BRDA:842,126,1,0
BRDA:842,127,0,0
BRDA:842,127,1,0
BRDA:843,128,0,0
BRDA:843,128,1,0
BRDA:843,128,2,0
BRDA:858,129,0,0
BRDA:858,129,1,0
BRDA:858,130,0,0
BRDA:858,130,1,0
BRDA:862,131,0,0
BRDA:862,131,1,0
BRDA:862,132,0,0
BRDA:862,132,1,0
BRDA:868,133,0,0
BRDA:868,133,1,0
BRDA:872,134,0,0
BRDA:872,134,1,0
BRDA:882,135,0,0
BRDA:882,135,1,0
BRDA:890,136,0,0
BRDA:890,136,1,0
BRDA:890,137,0,0
BRDA:890,137,1,0
BRDA:890,138,0,0
BRDA:890,138,1,0
BRDA:891,139,0,0
BRDA:891,139,1,0
BRDA:903,140,0,0
BRDA:903,140,1,0
BRDA:905,141,0,0
BRDA:905,141,1,0
BRDA:907,142,0,0
BRDA:907,142,1,0
BRDA:908,143,0,0
BRDA:908,143,1,0
BRDA:909,144,0,0
BRDA:909,144,1,0
BRDA:936,145,0,0
BRDA:936,145,1,0
BRDA:937,146,0,0
BRDA:937,146,1,0
BRDA:938,147,0,0
BRDA:938,147,1,0
BRDA:951,148,0,0
BRDA:951,148,1,0
BRDA:955,149,0,0
BRDA:955,149,1,0
BRDA:960,150,0,0
BRDA:960,150,1,0
BRDA:972,151,0,0
BRDA:972,151,1,0
BRDA:974,152,0,0
BRDA:974,152,1,0
BRDA:975,153,0,0
BRDA:975,153,1,0
BRDA:976,154,0,0
BRDA:976,154,1,0
BRDA:982,155,0,0
BRDA:982,155,1,0
BRDA:982,156,0,0
BRDA:982,156,1,0
BRDA:992,157,0,0
BRDA:992,157,1,0
BRDA:993,158,0,0
BRDA:993,158,1,0
BRDA:997,159,0,0
BRDA:997,159,1,0
BRDA:1024,160,0,0
BRDA:1024,160,1,0
BRDA:1027,161,0,0
BRDA:1027,161,1,0
BRDA:1027,162,0,0
BRDA:1027,162,1,0
BRDA:1027,162,2,0
BRDA:1030,163,0,0
BRDA:1030,163,1,0
BRDA:1030,164,0,0
BRDA:1030,164,1,0
BRDA:1034,165,0,0
BRDA:1034,165,1,0
BRDA:1050,166,0,0
BRDA:1050,166,1,0
BRDA:1051,167,0,0
BRDA:1051,167,1,0
BRDA:1052,168,0,0
BRDA:1052,168,1,0
BRDA:1056,169,0,0
BRDA:1056,169,1,0
BRDA:1057,170,0,0
BRDA:1057,170,1,0
BRDA:1064,171,0,0
BRDA:1064,171,1,0
BRDA:1064,172,0,0
BRDA:1064,172,1,0
BRDA:1071,173,0,0
BRDA:1071,173,1,0
BRDA:1073,174,0,0
BRDA:1073,174,1,0
BRDA:1073,175,0,0
BRDA:1073,175,1,0
BRDA:1075,176,0,0
BRDA:1075,176,1,0
BRDA:1091,177,0,0
BRDA:1091,177,1,0
BRDA:1100,178,0,0
BRDA:1100,178,1,0
BRDA:1101,179,0,0
BRDA:1101,179,1,0
BRDA:1105,180,0,0
BRDA:1105,180,1,0
BRDA:1105,181,0,0
BRDA:1105,181,1,0
BRDA:1110,182,0,0
BRDA:1110,182,1,0
BRDA:1110,183,0,0
BRDA:1110,183,1,0
BRDA:1116,184,0,0
BRDA:1116,184,1,0
BRDA:1117,185,0,0
BRDA:1117,185,1,0
BRDA:1120,186,0,0
BRDA:1120,186,1,0
BRDA:1128,187,0,0
BRDA:1128,187,1,0
BRDA:1130,188,0,0
BRDA:1130,188,1,0
BRDA:1143,189,0,0
BRDA:1143,189,1,0
BRDA:1160,190,0,0
BRDA:1160,190,1,0
BRDA:1166,191,0,0
BRDA:1166,191,1,0
BRDA:1168,192,0,0
BRDA:1168,192,1,0
BRDA:1170,193,0,0
BRDA:1170,193,1,0
BRDA:1194,194,0,0
BRDA:1194,194,1,0
BRDA:1197,195,0,0
BRDA:1197,195,1,0
BRDA:1204,196,0,0
BRDA:1204,196,1,0
BRDA:1221,197,0,0
BRDA:1221,197,1,0
BRDA:1222,198,0,0
BRDA:1222,198,1,0
BRDA:1226,199,0,0
BRDA:1226,199,1,0
BRDA:1231,200,0,0
BRDA:1231,200,1,0
BRDA:1254,201,0,0
BRDA:1254,201,1,0
BRDA:1257,202,0,0
BRDA:1257,202,1,0
BRDA:1262,203,0,0
BRDA:1262,203,1,0
BRDA:1262,204,0,0
BRDA:1262,204,1,0
BRDA:1262,204,2,0
BRDA:1279,205,0,0
BRDA:1279,205,1,0
BRDA:1280,206,0,0
BRDA:1280,206,1,0
BRDA:1284,207,0,0
BRDA:1284,207,1,0
BRDA:1284,208,0,0
BRDA:1284,208,1,0
BRDA:1289,209,0,0
BRDA:1289,209,1,0
BRDA:1312,210,0,0
BRDA:1312,210,1,0
BRDA:1315,211,0,0
BRDA:1315,211,1,0
BRDA:1320,212,0,0
BRDA:1320,212,1,0
BRDA:1320,213,0,0
BRDA:1320,213,1,0
BRDA:1320,213,2,0
BRDA:1323,214,0,0
BRDA:1323,214,1,0
BRDA:1323,215,0,0
BRDA:1323,215,1,0
BRDA:1328,216,0,0
BRDA:1328,216,1,0
BRDA:1331,217,0,0
BRDA:1331,217,1,0
BRDA:1332,218,0,0
BRDA:1332,218,1,0
BRDA:1336,219,0,0
BRDA:1336,219,1,0
BRDA:1358,220,0,0
BRDA:1358,220,1,0
BRDA:1376,221,0,0
BRDA:1376,221,1,0
BRDA:1385,222,0,0
BRDA:1385,222,1,0
BRDA:1386,223,0,0
BRDA:1386,223,1,0
BRDA:1390,224,0,0
BRDA:1390,224,1,0
BRDA:1390,225,0,0
BRDA:1390,225,1,0
BRDA:1395,226,0,0
BRDA:1395,226,1,0
BRDA:1417,227,0,0
BRDA:1417,227,1,0
BRDA:1420,228,0,0
BRDA:1420,228,1,0
BRDA:1425,229,0,0
BRDA:1425,229,1,0
BRDA:1425,230,0,0
BRDA:1425,230,1,0
BRDA:1425,230,2,0
BRDA:1442,231,0,0
BRDA:1442,231,1,0
BRDA:1466,232,0,0
BRDA:1466,232,1,0
BRF:483
BRH:0
end_of_record
TN:
SF:services/amro-api/src/routes/work-orders.routes.ts
FN:32,mapV2CreatePayloadToV1Request
FN:49,(anonymous_1)
FN:50,(anonymous_2)
FN:75,(anonymous_3)
FN:95,(anonymous_4)
FN:111,(anonymous_5)
FN:118,(anonymous_6)
FN:125,(anonymous_7)
FN:129,(anonymous_8)
FN:141,(anonymous_9)
FN:166,(anonymous_10)
FN:198,(anonymous_11)
FN:241,(anonymous_12)
FN:268,(anonymous_13)
FN:298,(anonymous_14)
FN:326,(anonymous_15)
FN:351,(anonymous_16)
FN:392,(anonymous_17)
FN:419,(anonymous_18)
FN:441,(anonymous_19)
FN:465,(anonymous_20)
FN:486,(anonymous_21)
FN:507,(anonymous_22)
FN:528,(anonymous_23)
FN:546,(anonymous_24)
FN:567,(anonymous_25)
FN:588,(anonymous_26)
FN:606,(anonymous_27)
FN:624,(anonymous_28)
FNF:29
FNH:0
FNDA:0,mapV2CreatePayloadToV1Request
FNDA:0,(anonymous_1)
FNDA:0,(anonymous_2)
FNDA:0,(anonymous_3)
FNDA:0,(anonymous_4)
FNDA:0,(anonymous_5)
FNDA:0,(anonymous_6)
FNDA:0,(anonymous_7)
FNDA:0,(anonymous_8)
FNDA:0,(anonymous_9)
FNDA:0,(anonymous_10)
FNDA:0,(anonymous_11)
FNDA:0,(anonymous_12)
FNDA:0,(anonymous_13)
FNDA:0,(anonymous_14)
FNDA:0,(anonymous_15)
FNDA:0,(anonymous_16)
FNDA:0,(anonymous_17)
FNDA:0,(anonymous_18)
FNDA:0,(anonymous_19)
FNDA:0,(anonymous_20)
FNDA:0,(anonymous_21)
FNDA:0,(anonymous_22)
FNDA:0,(anonymous_23)
FNDA:0,(anonymous_24)
FNDA:0,(anonymous_25)
FNDA:0,(anonymous_26)
FNDA:0,(anonymous_27)
FNDA:0,(anonymous_28)
DA:20,0
DA:21,0
DA:33,0
DA:35,0
DA:44,0
DA:45,0
DA:46,0
DA:47,0
DA:49,0
DA:50,0
DA:52,0
DA:54,0
DA:73,0
DA:76,0
DA:77,0
DA:78,0
DA:83,0
DA:86,0
DA:87,0
DA:91,0
DA:95,0
DA:96,0
DA:97,0
DA:98,0
DA:103,0
DA:106,0
DA:107,0
DA:108,0
DA:109,0
DA:111,0
DA:112,0
DA:113,0
DA:116,0
DA:118,0
DA:119,0
DA:120,0
DA:122,0
DA:125,0
DA:126,0
DA:129,0
DA:130,0
DA:131,0
DA:139,0
DA:142,0
DA:143,0
DA:145,0
DA:146,0
DA:151,0
DA:154,0
DA:155,0
DA:156,0
DA:164,0
DA:167,0
DA:168,0
DA:170,0
DA:171,0
DA:176,0
DA:179,0
DA:181,0
DA:182,0
DA:187,0
DA:190,0
DA:191,0
DA:192,0
DA:196,0
DA:199,0
DA:200,0
DA:202,0
DA:203,0
DA:208,0
DA:211,0
DA:212,0
DA:214,0
DA:215,0
DA:220,0
DA:223,0
DA:224,0
DA:231,0
DA:239,0
DA:242,0
DA:243,0
DA:244,0
DA:246,0
DA:247,0
DA:252,0
DA:255,0
DA:256,0
DA:257,0
DA:258,0
DA:266,0
DA:269,0
DA:270,0
DA:271,0
DA:273,0
DA:274,0
DA:279,0
DA:282,0
DA:283,0
DA:284,0
DA:296,0
DA:299,0
DA:300,0
DA:302,0
DA:303,0
DA:308,0
DA:311,0
DA:312,0
DA:316,0
DA:324,0
DA:327,0
DA:328,0
DA:330,0
DA:331,0
DA:336,0
DA:339,0
DA:340,0
DA:341,0
DA:349,0
DA:352,0
DA:353,0
DA:354,0
DA:356,0
DA:357,0
DA:362,0
DA:365,0
DA:369,0
DA:371,0
DA:372,0
DA:377,0
DA:380,0
DA:381,0
DA:382,0
DA:390,0
DA:393,0
DA:394,0
DA:395,0
DA:397,0
DA:398,0
DA:403,0
DA:406,0
DA:407,0
DA:408,0
DA:409,0
DA:417,0
DA:420,0
DA:421,0
DA:422,0
DA:424,0
DA:425,0
DA:430,0
DA:433,0
DA:434,0
DA:435,0
DA:439,0
DA:442,0
DA:443,0
DA:445,0
DA:446,0
DA:451,0
DA:454,0
DA:455,0
DA:459,0
DA:463,0
DA:466,0
DA:467,0
DA:469,0
DA:470,0
DA:475,0
DA:478,0
DA:479,0
DA:480,0
DA:484,0
DA:487,0
DA:488,0
DA:489,0
DA:494,0
DA:496,0
DA:497,0
DA:501,0
DA:505,0
DA:508,0
DA:509,0
DA:510,0
DA:515,0
DA:517,0
DA:518,0
DA:522,0
DA:526,0
DA:529,0
DA:530,0
DA:531,0
DA:536,0
DA:538,0
DA:539,0
DA:540,0
DA:544,0
DA:547,0
DA:548,0
DA:549,0
DA:554,0
DA:556,0
DA:557,0
DA:561,0
DA:565,0
DA:568,0
DA:569,0
DA:570,0
DA:575,0
DA:577,0
DA:578,0
DA:582,0
DA:586,0
DA:589,0
DA:590,0
DA:591,0
DA:596,0
DA:598,0
DA:599,0
DA:600,0
DA:604,0
DA:607,0
DA:608,0
DA:609,0
DA:614,0
DA:616,0
DA:617,0
DA:618,0
DA:622,0
DA:625,0
DA:626,0
DA:627,0
DA:628,0
DA:630,0
DA:631,0
DA:636,0
DA:639,0
DA:640,0
DA:645,0
DA:648,0
DA:656,0
DA:663,0
LF:241
LH:0
BRDA:33,0,0,0
BRDA:33,0,1,0
BRDA:35,1,0,0
BRDA:35,1,1,0
BRDA:35,2,0,0
BRDA:35,2,1,0
BRDA:35,2,2,0
BRDA:35,2,3,0
BRDA:35,2,4,0
BRDA:35,2,5,0
BRDA:35,2,6,0
BRDA:44,3,0,0
BRDA:44,3,1,0
BRDA:45,4,0,0
BRDA:45,4,1,0
BRDA:46,5,0,0
BRDA:46,5,1,0
BRDA:47,6,0,0
BRDA:47,6,1,0
BRDA:49,7,0,0
BRDA:49,7,1,0
BRDA:52,8,0,0
BRDA:52,8,1,0
BRDA:55,9,0,0
BRDA:55,9,1,0
BRDA:57,10,0,0
BRDA:57,10,1,0
BRDA:77,11,0,0
BRDA:77,11,1,0
BRDA:97,12,0,0
BRDA:97,12,1,0
BRDA:119,13,0,0
BRDA:119,13,1,0
BRDA:145,14,0,0
BRDA:145,14,1,0
BRDA:170,15,0,0
BRDA:170,15,1,0
BRDA:170,16,0,0
BRDA:170,16,1,0
BRDA:181,17,0,0
BRDA:181,17,1,0
BRDA:181,18,0,0
BRDA:181,18,1,0
BRDA:181,18,2,0
BRDA:202,19,0,0
BRDA:202,19,1,0
BRDA:202,20,0,0
BRDA:202,20,1,0
BRDA:214,21,0,0
BRDA:214,21,1,0
BRDA:227,22,0,0
BRDA:227,22,1,0
BRDA:227,22,2,0
BRDA:246,23,0,0
BRDA:246,23,1,0
BRDA:246,24,0,0
BRDA:246,24,1,0
BRDA:273,25,0,0
BRDA:273,25,1,0
BRDA:273,26,0,0
BRDA:273,26,1,0
BRDA:302,27,0,0
BRDA:302,27,1,0
BRDA:330,28,0,0
BRDA:330,28,1,0
BRDA:356,29,0,0
BRDA:356,29,1,0
BRDA:356,30,0,0
BRDA:356,30,1,0
BRDA:367,31,0,0
BRDA:367,31,1,0
BRDA:369,32,0,0
BRDA:369,32,1,0
BRDA:371,33,0,0
BRDA:371,33,1,0
BRDA:371,34,0,0
BRDA:371,34,1,0
BRDA:397,35,0,0
BRDA:397,35,1,0
BRDA:397,36,0,0
BRDA:397,36,1,0
BRDA:424,37,0,0
BRDA:424,37,1,0
BRDA:424,38,0,0
BRDA:424,38,1,0
BRDA:445,39,0,0
BRDA:445,39,1,0
BRDA:469,40,0,0
BRDA:469,40,1,0
BRDA:488,41,0,0
BRDA:488,41,1,0
BRDA:509,42,0,0
BRDA:509,42,1,0
BRDA:530,43,0,0
BRDA:530,43,1,0
BRDA:548,44,0,0
BRDA:548,44,1,0
BRDA:569,45,0,0
BRDA:569,45,1,0
BRDA:590,46,0,0
BRDA:590,46,1,0
BRDA:608,47,0,0
BRDA:608,47,1,0
BRDA:628,48,0,0
BRDA:628,48,1,0
BRDA:630,49,0,0
BRDA:630,49,1,0
BRDA:630,50,0,0
BRDA:630,50,1,0
BRDA:639,51,0,0
BRDA:639,51,1,0
BRDA:639,52,0,0
BRDA:639,52,1,0
BRF:113
BRH:0
end_of_record
TN:
SF:services/amro-api/src/services/work-orders.service.ts
FN:30,(anonymous_0)
FN:34,(anonymous_1)
FN:38,(anonymous_2)
FN:46,(anonymous_3)
FN:119,(anonymous_4)
FN:154,(anonymous_5)
FN:172,(anonymous_6)
FN:196,(anonymous_7)
FN:203,(anonymous_8)
FN:284,(anonymous_9)
FN:375,(anonymous_10)
FN:426,(anonymous_11)
FN:445,(anonymous_12)
FN:469,(anonymous_13)
FN:476,(anonymous_14)
FN:546,(anonymous_15)
FN:662,(anonymous_16)
FN:695,(anonymous_17)
FN:745,(anonymous_18)
FN:764,(anonymous_19)
FN:783,(anonymous_20)
FN:797,(anonymous_21)
FN:812,(anonymous_22)
FN:832,(anonymous_23)
FN:834,(anonymous_24)
FN:845,(anonymous_25)
FN:857,(anonymous_26)
FN:876,(anonymous_27)
FN:896,(anonymous_28)
FN:925,(anonymous_29)
FN:943,(anonymous_30)
FN:944,(anonymous_31)
FN:945,(anonymous_32)
FN:948,(anonymous_33)
FN:949,(anonymous_34)
FN:950,(anonymous_35)
FN:951,(anonymous_36)
FN:956,(anonymous_37)
FNF:38
FNH:0
FNDA:0,(anonymous_0)
FNDA:0,(anonymous_1)
FNDA:0,(anonymous_2)
FNDA:0,(anonymous_3)
FNDA:0,(anonymous_4)
FNDA:0,(anonymous_5)
FNDA:0,(anonymous_6)
FNDA:0,(anonymous_7)
FNDA:0,(anonymous_8)
FNDA:0,(anonymous_9)
FNDA:0,(anonymous_10)
FNDA:0,(anonymous_11)
FNDA:0,(anonymous_12)
FNDA:0,(anonymous_13)
FNDA:0,(anonymous_14)
FNDA:0,(anonymous_15)
FNDA:0,(anonymous_16)
FNDA:0,(anonymous_17)
FNDA:0,(anonymous_18)
FNDA:0,(anonymous_19)
FNDA:0,(anonymous_20)
FNDA:0,(anonymous_21)
FNDA:0,(anonymous_22)
FNDA:0,(anonymous_23)
FNDA:0,(anonymous_24)
FNDA:0,(anonymous_25)
FNDA:0,(anonymous_26)
FNDA:0,(anonymous_27)
FNDA:0,(anonymous_28)
FNDA:0,(anonymous_29)
FNDA:0,(anonymous_30)
FNDA:0,(anonymous_31)
FNDA:0,(anonymous_32)
FNDA:0,(anonymous_33)
FNDA:0,(anonymous_34)
FNDA:0,(anonymous_35)
FNDA:0,(anonymous_36)
FNDA:0,(anonymous_37)
DA:31,0
DA:35,0
DA:39,0
DA:40,0
DA:42,0
DA:43,0
DA:51,0
DA:52,0
DA:53,0
DA:54,0
DA:61,0
DA:62,0
DA:65,0
DA:66,0
DA:67,0
DA:68,0
DA:72,0
DA:80,0
DA:81,0
DA:84,0
DA:85,0
DA:86,0
DA:89,0
DA:90,0
DA:91,0
DA:93,0
DA:108,0
DA:109,0
DA:112,0
DA:113,0
DA:114,0
DA:116,0
DA:120,0
DA:127,0
DA:129,0
DA:130,0
DA:133,0
DA:138,0
DA:139,0
DA:155,0
DA:161,0
DA:162,0
DA:165,0
DA:173,0
DA:180,0
DA:181,0
DA:184,0
DA:185,0
DA:188,0
DA:201,0
DA:204,0
DA:205,0
DA:206,0
DA:208,0
DA:230,0
DA:231,0
DA:234,0
DA:237,0
DA:255,0
DA:269,0
DA:291,0
DA:293,0
DA:297,0
DA:298,0
DA:299,0
DA:300,0
DA:301,0
DA:302,0
DA:304,0
DA:305,0
DA:307,0
DA:308,0
DA:309,0
DA:311,0
DA:312,0
DA:314,0
DA:315,0
DA:316,0
DA:317,0
DA:319,0
DA:327,0
DA:328,0
DA:331,0
DA:334,0
DA:354,0
DA:368,0
DA:377,0
DA:379,0
DA:385,0
DA:386,0
DA:390,0
DA:403,0
DA:427,0
DA:434,0
DA:435,0
DA:438,0
DA:446,0
DA:453,0
DA:454,0
DA:457,0
DA:458,0
DA:461,0
DA:474,0
DA:477,0
DA:478,0
DA:479,0
DA:480,0
DA:481,0
DA:482,0
DA:484,0
DA:487,0
DA:507,0
DA:508,0
DA:511,0
DA:514,0
DA:531,0
DA:553,0
DA:555,0
DA:559,0
DA:560,0
DA:561,0
DA:562,0
DA:563,0
DA:564,0
DA:566,0
DA:567,0
DA:569,0
DA:570,0
DA:572,0
DA:573,0
DA:574,0
DA:576,0
DA:577,0
DA:578,0
DA:582,0
DA:590,0
DA:591,0
DA:594,0
DA:597,0
DA:616,0
DA:617,0
DA:636,0
DA:637,0
DA:655,0
DA:664,0
DA:666,0
DA:672,0
DA:673,0
DA:677,0
DA:708,0
DA:711,0
DA:712,0
DA:729,0
DA:746,0
DA:753,0
DA:754,0
DA:757,0
DA:765,0
DA:772,0
DA:773,0
DA:776,0
DA:777,0
DA:780,0
DA:784,0
DA:790,0
DA:791,0
DA:794,0
DA:798,0
DA:805,0
DA:806,0
DA:809,0
DA:813,0
DA:817,0
DA:818,0
DA:821,0
DA:827,0
DA:828,0
DA:831,0
DA:832,0
DA:833,0
DA:834,0
DA:836,0
DA:846,0
DA:853,0
DA:854,0
DA:857,0
DA:858,0
DA:865,0
DA:877,0
DA:884,0
DA:885,0
DA:888,0
DA:896,0
DA:897,0
DA:899,0
DA:909,0
DA:910,0
DA:932,0
DA:937,0
DA:938,0
DA:941,0
DA:942,0
DA:943,0
DA:944,0
DA:945,0
DA:947,0
DA:948,0
DA:949,0
DA:950,0
DA:951,0
DA:961,0
DA:966,0
DA:967,0
DA:970,0
DA:971,0
DA:972,0
LF:216
LH:0
BRDA:31,0,0,0
BRDA:31,0,1,0
BRDA:31,0,2,0
BRDA:35,1,0,0
BRDA:35,1,1,0
BRDA:39,2,0,0
BRDA:39,2,1,0
BRDA:43,3,0,0
BRDA:43,3,1,0
BRDA:51,4,0,0
BRDA:51,4,1,0
BRDA:53,5,0,0
BRDA:53,5,1,0
BRDA:53,6,0,0
BRDA:53,6,1,0
BRDA:61,7,0,0
BRDA:61,7,1,0
BRDA:65,8,0,0
BRDA:65,8,1,0
BRDA:66,9,0,0
BRDA:66,9,1,0
BRDA:67,10,0,0
BRDA:67,10,1,0
BRDA:67,11,0,0
BRDA:67,11,1,0
BRDA:80,12,0,0
BRDA:80,12,1,0
BRDA:84,13,0,0
BRDA:84,13,1,0
BRDA:85,14,0,0
BRDA:85,14,1,0
BRDA:108,15,0,0
BRDA:108,15,1,0
BRDA:112,16,0,0
BRDA:112,16,1,0
BRDA:113,17,0,0
BRDA:113,17,1,0
BRDA:121,18,0,0
BRDA:121,18,1,0
BRDA:121,18,2,0
BRDA:121,18,3,0
BRDA:127,19,0,0
BRDA:127,19,1,0
BRDA:129,20,0,0
BRDA:129,20,1,0
BRDA:129,21,0,0
BRDA:129,21,1,0
BRDA:138,22,0,0
BRDA:138,22,1,0
BRDA:161,23,0,0
BRDA:161,23,1,0
BRDA:180,24,0,0
BRDA:180,24,1,0
BRDA:184,25,0,0
BRDA:184,25,1,0
BRDA:205,26,0,0
BRDA:205,26,1,0
BRDA:217,27,0,0
BRDA:217,27,1,0
BRDA:230,28,0,0
BRDA:230,28,1,0
BRDA:244,29,0,0
BRDA:244,29,1,0
BRDA:297,30,0,0
BRDA:297,30,1,0
BRDA:298,31,0,0
BRDA:298,31,1,0
BRDA:299,32,0,0
BRDA:299,32,1,0
BRDA:300,33,0,0
BRDA:300,33,1,0
BRDA:301,34,0,0
BRDA:301,34,1,0
BRDA:304,35,0,0
BRDA:304,35,1,0
BRDA:304,36,0,0
BRDA:304,36,1,0
BRDA:305,37,0,0
BRDA:305,37,1,0
BRDA:307,38,0,0
BRDA:307,38,1,0
BRDA:308,39,0,0
BRDA:308,39,1,0
BRDA:308,40,0,0
BRDA:308,40,1,0
BRDA:309,41,0,0
BRDA:309,41,1,0
BRDA:311,42,0,0
BRDA:311,42,1,0
BRDA:314,43,0,0
BRDA:314,43,1,0
BRDA:315,44,0,0
BRDA:315,44,1,0
BRDA:316,45,0,0
BRDA:316,45,1,0
BRDA:317,46,0,0
BRDA:317,46,1,0
BRDA:327,47,0,0
BRDA:327,47,1,0
BRDA:385,48,0,0
BRDA:385,48,1,0
BRDA:434,49,0,0
BRDA:434,49,1,0
BRDA:453,50,0,0
BRDA:453,50,1,0
BRDA:457,51,0,0
BRDA:457,51,1,0
BRDA:478,52,0,0
BRDA:478,52,1,0
BRDA:479,53,0,0
BRDA:479,53,1,0
BRDA:481,54,0,0
BRDA:481,54,1,0
BRDA:484,55,0,0
BRDA:484,55,1,0
BRDA:485,56,0,0
BRDA:485,56,1,0
BRDA:495,57,0,0
BRDA:495,57,1,0
BRDA:507,58,0,0
BRDA:507,58,1,0
BRDA:537,59,0,0
BRDA:537,59,1,0
BRDA:559,60,0,0
BRDA:559,60,1,0
BRDA:560,61,0,0
BRDA:560,61,1,0
BRDA:561,62,0,0
BRDA:561,62,1,0
BRDA:562,63,0,0
BRDA:562,63,1,0
BRDA:563,64,0,0
BRDA:563,64,1,0
BRDA:563,65,0,0
BRDA:563,65,1,0
BRDA:564,66,0,0
BRDA:564,66,1,0
BRDA:566,67,0,0
BRDA:566,67,1,0
BRDA:569,68,0,0
BRDA:569,68,1,0
BRDA:569,69,0,0
BRDA:569,69,1,0
BRDA:570,70,0,0
BRDA:570,70,1,0
BRDA:572,71,0,0
BRDA:572,71,1,0
BRDA:573,72,0,0
BRDA:573,72,1,0
BRDA:573,73,0,0
BRDA:573,73,1,0
BRDA:574,74,0,0
BRDA:574,74,1,0
BRDA:576,75,0,0
BRDA:576,75,1,0
BRDA:577,76,0,0
BRDA:577,76,1,0
BRDA:577,77,0,0
BRDA:577,77,1,0
BRDA:578,78,0,0
BRDA:578,78,1,0
BRDA:579,79,0,0
BRDA:579,79,1,0
BRDA:590,80,0,0
BRDA:590,80,1,0
BRDA:616,81,0,0
BRDA:616,81,1,0
BRDA:616,82,0,0
BRDA:616,82,1,0
BRDA:636,83,0,0
BRDA:636,83,1,0
BRDA:636,84,0,0
BRDA:636,84,1,0
BRDA:672,85,0,0
BRDA:672,85,1,0
BRDA:722,86,0,0
BRDA:722,86,1,0
BRDA:723,87,0,0
BRDA:723,87,1,0
BRDA:730,88,0,0
BRDA:730,88,1,0
BRDA:753,89,0,0
BRDA:753,89,1,0
BRDA:772,90,0,0
BRDA:772,90,1,0
BRDA:776,91,0,0
BRDA:776,91,1,0
BRDA:790,92,0,0
BRDA:790,92,1,0
BRDA:794,93,0,0
BRDA:794,93,1,0
BRDA:805,94,0,0
BRDA:805,94,1,0
BRDA:809,95,0,0
BRDA:809,95,1,0
BRDA:817,96,0,0
BRDA:817,96,1,0
BRDA:827,97,0,0
BRDA:827,97,1,0
BRDA:833,98,0,0
BRDA:833,98,1,0
BRDA:839,99,0,0
BRDA:839,99,1,0
BRDA:853,100,0,0
BRDA:853,100,1,0
BRDA:857,101,0,0
BRDA:857,101,1,0
BRDA:867,102,0,0
BRDA:867,102,1,0
BRDA:867,103,0,0
BRDA:867,103,1,0
BRDA:868,104,0,0
BRDA:868,104,1,0
BRDA:869,105,0,0
BRDA:869,105,1,0
BRDA:884,106,0,0
BRDA:884,106,1,0
BRDA:888,107,0,0
BRDA:888,107,1,0
BRDA:897,108,0,0
BRDA:897,108,1,0
BRDA:899,109,0,0
BRDA:899,109,1,0
BRDA:901,110,0,0
BRDA:901,110,1,0
BRDA:903,111,0,0
BRDA:903,111,1,0
BRDA:905,112,0,0
BRDA:905,112,1,0
BRDA:909,113,0,0
BRDA:909,113,1,0
BRDA:909,114,0,0
BRDA:909,114,1,0
BRDA:912,115,0,0
BRDA:912,115,1,0
BRDA:916,116,0,0
BRDA:916,116,1,0
BRDA:918,117,0,0
BRDA:918,117,1,0
BRDA:937,118,0,0
BRDA:937,118,1,0
BRDA:941,119,0,0
BRDA:941,119,1,0
BRDA:942,120,0,0
BRDA:942,120,1,0
BRDA:943,121,0,0
BRDA:943,121,1,0
BRDA:951,122,0,0
BRDA:951,122,1,0
BRDA:966,123,0,0
BRDA:966,123,1,0
BRDA:970,124,0,0
BRDA:970,124,1,0
BRDA:971,125,0,0
BRDA:971,125,1,0
BRDA:975,126,0,0
BRDA:975,126,1,0
BRF:257
BRH:0
end_of_record
TN:
SF:services/amro-api/src/utils/asyncHandler.ts
FN:8,(anonymous_0)
FN:9,(anonymous_1)
FNF:2
FNH:0
FNDA:0,(anonymous_0)
FNDA:0,(anonymous_1)
DA:8,0
DA:9,0
DA:10,0
LF:3
LH:0
BRF:0
BRH:0
end_of_record
TN:
SF:services/amro-api/src/utils/logger.ts
FN:7,(anonymous_0)
FN:10,(anonymous_1)
FN:13,(anonymous_2)
FN:16,(anonymous_3)
FNF:4
FNH:0
FNDA:0,(anonymous_0)
FNDA:0,(anonymous_1)
FNDA:0,(anonymous_2)
FNDA:0,(anonymous_3)
DA:6,0
DA:8,0
DA:11,0
DA:14,0
DA:17,0
DA:18,0
LF:6
LH:0
BRDA:8,0,0,0
BRDA:8,0,1,0
BRDA:11,1,0,0
BRDA:11,1,1,0
BRDA:14,2,0,0
BRDA:14,2,1,0
BRDA:17,3,0,0
BRDA:17,3,1,0
BRDA:18,4,0,0
BRDA:18,4,1,0
BRF:10
BRH:0
end_of_record
TN:
SF:services/amro-api/src/utils/resilience.ts
FN:54,wait
FN:55,(anonymous_1)
FN:58,createResilienceError
FN:66,classifyError
FN:86,emitAlert
FN:103,isCircuitOpen
FN:114,executeWithTimeout
FN:117,(anonymous_7)
FN:118,(anonymous_8)
FN:128,executeWithResilience
FN:186,getResilienceStatus
FNF:11
FNH:0
FNDA:0,wait
FNDA:0,(anonymous_1)
FNDA:0,createResilienceError
FNDA:0,classifyError
FNDA:0,emitAlert
FNDA:0,isCircuitOpen
FNDA:0,executeWithTimeout
FNDA:0,(anonymous_7)
FNDA:0,(anonymous_8)
FNDA:0,executeWithResilience
FNDA:0,getResilienceStatus
DA:36,0
DA:46,0
DA:55,0
DA:59,0
DA:60,0
DA:61,0
DA:62,0
DA:63,0
DA:67,0
DA:68,0
DA:69,0
DA:70,0
DA:71,0
DA:72,0
DA:74,0
DA:75,0
DA:77,0
DA:78,0
DA:80,0
DA:81,0
DA:83,0
DA:87,0
DA:96,0
DA:97,0
DA:98,0
DA:100,0
DA:104,0
DA:105,0
DA:106,0
DA:107,0
DA:108,0
DA:109,0
DA:111,0
DA:115,0
DA:116,0
DA:117,0
DA:118,0
DA:119,0
DA:122,0
DA:124,0
DA:132,0
DA:133,0
DA:134,0
DA:141,0
DA:142,0
DA:143,0
DA:150,0
DA:153,0
DA:154,0
DA:155,0
DA:156,0
DA:157,0
DA:158,0
DA:159,0
DA:160,0
DA:161,0
DA:162,0
DA:164,0
DA:165,0
DA:166,0
DA:167,0
DA:168,0
DA:169,0
DA:170,0
DA:171,0
DA:172,0
DA:174,0
DA:175,0
DA:176,0
DA:177,0
DA:178,0
DA:179,0
DA:182,0
DA:183,0
DA:199,0
LF:75
LH:0
BRDA:47,0,0,0
BRDA:47,0,1,0
BRDA:48,1,0,0
BRDA:48,1,1,0
BRDA:49,2,0,0
BRDA:49,2,1,0
BRDA:50,3,0,0
BRDA:50,3,1,0
BRDA:51,4,0,0
BRDA:51,4,1,0
BRDA:67,5,0,0
BRDA:67,5,1,0
BRDA:68,6,0,0
BRDA:68,6,1,0
BRDA:69,7,0,0
BRDA:69,7,1,0
BRDA:71,8,0,0
BRDA:71,8,1,0
BRDA:74,9,0,0
BRDA:74,9,1,0
BRDA:74,10,0,0
BRDA:74,10,1,0
BRDA:77,11,0,0
BRDA:77,11,1,0
BRDA:77,12,0,0
BRDA:77,12,1,0
BRDA:77,12,2,0
BRDA:77,12,3,0
BRDA:80,13,0,0
BRDA:80,13,1,0
BRDA:80,14,0,0
BRDA:80,14,1,0
BRDA:80,14,2,0
BRDA:83,15,0,0
BRDA:83,15,1,0
BRDA:83,16,0,0
BRDA:83,16,1,0
BRDA:97,17,0,0
BRDA:97,17,1,0
BRDA:104,18,0,0
BRDA:104,18,1,0
BRDA:106,19,0,0
BRDA:106,19,1,0
BRDA:124,20,0,0
BRDA:124,20,1,0
BRDA:133,21,0,0
BRDA:133,21,1,0
BRDA:141,22,0,0
BRDA:141,22,1,0
BRDA:142,23,0,0
BRDA:142,23,1,0
BRDA:169,24,0,0
BRDA:169,24,1,0
BRDA:174,25,0,0
BRDA:174,25,1,0
BRDA:175,26,0,0
BRDA:175,26,1,0
BRDA:183,27,0,0
BRDA:183,27,1,0
BRF:59
BRH:0
end_of_record
TN:
SF:services/amro-api/tests/amro-events.test.ts
FN:12,(anonymous_0)
FN:19,(anonymous_1)
FN:23,(anonymous_2)
FN:40,kafkaConstructorMock
FN:45,(anonymous_4)
FN:49,(anonymous_5)
FN:50,(anonymous_6)
FN:65,(anonymous_7)
FN:73,(anonymous_8)
FN:81,(anonymous_9)
FN:82,(anonymous_10)
FN:88,(anonymous_11)
FN:108,(anonymous_12)
FN:125,(anonymous_13)
FN:144,(anonymous_14)
FN:160,(anonymous_15)
FN:177,(anonymous_16)
FN:194,(anonymous_17)
FN:195,(anonymous_18)
FN:201,(anonymous_19)
FN:220,(anonymous_20)
FN:237,(anonymous_21)
FN:256,(anonymous_22)
FN:272,(anonymous_23)
FN:289,(anonymous_24)
FN:305,(anonymous_25)
FN:325,(anonymous_26)
FN:342,(anonymous_27)
FN:362,(anonymous_28)
FN:379,(anonymous_29)
FN:380,(anonymous_30)
FN:386,(anonymous_31)
FN:403,(anonymous_32)
FN:410,(anonymous_33)
FN:427,(anonymous_34)
FN:433,(anonymous_35)
FN:450,(anonymous_36)
FN:466,(anonymous_37)
FN:467,(anonymous_38)
FN:473,(anonymous_39)
FN:494,(anonymous_40)
FN:511,(anonymous_41)
FN:532,(anonymous_42)
FN:547,(anonymous_43)
FN:548,(anonymous_44)
FN:554,(anonymous_45)
FN:558,(anonymous_46)
FN:575,(anonymous_47)
FN:579,(anonymous_48)
FN:590,(anonymous_49)
FN:591,(anonymous_50)
FN:596,(anonymous_51)
FN:604,(anonymous_52)
FNF:53
FNH:0
FNDA:0,(anonymous_0)
FNDA:0,(anonymous_1)
FNDA:0,(anonymous_2)
FNDA:0,kafkaConstructorMock
FNDA:0,(anonymous_4)
FNDA:0,(anonymous_5)
FNDA:0,(anonymous_6)
FNDA:0,(anonymous_7)
FNDA:0,(anonymous_8)
FNDA:0,(anonymous_9)
FNDA:0,(anonymous_10)
FNDA:0,(anonymous_11)
FNDA:0,(anonymous_12)
FNDA:0,(anonymous_13)
FNDA:0,(anonymous_14)
FNDA:0,(anonymous_15)
FNDA:0,(anonymous_16)
FNDA:0,(anonymous_17)
FNDA:0,(anonymous_18)
FNDA:0,(anonymous_19)
FNDA:0,(anonymous_20)
FNDA:0,(anonymous_21)
FNDA:0,(anonymous_22)
FNDA:0,(anonymous_23)
FNDA:0,(anonymous_24)
FNDA:0,(anonymous_25)
FNDA:0,(anonymous_26)
FNDA:0,(anonymous_27)
FNDA:0,(anonymous_28)
FNDA:0,(anonymous_29)
FNDA:0,(anonymous_30)
FNDA:0,(anonymous_31)
FNDA:0,(anonymous_32)
FNDA:0,(anonymous_33)
FNDA:0,(anonymous_34)
FNDA:0,(anonymous_35)
FNDA:0,(anonymous_36)
FNDA:0,(anonymous_37)
FNDA:0,(anonymous_38)
FNDA:0,(anonymous_39)
FNDA:0,(anonymous_40)
FNDA:0,(anonymous_41)
FNDA:0,(anonymous_42)
FNDA:0,(anonymous_43)
FNDA:0,(anonymous_44)
FNDA:0,(anonymous_45)
FNDA:0,(anonymous_46)
FNDA:0,(anonymous_47)
FNDA:0,(anonymous_48)
FNDA:0,(anonymous_49)
FNDA:0,(anonymous_50)
FNDA:0,(anonymous_51)
FNDA:0,(anonymous_52)
DA:6,0
DA:7,0
DA:8,0
DA:12,0
DA:19,0
DA:23,0
DA:25,0
DA:28,0
DA:35,0
DA:40,0
DA:41,0
DA:45,0
DA:46,0
DA:49,0
DA:50,0
DA:51,0
DA:52,0
DA:54,0
DA:55,0
DA:61,0
DA:62,0
DA:65,0
DA:66,0
DA:67,0
DA:68,0
DA:70,0
DA:73,0
DA:74,0
DA:75,0
DA:77,0
DA:81,0
DA:82,0
DA:83,0
DA:84,0
DA:85,0
DA:88,0
DA:89,0
DA:91,0
DA:108,0
DA:110,0
DA:125,0
DA:126,0
DA:128,0
DA:144,0
DA:146,0
DA:160,0
DA:161,0
DA:163,0
DA:177,0
DA:179,0
DA:194,0
DA:195,0
DA:196,0
DA:197,0
DA:198,0
DA:201,0
DA:202,0
DA:204,0
DA:220,0
DA:222,0
DA:237,0
DA:238,0
DA:240,0
DA:256,0
DA:258,0
DA:272,0
DA:273,0
DA:275,0
DA:289,0
DA:291,0
DA:305,0
DA:306,0
DA:308,0
DA:325,0
DA:327,0
DA:342,0
DA:343,0
DA:345,0
DA:362,0
DA:364,0
DA:379,0
DA:380,0
DA:381,0
DA:382,0
DA:383,0
DA:386,0
DA:387,0
DA:389,0
DA:403,0
DA:405,0
DA:406,0
DA:407,0
DA:410,0
DA:411,0
DA:413,0
DA:427,0
DA:429,0
DA:430,0
DA:433,0
DA:434,0
DA:436,0
DA:450,0
DA:452,0
DA:453,0
DA:454,0
DA:456,0
DA:457,0
DA:458,0
DA:459,0
DA:460,0
DA:461,0
DA:462,0
DA:466,0
DA:467,0
DA:468,0
DA:469,0
DA:470,0
DA:473,0
DA:474,0
DA:476,0
DA:494,0
DA:496,0
DA:511,0
DA:512,0
DA:514,0
DA:532,0
DA:534,0
DA:535,0
DA:536,0
DA:538,0
DA:539,0
DA:540,0
DA:541,0
DA:542,0
DA:543,0
DA:547,0
DA:548,0
DA:549,0
DA:550,0
DA:551,0
DA:554,0
DA:555,0
DA:556,0
DA:558,0
DA:559,0
DA:575,0
DA:576,0
DA:579,0
DA:580,0
DA:590,0
DA:591,0
DA:592,0
DA:593,0
DA:596,0
DA:597,0
DA:598,0
DA:600,0
DA:601,0
DA:604,0
DA:605,0
DA:606,0
DA:609,0
LF:162
LH:0
BRF:0
BRH:0
end_of_record
TN:
SF:services/amro-api/tests/amro-tracing.test.ts
FN:13,(anonymous_0)
FN:14,(anonymous_1)
FN:15,(anonymous_2)
FN:21,(anonymous_3)
FN:22,(anonymous_4)
FN:28,(anonymous_5)
FN:39,(anonymous_6)
FN:40,(anonymous_7)
FN:41,(anonymous_8)
FN:48,(anonymous_9)
FN:49,(anonymous_10)
FN:56,(anonymous_11)
FN:59,(anonymous_12)
FN:60,(anonymous_13)
FN:68,(anonymous_14)
FN:71,(anonymous_15)
FN:81,(anonymous_16)
FN:82,(anonymous_17)
FN:86,(anonymous_18)
FN:92,(anonymous_19)
FN:94,(anonymous_20)
FN:100,(anonymous_21)
FN:104,(anonymous_22)
FN:114,(anonymous_23)
FN:118,(anonymous_24)
FN:127,(anonymous_25)
FN:128,(anonymous_26)
FN:129,(anonymous_27)
FN:136,(anonymous_28)
FN:137,(anonymous_29)
FN:141,(anonymous_30)
FN:149,(anonymous_31)
FN:151,(anonymous_32)
FN:158,(anonymous_33)
FN:159,(anonymous_34)
FN:160,(anonymous_35)
FN:161,(anonymous_36)
FN:167,(anonymous_37)
FN:168,(anonymous_38)
FN:169,(anonymous_39)
FN:178,(anonymous_40)
FN:180,(anonymous_41)
FN:186,(anonymous_42)
FN:187,(anonymous_43)
FN:188,(anonymous_44)
FN:189,(anonymous_45)
FN:195,(anonymous_46)
FN:196,(anonymous_47)
FN:201,(anonymous_48)
FN:202,(anonymous_49)
FN:203,(anonymous_50)
FN:212,(anonymous_51)
FN:213,(anonymous_52)
FN:219,(anonymous_53)
FN:220,(anonymous_54)
FN:224,(anonymous_55)
FN:227,(anonymous_56)
FN:240,(anonymous_57)
FN:241,(anonymous_58)
FN:242,(anonymous_59)
FN:245,(anonymous_60)
FN:248,(anonymous_61)
FN:249,(anonymous_62)
FN:260,(anonymous_63)
FN:262,(anonymous_64)
FN:272,(anonymous_65)
FN:273,(anonymous_66)
FN:277,(anonymous_67)
FN:285,(anonymous_68)
FN:287,(anonymous_69)
FN:297,(anonymous_70)
FN:298,(anonymous_71)
FN:301,(anonymous_72)
FN:310,(anonymous_73)
FN:328,(anonymous_74)
FN:331,(anonymous_75)
FN:359,(anonymous_76)
FN:365,(anonymous_77)
FN:377,(anonymous_78)
FN:382,(anonymous_79)
FN:384,(anonymous_80)
FN:388,(anonymous_81)
FN:405,(anonymous_82)
FN:407,(anonymous_83)
FN:410,(anonymous_84)
FNF:85
FNH:0
FNDA:0,(anonymous_0)
FNDA:0,(anonymous_1)
FNDA:0,(anonymous_2)
FNDA:0,(anonymous_3)
FNDA:0,(anonymous_4)
FNDA:0,(anonymous_5)
FNDA:0,(anonymous_6)
FNDA:0,(anonymous_7)
FNDA:0,(anonymous_8)
FNDA:0,(anonymous_9)
FNDA:0,(anonymous_10)
FNDA:0,(anonymous_11)
FNDA:0,(anonymous_12)
FNDA:0,(anonymous_13)
FNDA:0,(anonymous_14)
FNDA:0,(anonymous_15)
FNDA:0,(anonymous_16)
FNDA:0,(anonymous_17)
FNDA:0,(anonymous_18)
FNDA:0,(anonymous_19)
FNDA:0,(anonymous_20)
FNDA:0,(anonymous_21)
FNDA:0,(anonymous_22)
FNDA:0,(anonymous_23)
FNDA:0,(anonymous_24)
FNDA:0,(anonymous_25)
FNDA:0,(anonymous_26)
FNDA:0,(anonymous_27)
FNDA:0,(anonymous_28)
FNDA:0,(anonymous_29)
FNDA:0,(anonymous_30)
FNDA:0,(anonymous_31)
FNDA:0,(anonymous_32)
FNDA:0,(anonymous_33)
FNDA:0,(anonymous_34)
FNDA:0,(anonymous_35)
FNDA:0,(anonymous_36)
FNDA:0,(anonymous_37)
FNDA:0,(anonymous_38)
FNDA:0,(anonymous_39)
FNDA:0,(anonymous_40)
FNDA:0,(anonymous_41)
FNDA:0,(anonymous_42)
FNDA:0,(anonymous_43)
FNDA:0,(anonymous_44)
FNDA:0,(anonymous_45)
FNDA:0,(anonymous_46)
FNDA:0,(anonymous_47)
FNDA:0,(anonymous_48)
FNDA:0,(anonymous_49)
FNDA:0,(anonymous_50)
FNDA:0,(anonymous_51)
FNDA:0,(anonymous_52)
FNDA:0,(anonymous_53)
FNDA:0,(anonymous_54)
FNDA:0,(anonymous_55)
FNDA:0,(anonymous_56)
FNDA:0,(anonymous_57)
FNDA:0,(anonymous_58)
FNDA:0,(anonymous_59)
FNDA:0,(anonymous_60)
FNDA:0,(anonymous_61)
FNDA:0,(anonymous_62)
FNDA:0,(anonymous_63)
FNDA:0,(anonymous_64)
FNDA:0,(anonymous_65)
FNDA:0,(anonymous_66)
FNDA:0,(anonymous_67)
FNDA:0,(anonymous_68)
FNDA:0,(anonymous_69)
FNDA:0,(anonymous_70)
FNDA:0,(anonymous_71)
FNDA:0,(anonymous_72)
FNDA:0,(anonymous_73)
FNDA:0,(anonymous_74)
FNDA:0,(anonymous_75)
FNDA:0,(anonymous_76)
FNDA:0,(anonymous_77)
FNDA:0,(anonymous_78)
FNDA:0,(anonymous_79)
FNDA:0,(anonymous_80)
FNDA:0,(anonymous_81)
FNDA:0,(anonymous_82)
FNDA:0,(anonymous_83)
FNDA:0,(anonymous_84)
DA:13,0
DA:14,0
DA:15,0
DA:16,0
DA:17,0
DA:21,0
DA:22,0
DA:23,0
DA:24,0
DA:25,0
DA:28,0
DA:29,0
DA:30,0
DA:31,0
DA:33,0
DA:34,0
DA:35,0
DA:39,0
DA:40,0
DA:41,0
DA:42,0
DA:45,0
DA:48,0
DA:49,0
DA:51,0
DA:53,0
DA:56,0
DA:57,0
DA:60,0
DA:61,0
DA:65,0
DA:68,0
DA:69,0
DA:72,0
DA:77,0
DA:81,0
DA:82,0
DA:83,0
DA:85,0
DA:87,0
DA:92,0
DA:93,0
DA:95,0
DA:100,0
DA:101,0
DA:103,0
DA:104,0
DA:105,0
DA:108,0
DA:111,0
DA:114,0
DA:115,0
DA:117,0
DA:118,0
DA:119,0
DA:122,0
DA:127,0
DA:128,0
DA:129,0
DA:130,0
DA:133,0
DA:136,0
DA:137,0
DA:138,0
DA:141,0
DA:142,0
DA:145,0
DA:146,0
DA:149,0
DA:150,0
DA:152,0
DA:158,0
DA:159,0
DA:160,0
DA:161,0
DA:162,0
DA:167,0
DA:168,0
DA:169,0
DA:170,0
DA:178,0
DA:180,0
DA:181,0
DA:186,0
DA:187,0
DA:188,0
DA:189,0
DA:190,0
DA:195,0
DA:196,0
DA:197,0
DA:201,0
DA:202,0
DA:203,0
DA:204,0
DA:205,0
DA:206,0
DA:212,0
DA:213,0
DA:214,0
DA:215,0
DA:219,0
DA:220,0
DA:221,0
DA:222,0
DA:224,0
DA:225,0
DA:227,0
DA:228,0
DA:232,0
DA:235,0
DA:236,0
DA:240,0
DA:241,0
DA:242,0
DA:244,0
DA:245,0
DA:249,0
DA:250,0
DA:256,0
DA:257,0
DA:260,0
DA:261,0
DA:262,0
DA:263,0
DA:268,0
DA:272,0
DA:273,0
DA:274,0
DA:276,0
DA:277,0
DA:278,0
DA:281,0
DA:285,0
DA:286,0
DA:287,0
DA:288,0
DA:291,0
DA:297,0
DA:298,0
DA:299,0
DA:302,0
DA:310,0
DA:314,0
DA:324,0
DA:325,0
DA:328,0
DA:329,0
DA:332,0
DA:341,0
DA:346,0
DA:355,0
DA:356,0
DA:359,0
DA:360,0
DA:362,0
DA:366,0
DA:377,0
DA:378,0
DA:380,0
DA:384,0
DA:385,0
DA:388,0
DA:389,0
DA:392,0
DA:401,0
DA:402,0
DA:405,0
DA:407,0
DA:408,0
DA:412,0
DA:418,0
DA:419,0
DA:420,0
LF:174
LH:0
BRF:0
BRH:0
end_of_record
TN:
SF:services/amro-api/tests/auth.middleware.test.ts
FN:9,(anonymous_0)
FN:10,(anonymous_1)
FN:14,(anonymous_2)
FN:18,(anonymous_3)
FN:26,(anonymous_4)
FN:33,(anonymous_5)
FN:41,(anonymous_6)
FN:52,(anonymous_7)
FN:53,(anonymous_8)
FN:64,createResponse
FN:71,createRequest
FN:78,(anonymous_11)
FN:85,(anonymous_12)
FN:98,(anonymous_13)
FN:112,(anonymous_14)
FN:133,(anonymous_15)
FN:156,(anonymous_16)
FN:173,(anonymous_17)
FN:194,(anonymous_18)
FN:221,(anonymous_19)
FNF:20
FNH:0
FNDA:0,(anonymous_0)
FNDA:0,(anonymous_1)
FNDA:0,(anonymous_2)
FNDA:0,(anonymous_3)
FNDA:0,(anonymous_4)
FNDA:0,(anonymous_5)
FNDA:0,(anonymous_6)
FNDA:0,(anonymous_7)
FNDA:0,(anonymous_8)
FNDA:0,createResponse
FNDA:0,createRequest
FNDA:0,(anonymous_11)
FNDA:0,(anonymous_12)
FNDA:0,(anonymous_13)
FNDA:0,(anonymous_14)
FNDA:0,(anonymous_15)
FNDA:0,(anonymous_16)
FNDA:0,(anonymous_17)
FNDA:0,(anonymous_18)
FNDA:0,(anonymous_19)
DA:3,0
DA:4,0
DA:5,0
DA:6,0
DA:7,0
DA:9,0
DA:10,0
DA:15,0
DA:16,0
DA:18,0
DA:21,0
DA:22,0
DA:26,0
DA:29,0
DA:30,0
DA:33,0
DA:36,0
DA:37,0
DA:41,0
DA:44,0
DA:52,0
DA:53,0
DA:54,0
DA:55,0
DA:56,0
DA:57,0
DA:58,0
DA:59,0
DA:60,0
DA:61,0
DA:65,0
DA:75,0
DA:79,0
DA:80,0
DA:85,0
DA:86,0
DA:87,0
DA:88,0
DA:89,0
DA:91,0
DA:93,0
DA:94,0
DA:95,0
DA:98,0
DA:99,0
DA:100,0
DA:101,0
DA:102,0
DA:103,0
DA:105,0
DA:107,0
DA:108,0
DA:109,0
DA:112,0
DA:113,0
DA:114,0
DA:118,0
DA:122,0
DA:123,0
DA:124,0
DA:126,0
DA:128,0
DA:129,0
DA:130,0
DA:133,0
DA:134,0
DA:135,0
DA:139,0
DA:143,0
DA:147,0
DA:148,0
DA:150,0
DA:152,0
DA:153,0
DA:156,0
DA:157,0
DA:158,0
DA:162,0
DA:163,0
DA:164,0
DA:166,0
DA:168,0
DA:169,0
DA:170,0
DA:173,0
DA:174,0
DA:175,0
DA:179,0
DA:183,0
DA:184,0
DA:185,0
DA:187,0
DA:189,0
DA:190,0
DA:191,0
DA:194,0
DA:195,0
DA:196,0
DA:206,0
DA:210,0
DA:211,0
DA:212,0
DA:214,0
DA:216,0
DA:217,0
DA:218,0
DA:221,0
DA:222,0
DA:223,0
DA:224,0
DA:225,0
DA:226,0
DA:228,0
DA:230,0
DA:231,0
LF:115
LH:0
BRDA:15,0,0,0
BRDA:15,0,1,0
BRDA:21,1,0,0
BRDA:21,1,1,0
BRDA:29,2,0,0
BRDA:29,2,1,0
BRDA:36,3,0,0
BRDA:36,3,1,0
BRDA:72,4,0,0
BRDA:73,5,0,0
BRDA:80,6,0,0
BRDA:80,6,1,0
BRDA:80,6,2,0
BRF:13
BRH:0
end_of_record
TN:
SF:services/amro-api/tests/master-data.benchmark.ts
FN:15,percentile
FN:17,(anonymous_1)
FN:22,resolveConfig
FN:32,runRequest
FN:54,runBenchmark
FN:63,worker
FN:73,(anonymous_6)
FN:75,(anonymous_7)
FN:76,(anonymous_8)
FN:94,(anonymous_9)
FN:107,(anonymous_10)
FNF:11
FNH:0
FNDA:0,percentile
FNDA:0,(anonymous_1)
FNDA:0,resolveConfig
FNDA:0,runRequest
FNDA:0,runBenchmark
FNDA:0,worker
FNDA:0,(anonymous_6)
FNDA:0,(anonymous_7)
FNDA:0,(anonymous_8)
FNDA:0,(anonymous_9)
FNDA:0,(anonymous_10)
DA:16,0
DA:17,0
DA:18,0
DA:19,0
DA:23,0
DA:24,0
DA:25,0
DA:26,0
DA:27,0
DA:28,0
DA:29,0
DA:33,0
DA:36,0
DA:37,0
DA:39,0
DA:41,0
DA:42,0
DA:46,0
DA:47,0
DA:48,0
DA:55,0
DA:56,0
DA:59,0
DA:60,0
DA:61,0
DA:64,0
DA:65,0
DA:66,0
DA:67,0
DA:68,0
DA:69,0
DA:73,0
DA:74,0
DA:75,0
DA:76,0
DA:77,0
DA:78,0
DA:80,0
DA:95,0
DA:96,0
DA:97,0
DA:101,0
DA:102,0
DA:103,0
DA:107,0
DA:108,0
DA:109,0
LF:47
LH:0
BRDA:16,0,0,0
BRDA:16,0,1,0
BRDA:23,1,0,0
BRDA:23,1,1,0
BRDA:24,2,0,0
BRDA:24,2,1,0
BRDA:25,3,0,0
BRDA:25,3,1,0
BRDA:26,4,0,0
BRDA:26,4,1,0
BRDA:27,5,0,0
BRDA:27,5,1,0
BRDA:28,6,0,0
BRDA:28,6,1,0
BRDA:36,7,0,0
BRDA:36,7,1,0
BRDA:55,8,0,0
BRDA:55,8,1,0
BRDA:67,9,0,0
BRDA:67,9,1,0
BRDA:76,10,0,0
BRDA:76,10,1,0
BRDA:78,11,0,0
BRDA:78,11,1,0
BRDA:96,12,0,0
BRDA:96,12,1,0
BRDA:102,13,0,0
BRDA:102,13,1,0
BRDA:108,14,0,0
BRDA:108,14,1,0
BRF:30
BRH:0
end_of_record
TN:
SF:services/amro-api/tests/master-data.routes.test.ts
FN:6,createQueryBuilder
FN:18,(anonymous_1)
FN:25,(anonymous_2)
FN:26,(anonymous_3)
FN:27,(anonymous_4)
FN:42,(anonymous_5)
FN:43,(anonymous_6)
FN:44,(anonymous_7)
FN:48,(anonymous_8)
FN:49,(anonymous_9)
FN:55,(anonymous_10)
FN:98,createTestApp
FN:102,(anonymous_12)
FN:111,(anonymous_13)
FN:121,(anonymous_14)
FN:134,(anonymous_15)
FN:143,(anonymous_16)
FN:156,(anonymous_17)
FN:176,(anonymous_18)
FN:200,(anonymous_19)
FN:215,(anonymous_20)
FNF:21
FNH:0
FNDA:0,createQueryBuilder
FNDA:0,(anonymous_1)
FNDA:0,(anonymous_2)
FNDA:0,(anonymous_3)
FNDA:0,(anonymous_4)
FNDA:0,(anonymous_5)
FNDA:0,(anonymous_6)
FNDA:0,(anonymous_7)
FNDA:0,(anonymous_8)
FNDA:0,(anonymous_9)
FNDA:0,(anonymous_10)
FNDA:0,createTestApp
FNDA:0,(anonymous_12)
FNDA:0,(anonymous_13)
FNDA:0,(anonymous_14)
FNDA:0,(anonymous_15)
FNDA:0,(anonymous_16)
FNDA:0,(anonymous_17)
FNDA:0,(anonymous_18)
FNDA:0,(anonymous_19)
FNDA:0,(anonymous_20)
DA:4,0
DA:7,0
DA:19,0
DA:22,0
DA:25,0
DA:26,0
DA:27,0
DA:42,0
DA:43,0
DA:44,0
DA:48,0
DA:49,0
DA:50,0
DA:51,0
DA:52,0
DA:53,0
DA:54,0
DA:55,0
DA:56,0
DA:57,0
DA:58,0
DA:64,0
DA:65,0
DA:70,0
DA:71,0
DA:76,0
DA:77,0
DA:82,0
DA:83,0
DA:85,0
DA:86,0
DA:91,0
DA:92,0
DA:94,0
DA:99,0
DA:100,0
DA:101,0
DA:102,0
DA:103,0
DA:104,0
DA:105,0
DA:107,0
DA:108,0
DA:111,0
DA:112,0
DA:113,0
DA:116,0
DA:117,0
DA:118,0
DA:121,0
DA:122,0
DA:123,0
DA:126,0
DA:127,0
DA:128,0
DA:134,0
DA:135,0
DA:136,0
DA:139,0
DA:140,0
DA:143,0
DA:144,0
DA:149,0
DA:150,0
DA:153,0
DA:156,0
DA:157,0
DA:158,0
DA:168,0
DA:169,0
DA:170,0
DA:176,0
DA:177,0
DA:178,0
DA:188,0
DA:189,0
DA:190,0
DA:194,0
DA:200,0
DA:201,0
DA:202,0
DA:203,0
DA:204,0
DA:205,0
DA:209,0
DA:215,0
DA:216,0
DA:217,0
DA:224,0
DA:225,0
DA:226,0
LF:91
LH:0
BRDA:56,0,0,0
BRDA:56,0,1,0
BRDA:57,1,0,0
BRDA:57,1,1,0
BRDA:64,2,0,0
BRDA:64,2,1,0
BRDA:70,3,0,0
BRDA:70,3,1,0
BRDA:70,4,0,0
BRDA:70,4,1,0
BRDA:76,5,0,0
BRDA:76,5,1,0
BRDA:82,6,0,0
BRDA:82,6,1,0
BRDA:85,7,0,0
BRDA:85,7,1,0
BRDA:91,8,0,0
BRDA:91,8,1,0
BRF:18
BRH:0
end_of_record
TN:
SF:services/amro-api/tests/resilience.test.ts
FN:1,(anonymous_0)
FN:2,(anonymous_1)
FN:12,(anonymous_2)
FN:22,(anonymous_3)
FN:34,(anonymous_4)
FN:46,(anonymous_5)
FN:59,(anonymous_6)
FNF:7
FNH:0
FNDA:0,(anonymous_0)
FNDA:0,(anonymous_1)
FNDA:0,(anonymous_2)
FNDA:0,(anonymous_3)
FNDA:0,(anonymous_4)
FNDA:0,(anonymous_5)
FNDA:0,(anonymous_6)
DA:1,0
DA:2,0
DA:3,0
DA:4,0
DA:5,0
DA:6,0
DA:7,0
DA:8,0
DA:9,0
DA:12,0
DA:13,0
DA:14,0
DA:15,0
DA:23,0
DA:24,0
DA:25,0
DA:27,0
DA:30,0
DA:31,0
DA:34,0
DA:35,0
DA:36,0
DA:37,0
DA:39,0
DA:47,0
DA:52,0
DA:59,0
LF:27
LH:0
BRDA:24,0,0,0
BRDA:24,0,1,0
BRF:2
BRH:0
end_of_record
TN:
SF:services/amro-api/tests/setup-env.ts
FNF:0
FNH:0
DA:1,0
DA:2,0
LF:2
LH:0
BRDA:1,0,0,0
BRDA:1,0,1,0
BRDA:3,1,0,0
BRDA:3,1,1,0
BRF:4
BRH:0
end_of_record
TN:
SF:services/amro-api/tests/work-orders-contract.test.ts
FN:19,(anonymous_0)
FN:20,(anonymous_1)
FN:27,(anonymous_2)
FN:28,(anonymous_3)
FN:33,(anonymous_4)
FN:34,(anonymous_5)
FN:38,(anonymous_6)
FN:66,(anonymous_7)
FN:94,(anonymous_8)
FN:103,(anonymous_9)
FNF:10
FNH:0
FNDA:0,(anonymous_0)
FNDA:0,(anonymous_1)
FNDA:0,(anonymous_2)
FNDA:0,(anonymous_3)
FNDA:0,(anonymous_4)
FNDA:0,(anonymous_5)
FNDA:0,(anonymous_6)
FNDA:0,(anonymous_7)
FNDA:0,(anonymous_8)
FNDA:0,(anonymous_9)
DA:3,0
DA:19,0
DA:21,0
DA:22,0
DA:23,0
DA:27,0
DA:28,0
DA:33,0
DA:34,0
DA:35,0
DA:38,0
DA:39,0
DA:50,0
DA:55,0
DA:56,0
DA:66,0
DA:67,0
DA:78,0
DA:83,0
DA:84,0
DA:94,0
DA:95,0
DA:97,0
DA:99,0
DA:100,0
DA:103,0
DA:104,0
DA:106,0
DA:114,0
DA:115,0
LF:30
LH:0
BRF:0
BRH:0
end_of_record
TN:
SF:services/amro-api/tests/work-orders.routes.test.ts
FN:8,(anonymous_0)
FN:9,(anonymous_1)
FN:33,(anonymous_2)
FN:40,createTestApp
FN:44,(anonymous_4)
FN:51,(anonymous_5)
FN:80,(anonymous_6)
FN:81,(anonymous_7)
FN:85,(anonymous_8)
FN:142,(anonymous_9)
FN:152,(anonymous_10)
FN:155,(anonymous_11)
FN:160,(anonymous_12)
FN:168,(anonymous_13)
FNF:14
FNH:0
FNDA:0,(anonymous_0)
FNDA:0,(anonymous_1)
FNDA:0,(anonymous_2)
FNDA:0,createTestApp
FNDA:0,(anonymous_4)
FNDA:0,(anonymous_5)
FNDA:0,(anonymous_6)
FNDA:0,(anonymous_7)
FNDA:0,(anonymous_8)
FNDA:0,(anonymous_9)
FNDA:0,(anonymous_10)
FNDA:0,(anonymous_11)
FNDA:0,(anonymous_12)
FNDA:0,(anonymous_13)
DA:8,0
DA:9,0
DA:33,0
DA:41,0
DA:42,0
DA:43,0
DA:44,0
DA:45,0
DA:46,0
DA:47,0
DA:50,0
DA:51,0
DA:52,0
DA:54,0
DA:57,0
DA:80,0
DA:81,0
DA:82,0
DA:85,0
DA:86,0
DA:87,0
DA:88,0
DA:89,0
DA:90,0
DA:91,0
DA:92,0
DA:93,0
DA:94,0
DA:95,0
DA:96,0
DA:97,0
DA:98,0
DA:99,0
DA:100,0
DA:101,0
DA:102,0
DA:103,0
DA:104,0
DA:105,0
DA:106,0
DA:108,0
DA:109,0
DA:110,0
DA:115,0
DA:116,0
DA:118,0
DA:119,0
DA:120,0
DA:124,0
DA:125,0
DA:127,0
DA:128,0
DA:129,0
DA:130,0
DA:131,0
DA:132,0
DA:133,0
DA:134,0
DA:135,0
DA:136,0
DA:142,0
DA:143,0
DA:144,0
DA:146,0
DA:147,0
DA:148,0
DA:149,0
DA:152,0
DA:154,0
DA:155,0
DA:156,0
DA:157,0
DA:160,0
DA:161,0
DA:162,0
DA:163,0
DA:164,0
DA:165,0
DA:169,0
DA:175,0
DA:176,0
DA:177,0
DA:178,0
DA:180,0
DA:181,0
DA:182,0
DA:183,0
LF:87
LH:0
BRDA:40,0,0,0
BRDA:43,1,0,0
BRDA:43,1,1,0
BRF:3
BRH:0
end_of_record
TN:
SF:services/amro-api/tests/work-orders.service.test.ts
FN:7,(anonymous_0)
FN:11,(anonymous_1)
FN:12,(anonymous_2)
FN:15,(anonymous_3)
FN:23,(anonymous_4)
FN:30,(anonymous_5)
FN:41,createThenableBuilder
FN:52,(anonymous_7)
FN:71,(anonymous_8)
FN:73,(anonymous_9)
FN:79,(anonymous_10)
FN:87,(anonymous_11)
FN:100,(anonymous_12)
FN:140,(anonymous_13)
FN:170,(anonymous_14)
FN:214,(anonymous_15)
FN:221,(anonymous_16)
FN:232,(anonymous_17)
FN:247,(anonymous_18)
FNF:19
FNH:0
FNDA:0,(anonymous_0)
FNDA:0,(anonymous_1)
FNDA:0,(anonymous_2)
FNDA:0,(anonymous_3)
FNDA:0,(anonymous_4)
FNDA:0,(anonymous_5)
FNDA:0,createThenableBuilder
FNDA:0,(anonymous_7)
FNDA:0,(anonymous_8)
FNDA:0,(anonymous_9)
FNDA:0,(anonymous_10)
FNDA:0,(anonymous_11)
FNDA:0,(anonymous_12)
FNDA:0,(anonymous_13)
FNDA:0,(anonymous_14)
FNDA:0,(anonymous_15)
FNDA:0,(anonymous_16)
FNDA:0,(anonymous_17)
FNDA:0,(anonymous_18)
DA:7,0
DA:11,0
DA:12,0
DA:15,0
DA:23,0
DA:30,0
DA:42,0
DA:55,0
DA:58,0
DA:59,0
DA:60,0
DA:61,0
DA:62,0
DA:63,0
DA:64,0
DA:65,0
DA:66,0
DA:68,0
DA:71,0
DA:72,0
DA:73,0
DA:74,0
DA:75,0
DA:76,0
DA:79,0
DA:80,0
DA:81,0
DA:82,0
DA:83,0
DA:84,0
DA:87,0
DA:88,0
DA:89,0
DA:94,0
DA:96,0
DA:97,0
DA:100,0
DA:101,0
DA:102,0
DA:106,0
DA:121,0
DA:127,0
DA:128,0
DA:129,0
DA:130,0
DA:136,0
DA:137,0
DA:140,0
DA:141,0
DA:142,0
DA:158,0
DA:162,0
DA:164,0
DA:165,0
DA:166,0
DA:167,0
DA:170,0
DA:171,0
DA:172,0
DA:198,0
DA:202,0
DA:203,0
DA:205,0
DA:206,0
DA:214,0
DA:215,0
DA:217,0
DA:221,0
DA:222,0
DA:223,0
DA:232,0
DA:233,0
DA:236,0
DA:241,0
DA:247,0
DA:248,0
DA:249,0
DA:260,0
DA:261,0
DA:263,0
DA:264,0
LF:81
LH:0
BRDA:75,0,0,0
BRDA:75,0,1,0
BRF:2
BRH:0
end_of_record
TN:
SF:services/amro-api/tests/work-orders.test.ts
FN:9,(anonymous_0)
FN:10,(anonymous_1)
FN:17,(anonymous_2)
FN:24,(anonymous_3)
FN:31,(anonymous_4)
FN:39,(anonymous_5)
FN:40,(anonymous_6)
FN:47,(anonymous_7)
FN:54,(anonymous_8)
FN:55,(anonymous_9)
FN:62,(anonymous_10)
FN:69,(anonymous_11)
FN:76,(anonymous_12)
FN:83,(anonymous_13)
FN:90,(anonymous_14)
FN:97,(anonymous_15)
FN:105,(anonymous_16)
FN:106,(anonymous_17)
FN:112,(anonymous_18)
FN:120,(anonymous_19)
FN:129,(anonymous_20)
FN:130,(anonymous_21)
FN:136,(anonymous_22)
FN:144,(anonymous_23)
FN:151,(anonymous_24)
FN:152,(anonymous_25)
FN:159,(anonymous_26)
FN:167,(anonymous_27)
FN:168,(anonymous_28)
FN:174,(anonymous_29)
FN:184,(anonymous_30)
FN:190,(anonymous_31)
FN:198,(anonymous_32)
FN:205,(anonymous_33)
FN:206,(anonymous_34)
FN:214,(anonymous_35)
FN:225,(anonymous_36)
FN:231,(anonymous_37)
FN:239,(anonymous_38)
FN:246,(anonymous_39)
FN:247,(anonymous_40)
FN:253,(anonymous_41)
FN:259,(anonymous_42)
FNF:43
FNH:0
FNDA:0,(anonymous_0)
FNDA:0,(anonymous_1)
FNDA:0,(anonymous_2)
FNDA:0,(anonymous_3)
FNDA:0,(anonymous_4)
FNDA:0,(anonymous_5)
FNDA:0,(anonymous_6)
FNDA:0,(anonymous_7)
FNDA:0,(anonymous_8)
FNDA:0,(anonymous_9)
FNDA:0,(anonymous_10)
FNDA:0,(anonymous_11)
FNDA:0,(anonymous_12)
FNDA:0,(anonymous_13)
FNDA:0,(anonymous_14)
FNDA:0,(anonymous_15)
FNDA:0,(anonymous_16)
FNDA:0,(anonymous_17)
FNDA:0,(anonymous_18)
FNDA:0,(anonymous_19)
FNDA:0,(anonymous_20)
FNDA:0,(anonymous_21)
FNDA:0,(anonymous_22)
FNDA:0,(anonymous_23)
FNDA:0,(anonymous_24)
FNDA:0,(anonymous_25)
FNDA:0,(anonymous_26)
FNDA:0,(anonymous_27)
FNDA:0,(anonymous_28)
FNDA:0,(anonymous_29)
FNDA:0,(anonymous_30)
FNDA:0,(anonymous_31)
FNDA:0,(anonymous_32)
FNDA:0,(anonymous_33)
FNDA:0,(anonymous_34)
FNDA:0,(anonymous_35)
FNDA:0,(anonymous_36)
FNDA:0,(anonymous_37)
FNDA:0,(anonymous_38)
FNDA:0,(anonymous_39)
FNDA:0,(anonymous_40)
FNDA:0,(anonymous_41)
FNDA:0,(anonymous_42)
DA:9,0
DA:10,0
DA:11,0
DA:12,0
DA:13,0
DA:14,0
DA:17,0
DA:18,0
DA:19,0
DA:20,0
DA:21,0
DA:24,0
DA:25,0
DA:26,0
DA:27,0
DA:28,0
DA:31,0
DA:32,0
DA:33,0
DA:34,0
DA:35,0
DA:39,0
DA:40,0
DA:41,0
DA:42,0
DA:43,0
DA:44,0
DA:47,0
DA:48,0
DA:49,0
DA:50,0
DA:54,0
DA:55,0
DA:56,0
DA:57,0
DA:58,0
DA:59,0
DA:62,0
DA:63,0
DA:64,0
DA:65,0
DA:66,0
DA:69,0
DA:70,0
DA:71,0
DA:72,0
DA:73,0
DA:76,0
DA:77,0
DA:78,0
DA:79,0
DA:80,0
DA:83,0
DA:84,0
DA:85,0
DA:86,0
DA:87,0
DA:90,0
DA:91,0
DA:92,0
DA:93,0
DA:94,0
DA:97,0
DA:98,0
DA:99,0
DA:100,0
DA:101,0
DA:105,0
DA:106,0
DA:107,0
DA:108,0
DA:109,0
DA:112,0
DA:113,0
DA:116,0
DA:117,0
DA:120,0
DA:121,0
DA:124,0
DA:125,0
DA:129,0
DA:130,0
DA:131,0
DA:132,0
DA:133,0
DA:136,0
DA:137,0
DA:138,0
DA:139,0
DA:140,0
DA:141,0
DA:144,0
DA:145,0
DA:146,0
DA:147,0
DA:151,0
DA:152,0
DA:153,0
DA:156,0
DA:159,0
DA:160,0
DA:163,0
DA:167,0
DA:168,0
DA:169,0
DA:170,0
DA:171,0
DA:174,0
DA:175,0
DA:180,0
DA:181,0
DA:184,0
DA:185,0
DA:186,0
DA:187,0
DA:190,0
DA:191,0
DA:194,0
DA:195,0
DA:198,0
DA:199,0
DA:200,0
DA:201,0
DA:205,0
DA:206,0
DA:207,0
DA:210,0
DA:211,0
DA:214,0
DA:215,0
DA:221,0
DA:222,0
DA:225,0
DA:226,0
DA:227,0
DA:228,0
DA:231,0
DA:232,0
DA:235,0
DA:236,0
DA:239,0
DA:240,0
DA:241,0
DA:242,0
DA:246,0
DA:247,0
DA:248,0
DA:249,0
DA:250,0
DA:253,0
DA:254,0
DA:255,0
DA:256,0
DA:259,0
DA:260,0
DA:266,0
DA:267,0
LF:157
LH:0
BRF:0
BRH:0
end_of_record
TN:
SF:services/amro-api/tests/work-packages-stream.test.ts
FN:3,(anonymous_0)
FN:4,(anonymous_1)
FN:6,(anonymous_2)
FNF:3
FNH:0
FNDA:0,(anonymous_0)
FNDA:0,(anonymous_1)
FNDA:0,(anonymous_2)
DA:3,0
DA:4,0
DA:5,0
DA:6,0
DA:7,0
DA:10,0
DA:18,0
DA:20,0
LF:8
LH:0
BRF:0
BRH:0
end_of_record
