<testsuites id="" name="" tests="8" failures="0" skipped="0" errors="0" time="25.955103">
<testsuite name="tests/e2e/uim-visual-regression.spec.ts" timestamp="2026-04-04T16:37:20.595Z" hostname="chromium" tests="8" failures="0" skipped="0" time="95.413" errors="0">
<testcase name="uim visual regression › captures regression baseline for /dashboard/uim" classname="tests/e2e/uim-visual-regression.spec.ts" time="12.709">
</testcase>
<testcase name="uim visual regression › captures regression baseline for /dashboard/uim/item-master" classname="tests/e2e/uim-visual-regression.spec.ts" time="12.075">
</testcase>
<testcase name="uim visual regression › captures regression baseline for /dashboard/uim/stock-ledger" classname="tests/e2e/uim-visual-regression.spec.ts" time="12.296">
</testcase>
<testcase name="uim visual regression › captures regression baseline for /dashboard/uim/reservations" classname="tests/e2e/uim-visual-regression.spec.ts" time="12.233">
</testcase>
<testcase name="uim visual regression › captures regression baseline for /dashboard/uim/issue-consume" classname="tests/e2e/uim-visual-regression.spec.ts" time="12.153">
</testcase>
<testcase name="uim visual regression › captures regression baseline for /dashboard/uim/restock" classname="tests/e2e/uim-visual-regression.spec.ts" time="11.163">
</testcase>
<testcase name="uim visual regression › captures regression baseline for /dashboard/uim/locations" classname="tests/e2e/uim-visual-regression.spec.ts" time="11.143">
</testcase>
<testcase name="uim visual regression › captures regression baseline for /dashboard/uim/analytics" classname="tests/e2e/uim-visual-regression.spec.ts" time="11.641">
</testcase>
</testsuite>
</testsuites>