{"/Users/vims/Downloads/Development Projects/Trae/SOS Logistics Pro/logic-nexus-ai/src/components/crm/LeadForm.tsx": {"path":"/Users/vims/Downloads/Development Projects/Trae/SOS Logistics Pro/logic-nexus-ai/src/components/crm/LeadForm.tsx","statementMap":{"0":{"start":{"line":25,"column":26},"end":{"line":89,"column":null}},"1":{"start":{"line":48,"column":19},"end":{"line":48,"column":null}},"2":{"start":{"line":49,"column":19},"end":{"line":49,"column":null}},"3":{"start":{"line":50,"column":2},"end":{"line":56,"column":null}},"4":{"start":{"line":51,"column":4},"end":{"line":55,"column":null}},"5":{"start":{"line":57,"column":2},"end":{"line":63,"column":null}},"6":{"start":{"line":58,"column":4},"end":{"line":62,"column":null}},"7":{"start":{"line":64,"column":2},"end":{"line":70,"column":null}},"8":{"start":{"line":65,"column":4},"end":{"line":69,"column":null}},"9":{"start":{"line":71,"column":24},"end":{"line":71,"column":null}},"10":{"start":{"line":72,"column":2},"end":{"line":78,"column":null}},"11":{"start":{"line":73,"column":4},"end":{"line":77,"column":null}},"12":{"start":{"line":79,"column":2},"end":{"line":88,"column":null}},"13":{"start":{"line":80,"column":25},"end":{"line":80,"column":null}},"14":{"start":{"line":81,"column":4},"end":{"line":87,"column":null}},"15":{"start":{"line":82,"column":6},"end":{"line":86,"column":null}},"16":{"start":{"line":119,"column":48},"end":{"line":119,"column":null}},"17":{"start":{"line":120,"column":36},"end":{"line":120,"column":null}},"18":{"start":{"line":121,"column":38},"end":{"line":121,"column":null}},"19":{"start":{"line":122,"column":40},"end":{"line":122,"column":null}},"20":{"start":{"line":123,"column":8},"end":{"line":123,"column":null}},"21":{"start":{"line":124,"column":8},"end":{"line":124,"column":null}},"22":{"start":{"line":125,"column":8},"end":{"line":125,"column":null}},"23":{"start":{"line":126,"column":8},"end":{"line":126,"column":null}},"24":{"start":{"line":127,"column":8},"end":{"line":127,"column":null}},"25":{"start":{"line":128,"column":38},"end":{"line":128,"column":null}},"26":{"start":{"line":129,"column":28},"end":{"line":129,"column":null}},"27":{"start":{"line":130,"column":34},"end":{"line":130,"column":null}},"28":{"start":{"line":131,"column":46},"end":{"line":131,"column":null}},"29":{"start":{"line":133,"column":8},"end":{"line":159,"column":null}},"30":{"start":{"line":161,"column":26},"end":{"line":161,"column":null}},"31":{"start":{"line":162,"column":24},"end":{"line":162,"column":null}},"32":{"start":{"line":163,"column":24},"end":{"line":163,"column":null}},"33":{"start":{"line":164,"column":26},"end":{"line":164,"column":null}},"34":{"start":{"line":165,"column":23},"end":{"line":165,"column":null}},"35":{"start":{"line":166,"column":44},"end":{"line":166,"column":null}},"36":{"start":{"line":167,"column":22},"end":{"line":167,"column":null}},"37":{"start":{"line":168,"column":29},"end":{"line":168,"column":null}},"38":{"start":{"line":169,"column":25},"end":{"line":169,"column":null}},"39":{"start":{"line":170,"column":29},"end":{"line":170,"column":null}},"40":{"start":{"line":171,"column":8},"end":{"line":176,"column":null}},"41":{"start":{"line":171,"column":37},"end":{"line":176,"column":6}},"42":{"start":{"line":177,"column":23},"end":{"line":177,"column":null}},"43":{"start":{"line":179,"column":2},"end":{"line":192,"column":null}},"44":{"start":{"line":180,"column":4},"end":{"line":191,"column":null}},"45":{"start":{"line":181,"column":6},"end":{"line":181,"column":null}},"46":{"start":{"line":182,"column":6},"end":{"line":186,"column":null}},"47":{"start":{"line":183,"column":8},"end":{"line":183,"column":null}},"48":{"start":{"line":185,"column":8},"end":{"line":185,"column":null}},"49":{"start":{"line":187,"column":4},"end":{"line":191,"column":null}},"50":{"start":{"line":188,"column":6},"end":{"line":188,"column":null}},"51":{"start":{"line":188,"column":28},"end":{"line":188,"column":null}},"52":{"start":{"line":189,"column":4},"end":{"line":191,"column":null}},"53":{"start":{"line":190,"column":6},"end":{"line":190,"column":null}},"54":{"start":{"line":195,"column":2},"end":{"line":198,"column":null}},"55":{"start":{"line":196,"column":4},"end":{"line":196,"column":null}},"56":{"start":{"line":197,"column":4},"end":{"line":197,"column":null}},"57":{"start":{"line":197,"column":17},"end":{"line":197,"column":null}},"58":{"start":{"line":200,"column":2},"end":{"line":237,"column":null}},"59":{"start":{"line":201,"column":4},"end":{"line":236,"column":null}},"60":{"start":{"line":202,"column":6},"end":{"line":202,"column":null}},"61":{"start":{"line":204,"column":19},"end":{"line":204,"column":null}},"62":{"start":{"line":207,"column":6},"end":{"line":235,"column":null}},"63":{"start":{"line":208,"column":8},"end":{"line":208,"column":null}},"64":{"start":{"line":210,"column":8},"end":{"line":214,"column":null}},"65":{"start":{"line":217,"column":29},"end":{"line":217,"column":null}},"66":{"start":{"line":219,"column":8},"end":{"line":226,"column":null}},"67":{"start":{"line":220,"column":27},"end":{"line":220,"column":null}},"68":{"start":{"line":221,"column":10},"end":{"line":225,"column":null}},"69":{"start":{"line":229,"column":27},"end":{"line":229,"column":null}},"70":{"start":{"line":230,"column":8},"end":{"line":234,"column":null}},"71":{"start":{"line":231,"column":12},"end":{"line":231,"column":null}},"72":{"start":{"line":233,"column":12},"end":{"line":233,"column":null}},"73":{"start":{"line":239,"column":2},"end":{"line":260,"column":null}},"74":{"start":{"line":240,"column":4},"end":{"line":259,"column":null}},"75":{"start":{"line":241,"column":19},"end":{"line":241,"column":null}},"76":{"start":{"line":242,"column":6},"end":{"line":244,"column":null}},"77":{"start":{"line":243,"column":8},"end":{"line":243,"column":null}},"78":{"start":{"line":245,"column":12},"end":{"line":245,"column":null}},"79":{"start":{"line":246,"column":6},"end":{"line":248,"column":null}},"80":{"start":{"line":247,"column":8},"end":{"line":247,"column":null}},"81":{"start":{"line":249,"column":22},"end":{"line":249,"column":null}},"82":{"start":{"line":250,"column":26},"end":{"line":250,"column":null}},"83":{"start":{"line":251,"column":27},"end":{"line":251,"column":null}},"84":{"start":{"line":252,"column":30},"end":{"line":252,"column":null}},"85":{"start":{"line":253,"column":6},"end":{"line":253,"column":null}},"86":{"start":{"line":253,"column":54},"end":{"line":253,"column":null}},"87":{"start":{"line":254,"column":6},"end":{"line":254,"column":null}},"88":{"start":{"line":254,"column":62},"end":{"line":254,"column":null}},"89":{"start":{"line":255,"column":6},"end":{"line":258,"column":null}},"90":{"start":{"line":256,"column":25},"end":{"line":256,"column":null}},"91":{"start":{"line":257,"column":8},"end":{"line":257,"column":null}},"92":{"start":{"line":263,"column":27},"end":{"line":263,"column":null}},"93":{"start":{"line":264,"column":2},"end":{"line":266,"column":null}},"94":{"start":{"line":265,"column":4},"end":{"line":265,"column":null}},"95":{"start":{"line":268,"column":23},"end":{"line":275,"column":null}},"96":{"start":{"line":270,"column":21},"end":{"line":273,"column":null}},"97":{"start":{"line":274,"column":4},"end":{"line":274,"column":null}},"98":{"start":{"line":274,"column":14},"end":{"line":274,"column":null}},"99":{"start":{"line":277,"column":26},"end":{"line":284,"column":null}},"100":{"start":{"line":278,"column":21},"end":{"line":282,"column":null}},"101":{"start":{"line":283,"column":4},"end":{"line":283,"column":null}},"102":{"start":{"line":283,"column":14},"end":{"line":283,"column":null}},"103":{"start":{"line":286,"column":32},"end":{"line":294,"column":null}},"104":{"start":{"line":287,"column":4},"end":{"line":287,"column":null}},"105":{"start":{"line":287,"column":30},"end":{"line":287,"column":null}},"106":{"start":{"line":288,"column":21},"end":{"line":292,"column":null}},"107":{"start":{"line":293,"column":4},"end":{"line":293,"column":null}},"108":{"start":{"line":293,"column":14},"end":{"line":293,"column":null}},"109":{"start":{"line":296,"column":27},"end":{"line":296,"column":null}},"110":{"start":{"line":297,"column":22},"end":{"line":297,"column":null}},"111":{"start":{"line":298,"column":46},"end":{"line":298,"column":null}},"112":{"start":{"line":299,"column":17},"end":{"line":299,"column":null}},"113":{"start":{"line":300,"column":17},"end":{"line":309,"column":null}},"114":{"start":{"line":310,"column":22},"end":{"line":310,"column":null}},"115":{"start":{"line":310,"column":43},"end":{"line":310,"column":92}},"116":{"start":{"line":311,"column":16},"end":{"line":311,"column":null}},"117":{"start":{"line":312,"column":16},"end":{"line":312,"column":null}},"118":{"start":{"line":313,"column":16},"end":{"line":313,"column":null}},"119":{"start":{"line":314,"column":16},"end":{"line":314,"column":null}},"120":{"start":{"line":316,"column":27},"end":{"line":319,"column":null}},"121":{"start":{"line":317,"column":4},"end":{"line":317,"column":null}},"122":{"start":{"line":318,"column":4},"end":{"line":318,"column":null}},"123":{"start":{"line":321,"column":24},"end":{"line":333,"column":null}},"124":{"start":{"line":322,"column":4},"end":{"line":332,"column":null}},"125":{"start":{"line":323,"column":6},"end":{"line":323,"column":null}},"126":{"start":{"line":324,"column":19},"end":{"line":324,"column":null}},"127":{"start":{"line":325,"column":6},"end":{"line":329,"column":null}},"128":{"start":{"line":326,"column":8},"end":{"line":326,"column":null}},"129":{"start":{"line":328,"column":8},"end":{"line":328,"column":null}},"130":{"start":{"line":330,"column":6},"end":{"line":330,"column":null}},"131":{"start":{"line":331,"column":6},"end":{"line":331,"column":null}},"132":{"start":{"line":335,"column":8},"end":{"line":340,"column":null}},"133":{"start":{"line":335,"column":78},"end":{"line":340,"column":6}},"134":{"start":{"line":342,"column":19},"end":{"line":354,"column":null}},"135":{"start":{"line":343,"column":20},"end":{"line":343,"column":null}},"136":{"start":{"line":344,"column":4},"end":{"line":344,"column":null}},"137":{"start":{"line":344,"column":18},"end":{"line":344,"column":null}},"138":{"start":{"line":345,"column":19},"end":{"line":345,"column":null}},"139":{"start":{"line":346,"column":4},"end":{"line":352,"column":null}},"140":{"start":{"line":347,"column":20},"end":{"line":347,"column":null}},"141":{"start":{"line":348,"column":6},"end":{"line":351,"column":null}},"142":{"start":{"line":349,"column":8},"end":{"line":349,"column":null}},"143":{"start":{"line":350,"column":8},"end":{"line":350,"column":null}},"144":{"start":{"line":353,"column":4},"end":{"line":353,"column":null}},"145":{"start":{"line":353,"column":33},"end":{"line":353,"column":75}},"146":{"start":{"line":356,"column":19},"end":{"line":358,"column":null}},"147":{"start":{"line":357,"column":4},"end":{"line":357,"column":null}},"148":{"start":{"line":357,"column":33},"end":{"line":357,"column":54}},"149":{"start":{"line":360,"column":23},"end":{"line":365,"column":null}},"150":{"start":{"line":361,"column":4},"end":{"line":361,"column":null}},"151":{"start":{"line":361,"column":33},"end":{"line":361,"column":null}},"152":{"start":{"line":362,"column":4},"end":{"line":362,"column":null}},"153":{"start":{"line":363,"column":4},"end":{"line":363,"column":null}},"154":{"start":{"line":364,"column":4},"end":{"line":364,"column":null}},"155":{"start":{"line":367,"column":2},"end":{"line":377,"column":null}},"156":{"start":{"line":368,"column":26},"end":{"line":374,"column":null}},"157":{"start":{"line":369,"column":6},"end":{"line":373,"column":null}},"158":{"start":{"line":370,"column":8},"end":{"line":370,"column":null}},"159":{"start":{"line":371,"column":8},"end":{"line":371,"column":null}},"160":{"start":{"line":372,"column":8},"end":{"line":372,"column":null}},"161":{"start":{"line":375,"column":4},"end":{"line":375,"column":null}},"162":{"start":{"line":376,"column":4},"end":{"line":376,"column":null}},"163":{"start":{"line":376,"column":17},"end":{"line":376,"column":null}},"164":{"start":{"line":379,"column":2},"end":{"line":412,"column":null}},"165":{"start":{"line":380,"column":4},"end":{"line":380,"column":null}},"166":{"start":{"line":380,"column":34},"end":{"line":380,"column":null}},"167":{"start":{"line":381,"column":25},"end":{"line":405,"column":null}},"168":{"start":{"line":382,"column":6},"end":{"line":382,"column":null}},"169":{"start":{"line":382,"column":35},"end":{"line":382,"column":null}},"170":{"start":{"line":383,"column":6},"end":{"line":385,"column":null}},"171":{"start":{"line":384,"column":8},"end":{"line":384,"column":null}},"172":{"start":{"line":386,"column":6},"end":{"line":404,"column":null}},"173":{"start":{"line":387,"column":8},"end":{"line":387,"column":null}},"174":{"start":{"line":387,"column":37},"end":{"line":387,"column":null}},"175":{"start":{"line":388,"column":22},"end":{"line":388,"column":null}},"176":{"start":{"line":389,"column":8},"end":{"line":389,"column":null}},"177":{"start":{"line":389,"column":20},"end":{"line":389,"column":null}},"178":{"start":{"line":390,"column":8},"end":{"line":403,"column":null}},"179":{"start":{"line":391,"column":10},"end":{"line":391,"column":null}},"180":{"start":{"line":392,"column":10},"end":{"line":392,"column":null}},"181":{"start":{"line":393,"column":10},"end":{"line":393,"column":null}},"182":{"start":{"line":394,"column":26},"end":{"line":394,"column":null}},"183":{"start":{"line":395,"column":10},"end":{"line":395,"column":null}},"184":{"start":{"line":396,"column":10},"end":{"line":396,"column":null}},"185":{"start":{"line":398,"column":26},"end":{"line":398,"column":null}},"186":{"start":{"line":399,"column":10},"end":{"line":399,"column":null}},"187":{"start":{"line":401,"column":10},"end":{"line":401,"column":null}},"188":{"start":{"line":402,"column":10},"end":{"line":402,"column":null}},"189":{"start":{"line":406,"column":4},"end":{"line":411,"column":null}},"190":{"start":{"line":407,"column":6},"end":{"line":407,"column":null}},"191":{"start":{"line":408,"column":6},"end":{"line":410,"column":null}},"192":{"start":{"line":409,"column":8},"end":{"line":409,"column":null}},"193":{"start":{"line":414,"column":2},"end":{"line":427,"column":null}},"194":{"start":{"line":415,"column":4},"end":{"line":415,"column":null}},"195":{"start":{"line":415,"column":26},"end":{"line":415,"column":null}},"196":{"start":{"line":416,"column":16},"end":{"line":416,"column":null}},"197":{"start":{"line":417,"column":4},"end":{"line":417,"column":null}},"198":{"start":{"line":417,"column":14},"end":{"line":417,"column":null}},"199":{"start":{"line":418,"column":4},"end":{"line":426,"column":null}},"200":{"start":{"line":419,"column":21},"end":{"line":419,"column":null}},"201":{"start":{"line":420,"column":6},"end":{"line":423,"column":null}},"202":{"start":{"line":425,"column":6},"end":{"line":425,"column":null}},"203":{"start":{"line":429,"column":2},"end":{"line":435,"column":null}},"204":{"start":{"line":430,"column":20},"end":{"line":430,"column":null}},"205":{"start":{"line":431,"column":4},"end":{"line":431,"column":null}},"206":{"start":{"line":431,"column":33},"end":{"line":431,"column":null}},"207":{"start":{"line":432,"column":4},"end":{"line":434,"column":null}},"208":{"start":{"line":433,"column":6},"end":{"line":433,"column":null}},"209":{"start":{"line":437,"column":2},"end":{"line":458,"column":null}},"210":{"start":{"line":438,"column":4},"end":{"line":438,"column":null}},"211":{"start":{"line":438,"column":26},"end":{"line":438,"column":null}},"212":{"start":{"line":439,"column":25},"end":{"line":451,"column":null}},"213":{"start":{"line":440,"column":6},"end":{"line":442,"column":null}},"214":{"start":{"line":441,"column":8},"end":{"line":441,"column":null}},"215":{"start":{"line":443,"column":6},"end":{"line":450,"column":null}},"216":{"start":{"line":444,"column":8},"end":{"line":449,"column":null}},"217":{"start":{"line":445,"column":26},"end":{"line":445,"column":null}},"218":{"start":{"line":446,"column":10},"end":{"line":446,"column":null}},"219":{"start":{"line":448,"column":10},"end":{"line":448,"column":null}},"220":{"start":{"line":452,"column":4},"end":{"line":457,"column":null}},"221":{"start":{"line":453,"column":6},"end":{"line":453,"column":null}},"222":{"start":{"line":454,"column":6},"end":{"line":456,"column":null}},"223":{"start":{"line":455,"column":8},"end":{"line":455,"column":null}},"224":{"start":{"line":460,"column":2},"end":{"line":1054,"column":null}},"225":{"start":{"line":524,"column":24},"end":{"line":541,"column":null}},"226":{"start":{"line":534,"column":32},"end":{"line":536,"column":null}},"227":{"start":{"line":553,"column":24},"end":{"line":570,"column":null}},"228":{"start":{"line":563,"column":32},"end":{"line":565,"column":null}},"229":{"start":{"line":590,"column":22},"end":{"line":596,"column":null}},"230":{"start":{"line":606,"column":22},"end":{"line":612,"column":null}},"231":{"start":{"line":622,"column":22},"end":{"line":628,"column":null}},"232":{"start":{"line":638,"column":22},"end":{"line":644,"column":null}},"233":{"start":{"line":654,"column":22},"end":{"line":669,"column":null}},"234":{"start":{"line":683,"column":22},"end":{"line":689,"column":null}},"235":{"start":{"line":699,"column":22},"end":{"line":705,"column":null}},"236":{"start":{"line":715,"column":22},"end":{"line":734,"column":null}},"237":{"start":{"line":745,"column":24},"end":{"line":751,"column":null}},"238":{"start":{"line":766,"column":22},"end":{"line":785,"column":null}},"239":{"start":{"line":795,"column":22},"end":{"line":801,"column":null}},"240":{"start":{"line":811,"column":22},"end":{"line":826,"column":null}},"241":{"start":{"line":836,"column":22},"end":{"line":842,"column":null}},"242":{"start":{"line":853,"column":24},"end":{"line":859,"column":null}},"243":{"start":{"line":871,"column":24},"end":{"line":877,"column":null}},"244":{"start":{"line":889,"column":24},"end":{"line":895,"column":null}},"245":{"start":{"line":906,"column":22},"end":{"line":916,"column":null}},"246":{"start":{"line":926,"column":22},"end":{"line":944,"column":null}},"247":{"start":{"line":929,"column":89},"end":{"line":929,"column":111}},"248":{"start":{"line":930,"column":89},"end":{"line":930,"column":113}},"249":{"start":{"line":931,"column":89},"end":{"line":931,"column":116}},"250":{"start":{"line":932,"column":89},"end":{"line":932,"column":126}},"251":{"start":{"line":933,"column":89},"end":{"line":933,"column":124}},"252":{"start":{"line":940,"column":48},"end":{"line":940,"column":null}},"253":{"start":{"line":966,"column":26},"end":{"line":972,"column":null}},"254":{"start":{"line":1018,"column":16},"end":{"line":1018,"column":null}},"255":{"start":{"line":1019,"column":16},"end":{"line":1019,"column":null}},"256":{"start":{"line":1030,"column":14},"end":{"line":1030,"column":null}}},"fnMap":{"0":{"name":"(anonymous_0)","decl":{"start":{"line":47,"column":15},"end":{"line":47,"column":16}},"loc":{"start":{"line":47,"column":30},"end":{"line":89,"column":1}},"line":47},"1":{"name":"LeadForm","decl":{"start":{"line":107,"column":16},"end":{"line":107,"column":25}},"loc":{"start":{"line":118,"column":18},"end":{"line":1056,"column":null}},"line":118},"2":{"name":"(anonymous_2)","decl":{"start":{"line":171,"column":30},"end":{"line":171,"column":37}},"loc":{"start":{"line":171,"column":37},"end":{"line":176,"column":6}},"line":171},"3":{"name":"(anonymous_3)","decl":{"start":{"line":179,"column":12},"end":{"line":179,"column":18}},"loc":{"start":{"line":179,"column":18},"end":{"line":192,"column":5}},"line":179},"4":{"name":"(anonymous_4)","decl":{"start":{"line":195,"column":12},"end":{"line":195,"column":18}},"loc":{"start":{"line":195,"column":18},"end":{"line":198,"column":5}},"line":195},"5":{"name":"(anonymous_5)","decl":{"start":{"line":197,"column":11},"end":{"line":197,"column":17}},"loc":{"start":{"line":197,"column":17},"end":{"line":197,"column":null}},"line":197},"6":{"name":"(anonymous_6)","decl":{"start":{"line":200,"column":12},"end":{"line":200,"column":18}},"loc":{"start":{"line":200,"column":18},"end":{"line":237,"column":5}},"line":200},"7":{"name":"(anonymous_7)","decl":{"start":{"line":239,"column":12},"end":{"line":239,"column":18}},"loc":{"start":{"line":239,"column":18},"end":{"line":260,"column":5}},"line":239},"8":{"name":"(anonymous_8)","decl":{"start":{"line":264,"column":12},"end":{"line":264,"column":18}},"loc":{"start":{"line":264,"column":18},"end":{"line":266,"column":5}},"line":264},"9":{"name":"(anonymous_9)","decl":{"start":{"line":268,"column":23},"end":{"line":268,"column":35}},"loc":{"start":{"line":268,"column":35},"end":{"line":275,"column":null}},"line":268},"10":{"name":"(anonymous_10)","decl":{"start":{"line":277,"column":26},"end":{"line":277,"column":33}},"loc":{"start":{"line":277,"column":54},"end":{"line":284,"column":null}},"line":277},"11":{"name":"(anonymous_11)","decl":{"start":{"line":286,"column":32},"end":{"line":286,"column":44}},"loc":{"start":{"line":286,"column":44},"end":{"line":294,"column":null}},"line":286},"12":{"name":"(anonymous_12)","decl":{"start":{"line":310,"column":36},"end":{"line":310,"column":37}},"loc":{"start":{"line":310,"column":43},"end":{"line":310,"column":92}},"line":310},"13":{"name":"(anonymous_13)","decl":{"start":{"line":316,"column":27},"end":{"line":316,"column":28}},"loc":{"start":{"line":316,"column":51},"end":{"line":319,"column":null}},"line":316},"14":{"name":"(anonymous_14)","decl":{"start":{"line":321,"column":24},"end":{"line":321,"column":36}},"loc":{"start":{"line":321,"column":36},"end":{"line":333,"column":null}},"line":321},"15":{"name":"(anonymous_15)","decl":{"start":{"line":335,"column":71},"end":{"line":335,"column":78}},"loc":{"start":{"line":335,"column":78},"end":{"line":340,"column":6}},"line":335},"16":{"name":"(anonymous_16)","decl":{"start":{"line":342,"column":19},"end":{"line":342,"column":31}},"loc":{"start":{"line":342,"column":31},"end":{"line":354,"column":null}},"line":342},"17":{"name":"(anonymous_17)","decl":{"start":{"line":353,"column":23},"end":{"line":353,"column":24}},"loc":{"start":{"line":353,"column":33},"end":{"line":353,"column":75}},"line":353},"18":{"name":"(anonymous_18)","decl":{"start":{"line":356,"column":19},"end":{"line":356,"column":25}},"loc":{"start":{"line":356,"column":25},"end":{"line":358,"column":null}},"line":356},"19":{"name":"(anonymous_19)","decl":{"start":{"line":357,"column":23},"end":{"line":357,"column":24}},"loc":{"start":{"line":357,"column":33},"end":{"line":357,"column":54}},"line":357},"20":{"name":"(anonymous_20)","decl":{"start":{"line":360,"column":23},"end":{"line":360,"column":24}},"loc":{"start":{"line":360,"column":115},"end":{"line":365,"column":null}},"line":360},"21":{"name":"(anonymous_21)","decl":{"start":{"line":367,"column":12},"end":{"line":367,"column":18}},"loc":{"start":{"line":367,"column":18},"end":{"line":377,"column":5}},"line":367},"22":{"name":"(anonymous_22)","decl":{"start":{"line":368,"column":26},"end":{"line":368,"column":27}},"loc":{"start":{"line":368,"column":52},"end":{"line":374,"column":null}},"line":368},"23":{"name":"(anonymous_23)","decl":{"start":{"line":376,"column":11},"end":{"line":376,"column":17}},"loc":{"start":{"line":376,"column":17},"end":{"line":376,"column":null}},"line":376},"24":{"name":"(anonymous_24)","decl":{"start":{"line":379,"column":12},"end":{"line":379,"column":18}},"loc":{"start":{"line":379,"column":18},"end":{"line":412,"column":5}},"line":379},"25":{"name":"(anonymous_25)","decl":{"start":{"line":381,"column":36},"end":{"line":381,"column":42}},"loc":{"start":{"line":381,"column":42},"end":{"line":405,"column":5}},"line":381},"26":{"name":"(anonymous_26)","decl":{"start":{"line":386,"column":53},"end":{"line":386,"column":65}},"loc":{"start":{"line":386,"column":65},"end":{"line":404,"column":9}},"line":386},"27":{"name":"(anonymous_27)","decl":{"start":{"line":406,"column":11},"end":{"line":406,"column":17}},"loc":{"start":{"line":406,"column":17},"end":{"line":411,"column":null}},"line":406},"28":{"name":"(anonymous_28)","decl":{"start":{"line":414,"column":12},"end":{"line":414,"column":18}},"loc":{"start":{"line":414,"column":18},"end":{"line":427,"column":5}},"line":414},"29":{"name":"(anonymous_29)","decl":{"start":{"line":429,"column":12},"end":{"line":429,"column":18}},"loc":{"start":{"line":429,"column":18},"end":{"line":435,"column":5}},"line":429},"30":{"name":"(anonymous_30)","decl":{"start":{"line":437,"column":12},"end":{"line":437,"column":18}},"loc":{"start":{"line":437,"column":18},"end":{"line":458,"column":5}},"line":437},"31":{"name":"(anonymous_31)","decl":{"start":{"line":439,"column":36},"end":{"line":439,"column":42}},"loc":{"start":{"line":439,"column":42},"end":{"line":451,"column":5}},"line":439},"32":{"name":"(anonymous_32)","decl":{"start":{"line":443,"column":54},"end":{"line":443,"column":60}},"loc":{"start":{"line":443,"column":60},"end":{"line":450,"column":9}},"line":443},"33":{"name":"(anonymous_33)","decl":{"start":{"line":452,"column":11},"end":{"line":452,"column":17}},"loc":{"start":{"line":452,"column":17},"end":{"line":457,"column":null}},"line":452},"34":{"name":"(anonymous_34)","decl":{"start":{"line":523,"column":30},"end":{"line":523,"column":31}},"loc":{"start":{"line":524,"column":24},"end":{"line":541,"column":null}},"line":524},"35":{"name":"(anonymous_35)","decl":{"start":{"line":533,"column":43},"end":{"line":533,"column":44}},"loc":{"start":{"line":534,"column":32},"end":{"line":536,"column":null}},"line":534},"36":{"name":"(anonymous_36)","decl":{"start":{"line":552,"column":30},"end":{"line":552,"column":31}},"loc":{"start":{"line":553,"column":24},"end":{"line":570,"column":null}},"line":553},"37":{"name":"(anonymous_37)","decl":{"start":{"line":562,"column":46},"end":{"line":562,"column":47}},"loc":{"start":{"line":563,"column":32},"end":{"line":565,"column":null}},"line":563},"38":{"name":"(anonymous_38)","decl":{"start":{"line":589,"column":28},"end":{"line":589,"column":29}},"loc":{"start":{"line":590,"column":22},"end":{"line":596,"column":null}},"line":590},"39":{"name":"(anonymous_39)","decl":{"start":{"line":605,"column":28},"end":{"line":605,"column":29}},"loc":{"start":{"line":606,"column":22},"end":{"line":612,"column":null}},"line":606},"40":{"name":"(anonymous_40)","decl":{"start":{"line":621,"column":28},"end":{"line":621,"column":29}},"loc":{"start":{"line":622,"column":22},"end":{"line":628,"column":null}},"line":622},"41":{"name":"(anonymous_41)","decl":{"start":{"line":637,"column":28},"end":{"line":637,"column":29}},"loc":{"start":{"line":638,"column":22},"end":{"line":644,"column":null}},"line":638},"42":{"name":"(anonymous_42)","decl":{"start":{"line":653,"column":28},"end":{"line":653,"column":29}},"loc":{"start":{"line":654,"column":22},"end":{"line":669,"column":null}},"line":654},"43":{"name":"(anonymous_43)","decl":{"start":{"line":682,"column":28},"end":{"line":682,"column":29}},"loc":{"start":{"line":683,"column":22},"end":{"line":689,"column":null}},"line":683},"44":{"name":"(anonymous_44)","decl":{"start":{"line":698,"column":28},"end":{"line":698,"column":29}},"loc":{"start":{"line":699,"column":22},"end":{"line":705,"column":null}},"line":699},"45":{"name":"(anonymous_45)","decl":{"start":{"line":714,"column":28},"end":{"line":714,"column":29}},"loc":{"start":{"line":715,"column":22},"end":{"line":734,"column":null}},"line":715},"46":{"name":"(anonymous_46)","decl":{"start":{"line":744,"column":30},"end":{"line":744,"column":31}},"loc":{"start":{"line":745,"column":24},"end":{"line":751,"column":null}},"line":745},"47":{"name":"(anonymous_47)","decl":{"start":{"line":765,"column":28},"end":{"line":765,"column":29}},"loc":{"start":{"line":766,"column":22},"end":{"line":785,"column":null}},"line":766},"48":{"name":"(anonymous_48)","decl":{"start":{"line":794,"column":28},"end":{"line":794,"column":29}},"loc":{"start":{"line":795,"column":22},"end":{"line":801,"column":null}},"line":795},"49":{"name":"(anonymous_49)","decl":{"start":{"line":810,"column":28},"end":{"line":810,"column":29}},"loc":{"start":{"line":811,"column":22},"end":{"line":826,"column":null}},"line":811},"50":{"name":"(anonymous_50)","decl":{"start":{"line":835,"column":28},"end":{"line":835,"column":29}},"loc":{"start":{"line":836,"column":22},"end":{"line":842,"column":null}},"line":836},"51":{"name":"(anonymous_51)","decl":{"start":{"line":852,"column":30},"end":{"line":852,"column":31}},"loc":{"start":{"line":853,"column":24},"end":{"line":859,"column":null}},"line":853},"52":{"name":"(anonymous_52)","decl":{"start":{"line":870,"column":30},"end":{"line":870,"column":31}},"loc":{"start":{"line":871,"column":24},"end":{"line":877,"column":null}},"line":871},"53":{"name":"(anonymous_53)","decl":{"start":{"line":888,"column":30},"end":{"line":888,"column":31}},"loc":{"start":{"line":889,"column":24},"end":{"line":895,"column":null}},"line":889},"54":{"name":"(anonymous_54)","decl":{"start":{"line":905,"column":28},"end":{"line":905,"column":29}},"loc":{"start":{"line":906,"column":22},"end":{"line":916,"column":null}},"line":906},"55":{"name":"(anonymous_55)","decl":{"start":{"line":925,"column":28},"end":{"line":925,"column":29}},"loc":{"start":{"line":926,"column":22},"end":{"line":944,"column":null}},"line":926},"56":{"name":"(anonymous_56)","decl":{"start":{"line":929,"column":83},"end":{"line":929,"column":89}},"loc":{"start":{"line":929,"column":89},"end":{"line":929,"column":111}},"line":929},"57":{"name":"(anonymous_57)","decl":{"start":{"line":930,"column":83},"end":{"line":930,"column":89}},"loc":{"start":{"line":930,"column":89},"end":{"line":930,"column":113}},"line":930},"58":{"name":"(anonymous_58)","decl":{"start":{"line":931,"column":83},"end":{"line":931,"column":89}},"loc":{"start":{"line":931,"column":89},"end":{"line":931,"column":116}},"line":931},"59":{"name":"(anonymous_59)","decl":{"start":{"line":932,"column":83},"end":{"line":932,"column":89}},"loc":{"start":{"line":932,"column":89},"end":{"line":932,"column":126}},"line":932},"60":{"name":"(anonymous_60)","decl":{"start":{"line":933,"column":83},"end":{"line":933,"column":89}},"loc":{"start":{"line":933,"column":89},"end":{"line":933,"column":124}},"line":933},"61":{"name":"(anonymous_61)","decl":{"start":{"line":940,"column":37},"end":{"line":940,"column":38}},"loc":{"start":{"line":940,"column":48},"end":{"line":940,"column":null}},"line":940},"62":{"name":"(anonymous_62)","decl":{"start":{"line":965,"column":41},"end":{"line":965,"column":42}},"loc":{"start":{"line":966,"column":26},"end":{"line":972,"column":null}},"line":966},"63":{"name":"(anonymous_63)","decl":{"start":{"line":1017,"column":23},"end":{"line":1017,"column":29}},"loc":{"start":{"line":1017,"column":29},"end":{"line":1020,"column":null}},"line":1017},"64":{"name":"(anonymous_64)","decl":{"start":{"line":1029,"column":21},"end":{"line":1029,"column":27}},"loc":{"start":{"line":1029,"column":27},"end":{"line":1031,"column":null}},"line":1029}},"branchMap":{"0":{"loc":{"start":{"line":48,"column":22},"end":{"line":48,"column":null}},"type":"binary-expr","locations":[{"start":{"line":48,"column":22},"end":{"line":48,"column":36}},{"start":{"line":48,"column":36},"end":{"line":48,"column":null}}],"line":48},"1":{"loc":{"start":{"line":49,"column":22},"end":{"line":49,"column":null}},"type":"binary-expr","locations":[{"start":{"line":49,"column":22},"end":{"line":49,"column":36}},{"start":{"line":49,"column":36},"end":{"line":49,"column":null}}],"line":49},"2":{"loc":{"start":{"line":50,"column":2},"end":{"line":56,"column":null}},"type":"if","locations":[{"start":{"line":50,"column":2},"end":{"line":56,"column":null}},{"start":{},"end":{}}],"line":50},"3":{"loc":{"start":{"line":50,"column":6},"end":{"line":50,"column":30}},"type":"binary-expr","locations":[{"start":{"line":50,"column":6},"end":{"line":50,"column":19}},{"start":{"line":50,"column":19},"end":{"line":50,"column":30}}],"line":50},"4":{"loc":{"start":{"line":57,"column":2},"end":{"line":63,"column":null}},"type":"if","locations":[{"start":{"line":57,"column":2},"end":{"line":63,"column":null}},{"start":{},"end":{}}],"line":57},"5":{"loc":{"start":{"line":57,"column":6},"end":{"line":57,"column":65}},"type":"binary-expr","locations":[{"start":{"line":57,"column":6},"end":{"line":57,"column":36}},{"start":{"line":57,"column":36},"end":{"line":57,"column":65}}],"line":57},"6":{"loc":{"start":{"line":64,"column":2},"end":{"line":70,"column":null}},"type":"if","locations":[{"start":{"line":64,"column":2},"end":{"line":70,"column":null}},{"start":{},"end":{}}],"line":64},"7":{"loc":{"start":{"line":64,"column":6},"end":{"line":64,"column":59}},"type":"binary-expr","locations":[{"start":{"line":64,"column":6},"end":{"line":64,"column":32}},{"start":{"line":64,"column":32},"end":{"line":64,"column":59}}],"line":64},"8":{"loc":{"start":{"line":71,"column":24},"end":{"line":71,"column":null}},"type":"binary-expr","locations":[{"start":{"line":71,"column":24},"end":{"line":71,"column":59}},{"start":{"line":71,"column":59},"end":{"line":71,"column":null}}],"line":71},"9":{"loc":{"start":{"line":72,"column":2},"end":{"line":78,"column":null}},"type":"if","locations":[{"start":{"line":72,"column":2},"end":{"line":78,"column":null}},{"start":{},"end":{}}],"line":72},"10":{"loc":{"start":{"line":72,"column":6},"end":{"line":72,"column":54}},"type":"binary-expr","locations":[{"start":{"line":72,"column":6},"end":{"line":72,"column":23}},{"start":{"line":72,"column":23},"end":{"line":72,"column":54}}],"line":72},"11":{"loc":{"start":{"line":79,"column":2},"end":{"line":88,"column":null}},"type":"if","locations":[{"start":{"line":79,"column":2},"end":{"line":88,"column":null}},{"start":{},"end":{}}],"line":79},"12":{"loc":{"start":{"line":80,"column":32},"end":{"line":80,"column":62}},"type":"binary-expr","locations":[{"start":{"line":80,"column":32},"end":{"line":80,"column":59}},{"start":{"line":80,"column":59},"end":{"line":80,"column":62}}],"line":80},"13":{"loc":{"start":{"line":81,"column":4},"end":{"line":87,"column":null}},"type":"if","locations":[{"start":{"line":81,"column":4},"end":{"line":87,"column":null}},{"start":{},"end":{}}],"line":81},"14":{"loc":{"start":{"line":81,"column":8},"end":{"line":81,"column":61}},"type":"binary-expr","locations":[{"start":{"line":81,"column":8},"end":{"line":81,"column":42}},{"start":{"line":81,"column":42},"end":{"line":81,"column":61}}],"line":81},"15":{"loc":{"start":{"line":116,"column":2},"end":{"line":116,"column":null}},"type":"default-arg","locations":[{"start":{"line":116,"column":13},"end":{"line":116,"column":null}}],"line":116},"16":{"loc":{"start":{"line":137,"column":18},"end":{"line":137,"column":null}},"type":"binary-expr","locations":[{"start":{"line":137,"column":18},"end":{"line":137,"column":45}},{"start":{"line":137,"column":45},"end":{"line":137,"column":null}}],"line":137},"17":{"loc":{"start":{"line":138,"column":17},"end":{"line":138,"column":null}},"type":"binary-expr","locations":[{"start":{"line":138,"column":17},"end":{"line":138,"column":43}},{"start":{"line":138,"column":43},"end":{"line":138,"column":null}}],"line":138},"18":{"loc":{"start":{"line":139,"column":15},"end":{"line":139,"column":null}},"type":"binary-expr","locations":[{"start":{"line":139,"column":15},"end":{"line":139,"column":39}},{"start":{"line":139,"column":39},"end":{"line":139,"column":null}}],"line":139},"19":{"loc":{"start":{"line":140,"column":13},"end":{"line":140,"column":null}},"type":"binary-expr","locations":[{"start":{"line":140,"column":13},"end":{"line":140,"column":35}},{"start":{"line":140,"column":35},"end":{"line":140,"column":null}}],"line":140},"20":{"loc":{"start":{"line":141,"column":13},"end":{"line":141,"column":null}},"type":"binary-expr","locations":[{"start":{"line":141,"column":13},"end":{"line":141,"column":35}},{"start":{"line":141,"column":35},"end":{"line":141,"column":null}}],"line":141},"21":{"loc":{"start":{"line":142,"column":13},"end":{"line":142,"column":null}},"type":"binary-expr","locations":[{"start":{"line":142,"column":13},"end":{"line":142,"column":35}},{"start":{"line":142,"column":35},"end":{"line":142,"column":null}}],"line":142},"22":{"loc":{"start":{"line":143,"column":14},"end":{"line":143,"column":null}},"type":"binary-expr","locations":[{"start":{"line":143,"column":14},"end":{"line":143,"column":37}},{"start":{"line":143,"column":37},"end":{"line":143,"column":null}}],"line":143},"23":{"loc":{"start":{"line":144,"column":14},"end":{"line":144,"column":null}},"type":"binary-expr","locations":[{"start":{"line":144,"column":14},"end":{"line":144,"column":37}},{"start":{"line":144,"column":37},"end":{"line":144,"column":null}}],"line":144},"24":{"loc":{"start":{"line":145,"column":23},"end":{"line":145,"column":null}},"type":"binary-expr","locations":[{"start":{"line":145,"column":23},"end":{"line":145,"column":55}},{"start":{"line":145,"column":55},"end":{"line":145,"column":null}}],"line":145},"25":{"loc":{"start":{"line":146,"column":27},"end":{"line":146,"column":null}},"type":"binary-expr","locations":[{"start":{"line":146,"column":27},"end":{"line":146,"column":63}},{"start":{"line":146,"column":63},"end":{"line":146,"column":null}}],"line":146},"26":{"loc":{"start":{"line":147,"column":19},"end":{"line":147,"column":null}},"type":"binary-expr","locations":[{"start":{"line":147,"column":19},"end":{"line":147,"column":47}},{"start":{"line":147,"column":47},"end":{"line":147,"column":null}}],"line":147},"27":{"loc":{"start":{"line":148,"column":13},"end":{"line":148,"column":null}},"type":"binary-expr","locations":[{"start":{"line":148,"column":13},"end":{"line":148,"column":35}},{"start":{"line":148,"column":35},"end":{"line":148,"column":null}}],"line":148},"28":{"loc":{"start":{"line":149,"column":17},"end":{"line":149,"column":null}},"type":"binary-expr","locations":[{"start":{"line":149,"column":17},"end":{"line":149,"column":43}},{"start":{"line":149,"column":43},"end":{"line":149,"column":63}},{"start":{"line":149,"column":63},"end":{"line":149,"column":null}}],"line":149},"29":{"loc":{"start":{"line":150,"column":20},"end":{"line":150,"column":null}},"type":"binary-expr","locations":[{"start":{"line":150,"column":20},"end":{"line":150,"column":49}},{"start":{"line":150,"column":49},"end":{"line":150,"column":72}},{"start":{"line":150,"column":72},"end":{"line":150,"column":null}}],"line":150},"30":{"loc":{"start":{"line":151,"column":19},"end":{"line":151,"column":null}},"type":"binary-expr","locations":[{"start":{"line":151,"column":19},"end":{"line":151,"column":69}},{"start":{"line":151,"column":69},"end":{"line":151,"column":null}}],"line":151},"31":{"loc":{"start":{"line":153,"column":19},"end":{"line":153,"column":null}},"type":"binary-expr","locations":[{"start":{"line":153,"column":19},"end":{"line":153,"column":110}},{"start":{"line":153,"column":110},"end":{"line":153,"column":null}}],"line":153},"32":{"loc":{"start":{"line":154,"column":23},"end":{"line":154,"column":null}},"type":"binary-expr","locations":[{"start":{"line":154,"column":23},"end":{"line":154,"column":99}},{"start":{"line":154,"column":99},"end":{"line":154,"column":null}}],"line":154},"33":{"loc":{"start":{"line":155,"column":27},"end":{"line":155,"column":null}},"type":"binary-expr","locations":[{"start":{"line":155,"column":27},"end":{"line":155,"column":107}},{"start":{"line":155,"column":107},"end":{"line":155,"column":null}}],"line":155},"34":{"loc":{"start":{"line":156,"column":28},"end":{"line":156,"column":null}},"type":"binary-expr","locations":[{"start":{"line":156,"column":28},"end":{"line":156,"column":109}},{"start":{"line":156,"column":109},"end":{"line":156,"column":null}}],"line":156},"35":{"loc":{"start":{"line":157,"column":21},"end":{"line":157,"column":null}},"type":"binary-expr","locations":[{"start":{"line":157,"column":21},"end":{"line":157,"column":95}},{"start":{"line":157,"column":95},"end":{"line":157,"column":null}}],"line":157},"36":{"loc":{"start":{"line":167,"column":22},"end":{"line":167,"column":null}},"type":"cond-expr","locations":[{"start":{"line":167,"column":48},"end":{"line":167,"column":67}},{"start":{"line":167,"column":67},"end":{"line":167,"column":null}}],"line":167},"37":{"loc":{"start":{"line":167,"column":67},"end":{"line":167,"column":null}},"type":"cond-expr","locations":[{"start":{"line":167,"column":91},"end":{"line":167,"column":108}},{"start":{"line":167,"column":108},"end":{"line":167,"column":null}}],"line":167},"38":{"loc":{"start":{"line":167,"column":108},"end":{"line":167,"column":null}},"type":"cond-expr","locations":[{"start":{"line":167,"column":135},"end":{"line":167,"column":155}},{"start":{"line":167,"column":155},"end":{"line":167,"column":null}}],"line":167},"39":{"loc":{"start":{"line":169,"column":25},"end":{"line":169,"column":null}},"type":"binary-expr","locations":[{"start":{"line":169,"column":25},"end":{"line":169,"column":61}},{"start":{"line":169,"column":61},"end":{"line":169,"column":null}}],"line":169},"40":{"loc":{"start":{"line":170,"column":29},"end":{"line":170,"column":null}},"type":"binary-expr","locations":[{"start":{"line":170,"column":29},"end":{"line":170,"column":56}},{"start":{"line":170,"column":56},"end":{"line":170,"column":null}}],"line":170},"41":{"loc":{"start":{"line":177,"column":23},"end":{"line":177,"column":null}},"type":"binary-expr","locations":[{"start":{"line":177,"column":23},"end":{"line":177,"column":59}},{"start":{"line":177,"column":59},"end":{"line":177,"column":null}}],"line":177},"42":{"loc":{"start":{"line":180,"column":4},"end":{"line":191,"column":null}},"type":"if","locations":[{"start":{"line":180,"column":4},"end":{"line":191,"column":null}},{"start":{"line":187,"column":4},"end":{"line":191,"column":null}}],"line":180},"43":{"loc":{"start":{"line":182,"column":6},"end":{"line":186,"column":null}},"type":"if","locations":[{"start":{"line":182,"column":6},"end":{"line":186,"column":null}},{"start":{"line":184,"column":13},"end":{"line":186,"column":null}}],"line":182},"44":{"loc":{"start":{"line":187,"column":4},"end":{"line":191,"column":null}},"type":"if","locations":[{"start":{"line":187,"column":4},"end":{"line":191,"column":null}},{"start":{"line":189,"column":4},"end":{"line":191,"column":null}}],"line":187},"45":{"loc":{"start":{"line":188,"column":6},"end":{"line":188,"column":null}},"type":"if","locations":[{"start":{"line":188,"column":6},"end":{"line":188,"column":null}},{"start":{},"end":{}}],"line":188},"46":{"loc":{"start":{"line":189,"column":4},"end":{"line":191,"column":null}},"type":"if","locations":[{"start":{"line":189,"column":4},"end":{"line":191,"column":null}},{"start":{},"end":{}}],"line":189},"47":{"loc":{"start":{"line":201,"column":4},"end":{"line":236,"column":null}},"type":"if","locations":[{"start":{"line":201,"column":4},"end":{"line":236,"column":null}},{"start":{},"end":{}}],"line":201},"48":{"loc":{"start":{"line":207,"column":6},"end":{"line":235,"column":null}},"type":"if","locations":[{"start":{"line":207,"column":6},"end":{"line":235,"column":null}},{"start":{},"end":{}}],"line":207},"49":{"loc":{"start":{"line":217,"column":29},"end":{"line":217,"column":null}},"type":"binary-expr","locations":[{"start":{"line":217,"column":29},"end":{"line":217,"column":56}},{"start":{"line":217,"column":56},"end":{"line":217,"column":null}}],"line":217},"50":{"loc":{"start":{"line":219,"column":8},"end":{"line":226,"column":null}},"type":"if","locations":[{"start":{"line":219,"column":8},"end":{"line":226,"column":null}},{"start":{},"end":{}}],"line":219},"51":{"loc":{"start":{"line":220,"column":27},"end":{"line":220,"column":null}},"type":"cond-expr","locations":[{"start":{"line":220,"column":42},"end":{"line":220,"column":92}},{"start":{"line":220,"column":92},"end":{"line":220,"column":null}}],"line":220},"52":{"loc":{"start":{"line":230,"column":8},"end":{"line":234,"column":null}},"type":"if","locations":[{"start":{"line":230,"column":8},"end":{"line":234,"column":null}},{"start":{"line":232,"column":15},"end":{"line":234,"column":null}}],"line":230},"53":{"loc":{"start":{"line":240,"column":4},"end":{"line":259,"column":null}},"type":"if","locations":[{"start":{"line":240,"column":4},"end":{"line":259,"column":null}},{"start":{},"end":{}}],"line":240},"54":{"loc":{"start":{"line":242,"column":6},"end":{"line":244,"column":null}},"type":"if","locations":[{"start":{"line":242,"column":6},"end":{"line":244,"column":null}},{"start":{},"end":{}}],"line":242},"55":{"loc":{"start":{"line":245,"column":39},"end":{"line":245,"column":74}},"type":"binary-expr","locations":[{"start":{"line":245,"column":39},"end":{"line":245,"column":72}},{"start":{"line":245,"column":72},"end":{"line":245,"column":74}}],"line":245},"56":{"loc":{"start":{"line":246,"column":6},"end":{"line":248,"column":null}},"type":"if","locations":[{"start":{"line":246,"column":6},"end":{"line":248,"column":null}},{"start":{},"end":{}}],"line":246},"57":{"loc":{"start":{"line":246,"column":10},"end":{"line":246,"column":49}},"type":"binary-expr","locations":[{"start":{"line":246,"column":10},"end":{"line":246,"column":31}},{"start":{"line":246,"column":31},"end":{"line":246,"column":49}}],"line":246},"58":{"loc":{"start":{"line":251,"column":27},"end":{"line":251,"column":null}},"type":"binary-expr","locations":[{"start":{"line":251,"column":27},"end":{"line":251,"column":54}},{"start":{"line":251,"column":54},"end":{"line":251,"column":null}}],"line":251},"59":{"loc":{"start":{"line":253,"column":6},"end":{"line":253,"column":null}},"type":"if","locations":[{"start":{"line":253,"column":6},"end":{"line":253,"column":null}},{"start":{},"end":{}}],"line":253},"60":{"loc":{"start":{"line":253,"column":10},"end":{"line":253,"column":54}},"type":"binary-expr","locations":[{"start":{"line":253,"column":10},"end":{"line":253,"column":21}},{"start":{"line":253,"column":21},"end":{"line":253,"column":54}}],"line":253},"61":{"loc":{"start":{"line":254,"column":6},"end":{"line":254,"column":null}},"type":"if","locations":[{"start":{"line":254,"column":6},"end":{"line":254,"column":null}},{"start":{},"end":{}}],"line":254},"62":{"loc":{"start":{"line":254,"column":10},"end":{"line":254,"column":62}},"type":"binary-expr","locations":[{"start":{"line":254,"column":10},"end":{"line":254,"column":25}},{"start":{"line":254,"column":25},"end":{"line":254,"column":62}}],"line":254},"63":{"loc":{"start":{"line":255,"column":6},"end":{"line":258,"column":null}},"type":"if","locations":[{"start":{"line":255,"column":6},"end":{"line":258,"column":null}},{"start":{},"end":{}}],"line":255},"64":{"loc":{"start":{"line":256,"column":25},"end":{"line":256,"column":null}},"type":"cond-expr","locations":[{"start":{"line":256,"column":40},"end":{"line":256,"column":83}},{"start":{"line":256,"column":83},"end":{"line":256,"column":null}}],"line":256},"65":{"loc":{"start":{"line":274,"column":4},"end":{"line":274,"column":null}},"type":"if","locations":[{"start":{"line":274,"column":4},"end":{"line":274,"column":null}},{"start":{},"end":{}}],"line":274},"66":{"loc":{"start":{"line":283,"column":4},"end":{"line":283,"column":null}},"type":"if","locations":[{"start":{"line":283,"column":4},"end":{"line":283,"column":null}},{"start":{},"end":{}}],"line":283},"67":{"loc":{"start":{"line":287,"column":4},"end":{"line":287,"column":null}},"type":"if","locations":[{"start":{"line":287,"column":4},"end":{"line":287,"column":null}},{"start":{},"end":{}}],"line":287},"68":{"loc":{"start":{"line":293,"column":4},"end":{"line":293,"column":null}},"type":"if","locations":[{"start":{"line":293,"column":4},"end":{"line":293,"column":null}},{"start":{},"end":{}}],"line":293},"69":{"loc":{"start":{"line":310,"column":43},"end":{"line":310,"column":92}},"type":"cond-expr","locations":[{"start":{"line":310,"column":67},"end":{"line":310,"column":89}},{"start":{"line":310,"column":89},"end":{"line":310,"column":92}}],"line":310},"70":{"loc":{"start":{"line":312,"column":16},"end":{"line":312,"column":null}},"type":"cond-expr","locations":[{"start":{"line":312,"column":30},"end":{"line":312,"column":41}},{"start":{"line":312,"column":41},"end":{"line":312,"column":null}}],"line":312},"71":{"loc":{"start":{"line":312,"column":41},"end":{"line":312,"column":null}},"type":"cond-expr","locations":[{"start":{"line":312,"column":55},"end":{"line":312,"column":68}},{"start":{"line":312,"column":68},"end":{"line":312,"column":null}}],"line":312},"72":{"loc":{"start":{"line":313,"column":16},"end":{"line":313,"column":null}},"type":"cond-expr","locations":[{"start":{"line":313,"column":30},"end":{"line":313,"column":36}},{"start":{"line":313,"column":36},"end":{"line":313,"column":null}}],"line":313},"73":{"loc":{"start":{"line":313,"column":36},"end":{"line":313,"column":null}},"type":"cond-expr","locations":[{"start":{"line":313,"column":50},"end":{"line":313,"column":56}},{"start":{"line":313,"column":56},"end":{"line":313,"column":null}}],"line":313},"74":{"loc":{"start":{"line":313,"column":56},"end":{"line":313,"column":null}},"type":"cond-expr","locations":[{"start":{"line":313,"column":70},"end":{"line":313,"column":76}},{"start":{"line":313,"column":76},"end":{"line":313,"column":null}}],"line":313},"75":{"loc":{"start":{"line":314,"column":16},"end":{"line":314,"column":null}},"type":"cond-expr","locations":[{"start":{"line":314,"column":30},"end":{"line":314,"column":69}},{"start":{"line":314,"column":69},"end":{"line":314,"column":null}}],"line":314},"76":{"loc":{"start":{"line":314,"column":69},"end":{"line":314,"column":null}},"type":"cond-expr","locations":[{"start":{"line":314,"column":83},"end":{"line":314,"column":124}},{"start":{"line":314,"column":124},"end":{"line":314,"column":null}}],"line":314},"77":{"loc":{"start":{"line":322,"column":4},"end":{"line":332,"column":null}},"type":"if","locations":[{"start":{"line":322,"column":4},"end":{"line":332,"column":null}},{"start":{},"end":{}}],"line":322},"78":{"loc":{"start":{"line":325,"column":6},"end":{"line":329,"column":null}},"type":"if","locations":[{"start":{"line":325,"column":6},"end":{"line":329,"column":null}},{"start":{"line":327,"column":13},"end":{"line":329,"column":null}}],"line":325},"79":{"loc":{"start":{"line":325,"column":10},"end":{"line":325,"column":51}},"type":"binary-expr","locations":[{"start":{"line":325,"column":10},"end":{"line":325,"column":37}},{"start":{"line":325,"column":37},"end":{"line":325,"column":51}}],"line":325},"80":{"loc":{"start":{"line":344,"column":4},"end":{"line":344,"column":null}},"type":"if","locations":[{"start":{"line":344,"column":4},"end":{"line":344,"column":null}},{"start":{},"end":{}}],"line":344},"81":{"loc":{"start":{"line":345,"column":19},"end":{"line":345,"column":null}},"type":"binary-expr","locations":[{"start":{"line":345,"column":19},"end":{"line":345,"column":47}},{"start":{"line":345,"column":47},"end":{"line":345,"column":null}}],"line":345},"82":{"loc":{"start":{"line":346,"column":4},"end":{"line":352,"column":null}},"type":"if","locations":[{"start":{"line":346,"column":4},"end":{"line":352,"column":null}},{"start":{},"end":{}}],"line":346},"83":{"loc":{"start":{"line":348,"column":6},"end":{"line":351,"column":null}},"type":"if","locations":[{"start":{"line":348,"column":6},"end":{"line":351,"column":null}},{"start":{},"end":{}}],"line":348},"84":{"loc":{"start":{"line":361,"column":4},"end":{"line":361,"column":null}},"type":"if","locations":[{"start":{"line":361,"column":4},"end":{"line":361,"column":null}},{"start":{},"end":{}}],"line":361},"85":{"loc":{"start":{"line":369,"column":6},"end":{"line":373,"column":null}},"type":"if","locations":[{"start":{"line":369,"column":6},"end":{"line":373,"column":null}},{"start":{},"end":{}}],"line":369},"86":{"loc":{"start":{"line":369,"column":6},"end":{"line":369,"column":79}},"type":"binary-expr","locations":[{"start":{"line":369,"column":11},"end":{"line":369,"column":28}},{"start":{"line":369,"column":28},"end":{"line":369,"column":46}},{"start":{"line":369,"column":46},"end":{"line":369,"column":79}}],"line":369},"87":{"loc":{"start":{"line":380,"column":4},"end":{"line":380,"column":null}},"type":"if","locations":[{"start":{"line":380,"column":4},"end":{"line":380,"column":null}},{"start":{},"end":{}}],"line":380},"88":{"loc":{"start":{"line":380,"column":8},"end":{"line":380,"column":34}},"type":"binary-expr","locations":[{"start":{"line":380,"column":8},"end":{"line":380,"column":21}},{"start":{"line":380,"column":21},"end":{"line":380,"column":34}}],"line":380},"89":{"loc":{"start":{"line":382,"column":6},"end":{"line":382,"column":null}},"type":"if","locations":[{"start":{"line":382,"column":6},"end":{"line":382,"column":null}},{"start":{},"end":{}}],"line":382},"90":{"loc":{"start":{"line":383,"column":6},"end":{"line":385,"column":null}},"type":"if","locations":[{"start":{"line":383,"column":6},"end":{"line":385,"column":null}},{"start":{},"end":{}}],"line":383},"91":{"loc":{"start":{"line":387,"column":8},"end":{"line":387,"column":null}},"type":"if","locations":[{"start":{"line":387,"column":8},"end":{"line":387,"column":null}},{"start":{},"end":{}}],"line":387},"92":{"loc":{"start":{"line":389,"column":8},"end":{"line":389,"column":null}},"type":"if","locations":[{"start":{"line":389,"column":8},"end":{"line":389,"column":null}},{"start":{},"end":{}}],"line":389},"93":{"loc":{"start":{"line":398,"column":26},"end":{"line":398,"column":null}},"type":"cond-expr","locations":[{"start":{"line":398,"column":51},"end":{"line":398,"column":67}},{"start":{"line":398,"column":67},"end":{"line":398,"column":null}}],"line":398},"94":{"loc":{"start":{"line":408,"column":6},"end":{"line":410,"column":null}},"type":"if","locations":[{"start":{"line":408,"column":6},"end":{"line":410,"column":null}},{"start":{},"end":{}}],"line":408},"95":{"loc":{"start":{"line":415,"column":4},"end":{"line":415,"column":null}},"type":"if","locations":[{"start":{"line":415,"column":4},"end":{"line":415,"column":null}},{"start":{},"end":{}}],"line":415},"96":{"loc":{"start":{"line":417,"column":4},"end":{"line":417,"column":null}},"type":"if","locations":[{"start":{"line":417,"column":4},"end":{"line":417,"column":null}},{"start":{},"end":{}}],"line":417},"97":{"loc":{"start":{"line":430,"column":20},"end":{"line":430,"column":null}},"type":"binary-expr","locations":[{"start":{"line":430,"column":20},"end":{"line":430,"column":36}},{"start":{"line":430,"column":36},"end":{"line":430,"column":null}}],"line":430},"98":{"loc":{"start":{"line":431,"column":4},"end":{"line":431,"column":null}},"type":"if","locations":[{"start":{"line":431,"column":4},"end":{"line":431,"column":null}},{"start":{},"end":{}}],"line":431},"99":{"loc":{"start":{"line":432,"column":4},"end":{"line":434,"column":null}},"type":"if","locations":[{"start":{"line":432,"column":4},"end":{"line":434,"column":null}},{"start":{},"end":{}}],"line":432},"100":{"loc":{"start":{"line":438,"column":4},"end":{"line":438,"column":null}},"type":"if","locations":[{"start":{"line":438,"column":4},"end":{"line":438,"column":null}},{"start":{},"end":{}}],"line":438},"101":{"loc":{"start":{"line":440,"column":6},"end":{"line":442,"column":null}},"type":"if","locations":[{"start":{"line":440,"column":6},"end":{"line":442,"column":null}},{"start":{},"end":{}}],"line":440},"102":{"loc":{"start":{"line":454,"column":6},"end":{"line":456,"column":null}},"type":"if","locations":[{"start":{"line":454,"column":6},"end":{"line":456,"column":null}},{"start":{},"end":{}}],"line":454},"103":{"loc":{"start":{"line":464,"column":9},"end":{"line":482,"column":null}},"type":"binary-expr","locations":[{"start":{"line":464,"column":9},"end":{"line":464,"column":null}},{"start":{"line":465,"column":10},"end":{"line":482,"column":null}}],"line":464},"104":{"loc":{"start":{"line":471,"column":15},"end":{"line":479,"column":null}},"type":"cond-expr","locations":[{"start":{"line":472,"column":16},"end":{"line":477,"column":null}},{"start":{"line":479,"column":16},"end":{"line":479,"column":null}}],"line":471},"105":{"loc":{"start":{"line":473,"column":34},"end":{"line":473,"column":null}},"type":"cond-expr","locations":[{"start":{"line":473,"column":49},"end":{"line":473,"column":61}},{"start":{"line":473,"column":61},"end":{"line":473,"column":null}}],"line":473},"106":{"loc":{"start":{"line":474,"column":21},"end":{"line":474,"column":null}},"type":"cond-expr","locations":[{"start":{"line":474,"column":36},"end":{"line":474,"column":55}},{"start":{"line":474,"column":55},"end":{"line":474,"column":null}}],"line":474},"107":{"loc":{"start":{"line":476,"column":19},"end":{"line":476,"column":null}},"type":"cond-expr","locations":[{"start":{"line":476,"column":35},"end":{"line":476,"column":103}},{"start":{"line":476,"column":103},"end":{"line":476,"column":null}}],"line":476},"108":{"loc":{"start":{"line":506,"column":18},"end":{"line":506,"column":null}},"type":"cond-expr","locations":[{"start":{"line":506,"column":40},"end":{"line":506,"column":51}},{"start":{"line":506,"column":51},"end":{"line":506,"column":null}}],"line":506},"109":{"loc":{"start":{"line":507,"column":18},"end":{"line":507,"column":null}},"type":"cond-expr","locations":[{"start":{"line":507,"column":61},"end":{"line":507,"column":72}},{"start":{"line":507,"column":72},"end":{"line":507,"column":null}}],"line":507},"110":{"loc":{"start":{"line":512,"column":17},"end":{"line":512,"column":null}},"type":"cond-expr","locations":[{"start":{"line":512,"column":35},"end":{"line":512,"column":52}},{"start":{"line":512,"column":52},"end":{"line":512,"column":null}}],"line":512},"111":{"loc":{"start":{"line":516,"column":13},"end":{"line":673,"column":null}},"type":"binary-expr","locations":[{"start":{"line":516,"column":13},"end":{"line":516,"column":null}},{"start":{"line":517,"column":14},"end":{"line":673,"column":null}}],"line":516},"112":{"loc":{"start":{"line":518,"column":17},"end":{"line":544,"column":null}},"type":"binary-expr","locations":[{"start":{"line":518,"column":17},"end":{"line":518,"column":null}},{"start":{"line":519,"column":18},"end":{"line":544,"column":null}}],"line":518},"113":{"loc":{"start":{"line":526,"column":72},"end":{"line":526,"column":98}},"type":"binary-expr","locations":[{"start":{"line":526,"column":72},"end":{"line":526,"column":87}},{"start":{"line":526,"column":87},"end":{"line":526,"column":98}}],"line":526},"114":{"loc":{"start":{"line":544,"column":18},"end":{"line":573,"column":null}},"type":"binary-expr","locations":[{"start":{"line":547,"column":18},"end":{"line":547,"column":43}},{"start":{"line":547,"column":43},"end":{"line":547,"column":71}},{"start":{"line":547,"column":71},"end":{"line":547,"column":null}},{"start":{"line":548,"column":18},"end":{"line":573,"column":null}}],"line":544},"115":{"loc":{"start":{"line":555,"column":72},"end":{"line":555,"column":98}},"type":"binary-expr","locations":[{"start":{"line":555,"column":72},"end":{"line":555,"column":87}},{"start":{"line":555,"column":87},"end":{"line":555,"column":98}}],"line":555},"116":{"loc":{"start":{"line":576,"column":17},"end":{"line":582,"column":null}},"type":"binary-expr","locations":[{"start":{"line":576,"column":17},"end":{"line":576,"column":43}},{"start":{"line":576,"column":43},"end":{"line":576,"column":71}},{"start":{"line":576,"column":71},"end":{"line":576,"column":null}},{"start":{"line":577,"column":18},"end":{"line":582,"column":null}}],"line":576},"117":{"loc":{"start":{"line":676,"column":13},"end":{"line":756,"column":null}},"type":"binary-expr","locations":[{"start":{"line":676,"column":13},"end":{"line":676,"column":null}},{"start":{"line":677,"column":14},"end":{"line":756,"column":null}}],"line":676},"118":{"loc":{"start":{"line":739,"column":17},"end":{"line":754,"column":null}},"type":"binary-expr","locations":[{"start":{"line":739,"column":17},"end":{"line":739,"column":null}},{"start":{"line":740,"column":18},"end":{"line":754,"column":null}}],"line":739},"119":{"loc":{"start":{"line":759,"column":13},"end":{"line":980,"column":null}},"type":"binary-expr","locations":[{"start":{"line":759,"column":13},"end":{"line":759,"column":null}},{"start":{"line":760,"column":14},"end":{"line":980,"column":null}}],"line":759},"120":{"loc":{"start":{"line":813,"column":27},"end":{"line":819,"column":null}},"type":"cond-expr","locations":[{"start":{"line":814,"column":28},"end":{"line":817,"column":null}},{"start":{"line":819,"column":28},"end":{"line":819,"column":null}}],"line":813},"121":{"loc":{"start":{"line":837,"column":53},"end":{"line":837,"column":160}},"type":"cond-expr","locations":[{"start":{"line":837,"column":151},"end":{"line":837,"column":157}},{"start":{"line":837,"column":157},"end":{"line":837,"column":160}}],"line":837},"122":{"loc":{"start":{"line":837,"column":53},"end":{"line":837,"column":151}},"type":"binary-expr","locations":[{"start":{"line":837,"column":53},"end":{"line":837,"column":89}},{"start":{"line":837,"column":89},"end":{"line":837,"column":151}}],"line":837},"123":{"loc":{"start":{"line":847,"column":17},"end":{"line":862,"column":null}},"type":"binary-expr","locations":[{"start":{"line":847,"column":17},"end":{"line":847,"column":null}},{"start":{"line":848,"column":18},"end":{"line":862,"column":null}}],"line":847},"124":{"loc":{"start":{"line":865,"column":17},"end":{"line":880,"column":null}},"type":"binary-expr","locations":[{"start":{"line":865,"column":17},"end":{"line":865,"column":null}},{"start":{"line":866,"column":18},"end":{"line":880,"column":null}}],"line":865},"125":{"loc":{"start":{"line":883,"column":17},"end":{"line":898,"column":null}},"type":"binary-expr","locations":[{"start":{"line":883,"column":17},"end":{"line":883,"column":null}},{"start":{"line":884,"column":18},"end":{"line":898,"column":null}}],"line":883},"126":{"loc":{"start":{"line":958,"column":21},"end":{"line":961,"column":null}},"type":"cond-expr","locations":[{"start":{"line":959,"column":22},"end":{"line":959,"column":null}},{"start":{"line":961,"column":22},"end":{"line":961,"column":null}}],"line":958},"127":{"loc":{"start":{"line":963,"column":21},"end":{"line":976,"column":null}},"type":"cond-expr","locations":[{"start":{"line":964,"column":22},"end":{"line":974,"column":null}},{"start":{"line":976,"column":22},"end":{"line":976,"column":null}}],"line":963},"128":{"loc":{"start":{"line":963,"column":21},"end":{"line":963,"column":null}},"type":"binary-expr","locations":[{"start":{"line":963,"column":21},"end":{"line":963,"column":36}},{"start":{"line":963,"column":36},"end":{"line":963,"column":66}},{"start":{"line":963,"column":66},"end":{"line":963,"column":null}}],"line":963},"129":{"loc":{"start":{"line":969,"column":74},"end":{"line":969,"column":94}},"type":"binary-expr","locations":[{"start":{"line":969,"column":74},"end":{"line":969,"column":84}},{"start":{"line":969,"column":84},"end":{"line":969,"column":94}}],"line":969},"130":{"loc":{"start":{"line":983,"column":13},"end":{"line":1003,"column":null}},"type":"binary-expr","locations":[{"start":{"line":983,"column":13},"end":{"line":983,"column":null}},{"start":{"line":984,"column":14},"end":{"line":1003,"column":null}}],"line":983},"131":{"loc":{"start":{"line":993,"column":76},"end":{"line":993,"column":112}},"type":"binary-expr","locations":[{"start":{"line":993,"column":76},"end":{"line":993,"column":108}},{"start":{"line":993,"column":108},"end":{"line":993,"column":112}}],"line":993},"132":{"loc":{"start":{"line":994,"column":88},"end":{"line":994,"column":133}},"type":"binary-expr","locations":[{"start":{"line":994,"column":88},"end":{"line":994,"column":129}},{"start":{"line":994,"column":129},"end":{"line":994,"column":133}}],"line":994},"133":{"loc":{"start":{"line":998,"column":50},"end":{"line":998,"column":137}},"type":"cond-expr","locations":[{"start":{"line":998,"column":64},"end":{"line":998,"column":89}},{"start":{"line":998,"column":89},"end":{"line":998,"column":137}}],"line":998},"134":{"loc":{"start":{"line":1012,"column":11},"end":{"line":1025,"column":null}},"type":"cond-expr","locations":[{"start":{"line":1013,"column":12},"end":{"line":1024,"column":null}},{"start":{"line":1025,"column":14},"end":{"line":1025,"column":null}}],"line":1012},"135":{"loc":{"start":{"line":1012,"column":11},"end":{"line":1012,"column":null}},"type":"binary-expr","locations":[{"start":{"line":1012,"column":11},"end":{"line":1012,"column":27}},{"start":{"line":1012,"column":27},"end":{"line":1012,"column":null}}],"line":1012},"136":{"loc":{"start":{"line":1022,"column":15},"end":{"line":1022,"column":81}},"type":"binary-expr","locations":[{"start":{"line":1022,"column":15},"end":{"line":1022,"column":31}},{"start":{"line":1022,"column":31},"end":{"line":1022,"column":81}}],"line":1022},"137":{"loc":{"start":{"line":1033,"column":13},"end":{"line":1033,"column":null}},"type":"binary-expr","locations":[{"start":{"line":1033,"column":13},"end":{"line":1033,"column":29}},{"start":{"line":1033,"column":29},"end":{"line":1033,"column":null}}],"line":1033},"138":{"loc":{"start":{"line":1034,"column":13},"end":{"line":1034,"column":null}},"type":"cond-expr","locations":[{"start":{"line":1034,"column":31},"end":{"line":1034,"column":40}},{"start":{"line":1034,"column":40},"end":{"line":1034,"column":null}}],"line":1034},"139":{"loc":{"start":{"line":1043,"column":39},"end":{"line":1043,"column":77}},"type":"cond-expr","locations":[{"start":{"line":1043,"column":57},"end":{"line":1043,"column":68}},{"start":{"line":1043,"column":68},"end":{"line":1043,"column":77}}],"line":1043},"140":{"loc":{"start":{"line":1045,"column":40},"end":{"line":1045,"column":78}},"type":"cond-expr","locations":[{"start":{"line":1045,"column":58},"end":{"line":1045,"column":69}},{"start":{"line":1045,"column":69},"end":{"line":1045,"column":78}}],"line":1045}},"s":{"0":2,"1":75,"2":75,"3":75,"4":21,"5":75,"6":3,"7":75,"8":6,"9":75,"10":75,"11":7,"12":75,"13":6,"14":6,"15":6,"16":131,"17":131,"18":131,"19":131,"20":131,"21":131,"22":131,"23":131,"24":131,"25":131,"26":131,"27":131,"28":131,"29":131,"30":131,"31":131,"32":131,"33":131,"34":131,"35":131,"36":131,"37":131,"38":131,"39":131,"40":131,"41":16,"42":131,"43":131,"44":16,"45":1,"46":1,"47":1,"48":0,"49":15,"50":0,"51":0,"52":15,"53":1,"54":131,"55":16,"56":16,"57":16,"58":131,"59":16,"60":0,"61":0,"62":0,"63":0,"64":0,"65":0,"66":0,"67":0,"68":0,"69":0,"70":0,"71":0,"72":0,"73":131,"74":16,"75":1,"76":1,"77":1,"78":1,"79":1,"80":1,"81":1,"82":1,"83":1,"84":1,"85":1,"86":1,"87":1,"88":1,"89":1,"90":1,"91":1,"92":131,"93":131,"94":21,"95":131,"96":1,"97":1,"98":1,"99":131,"100":1,"101":1,"102":1,"103":131,"104":1,"105":0,"106":1,"107":1,"108":1,"109":131,"110":131,"111":131,"112":131,"113":131,"114":131,"115":1048,"116":131,"117":131,"118":131,"119":131,"120":131,"121":12,"122":12,"123":131,"124":3,"125":3,"126":3,"127":3,"128":1,"129":2,"130":3,"131":3,"132":131,"133":16,"134":131,"135":19,"136":19,"137":0,"138":19,"139":19,"140":19,"141":19,"142":1,"143":1,"144":18,"145":18,"146":131,"147":1,"148":1,"149":131,"150":6,"151":0,"152":6,"153":6,"154":6,"155":131,"156":16,"157":1,"158":1,"159":1,"160":1,"161":16,"162":16,"163":16,"164":131,"165":16,"166":16,"167":0,"168":0,"169":0,"170":0,"171":0,"172":0,"173":0,"174":0,"175":0,"176":0,"177":0,"178":0,"179":0,"180":0,"181":0,"182":0,"183":0,"184":0,"185":0,"186":0,"187":0,"188":0,"189":0,"190":0,"191":0,"192":0,"193":131,"194":16,"195":13,"196":3,"197":3,"198":0,"199":3,"200":3,"201":3,"202":1,"203":131,"204":17,"205":17,"206":17,"207":0,"208":0,"209":131,"210":16,"211":13,"212":3,"213":1,"214":0,"215":1,"216":1,"217":1,"218":1,"219":0,"220":3,"221":3,"222":3,"223":1,"224":131,"225":3,"226":1,"227":1,"228":1,"229":74,"230":75,"231":70,"232":70,"233":70,"234":39,"235":35,"236":35,"237":5,"238":25,"239":27,"240":25,"241":25,"242":1,"243":1,"244":1,"245":25,"246":25,"247":2,"248":1,"249":1,"250":1,"251":1,"252":0,"253":1,"254":1,"255":1,"256":1},"f":{"0":75,"1":131,"2":16,"3":16,"4":16,"5":16,"6":16,"7":16,"8":21,"9":1,"10":1,"11":1,"12":1048,"13":12,"14":3,"15":16,"16":19,"17":18,"18":1,"19":1,"20":6,"21":16,"22":1,"23":16,"24":16,"25":0,"26":0,"27":0,"28":16,"29":17,"30":16,"31":1,"32":1,"33":3,"34":3,"35":1,"36":1,"37":1,"38":74,"39":75,"40":70,"41":70,"42":70,"43":39,"44":35,"45":35,"46":5,"47":25,"48":27,"49":25,"50":25,"51":1,"52":1,"53":1,"54":25,"55":25,"56":2,"57":1,"58":1,"59":1,"60":1,"61":0,"62":1,"63":1,"64":1},"b":{"0":[75,54],"1":[75,0],"2":[21,54],"3":[75,21],"4":[3,72],"5":[75,6],"6":[6,69],"7":[75,6],"8":[75,69],"9":[7,68],"10":[75,7],"11":[6,69],"12":[6,6],"13":[6,0],"14":[6,6],"15":[131],"16":[131,86],"17":[131,86],"18":[131,131],"19":[131,131],"20":[131,86],"21":[131,131],"22":[131,86],"23":[131,86],"24":[131,131],"25":[131,86],"26":[131,131],"27":[131,131],"28":[131,86,0],"29":[131,131,128],"30":[131,95],"31":[131,122],"32":[131,131],"33":[131,131],"34":[131,131],"35":[131,131],"36":[3,128],"37":[0,128],"38":[0,128],"39":[131,128],"40":[131,128],"41":[131,0],"42":[1,15],"43":[1,0],"44":[0,15],"45":[0,0],"46":[1,14],"47":[0,16],"48":[0,0],"49":[0,0],"50":[0,0],"51":[0,0],"52":[0,0],"53":[1,15],"54":[1,0],"55":[1,0],"56":[1,0],"57":[1,1],"58":[1,1],"59":[1,0],"60":[1,1],"61":[1,0],"62":[1,1],"63":[1,0],"64":[0,1],"65":[1,0],"66":[1,0],"67":[0,1],"68":[1,0],"69":[1048,0],"70":[0,131],"71":[4,127],"72":[0,131],"73":[0,131],"74":[0,131],"75":[0,131],"76":[4,127],"77":[3,0],"78":[1,2],"79":[3,1],"80":[0,19],"81":[19,0],"82":[19,0],"83":[1,18],"84":[0,6],"85":[1,0],"86":[1,0,1],"87":[16,0],"88":[16,0],"89":[0,0],"90":[0,0],"91":[0,0],"92":[0,0],"93":[0,0],"94":[0,0],"95":[13,3],"96":[0,3],"97":[17,16],"98":[17,0],"99":[0,0],"100":[13,3],"101":[0,1],"102":[1,2],"103":[131,14],"104":[0,14],"105":[0,0],"106":[0,0],"107":[0,0],"108":[61,70],"109":[130,1],"110":[14,117],"111":[131,70],"112":[70,3],"113":[3,0],"114":[70,70,3,1],"115":[1,1],"116":[70,70,67,1],"117":[131,35],"118":[35,4],"119":[131,25],"120":[0,25],"121":[1,24],"122":[25,24],"123":[25,1],"124":[25,1],"125":[25,1],"126":[0,25],"127":[1,24],"128":[25,25,25],"129":[1,0],"130":[131,1],"131":[1,0],"132":[1,0],"133":[0,1],"134":[18,113],"135":[131,18],"136":[18,5],"137":[131,35],"138":[14,117],"139":[14,117],"140":[14,117]},"meta":{"lastBranch":141,"lastFunction":65,"lastStatement":257,"seen":{"s:25:26:89:Infinity":0,"f:47:15:47:16":0,"s:48:19:48:Infinity":1,"b:48:22:48:36:48:36:48:Infinity":0,"s:49:19:49:Infinity":2,"b:49:22:49:36:49:36:49:Infinity":1,"b:50:2:56:Infinity:undefined:undefined:undefined:undefined":2,"s:50:2:56:Infinity":3,"b:50:6:50:19:50:19:50:30":3,"s:51:4:55:Infinity":4,"b:57:2:63:Infinity:undefined:undefined:undefined:undefined":4,"s:57:2:63:Infinity":5,"b:57:6:57:36:57:36:57:65":5,"s:58:4:62:Infinity":6,"b:64:2:70:Infinity:undefined:undefined:undefined:undefined":6,"s:64:2:70:Infinity":7,"b:64:6:64:32:64:32:64:59":7,"s:65:4:69:Infinity":8,"s:71:24:71:Infinity":9,"b:71:24:71:59:71:59:71:Infinity":8,"b:72:2:78:Infinity:undefined:undefined:undefined:undefined":9,"s:72:2:78:Infinity":10,"b:72:6:72:23:72:23:72:54":10,"s:73:4:77:Infinity":11,"b:79:2:88:Infinity:undefined:undefined:undefined:undefined":11,"s:79:2:88:Infinity":12,"s:80:25:80:Infinity":13,"b:80:32:80:59:80:59:80:62":12,"b:81:4:87:Infinity:undefined:undefined:undefined:undefined":13,"s:81:4:87:Infinity":14,"b:81:8:81:42:81:42:81:61":14,"s:82:6:86:Infinity":15,"f:107:16:107:25":1,"b:116:13:116:Infinity":15,"s:119:48:119:Infinity":16,"s:120:36:120:Infinity":17,"s:121:38:121:Infinity":18,"s:122:40:122:Infinity":19,"s:123:8:123:Infinity":20,"s:124:8:124:Infinity":21,"s:125:8:125:Infinity":22,"s:126:8:126:Infinity":23,"s:127:8:127:Infinity":24,"s:128:38:128:Infinity":25,"s:129:28:129:Infinity":26,"s:130:34:130:Infinity":27,"s:131:46:131:Infinity":28,"s:133:8:159:Infinity":29,"b:137:18:137:45:137:45:137:Infinity":16,"b:138:17:138:43:138:43:138:Infinity":17,"b:139:15:139:39:139:39:139:Infinity":18,"b:140:13:140:35:140:35:140:Infinity":19,"b:141:13:141:35:141:35:141:Infinity":20,"b:142:13:142:35:142:35:142:Infinity":21,"b:143:14:143:37:143:37:143:Infinity":22,"b:144:14:144:37:144:37:144:Infinity":23,"b:145:23:145:55:145:55:145:Infinity":24,"b:146:27:146:63:146:63:146:Infinity":25,"b:147:19:147:47:147:47:147:Infinity":26,"b:148:13:148:35:148:35:148:Infinity":27,"b:149:17:149:43:149:43:149:63:149:63:149:Infinity":28,"b:150:20:150:49:150:49:150:72:150:72:150:Infinity":29,"b:151:19:151:69:151:69:151:Infinity":30,"b:153:19:153:110:153:110:153:Infinity":31,"b:154:23:154:99:154:99:154:Infinity":32,"b:155:27:155:107:155:107:155:Infinity":33,"b:156:28:156:109:156:109:156:Infinity":34,"b:157:21:157:95:157:95:157:Infinity":35,"s:161:26:161:Infinity":30,"s:162:24:162:Infinity":31,"s:163:24:163:Infinity":32,"s:164:26:164:Infinity":33,"s:165:23:165:Infinity":34,"s:166:44:166:Infinity":35,"s:167:22:167:Infinity":36,"b:167:48:167:67:167:67:167:Infinity":36,"b:167:91:167:108:167:108:167:Infinity":37,"b:167:135:167:155:167:155:167:Infinity":38,"s:168:29:168:Infinity":37,"s:169:25:169:Infinity":38,"b:169:25:169:61:169:61:169:Infinity":39,"s:170:29:170:Infinity":39,"b:170:29:170:56:170:56:170:Infinity":40,"s:171:8:176:Infinity":40,"f:171:30:171:37":2,"s:171:37:176:6":41,"s:177:23:177:Infinity":42,"b:177:23:177:59:177:59:177:Infinity":41,"s:179:2:192:Infinity":43,"f:179:12:179:18":3,"b:180:4:191:Infinity:187:4:191:Infinity":42,"s:180:4:191:Infinity":44,"s:181:6:181:Infinity":45,"b:182:6:186:Infinity:184:13:186:Infinity":43,"s:182:6:186:Infinity":46,"s:183:8:183:Infinity":47,"s:185:8:185:Infinity":48,"b:187:4:191:Infinity:189:4:191:Infinity":44,"s:187:4:191:Infinity":49,"b:188:6:188:Infinity:undefined:undefined:undefined:undefined":45,"s:188:6:188:Infinity":50,"s:188:28:188:Infinity":51,"b:189:4:191:Infinity:undefined:undefined:undefined:undefined":46,"s:189:4:191:Infinity":52,"s:190:6:190:Infinity":53,"s:195:2:198:Infinity":54,"f:195:12:195:18":4,"s:196:4:196:Infinity":55,"s:197:4:197:Infinity":56,"f:197:11:197:17":5,"s:197:17:197:Infinity":57,"s:200:2:237:Infinity":58,"f:200:12:200:18":6,"b:201:4:236:Infinity:undefined:undefined:undefined:undefined":47,"s:201:4:236:Infinity":59,"s:202:6:202:Infinity":60,"s:204:19:204:Infinity":61,"b:207:6:235:Infinity:undefined:undefined:undefined:undefined":48,"s:207:6:235:Infinity":62,"s:208:8:208:Infinity":63,"s:210:8:214:Infinity":64,"s:217:29:217:Infinity":65,"b:217:29:217:56:217:56:217:Infinity":49,"b:219:8:226:Infinity:undefined:undefined:undefined:undefined":50,"s:219:8:226:Infinity":66,"s:220:27:220:Infinity":67,"b:220:42:220:92:220:92:220:Infinity":51,"s:221:10:225:Infinity":68,"s:229:27:229:Infinity":69,"b:230:8:234:Infinity:232:15:234:Infinity":52,"s:230:8:234:Infinity":70,"s:231:12:231:Infinity":71,"s:233:12:233:Infinity":72,"s:239:2:260:Infinity":73,"f:239:12:239:18":7,"b:240:4:259:Infinity:undefined:undefined:undefined:undefined":53,"s:240:4:259:Infinity":74,"s:241:19:241:Infinity":75,"b:242:6:244:Infinity:undefined:undefined:undefined:undefined":54,"s:242:6:244:Infinity":76,"s:243:8:243:Infinity":77,"s:245:12:245:Infinity":78,"b:245:39:245:72:245:72:245:74":55,"b:246:6:248:Infinity:undefined:undefined:undefined:undefined":56,"s:246:6:248:Infinity":79,"b:246:10:246:31:246:31:246:49":57,"s:247:8:247:Infinity":80,"s:249:22:249:Infinity":81,"s:250:26:250:Infinity":82,"s:251:27:251:Infinity":83,"b:251:27:251:54:251:54:251:Infinity":58,"s:252:30:252:Infinity":84,"b:253:6:253:Infinity:undefined:undefined:undefined:undefined":59,"s:253:6:253:Infinity":85,"b:253:10:253:21:253:21:253:54":60,"s:253:54:253:Infinity":86,"b:254:6:254:Infinity:undefined:undefined:undefined:undefined":61,"s:254:6:254:Infinity":87,"b:254:10:254:25:254:25:254:62":62,"s:254:62:254:Infinity":88,"b:255:6:258:Infinity:undefined:undefined:undefined:undefined":63,"s:255:6:258:Infinity":89,"s:256:25:256:Infinity":90,"b:256:40:256:83:256:83:256:Infinity":64,"s:257:8:257:Infinity":91,"s:263:27:263:Infinity":92,"s:264:2:266:Infinity":93,"f:264:12:264:18":8,"s:265:4:265:Infinity":94,"s:268:23:275:Infinity":95,"f:268:23:268:35":9,"s:270:21:273:Infinity":96,"b:274:4:274:Infinity:undefined:undefined:undefined:undefined":65,"s:274:4:274:Infinity":97,"s:274:14:274:Infinity":98,"s:277:26:284:Infinity":99,"f:277:26:277:33":10,"s:278:21:282:Infinity":100,"b:283:4:283:Infinity:undefined:undefined:undefined:undefined":66,"s:283:4:283:Infinity":101,"s:283:14:283:Infinity":102,"s:286:32:294:Infinity":103,"f:286:32:286:44":11,"b:287:4:287:Infinity:undefined:undefined:undefined:undefined":67,"s:287:4:287:Infinity":104,"s:287:30:287:Infinity":105,"s:288:21:292:Infinity":106,"b:293:4:293:Infinity:undefined:undefined:undefined:undefined":68,"s:293:4:293:Infinity":107,"s:293:14:293:Infinity":108,"s:296:27:296:Infinity":109,"s:297:22:297:Infinity":110,"s:298:46:298:Infinity":111,"s:299:17:299:Infinity":112,"s:300:17:309:Infinity":113,"s:310:22:310:Infinity":114,"f:310:36:310:37":12,"s:310:43:310:92":115,"b:310:67:310:89:310:89:310:92":69,"s:311:16:311:Infinity":116,"s:312:16:312:Infinity":117,"b:312:30:312:41:312:41:312:Infinity":70,"b:312:55:312:68:312:68:312:Infinity":71,"s:313:16:313:Infinity":118,"b:313:30:313:36:313:36:313:Infinity":72,"b:313:50:313:56:313:56:313:Infinity":73,"b:313:70:313:76:313:76:313:Infinity":74,"s:314:16:314:Infinity":119,"b:314:30:314:69:314:69:314:Infinity":75,"b:314:83:314:124:314:124:314:Infinity":76,"s:316:27:319:Infinity":120,"f:316:27:316:28":13,"s:317:4:317:Infinity":121,"s:318:4:318:Infinity":122,"s:321:24:333:Infinity":123,"f:321:24:321:36":14,"b:322:4:332:Infinity:undefined:undefined:undefined:undefined":77,"s:322:4:332:Infinity":124,"s:323:6:323:Infinity":125,"s:324:19:324:Infinity":126,"b:325:6:329:Infinity:327:13:329:Infinity":78,"s:325:6:329:Infinity":127,"b:325:10:325:37:325:37:325:51":79,"s:326:8:326:Infinity":128,"s:328:8:328:Infinity":129,"s:330:6:330:Infinity":130,"s:331:6:331:Infinity":131,"s:335:8:340:Infinity":132,"f:335:71:335:78":15,"s:335:78:340:6":133,"s:342:19:354:Infinity":134,"f:342:19:342:31":16,"s:343:20:343:Infinity":135,"b:344:4:344:Infinity:undefined:undefined:undefined:undefined":80,"s:344:4:344:Infinity":136,"s:344:18:344:Infinity":137,"s:345:19:345:Infinity":138,"b:345:19:345:47:345:47:345:Infinity":81,"b:346:4:352:Infinity:undefined:undefined:undefined:undefined":82,"s:346:4:352:Infinity":139,"s:347:20:347:Infinity":140,"b:348:6:351:Infinity:undefined:undefined:undefined:undefined":83,"s:348:6:351:Infinity":141,"s:349:8:349:Infinity":142,"s:350:8:350:Infinity":143,"s:353:4:353:Infinity":144,"f:353:23:353:24":17,"s:353:33:353:75":145,"s:356:19:358:Infinity":146,"f:356:19:356:25":18,"s:357:4:357:Infinity":147,"f:357:23:357:24":19,"s:357:33:357:54":148,"s:360:23:365:Infinity":149,"f:360:23:360:24":20,"b:361:4:361:Infinity:undefined:undefined:undefined:undefined":84,"s:361:4:361:Infinity":150,"s:361:33:361:Infinity":151,"s:362:4:362:Infinity":152,"s:363:4:363:Infinity":153,"s:364:4:364:Infinity":154,"s:367:2:377:Infinity":155,"f:367:12:367:18":21,"s:368:26:374:Infinity":156,"f:368:26:368:27":22,"b:369:6:373:Infinity:undefined:undefined:undefined:undefined":85,"s:369:6:373:Infinity":157,"b:369:11:369:28:369:28:369:46:369:46:369:79":86,"s:370:8:370:Infinity":158,"s:371:8:371:Infinity":159,"s:372:8:372:Infinity":160,"s:375:4:375:Infinity":161,"s:376:4:376:Infinity":162,"f:376:11:376:17":23,"s:376:17:376:Infinity":163,"s:379:2:412:Infinity":164,"f:379:12:379:18":24,"b:380:4:380:Infinity:undefined:undefined:undefined:undefined":87,"s:380:4:380:Infinity":165,"b:380:8:380:21:380:21:380:34":88,"s:380:34:380:Infinity":166,"s:381:25:405:Infinity":167,"f:381:36:381:42":25,"b:382:6:382:Infinity:undefined:undefined:undefined:undefined":89,"s:382:6:382:Infinity":168,"s:382:35:382:Infinity":169,"b:383:6:385:Infinity:undefined:undefined:undefined:undefined":90,"s:383:6:385:Infinity":170,"s:384:8:384:Infinity":171,"s:386:6:404:Infinity":172,"f:386:53:386:65":26,"b:387:8:387:Infinity:undefined:undefined:undefined:undefined":91,"s:387:8:387:Infinity":173,"s:387:37:387:Infinity":174,"s:388:22:388:Infinity":175,"b:389:8:389:Infinity:undefined:undefined:undefined:undefined":92,"s:389:8:389:Infinity":176,"s:389:20:389:Infinity":177,"s:390:8:403:Infinity":178,"s:391:10:391:Infinity":179,"s:392:10:392:Infinity":180,"s:393:10:393:Infinity":181,"s:394:26:394:Infinity":182,"s:395:10:395:Infinity":183,"s:396:10:396:Infinity":184,"s:398:26:398:Infinity":185,"b:398:51:398:67:398:67:398:Infinity":93,"s:399:10:399:Infinity":186,"s:401:10:401:Infinity":187,"s:402:10:402:Infinity":188,"s:406:4:411:Infinity":189,"f:406:11:406:17":27,"s:407:6:407:Infinity":190,"b:408:6:410:Infinity:undefined:undefined:undefined:undefined":94,"s:408:6:410:Infinity":191,"s:409:8:409:Infinity":192,"s:414:2:427:Infinity":193,"f:414:12:414:18":28,"b:415:4:415:Infinity:undefined:undefined:undefined:undefined":95,"s:415:4:415:Infinity":194,"s:415:26:415:Infinity":195,"s:416:16:416:Infinity":196,"b:417:4:417:Infinity:undefined:undefined:undefined:undefined":96,"s:417:4:417:Infinity":197,"s:417:14:417:Infinity":198,"s:418:4:426:Infinity":199,"s:419:21:419:Infinity":200,"s:420:6:423:Infinity":201,"s:425:6:425:Infinity":202,"s:429:2:435:Infinity":203,"f:429:12:429:18":29,"s:430:20:430:Infinity":204,"b:430:20:430:36:430:36:430:Infinity":97,"b:431:4:431:Infinity:undefined:undefined:undefined:undefined":98,"s:431:4:431:Infinity":205,"s:431:33:431:Infinity":206,"b:432:4:434:Infinity:undefined:undefined:undefined:undefined":99,"s:432:4:434:Infinity":207,"s:433:6:433:Infinity":208,"s:437:2:458:Infinity":209,"f:437:12:437:18":30,"b:438:4:438:Infinity:undefined:undefined:undefined:undefined":100,"s:438:4:438:Infinity":210,"s:438:26:438:Infinity":211,"s:439:25:451:Infinity":212,"f:439:36:439:42":31,"b:440:6:442:Infinity:undefined:undefined:undefined:undefined":101,"s:440:6:442:Infinity":213,"s:441:8:441:Infinity":214,"s:443:6:450:Infinity":215,"f:443:54:443:60":32,"s:444:8:449:Infinity":216,"s:445:26:445:Infinity":217,"s:446:10:446:Infinity":218,"s:448:10:448:Infinity":219,"s:452:4:457:Infinity":220,"f:452:11:452:17":33,"s:453:6:453:Infinity":221,"b:454:6:456:Infinity:undefined:undefined:undefined:undefined":102,"s:454:6:456:Infinity":222,"s:455:8:455:Infinity":223,"s:460:2:1054:Infinity":224,"b:464:9:464:Infinity:465:10:482:Infinity":103,"b:472:16:477:Infinity:479:16:479:Infinity":104,"b:473:49:473:61:473:61:473:Infinity":105,"b:474:36:474:55:474:55:474:Infinity":106,"b:476:35:476:103:476:103:476:Infinity":107,"b:506:40:506:51:506:51:506:Infinity":108,"b:507:61:507:72:507:72:507:Infinity":109,"b:512:35:512:52:512:52:512:Infinity":110,"b:516:13:516:Infinity:517:14:673:Infinity":111,"b:518:17:518:Infinity:519:18:544:Infinity":112,"f:523:30:523:31":34,"s:524:24:541:Infinity":225,"b:526:72:526:87:526:87:526:98":113,"f:533:43:533:44":35,"s:534:32:536:Infinity":226,"b:547:18:547:43:547:43:547:71:547:71:547:Infinity:548:18:573:Infinity":114,"f:552:30:552:31":36,"s:553:24:570:Infinity":227,"b:555:72:555:87:555:87:555:98":115,"f:562:46:562:47":37,"s:563:32:565:Infinity":228,"b:576:17:576:43:576:43:576:71:576:71:576:Infinity:577:18:582:Infinity":116,"f:589:28:589:29":38,"s:590:22:596:Infinity":229,"f:605:28:605:29":39,"s:606:22:612:Infinity":230,"f:621:28:621:29":40,"s:622:22:628:Infinity":231,"f:637:28:637:29":41,"s:638:22:644:Infinity":232,"f:653:28:653:29":42,"s:654:22:669:Infinity":233,"b:676:13:676:Infinity:677:14:756:Infinity":117,"f:682:28:682:29":43,"s:683:22:689:Infinity":234,"f:698:28:698:29":44,"s:699:22:705:Infinity":235,"f:714:28:714:29":45,"s:715:22:734:Infinity":236,"b:739:17:739:Infinity:740:18:754:Infinity":118,"f:744:30:744:31":46,"s:745:24:751:Infinity":237,"b:759:13:759:Infinity:760:14:980:Infinity":119,"f:765:28:765:29":47,"s:766:22:785:Infinity":238,"f:794:28:794:29":48,"s:795:22:801:Infinity":239,"f:810:28:810:29":49,"s:811:22:826:Infinity":240,"b:814:28:817:Infinity:819:28:819:Infinity":120,"f:835:28:835:29":50,"s:836:22:842:Infinity":241,"b:837:151:837:157:837:157:837:160":121,"b:837:53:837:89:837:89:837:151":122,"b:847:17:847:Infinity:848:18:862:Infinity":123,"f:852:30:852:31":51,"s:853:24:859:Infinity":242,"b:865:17:865:Infinity:866:18:880:Infinity":124,"f:870:30:870:31":52,"s:871:24:877:Infinity":243,"b:883:17:883:Infinity:884:18:898:Infinity":125,"f:888:30:888:31":53,"s:889:24:895:Infinity":244,"f:905:28:905:29":54,"s:906:22:916:Infinity":245,"f:925:28:925:29":55,"s:926:22:944:Infinity":246,"f:929:83:929:89":56,"s:929:89:929:111":247,"f:930:83:930:89":57,"s:930:89:930:113":248,"f:931:83:931:89":58,"s:931:89:931:116":249,"f:932:83:932:89":59,"s:932:89:932:126":250,"f:933:83:933:89":60,"s:933:89:933:124":251,"f:940:37:940:38":61,"s:940:48:940:Infinity":252,"b:959:22:959:Infinity:961:22:961:Infinity":126,"b:964:22:974:Infinity:976:22:976:Infinity":127,"b:963:21:963:36:963:36:963:66:963:66:963:Infinity":128,"f:965:41:965:42":62,"s:966:26:972:Infinity":253,"b:969:74:969:84:969:84:969:94":129,"b:983:13:983:Infinity:984:14:1003:Infinity":130,"b:993:76:993:108:993:108:993:112":131,"b:994:88:994:129:994:129:994:133":132,"b:998:64:998:89:998:89:998:137":133,"b:1013:12:1024:Infinity:1025:14:1025:Infinity":134,"b:1012:11:1012:27:1012:27:1012:Infinity":135,"f:1017:23:1017:29":63,"s:1018:16:1018:Infinity":254,"s:1019:16:1019:Infinity":255,"b:1022:15:1022:31:1022:31:1022:81":136,"f:1029:21:1029:27":64,"s:1030:14:1030:Infinity":256,"b:1033:13:1033:29:1033:29:1033:Infinity":137,"b:1034:31:1034:40:1034:40:1034:Infinity":138,"b:1043:57:1043:68:1043:68:1043:77":139,"b:1045:58:1045:69:1045:69:1045:78":140}}}
}
