{"/Users/vims/Downloads/Development Projects/Trae/SOS Logistics Pro/logic-nexus-ai/src/pages/api/v2/amro/aircraft-dashboard.ts": {"path":"/Users/vims/Downloads/Development Projects/Trae/SOS Logistics Pro/logic-nexus-ai/src/pages/api/v2/amro/aircraft-dashboard.ts","statementMap":{"0":{"start":{"line":28,"column":24},"end":{"line":28,"column":null}},"1":{"start":{"line":29,"column":31},"end":{"line":29,"column":null}},"2":{"start":{"line":30,"column":17},"end":{"line":30,"column":null}},"3":{"start":{"line":31,"column":35},"end":{"line":31,"column":null}},"4":{"start":{"line":32,"column":42},"end":{"line":32,"column":null}},"5":{"start":{"line":33,"column":32},"end":{"line":33,"column":null}},"6":{"start":{"line":34,"column":29},"end":{"line":34,"column":null}},"7":{"start":{"line":35,"column":31},"end":{"line":35,"column":null}},"8":{"start":{"line":44,"column":2},"end":{"line":46,"column":null}},"9":{"start":{"line":45,"column":4},"end":{"line":45,"column":null}},"10":{"start":{"line":50,"column":19},"end":{"line":50,"column":null}},"11":{"start":{"line":51,"column":2},"end":{"line":54,"column":null}},"12":{"start":{"line":58,"column":19},"end":{"line":58,"column":null}},"13":{"start":{"line":59,"column":27},"end":{"line":59,"column":null}},"14":{"start":{"line":60,"column":2},"end":{"line":63,"column":null}},"15":{"start":{"line":64,"column":2},"end":{"line":66,"column":null}},"16":{"start":{"line":65,"column":4},"end":{"line":65,"column":null}},"17":{"start":{"line":70,"column":2},"end":{"line":73,"column":null}},"18":{"start":{"line":77,"column":16},"end":{"line":77,"column":null}},"19":{"start":{"line":78,"column":2},"end":{"line":78,"column":null}},"20":{"start":{"line":78,"column":14},"end":{"line":78,"column":null}},"21":{"start":{"line":79,"column":2},"end":{"line":82,"column":null}},"22":{"start":{"line":80,"column":4},"end":{"line":80,"column":null}},"23":{"start":{"line":81,"column":4},"end":{"line":81,"column":null}},"24":{"start":{"line":83,"column":2},"end":{"line":83,"column":null}},"25":{"start":{"line":91,"column":39},"end":{"line":91,"column":null}},"26":{"start":{"line":92,"column":2},"end":{"line":97,"column":null}},"27":{"start":{"line":93,"column":4},"end":{"line":95,"column":null}},"28":{"start":{"line":94,"column":6},"end":{"line":94,"column":null}},"29":{"start":{"line":96,"column":4},"end":{"line":96,"column":null}},"30":{"start":{"line":98,"column":27},"end":{"line":98,"column":null}},"31":{"start":{"line":99,"column":2},"end":{"line":117,"column":null}},"32":{"start":{"line":99,"column":21},"end":{"line":99,"column":24}},"33":{"start":{"line":100,"column":4},"end":{"line":116,"column":null}},"34":{"start":{"line":101,"column":21},"end":{"line":101,"column":null}},"35":{"start":{"line":102,"column":6},"end":{"line":102,"column":null}},"36":{"start":{"line":103,"column":6},"end":{"line":103,"column":null}},"37":{"start":{"line":105,"column":6},"end":{"line":105,"column":null}},"38":{"start":{"line":106,"column":6},"end":{"line":106,"column":null}},"39":{"start":{"line":107,"column":6},"end":{"line":109,"column":null}},"40":{"start":{"line":108,"column":8},"end":{"line":108,"column":null}},"41":{"start":{"line":110,"column":6},"end":{"line":115,"column":null}},"42":{"start":{"line":111,"column":8},"end":{"line":113,"column":null}},"43":{"start":{"line":112,"column":10},"end":{"line":112,"column":null}},"44":{"start":{"line":114,"column":8},"end":{"line":114,"column":null}},"45":{"start":{"line":118,"column":2},"end":{"line":118,"column":null}},"46":{"start":{"line":122,"column":17},"end":{"line":122,"column":null}},"47":{"start":{"line":123,"column":2},"end":{"line":125,"column":null}},"48":{"start":{"line":124,"column":4},"end":{"line":124,"column":null}},"49":{"start":{"line":126,"column":2},"end":{"line":126,"column":null}},"50":{"start":{"line":130,"column":2},"end":{"line":130,"column":null}},"51":{"start":{"line":134,"column":17},"end":{"line":134,"column":null}},"52":{"start":{"line":135,"column":2},"end":{"line":137,"column":null}},"53":{"start":{"line":136,"column":4},"end":{"line":136,"column":null}},"54":{"start":{"line":138,"column":2},"end":{"line":138,"column":null}},"55":{"start":{"line":142,"column":21},"end":{"line":142,"column":null}},"56":{"start":{"line":143,"column":2},"end":{"line":143,"column":null}},"57":{"start":{"line":143,"column":31},"end":{"line":143,"column":null}},"58":{"start":{"line":144,"column":2},"end":{"line":144,"column":null}},"59":{"start":{"line":144,"column":35},"end":{"line":144,"column":null}},"60":{"start":{"line":145,"column":2},"end":{"line":145,"column":null}},"61":{"start":{"line":145,"column":28},"end":{"line":145,"column":null}},"62":{"start":{"line":146,"column":2},"end":{"line":146,"column":null}},"63":{"start":{"line":150,"column":21},"end":{"line":150,"column":null}},"64":{"start":{"line":150,"column":61},"end":{"line":150,"column":92}},"65":{"start":{"line":151,"column":2},"end":{"line":153,"column":null}},"66":{"start":{"line":152,"column":4},"end":{"line":152,"column":null}},"67":{"start":{"line":154,"column":2},"end":{"line":156,"column":null}},"68":{"start":{"line":155,"column":4},"end":{"line":155,"column":null}},"69":{"start":{"line":157,"column":2},"end":{"line":157,"column":null}},"70":{"start":{"line":161,"column":2},"end":{"line":161,"column":null}},"71":{"start":{"line":161,"column":47},"end":{"line":161,"column":null}},"72":{"start":{"line":162,"column":2},"end":{"line":162,"column":null}},"73":{"start":{"line":166,"column":2},"end":{"line":166,"column":null}},"74":{"start":{"line":166,"column":22},"end":{"line":166,"column":null}},"75":{"start":{"line":167,"column":20},"end":{"line":169,"column":null}},"76":{"start":{"line":168,"column":20},"end":{"line":168,"column":53}},"77":{"start":{"line":170,"column":2},"end":{"line":170,"column":null}},"78":{"start":{"line":170,"column":33},"end":{"line":170,"column":58}},"79":{"start":{"line":174,"column":17},"end":{"line":174,"column":null}},"80":{"start":{"line":175,"column":2},"end":{"line":175,"column":null}},"81":{"start":{"line":175,"column":32},"end":{"line":175,"column":null}},"82":{"start":{"line":176,"column":2},"end":{"line":176,"column":null}},"83":{"start":{"line":180,"column":2},"end":{"line":180,"column":null}},"84":{"start":{"line":180,"column":26},"end":{"line":180,"column":null}},"85":{"start":{"line":181,"column":13},"end":{"line":181,"column":null}},"86":{"start":{"line":182,"column":2},"end":{"line":182,"column":null}},"87":{"start":{"line":182,"column":11},"end":{"line":182,"column":null}},"88":{"start":{"line":183,"column":14},"end":{"line":183,"column":null}},"89":{"start":{"line":184,"column":19},"end":{"line":184,"column":null}},"90":{"start":{"line":185,"column":2},"end":{"line":185,"column":null}},"91":{"start":{"line":189,"column":13},"end":{"line":189,"column":null}},"92":{"start":{"line":190,"column":2},"end":{"line":190,"column":null}},"93":{"start":{"line":190,"column":11},"end":{"line":190,"column":null}},"94":{"start":{"line":191,"column":2},"end":{"line":191,"column":null}},"95":{"start":{"line":195,"column":2},"end":{"line":199,"column":null}},"96":{"start":{"line":196,"column":4},"end":{"line":196,"column":null}},"97":{"start":{"line":196,"column":36},"end":{"line":196,"column":null}},"98":{"start":{"line":197,"column":4},"end":{"line":197,"column":null}},"99":{"start":{"line":197,"column":35},"end":{"line":197,"column":null}},"100":{"start":{"line":198,"column":4},"end":{"line":198,"column":null}},"101":{"start":{"line":200,"column":2},"end":{"line":200,"column":null}},"102":{"start":{"line":200,"column":34},"end":{"line":200,"column":null}},"103":{"start":{"line":201,"column":2},"end":{"line":201,"column":null}},"104":{"start":{"line":201,"column":33},"end":{"line":201,"column":null}},"105":{"start":{"line":202,"column":2},"end":{"line":202,"column":null}},"106":{"start":{"line":206,"column":2},"end":{"line":206,"column":null}},"107":{"start":{"line":210,"column":29},"end":{"line":210,"column":null}},"108":{"start":{"line":210,"column":53},"end":{"line":210,"column":72}},"109":{"start":{"line":211,"column":22},"end":{"line":216,"column":null}},"110":{"start":{"line":212,"column":27},"end":{"line":212,"column":128}},"111":{"start":{"line":214,"column":25},"end":{"line":214,"column":null}},"112":{"start":{"line":215,"column":6},"end":{"line":215,"column":null}},"113":{"start":{"line":215,"column":50},"end":{"line":215,"column":78}},"114":{"start":{"line":217,"column":2},"end":{"line":219,"column":null}},"115":{"start":{"line":218,"column":4},"end":{"line":218,"column":null}},"116":{"start":{"line":220,"column":2},"end":{"line":220,"column":null}},"117":{"start":{"line":234,"column":18},"end":{"line":234,"column":null}},"118":{"start":{"line":235,"column":2},"end":{"line":242,"column":null}},"119":{"start":{"line":236,"column":23},"end":{"line":236,"column":null}},"120":{"start":{"line":237,"column":24},"end":{"line":237,"column":null}},"121":{"start":{"line":238,"column":4},"end":{"line":238,"column":null}},"122":{"start":{"line":238,"column":39},"end":{"line":238,"column":null}},"123":{"start":{"line":239,"column":21},"end":{"line":239,"column":null}},"124":{"start":{"line":240,"column":4},"end":{"line":240,"column":null}},"125":{"start":{"line":241,"column":4},"end":{"line":241,"column":null}},"126":{"start":{"line":253,"column":7},"end":{"line":253,"column":null}},"127":{"start":{"line":254,"column":2},"end":{"line":280,"column":null}},"128":{"start":{"line":255,"column":23},"end":{"line":255,"column":null}},"129":{"start":{"line":256,"column":21},"end":{"line":256,"column":null}},"130":{"start":{"line":257,"column":24},"end":{"line":257,"column":null}},"131":{"start":{"line":258,"column":4},"end":{"line":258,"column":null}},"132":{"start":{"line":258,"column":39},"end":{"line":258,"column":null}},"133":{"start":{"line":259,"column":20},"end":{"line":259,"column":null}},"134":{"start":{"line":260,"column":4},"end":{"line":260,"column":null}},"135":{"start":{"line":260,"column":28},"end":{"line":260,"column":null}},"136":{"start":{"line":261,"column":17},"end":{"line":261,"column":null}},"137":{"start":{"line":261,"column":48},"end":{"line":261,"column":61}},"138":{"start":{"line":262,"column":21},"end":{"line":262,"column":null}},"139":{"start":{"line":262,"column":52},"end":{"line":262,"column":79}},"140":{"start":{"line":263,"column":19},"end":{"line":263,"column":null}},"141":{"start":{"line":264,"column":19},"end":{"line":264,"column":null}},"142":{"start":{"line":265,"column":33},"end":{"line":265,"column":null}},"143":{"start":{"line":266,"column":33},"end":{"line":266,"column":null}},"144":{"start":{"line":267,"column":4},"end":{"line":267,"column":null}},"145":{"start":{"line":267,"column":56},"end":{"line":267,"column":null}},"146":{"start":{"line":268,"column":25},"end":{"line":268,"column":null}},"147":{"start":{"line":269,"column":4},"end":{"line":279,"column":null}},"148":{"start":{"line":281,"column":2},"end":{"line":283,"column":null}},"149":{"start":{"line":282,"column":27},"end":{"line":282,"column":67}},"150":{"start":{"line":294,"column":102},"end":{"line":294,"column":null}},"151":{"start":{"line":295,"column":26},"end":{"line":300,"column":null}},"152":{"start":{"line":301,"column":24},"end":{"line":301,"column":null}},"153":{"start":{"line":302,"column":28},"end":{"line":302,"column":null}},"154":{"start":{"line":303,"column":20},"end":{"line":303,"column":null}},"155":{"start":{"line":304,"column":36},"end":{"line":309,"column":null}},"156":{"start":{"line":310,"column":20},"end":{"line":310,"column":null}},"157":{"start":{"line":311,"column":28},"end":{"line":317,"column":null}},"158":{"start":{"line":315,"column":52},"end":{"line":315,"column":75}},"159":{"start":{"line":318,"column":20},"end":{"line":318,"column":null}},"160":{"start":{"line":319,"column":23},"end":{"line":321,"column":null}},"161":{"start":{"line":322,"column":26},"end":{"line":322,"column":null}},"162":{"start":{"line":323,"column":21},"end":{"line":323,"column":null}},"163":{"start":{"line":324,"column":20},"end":{"line":324,"column":null}},"164":{"start":{"line":326,"column":16},"end":{"line":338,"column":null}},"165":{"start":{"line":327,"column":27},"end":{"line":327,"column":null}},"166":{"start":{"line":328,"column":27},"end":{"line":328,"column":null}},"167":{"start":{"line":329,"column":21},"end":{"line":329,"column":null}},"168":{"start":{"line":330,"column":4},"end":{"line":337,"column":null}},"169":{"start":{"line":340,"column":17},"end":{"line":385,"column":null}},"170":{"start":{"line":387,"column":2},"end":{"line":417,"column":null}},"171":{"start":{"line":396,"column":65},"end":{"line":396,"column":102}},"172":{"start":{"line":397,"column":70},"end":{"line":397,"column":108}},"173":{"start":{"line":408,"column":66},"end":{"line":414,"column":8}},"174":{"start":{"line":426,"column":75},"end":{"line":426,"column":null}},"175":{"start":{"line":427,"column":26},"end":{"line":430,"column":null}},"176":{"start":{"line":428,"column":22},"end":{"line":428,"column":null}},"177":{"start":{"line":429,"column":4},"end":{"line":429,"column":null}},"178":{"start":{"line":431,"column":19},"end":{"line":431,"column":null}},"179":{"start":{"line":431,"column":51},"end":{"line":431,"column":152}},"180":{"start":{"line":432,"column":20},"end":{"line":432,"column":null}},"181":{"start":{"line":432,"column":45},"end":{"line":432,"column":105}},"182":{"start":{"line":433,"column":22},"end":{"line":433,"column":null}},"183":{"start":{"line":434,"column":28},"end":{"line":434,"column":null}},"184":{"start":{"line":434,"column":60},"end":{"line":434,"column":118}},"185":{"start":{"line":435,"column":29},"end":{"line":445,"column":null}},"186":{"start":{"line":437,"column":26},"end":{"line":445,"column":6}},"187":{"start":{"line":446,"column":23},"end":{"line":446,"column":null}},"188":{"start":{"line":447,"column":24},"end":{"line":447,"column":null}},"189":{"start":{"line":447,"column":51},"end":{"line":447,"column":96}},"190":{"start":{"line":448,"column":21},"end":{"line":448,"column":null}},"191":{"start":{"line":449,"column":33},"end":{"line":449,"column":null}},"192":{"start":{"line":450,"column":32},"end":{"line":450,"column":null}},"193":{"start":{"line":451,"column":24},"end":{"line":451,"column":null}},"194":{"start":{"line":453,"column":23},"end":{"line":458,"column":null}},"195":{"start":{"line":453,"column":66},"end":{"line":458,"column":4}},"196":{"start":{"line":459,"column":19},"end":{"line":461,"column":null}},"197":{"start":{"line":460,"column":31},"end":{"line":460,"column":47}},"198":{"start":{"line":462,"column":2},"end":{"line":470,"column":null}},"199":{"start":{"line":463,"column":16},"end":{"line":463,"column":null}},"200":{"start":{"line":464,"column":19},"end":{"line":464,"column":null}},"201":{"start":{"line":465,"column":4},"end":{"line":465,"column":null}},"202":{"start":{"line":465,"column":17},"end":{"line":465,"column":null}},"203":{"start":{"line":466,"column":4},"end":{"line":466,"column":null}},"204":{"start":{"line":467,"column":4},"end":{"line":469,"column":null}},"205":{"start":{"line":468,"column":6},"end":{"line":468,"column":null}},"206":{"start":{"line":471,"column":2},"end":{"line":476,"column":null}},"207":{"start":{"line":472,"column":16},"end":{"line":472,"column":null}},"208":{"start":{"line":473,"column":19},"end":{"line":473,"column":null}},"209":{"start":{"line":474,"column":4},"end":{"line":474,"column":null}},"210":{"start":{"line":474,"column":17},"end":{"line":474,"column":null}},"211":{"start":{"line":475,"column":4},"end":{"line":475,"column":null}},"212":{"start":{"line":478,"column":27},"end":{"line":478,"column":null}},"213":{"start":{"line":479,"column":28},"end":{"line":479,"column":null}},"214":{"start":{"line":481,"column":17},"end":{"line":515,"column":null}},"215":{"start":{"line":517,"column":2},"end":{"line":546,"column":null}},"216":{"start":{"line":531,"column":67},"end":{"line":539,"column":6}},"217":{"start":{"line":568,"column":6},"end":{"line":568,"column":null}},"218":{"start":{"line":569,"column":25},"end":{"line":569,"column":null}},"219":{"start":{"line":570,"column":32},"end":{"line":573,"column":null}},"220":{"start":{"line":571,"column":18},"end":{"line":571,"column":null}},"221":{"start":{"line":572,"column":4},"end":{"line":572,"column":null}},"222":{"start":{"line":572,"column":44},"end":{"line":572,"column":67}},"223":{"start":{"line":574,"column":8},"end":{"line":574,"column":null}},"224":{"start":{"line":575,"column":26},"end":{"line":579,"column":null}},"225":{"start":{"line":576,"column":19},"end":{"line":576,"column":null}},"226":{"start":{"line":577,"column":4},"end":{"line":577,"column":null}},"227":{"start":{"line":578,"column":4},"end":{"line":578,"column":null}},"228":{"start":{"line":580,"column":26},"end":{"line":580,"column":null}},"229":{"start":{"line":581,"column":31},"end":{"line":581,"column":null}},"230":{"start":{"line":581,"column":71},"end":{"line":581,"column":135}},"231":{"start":{"line":582,"column":33},"end":{"line":582,"column":null}},"232":{"start":{"line":582,"column":73},"end":{"line":582,"column":137}},"233":{"start":{"line":583,"column":33},"end":{"line":583,"column":null}},"234":{"start":{"line":583,"column":65},"end":{"line":583,"column":99}},"235":{"start":{"line":584,"column":24},"end":{"line":584,"column":null}},"236":{"start":{"line":585,"column":23},"end":{"line":585,"column":null}},"237":{"start":{"line":586,"column":27},"end":{"line":586,"column":null}},"238":{"start":{"line":586,"column":56},"end":{"line":586,"column":117}},"239":{"start":{"line":587,"column":26},"end":{"line":587,"column":null}},"240":{"start":{"line":587,"column":55},"end":{"line":587,"column":115}},"241":{"start":{"line":588,"column":23},"end":{"line":588,"column":null}},"242":{"start":{"line":589,"column":27},"end":{"line":589,"column":null}},"243":{"start":{"line":589,"column":65},"end":{"line":589,"column":102}},"244":{"start":{"line":590,"column":25},"end":{"line":590,"column":null}},"245":{"start":{"line":591,"column":23},"end":{"line":591,"column":null}},"246":{"start":{"line":592,"column":24},"end":{"line":605,"column":null}},"247":{"start":{"line":593,"column":24},"end":{"line":593,"column":null}},"248":{"start":{"line":594,"column":27},"end":{"line":594,"column":null}},"249":{"start":{"line":595,"column":4},"end":{"line":604,"column":null}},"250":{"start":{"line":606,"column":8},"end":{"line":613,"column":null}},"251":{"start":{"line":608,"column":19},"end":{"line":613,"column":6}},"252":{"start":{"line":614,"column":29},"end":{"line":630,"column":null}},"253":{"start":{"line":615,"column":22},"end":{"line":615,"column":null}},"254":{"start":{"line":616,"column":22},"end":{"line":616,"column":null}},"255":{"start":{"line":617,"column":20},"end":{"line":617,"column":null}},"256":{"start":{"line":618,"column":4},"end":{"line":629,"column":null}},"257":{"start":{"line":631,"column":25},"end":{"line":631,"column":null}},"258":{"start":{"line":632,"column":47},"end":{"line":637,"column":null}},"259":{"start":{"line":638,"column":32},"end":{"line":638,"column":null}},"260":{"start":{"line":639,"column":22},"end":{"line":639,"column":null}},"261":{"start":{"line":647,"column":7},"end":{"line":647,"column":null}},"262":{"start":{"line":648,"column":29},"end":{"line":685,"column":null}},"263":{"start":{"line":649,"column":24},"end":{"line":649,"column":null}},"264":{"start":{"line":650,"column":26},"end":{"line":650,"column":null}},"265":{"start":{"line":650,"column":49},"end":{"line":650,"column":114}},"266":{"start":{"line":651,"column":27},"end":{"line":651,"column":null}},"267":{"start":{"line":652,"column":23},"end":{"line":652,"column":null}},"268":{"start":{"line":653,"column":23},"end":{"line":653,"column":null}},"269":{"start":{"line":654,"column":4},"end":{"line":661,"column":null}},"270":{"start":{"line":655,"column":18},"end":{"line":655,"column":null}},"271":{"start":{"line":656,"column":19},"end":{"line":656,"column":null}},"272":{"start":{"line":657,"column":6},"end":{"line":660,"column":null}},"273":{"start":{"line":658,"column":8},"end":{"line":658,"column":null}},"274":{"start":{"line":659,"column":8},"end":{"line":659,"column":null}},"275":{"start":{"line":662,"column":24},"end":{"line":662,"column":null}},"276":{"start":{"line":663,"column":21},"end":{"line":663,"column":null}},"277":{"start":{"line":664,"column":4},"end":{"line":664,"column":null}},"278":{"start":{"line":665,"column":29},"end":{"line":665,"column":null}},"279":{"start":{"line":666,"column":4},"end":{"line":675,"column":null}},"280":{"start":{"line":667,"column":6},"end":{"line":674,"column":null}},"281":{"start":{"line":676,"column":4},"end":{"line":684,"column":null}},"282":{"start":{"line":686,"column":27},"end":{"line":708,"column":null}},"283":{"start":{"line":687,"column":4},"end":{"line":707,"column":null}},"284":{"start":{"line":688,"column":6},"end":{"line":690,"column":null}},"285":{"start":{"line":689,"column":8},"end":{"line":689,"column":null}},"286":{"start":{"line":691,"column":24},"end":{"line":691,"column":null}},"287":{"start":{"line":692,"column":22},"end":{"line":692,"column":null}},"288":{"start":{"line":693,"column":25},"end":{"line":693,"column":null}},"289":{"start":{"line":694,"column":23},"end":{"line":694,"column":null}},"290":{"start":{"line":695,"column":23},"end":{"line":695,"column":null}},"291":{"start":{"line":696,"column":6},"end":{"line":698,"column":null}},"292":{"start":{"line":697,"column":8},"end":{"line":697,"column":null}},"293":{"start":{"line":699,"column":6},"end":{"line":706,"column":null}},"294":{"start":{"line":709,"column":2},"end":{"line":709,"column":null}},"295":{"start":{"line":709,"column":36},"end":{"line":709,"column":58}},"296":{"start":{"line":710,"column":29},"end":{"line":712,"column":null}},"297":{"start":{"line":711,"column":25},"end":{"line":711,"column":null}},"298":{"start":{"line":711,"column":54},"end":{"line":711,"column":152}},"299":{"start":{"line":713,"column":28},"end":{"line":717,"column":null}},"300":{"start":{"line":713,"column":61},"end":{"line":717,"column":4}},"301":{"start":{"line":718,"column":30},"end":{"line":727,"column":null}},"302":{"start":{"line":719,"column":20},"end":{"line":719,"column":null}},"303":{"start":{"line":720,"column":28},"end":{"line":720,"column":null}},"304":{"start":{"line":721,"column":4},"end":{"line":726,"column":null}},"305":{"start":{"line":728,"column":8},"end":{"line":735,"column":null}},"306":{"start":{"line":730,"column":22},"end":{"line":735,"column":6}},"307":{"start":{"line":736,"column":28},"end":{"line":738,"column":null}},"308":{"start":{"line":739,"column":26},"end":{"line":739,"column":null}},"309":{"start":{"line":740,"column":22},"end":{"line":740,"column":null}},"310":{"start":{"line":740,"column":54},"end":{"line":740,"column":112}},"311":{"start":{"line":741,"column":35},"end":{"line":750,"column":null}},"312":{"start":{"line":745,"column":93},"end":{"line":749,"column":6}},"313":{"start":{"line":751,"column":24},"end":{"line":758,"column":null}},"314":{"start":{"line":751,"column":81},"end":{"line":758,"column":4}},"315":{"start":{"line":759,"column":29},"end":{"line":775,"column":null}},"316":{"start":{"line":776,"column":28},"end":{"line":781,"column":null}},"317":{"start":{"line":782,"column":28},"end":{"line":790,"column":null}},"318":{"start":{"line":782,"column":81},"end":{"line":790,"column":4}},"319":{"start":{"line":791,"column":29},"end":{"line":805,"column":null}},"320":{"start":{"line":793,"column":6},"end":{"line":797,"column":null}},"321":{"start":{"line":794,"column":8},"end":{"line":794,"column":null}},"322":{"start":{"line":796,"column":8},"end":{"line":796,"column":null}},"323":{"start":{"line":798,"column":6},"end":{"line":800,"column":null}},"324":{"start":{"line":799,"column":8},"end":{"line":799,"column":null}},"325":{"start":{"line":801,"column":6},"end":{"line":801,"column":null}},"326":{"start":{"line":802,"column":6},"end":{"line":802,"column":null}},"327":{"start":{"line":806,"column":32},"end":{"line":821,"column":null}},"328":{"start":{"line":806,"column":67},"end":{"line":821,"column":4}},"329":{"start":{"line":822,"column":23},"end":{"line":822,"column":null}},"330":{"start":{"line":823,"column":21},"end":{"line":834,"column":null}},"331":{"start":{"line":824,"column":61},"end":{"line":824,"column":102}},"332":{"start":{"line":828,"column":64},"end":{"line":828,"column":111}},"333":{"start":{"line":835,"column":2},"end":{"line":922,"column":null}},"334":{"start":{"line":944,"column":6},"end":{"line":944,"column":null}},"335":{"start":{"line":945,"column":2},"end":{"line":976,"column":null}},"336":{"start":{"line":946,"column":4},"end":{"line":975,"column":null}},"337":{"start":{"line":947,"column":19},"end":{"line":968,"column":null}},"338":{"start":{"line":951,"column":22},"end":{"line":956,"column":null}},"339":{"start":{"line":957,"column":10},"end":{"line":959,"column":null}},"340":{"start":{"line":958,"column":12},"end":{"line":958,"column":null}},"341":{"start":{"line":960,"column":34},"end":{"line":960,"column":null}},"342":{"start":{"line":961,"column":10},"end":{"line":963,"column":null}},"343":{"start":{"line":962,"column":12},"end":{"line":962,"column":null}},"344":{"start":{"line":964,"column":10},"end":{"line":966,"column":null}},"345":{"start":{"line":965,"column":69},"end":{"line":965,"column":108}},"346":{"start":{"line":969,"column":6},"end":{"line":972,"column":null}},"347":{"start":{"line":974,"column":6},"end":{"line":974,"column":null}},"348":{"start":{"line":977,"column":2},"end":{"line":980,"column":null}},"349":{"start":{"line":984,"column":2},"end":{"line":992,"column":null}},"350":{"start":{"line":996,"column":2},"end":{"line":1004,"column":null}},"351":{"start":{"line":1008,"column":2},"end":{"line":1016,"column":null}},"352":{"start":{"line":1020,"column":2},"end":{"line":1028,"column":null}},"353":{"start":{"line":1032,"column":2},"end":{"line":1040,"column":null}},"354":{"start":{"line":1044,"column":24},"end":{"line":1052,"column":null}},"355":{"start":{"line":1053,"column":2},"end":{"line":1055,"column":null}},"356":{"start":{"line":1054,"column":4},"end":{"line":1054,"column":null}},"357":{"start":{"line":1056,"column":2},"end":{"line":1064,"column":null}},"358":{"start":{"line":1068,"column":2},"end":{"line":1076,"column":null}},"359":{"start":{"line":1080,"column":2},"end":{"line":1084,"column":null}},"360":{"start":{"line":1081,"column":17},"end":{"line":1081,"column":null}},"361":{"start":{"line":1082,"column":4},"end":{"line":1082,"column":null}},"362":{"start":{"line":1083,"column":4},"end":{"line":1083,"column":null}},"363":{"start":{"line":1088,"column":18},"end":{"line":1088,"column":null}},"364":{"start":{"line":1089,"column":14},"end":{"line":1089,"column":null}},"365":{"start":{"line":1090,"column":2},"end":{"line":1092,"column":null}},"366":{"start":{"line":1091,"column":4},"end":{"line":1091,"column":null}},"367":{"start":{"line":1093,"column":2},"end":{"line":1100,"column":null}},"368":{"start":{"line":1094,"column":16},"end":{"line":1094,"column":null}},"369":{"start":{"line":1095,"column":4},"end":{"line":1095,"column":null}},"370":{"start":{"line":1095,"column":23},"end":{"line":1095,"column":null}},"371":{"start":{"line":1096,"column":19},"end":{"line":1096,"column":null}},"372":{"start":{"line":1097,"column":4},"end":{"line":1097,"column":null}},"373":{"start":{"line":1097,"column":17},"end":{"line":1097,"column":null}},"374":{"start":{"line":1098,"column":4},"end":{"line":1098,"column":null}},"375":{"start":{"line":1099,"column":4},"end":{"line":1099,"column":null}},"376":{"start":{"line":1101,"column":2},"end":{"line":1101,"column":null}},"377":{"start":{"line":1105,"column":18},"end":{"line":1105,"column":null}},"378":{"start":{"line":1106,"column":14},"end":{"line":1106,"column":null}},"379":{"start":{"line":1107,"column":2},"end":{"line":1109,"column":null}},"380":{"start":{"line":1108,"column":4},"end":{"line":1108,"column":null}},"381":{"start":{"line":1110,"column":2},"end":{"line":1120,"column":null}},"382":{"start":{"line":1111,"column":16},"end":{"line":1111,"column":null}},"383":{"start":{"line":1112,"column":19},"end":{"line":1112,"column":null}},"384":{"start":{"line":1113,"column":19},"end":{"line":1113,"column":null}},"385":{"start":{"line":1114,"column":4},"end":{"line":1114,"column":null}},"386":{"start":{"line":1114,"column":17},"end":{"line":1114,"column":null}},"387":{"start":{"line":1115,"column":4},"end":{"line":1119,"column":null}},"388":{"start":{"line":1116,"column":6},"end":{"line":1116,"column":null}},"389":{"start":{"line":1118,"column":6},"end":{"line":1118,"column":null}},"390":{"start":{"line":1121,"column":2},"end":{"line":1121,"column":null}},"391":{"start":{"line":1129,"column":44},"end":{"line":1129,"column":null}},"392":{"start":{"line":1130,"column":21},"end":{"line":1130,"column":null}},"393":{"start":{"line":1131,"column":25},"end":{"line":1131,"column":null}},"394":{"start":{"line":1132,"column":33},"end":{"line":1144,"column":null}},"395":{"start":{"line":1145,"column":2},"end":{"line":1154,"column":null}},"396":{"start":{"line":1146,"column":4},"end":{"line":1153,"column":null}},"397":{"start":{"line":1155,"column":2},"end":{"line":1160,"column":null}},"398":{"start":{"line":1156,"column":4},"end":{"line":1159,"column":null}},"399":{"start":{"line":1161,"column":2},"end":{"line":1233,"column":null}},"400":{"start":{"line":1163,"column":88},"end":{"line":1168,"column":6}},"401":{"start":{"line":1169,"column":70},"end":{"line":1176,"column":6}},"402":{"start":{"line":1188,"column":76},"end":{"line":1195,"column":6}},"403":{"start":{"line":1196,"column":78},"end":{"line":1201,"column":6}},"404":{"start":{"line":1203,"column":56},"end":{"line":1209,"column":10}},"405":{"start":{"line":1237,"column":2},"end":{"line":1237,"column":null}},"406":{"start":{"line":1238,"column":2},"end":{"line":1238,"column":null}},"407":{"start":{"line":1238,"column":33},"end":{"line":1238,"column":null}},"408":{"start":{"line":1240,"column":8},"end":{"line":1240,"column":null}},"409":{"start":{"line":1241,"column":8},"end":{"line":1241,"column":null}},"410":{"start":{"line":1242,"column":2},"end":{"line":1242,"column":null}},"411":{"start":{"line":1244,"column":2},"end":{"line":1674,"column":null}},"412":{"start":{"line":1245,"column":4},"end":{"line":1252,"column":null}},"413":{"start":{"line":1246,"column":6},"end":{"line":1246,"column":null}},"414":{"start":{"line":1247,"column":6},"end":{"line":1251,"column":null}},"415":{"start":{"line":1254,"column":4},"end":{"line":1254,"column":null}},"416":{"start":{"line":1255,"column":4},"end":{"line":1255,"column":null}},"417":{"start":{"line":1256,"column":17},"end":{"line":1256,"column":null}},"418":{"start":{"line":1257,"column":4},"end":{"line":1257,"column":null}},"419":{"start":{"line":1258,"column":4},"end":{"line":1258,"column":null}},"420":{"start":{"line":1259,"column":19},"end":{"line":1259,"column":null}},"421":{"start":{"line":1260,"column":10},"end":{"line":1263,"column":null}},"422":{"start":{"line":1264,"column":4},"end":{"line":1264,"column":null}},"423":{"start":{"line":1265,"column":23},"end":{"line":1265,"column":null}},"424":{"start":{"line":1266,"column":4},"end":{"line":1271,"column":null}},"425":{"start":{"line":1273,"column":21},"end":{"line":1273,"column":null}},"426":{"start":{"line":1274,"column":24},"end":{"line":1274,"column":null}},"427":{"start":{"line":1275,"column":17},"end":{"line":1275,"column":null}},"428":{"start":{"line":1276,"column":10},"end":{"line":1276,"column":null}},"429":{"start":{"line":1277,"column":10},"end":{"line":1282,"column":null}},"430":{"start":{"line":1284,"column":21},"end":{"line":1284,"column":null}},"431":{"start":{"line":1285,"column":26},"end":{"line":1285,"column":null}},"432":{"start":{"line":1286,"column":25},"end":{"line":1286,"column":null}},"433":{"start":{"line":1287,"column":27},"end":{"line":1287,"column":null}},"434":{"start":{"line":1288,"column":25},"end":{"line":1291,"column":null}},"435":{"start":{"line":1292,"column":22},"end":{"line":1292,"column":null}},"436":{"start":{"line":1293,"column":28},"end":{"line":1293,"column":null}},"437":{"start":{"line":1294,"column":4},"end":{"line":1300,"column":null}},"438":{"start":{"line":1295,"column":6},"end":{"line":1299,"column":null}},"439":{"start":{"line":1301,"column":45},"end":{"line":1305,"column":null}},"440":{"start":{"line":1307,"column":21},"end":{"line":1318,"column":null}},"441":{"start":{"line":1319,"column":16},"end":{"line":1319,"column":null}},"442":{"start":{"line":1320,"column":19},"end":{"line":1320,"column":null}},"443":{"start":{"line":1321,"column":4},"end":{"line":1360,"column":null}},"444":{"start":{"line":1322,"column":6},"end":{"line":1340,"column":null}},"445":{"start":{"line":1341,"column":6},"end":{"line":1359,"column":null}},"446":{"start":{"line":1362,"column":10},"end":{"line":1362,"column":null}},"447":{"start":{"line":1363,"column":121},"end":{"line":1371,"column":null}},"448":{"start":{"line":1373,"column":25},"end":{"line":1384,"column":null}},"449":{"start":{"line":1374,"column":21},"end":{"line":1374,"column":null}},"450":{"start":{"line":1375,"column":6},"end":{"line":1375,"column":null}},"451":{"start":{"line":1375,"column":48},"end":{"line":1375,"column":null}},"452":{"start":{"line":1376,"column":6},"end":{"line":1382,"column":null}},"453":{"start":{"line":1377,"column":27},"end":{"line":1377,"column":null}},"454":{"start":{"line":1378,"column":29},"end":{"line":1378,"column":null}},"455":{"start":{"line":1379,"column":8},"end":{"line":1381,"column":null}},"456":{"start":{"line":1380,"column":10},"end":{"line":1380,"column":null}},"457":{"start":{"line":1383,"column":6},"end":{"line":1383,"column":null}},"458":{"start":{"line":1386,"column":28},"end":{"line":1409,"column":null}},"459":{"start":{"line":1388,"column":8},"end":{"line":1388,"column":null}},"460":{"start":{"line":1388,"column":76},"end":{"line":1388,"column":null}},"461":{"start":{"line":1389,"column":8},"end":{"line":1389,"column":null}},"462":{"start":{"line":1389,"column":53},"end":{"line":1389,"column":null}},"463":{"start":{"line":1390,"column":8},"end":{"line":1390,"column":null}},"464":{"start":{"line":1390,"column":29},"end":{"line":1390,"column":null}},"465":{"start":{"line":1391,"column":8},"end":{"line":1391,"column":null}},"466":{"start":{"line":1394,"column":24},"end":{"line":1394,"column":null}},"467":{"start":{"line":1395,"column":8},"end":{"line":1407,"column":null}},"468":{"start":{"line":1411,"column":26},"end":{"line":1428,"column":null}},"469":{"start":{"line":1413,"column":8},"end":{"line":1413,"column":null}},"470":{"start":{"line":1413,"column":53},"end":{"line":1413,"column":null}},"471":{"start":{"line":1414,"column":8},"end":{"line":1414,"column":null}},"472":{"start":{"line":1414,"column":29},"end":{"line":1414,"column":null}},"473":{"start":{"line":1415,"column":8},"end":{"line":1415,"column":null}},"474":{"start":{"line":1417,"column":21},"end":{"line":1427,"column":8}},"475":{"start":{"line":1430,"column":23},"end":{"line":1451,"column":null}},"476":{"start":{"line":1432,"column":26},"end":{"line":1432,"column":null}},"477":{"start":{"line":1433,"column":8},"end":{"line":1435,"column":null}},"478":{"start":{"line":1434,"column":10},"end":{"line":1434,"column":null}},"479":{"start":{"line":1436,"column":8},"end":{"line":1436,"column":null}},"480":{"start":{"line":1436,"column":53},"end":{"line":1436,"column":null}},"481":{"start":{"line":1437,"column":8},"end":{"line":1437,"column":null}},"482":{"start":{"line":1437,"column":29},"end":{"line":1437,"column":null}},"483":{"start":{"line":1438,"column":8},"end":{"line":1438,"column":null}},"484":{"start":{"line":1440,"column":21},"end":{"line":1450,"column":8}},"485":{"start":{"line":1453,"column":29},"end":{"line":1483,"column":null}},"486":{"start":{"line":1455,"column":26},"end":{"line":1455,"column":null}},"487":{"start":{"line":1456,"column":8},"end":{"line":1458,"column":null}},"488":{"start":{"line":1457,"column":10},"end":{"line":1457,"column":null}},"489":{"start":{"line":1459,"column":8},"end":{"line":1459,"column":null}},"490":{"start":{"line":1459,"column":53},"end":{"line":1459,"column":null}},"491":{"start":{"line":1460,"column":8},"end":{"line":1463,"column":null}},"492":{"start":{"line":1461,"column":25},"end":{"line":1461,"column":null}},"493":{"start":{"line":1462,"column":10},"end":{"line":1462,"column":null}},"494":{"start":{"line":1462,"column":53},"end":{"line":1462,"column":null}},"495":{"start":{"line":1464,"column":8},"end":{"line":1464,"column":null}},"496":{"start":{"line":1464,"column":29},"end":{"line":1464,"column":null}},"497":{"start":{"line":1465,"column":8},"end":{"line":1465,"column":null}},"498":{"start":{"line":1468,"column":21},"end":{"line":1468,"column":null}},"499":{"start":{"line":1469,"column":24},"end":{"line":1469,"column":null}},"500":{"start":{"line":1470,"column":8},"end":{"line":1481,"column":null}},"501":{"start":{"line":1485,"column":33},"end":{"line":1485,"column":null}},"502":{"start":{"line":1485,"column":65},"end":{"line":1485,"column":97}},"503":{"start":{"line":1486,"column":29},"end":{"line":1486,"column":null}},"504":{"start":{"line":1486,"column":61},"end":{"line":1486,"column":141}},"505":{"start":{"line":1487,"column":25},"end":{"line":1487,"column":null}},"506":{"start":{"line":1487,"column":49},"end":{"line":1487,"column":83}},"507":{"start":{"line":1488,"column":24},"end":{"line":1488,"column":null}},"508":{"start":{"line":1488,"column":51},"end":{"line":1488,"column":95}},"509":{"start":{"line":1489,"column":29},"end":{"line":1489,"column":null}},"510":{"start":{"line":1489,"column":64},"end":{"line":1489,"column":88}},"511":{"start":{"line":1490,"column":24},"end":{"line":1490,"column":null}},"512":{"start":{"line":1490,"column":59},"end":{"line":1490,"column":84}},"513":{"start":{"line":1491,"column":30},"end":{"line":1491,"column":null}},"514":{"start":{"line":1491,"column":63},"end":{"line":1491,"column":138}},"515":{"start":{"line":1492,"column":24},"end":{"line":1492,"column":null}},"516":{"start":{"line":1492,"column":57},"end":{"line":1492,"column":119}},"517":{"start":{"line":1493,"column":32},"end":{"line":1499,"column":null}},"518":{"start":{"line":1494,"column":23},"end":{"line":1494,"column":null}},"519":{"start":{"line":1495,"column":6},"end":{"line":1495,"column":null}},"520":{"start":{"line":1495,"column":35},"end":{"line":1495,"column":null}},"521":{"start":{"line":1496,"column":6},"end":{"line":1496,"column":null}},"522":{"start":{"line":1496,"column":31},"end":{"line":1496,"column":null}},"523":{"start":{"line":1497,"column":6},"end":{"line":1497,"column":null}},"524":{"start":{"line":1497,"column":33},"end":{"line":1497,"column":null}},"525":{"start":{"line":1498,"column":6},"end":{"line":1498,"column":null}},"526":{"start":{"line":1501,"column":29},"end":{"line":1501,"column":null}},"527":{"start":{"line":1502,"column":24},"end":{"line":1502,"column":null}},"528":{"start":{"line":1504,"column":31},"end":{"line":1513,"column":null}},"529":{"start":{"line":1504,"column":58},"end":{"line":1513,"column":6}},"530":{"start":{"line":1515,"column":27},"end":{"line":1522,"column":null}},"531":{"start":{"line":1524,"column":31},"end":{"line":1529,"column":null}},"532":{"start":{"line":1530,"column":10},"end":{"line":1530,"column":null}},"533":{"start":{"line":1531,"column":35},"end":{"line":1540,"column":null}},"534":{"start":{"line":1541,"column":27},"end":{"line":1549,"column":null}},"535":{"start":{"line":1542,"column":19},"end":{"line":1547,"column":null}},"536":{"start":{"line":1543,"column":27},"end":{"line":1543,"column":null}},"537":{"start":{"line":1544,"column":8},"end":{"line":1544,"column":null}},"538":{"start":{"line":1544,"column":39},"end":{"line":1544,"column":null}},"539":{"start":{"line":1545,"column":8},"end":{"line":1545,"column":null}},"540":{"start":{"line":1545,"column":38},"end":{"line":1545,"column":null}},"541":{"start":{"line":1546,"column":8},"end":{"line":1546,"column":null}},"542":{"start":{"line":1548,"column":6},"end":{"line":1548,"column":null}},"543":{"start":{"line":1551,"column":32},"end":{"line":1583,"column":null}},"544":{"start":{"line":1585,"column":29},"end":{"line":1589,"column":null}},"545":{"start":{"line":1591,"column":32},"end":{"line":1620,"column":null}},"546":{"start":{"line":1622,"column":4},"end":{"line":1625,"column":null}},"547":{"start":{"line":1627,"column":4},"end":{"line":1632,"column":null}},"548":{"start":{"line":1628,"column":24},"end":{"line":1630,"column":null}},"549":{"start":{"line":1629,"column":31},"end":{"line":1629,"column":60}},"550":{"start":{"line":1630,"column":24},"end":{"line":1630,"column":27}},"551":{"start":{"line":1631,"column":6},"end":{"line":1631,"column":null}},"552":{"start":{"line":1631,"column":33},"end":{"line":1631,"column":60}},"553":{"start":{"line":1634,"column":4},"end":{"line":1657,"column":null}},"554":{"start":{"line":1659,"column":4},"end":{"line":1671,"column":null}},"555":{"start":{"line":1673,"column":4},"end":{"line":1673,"column":null}}},"fnMap":{"0":{"name":"waitMs","decl":{"start":{"line":43,"column":9},"end":{"line":43,"column":16}},"loc":{"start":{"line":43,"column":43},"end":{"line":47,"column":null}},"line":43},"1":{"name":"(anonymous_1)","decl":{"start":{"line":44,"column":21},"end":{"line":44,"column":22}},"loc":{"start":{"line":44,"column":34},"end":{"line":46,"column":3}},"line":44},"2":{"name":"openCircuitBreaker","decl":{"start":{"line":49,"column":9},"end":{"line":49,"column":28}},"loc":{"start":{"line":49,"column":44},"end":{"line":55,"column":null}},"line":49},"3":{"name":"registerCircuitFailure","decl":{"start":{"line":57,"column":9},"end":{"line":57,"column":32}},"loc":{"start":{"line":57,"column":48},"end":{"line":67,"column":null}},"line":57},"4":{"name":"registerCircuitSuccess","decl":{"start":{"line":69,"column":9},"end":{"line":69,"column":32}},"loc":{"start":{"line":69,"column":48},"end":{"line":74,"column":null}},"line":69},"5":{"name":"isCircuitBreakerOpen","decl":{"start":{"line":76,"column":9},"end":{"line":76,"column":30}},"loc":{"start":{"line":76,"column":55},"end":{"line":84,"column":null}},"line":76},"6":{"name":"executeWithRetry","decl":{"start":{"line":86,"column":15},"end":{"line":86,"column":35}},"loc":{"start":{"line":90,"column":15},"end":{"line":119,"column":null}},"line":90},"7":{"name":"parsePositiveInteger","decl":{"start":{"line":121,"column":9},"end":{"line":121,"column":30}},"loc":{"start":{"line":121,"column":113},"end":{"line":127,"column":null}},"line":121},"8":{"name":"parseStringValue","decl":{"start":{"line":129,"column":9},"end":{"line":129,"column":26}},"loc":{"start":{"line":129,"column":50},"end":{"line":131,"column":null}},"line":129},"9":{"name":"parseNumberValue","decl":{"start":{"line":133,"column":9},"end":{"line":133,"column":26}},"loc":{"start":{"line":133,"column":69},"end":{"line":139,"column":null}},"line":133},"10":{"name":"parseDashboardModule","decl":{"start":{"line":141,"column":9},"end":{"line":141,"column":30}},"loc":{"start":{"line":141,"column":63},"end":{"line":147,"column":null}},"line":141},"11":{"name":"resolveDashboardRole","decl":{"start":{"line":149,"column":9},"end":{"line":149,"column":30}},"loc":{"start":{"line":149,"column":68},"end":{"line":158,"column":null}},"line":149},"12":{"name":"(anonymous_12)","decl":{"start":{"line":150,"column":45},"end":{"line":150,"column":46}},"loc":{"start":{"line":150,"column":61},"end":{"line":150,"column":92}},"line":150},"13":{"name":"isStatusMatch","decl":{"start":{"line":160,"column":9},"end":{"line":160,"column":23}},"loc":{"start":{"line":160,"column":70},"end":{"line":163,"column":null}},"line":160},"14":{"name":"matchesSearchTokens","decl":{"start":{"line":165,"column":9},"end":{"line":165,"column":29}},"loc":{"start":{"line":165,"column":73},"end":{"line":171,"column":null}},"line":165},"15":{"name":"(anonymous_15)","decl":{"start":{"line":168,"column":9},"end":{"line":168,"column":10}},"loc":{"start":{"line":168,"column":20},"end":{"line":168,"column":53}},"line":168},"16":{"name":"(anonymous_16)","decl":{"start":{"line":170,"column":22},"end":{"line":170,"column":23}},"loc":{"start":{"line":170,"column":33},"end":{"line":170,"column":58}},"line":170},"17":{"name":"parseDateMs","decl":{"start":{"line":173,"column":9},"end":{"line":173,"column":21}},"loc":{"start":{"line":173,"column":45},"end":{"line":177,"column":null}},"line":173},"18":{"name":"withinDueWindow","decl":{"start":{"line":179,"column":9},"end":{"line":179,"column":25}},"loc":{"start":{"line":179,"column":78},"end":{"line":186,"column":null}},"line":179},"19":{"name":"computeDueInDays","decl":{"start":{"line":188,"column":9},"end":{"line":188,"column":26}},"loc":{"start":{"line":188,"column":62},"end":{"line":192,"column":null}},"line":188},"20":{"name":"normalizeStatusLevel","decl":{"start":{"line":194,"column":9},"end":{"line":194,"column":30}},"loc":{"start":{"line":194,"column":150},"end":{"line":203,"column":null}},"line":194},"21":{"name":"toSafeDay","decl":{"start":{"line":205,"column":9},"end":{"line":205,"column":19}},"loc":{"start":{"line":205,"column":43},"end":{"line":207,"column":null}},"line":205},"22":{"name":"findLatestSignalValue","decl":{"start":{"line":209,"column":9},"end":{"line":209,"column":31}},"loc":{"start":{"line":209,"column":108},"end":{"line":221,"column":null}},"line":209},"23":{"name":"(anonymous_23)","decl":{"start":{"line":210,"column":42},"end":{"line":210,"column":43}},"loc":{"start":{"line":210,"column":53},"end":{"line":210,"column":72}},"line":210},"24":{"name":"(anonymous_24)","decl":{"start":{"line":212,"column":10},"end":{"line":212,"column":11}},"loc":{"start":{"line":212,"column":27},"end":{"line":212,"column":128}},"line":212},"25":{"name":"(anonymous_25)","decl":{"start":{"line":213,"column":10},"end":{"line":213,"column":11}},"loc":{"start":{"line":213,"column":19},"end":{"line":216,"column":5}},"line":213},"26":{"name":"(anonymous_26)","decl":{"start":{"line":215,"column":37},"end":{"line":215,"column":38}},"loc":{"start":{"line":215,"column":50},"end":{"line":215,"column":78}},"line":215},"27":{"name":"buildSignalAnomalies","decl":{"start":{"line":223,"column":9},"end":{"line":223,"column":30}},"loc":{"start":{"line":233,"column":3},"end":{"line":284,"column":null}},"line":233},"28":{"name":"(anonymous_28)","decl":{"start":{"line":235,"column":21},"end":{"line":235,"column":22}},"loc":{"start":{"line":235,"column":30},"end":{"line":242,"column":3}},"line":235},"29":{"name":"(anonymous_29)","decl":{"start":{"line":254,"column":21},"end":{"line":254,"column":22}},"loc":{"start":{"line":254,"column":37},"end":{"line":280,"column":3}},"line":254},"30":{"name":"(anonymous_30)","decl":{"start":{"line":261,"column":32},"end":{"line":261,"column":33}},"loc":{"start":{"line":261,"column":48},"end":{"line":261,"column":61}},"line":261},"31":{"name":"(anonymous_31)","decl":{"start":{"line":262,"column":36},"end":{"line":262,"column":37}},"loc":{"start":{"line":262,"column":52},"end":{"line":262,"column":79}},"line":262},"32":{"name":"(anonymous_32)","decl":{"start":{"line":282,"column":10},"end":{"line":282,"column":11}},"loc":{"start":{"line":282,"column":27},"end":{"line":282,"column":67}},"line":282},"33":{"name":"buildEngineSnapshot","decl":{"start":{"line":286,"column":9},"end":{"line":286,"column":29}},"loc":{"start":{"line":293,"column":3},"end":{"line":418,"column":null}},"line":293},"34":{"name":"(anonymous_34)","decl":{"start":{"line":315,"column":43},"end":{"line":315,"column":44}},"loc":{"start":{"line":315,"column":52},"end":{"line":315,"column":75}},"line":315},"35":{"name":"(anonymous_35)","decl":{"start":{"line":326,"column":37},"end":{"line":326,"column":38}},"loc":{"start":{"line":326,"column":55},"end":{"line":338,"column":3}},"line":326},"36":{"name":"(anonymous_36)","decl":{"start":{"line":396,"column":51},"end":{"line":396,"column":52}},"loc":{"start":{"line":396,"column":65},"end":{"line":396,"column":102}},"line":396},"37":{"name":"(anonymous_37)","decl":{"start":{"line":397,"column":56},"end":{"line":397,"column":57}},"loc":{"start":{"line":397,"column":70},"end":{"line":397,"column":108}},"line":397},"38":{"name":"(anonymous_38)","decl":{"start":{"line":408,"column":49},"end":{"line":408,"column":50}},"loc":{"start":{"line":408,"column":66},"end":{"line":414,"column":8}},"line":408},"39":{"name":"buildComponentsSnapshot","decl":{"start":{"line":420,"column":9},"end":{"line":420,"column":33}},"loc":{"start":{"line":425,"column":3},"end":{"line":547,"column":null}},"line":425},"40":{"name":"(anonymous_40)","decl":{"start":{"line":427,"column":54},"end":{"line":427,"column":55}},"loc":{"start":{"line":427,"column":63},"end":{"line":430,"column":3}},"line":427},"41":{"name":"(anonymous_41)","decl":{"start":{"line":431,"column":42},"end":{"line":431,"column":43}},"loc":{"start":{"line":431,"column":51},"end":{"line":431,"column":152}},"line":431},"42":{"name":"(anonymous_42)","decl":{"start":{"line":432,"column":36},"end":{"line":432,"column":37}},"loc":{"start":{"line":432,"column":45},"end":{"line":432,"column":105}},"line":432},"43":{"name":"(anonymous_43)","decl":{"start":{"line":434,"column":51},"end":{"line":434,"column":52}},"loc":{"start":{"line":434,"column":60},"end":{"line":434,"column":118}},"line":434},"44":{"name":"(anonymous_44)","decl":{"start":{"line":437,"column":9},"end":{"line":437,"column":10}},"loc":{"start":{"line":437,"column":26},"end":{"line":445,"column":6}},"line":437},"45":{"name":"(anonymous_45)","decl":{"start":{"line":447,"column":42},"end":{"line":447,"column":43}},"loc":{"start":{"line":447,"column":51},"end":{"line":447,"column":96}},"line":447},"46":{"name":"(anonymous_46)","decl":{"start":{"line":453,"column":56},"end":{"line":453,"column":57}},"loc":{"start":{"line":453,"column":66},"end":{"line":458,"column":4}},"line":453},"47":{"name":"(anonymous_47)","decl":{"start":{"line":460,"column":21},"end":{"line":460,"column":22}},"loc":{"start":{"line":460,"column":31},"end":{"line":460,"column":47}},"line":460},"48":{"name":"(anonymous_48)","decl":{"start":{"line":462,"column":29},"end":{"line":462,"column":30}},"loc":{"start":{"line":462,"column":38},"end":{"line":470,"column":3}},"line":462},"49":{"name":"(anonymous_49)","decl":{"start":{"line":471,"column":21},"end":{"line":471,"column":22}},"loc":{"start":{"line":471,"column":30},"end":{"line":476,"column":3}},"line":471},"50":{"name":"(anonymous_50)","decl":{"start":{"line":531,"column":57},"end":{"line":531,"column":58}},"loc":{"start":{"line":531,"column":67},"end":{"line":539,"column":6}},"line":531},"51":{"name":"buildEngineOperationsModule","decl":{"start":{"line":549,"column":9},"end":{"line":549,"column":37}},"loc":{"start":{"line":558,"column":15},"end":{"line":923,"column":null}},"line":558},"52":{"name":"(anonymous_52)","decl":{"start":{"line":570,"column":55},"end":{"line":570,"column":56}},"loc":{"start":{"line":570,"column":64},"end":{"line":573,"column":3}},"line":570},"53":{"name":"(anonymous_53)","decl":{"start":{"line":572,"column":31},"end":{"line":572,"column":32}},"loc":{"start":{"line":572,"column":44},"end":{"line":572,"column":67}},"line":572},"54":{"name":"(anonymous_54)","decl":{"start":{"line":575,"column":81},"end":{"line":575,"column":82}},"loc":{"start":{"line":575,"column":95},"end":{"line":579,"column":5}},"line":575},"55":{"name":"(anonymous_55)","decl":{"start":{"line":581,"column":62},"end":{"line":581,"column":63}},"loc":{"start":{"line":581,"column":71},"end":{"line":581,"column":135}},"line":581},"56":{"name":"(anonymous_56)","decl":{"start":{"line":582,"column":64},"end":{"line":582,"column":65}},"loc":{"start":{"line":582,"column":73},"end":{"line":582,"column":137}},"line":582},"57":{"name":"(anonymous_57)","decl":{"start":{"line":583,"column":64},"end":{"line":583,"column":65}},"loc":{"start":{"line":583,"column":65},"end":{"line":583,"column":99}},"line":583},"58":{"name":"(anonymous_58)","decl":{"start":{"line":586,"column":45},"end":{"line":586,"column":46}},"loc":{"start":{"line":586,"column":56},"end":{"line":586,"column":117}},"line":586},"59":{"name":"(anonymous_59)","decl":{"start":{"line":587,"column":44},"end":{"line":587,"column":45}},"loc":{"start":{"line":587,"column":55},"end":{"line":587,"column":115}},"line":587},"60":{"name":"(anonymous_60)","decl":{"start":{"line":589,"column":51},"end":{"line":589,"column":52}},"loc":{"start":{"line":589,"column":65},"end":{"line":589,"column":102}},"line":589},"61":{"name":"(anonymous_61)","decl":{"start":{"line":592,"column":59},"end":{"line":592,"column":60}},"loc":{"start":{"line":592,"column":75},"end":{"line":605,"column":3}},"line":592},"62":{"name":"(anonymous_62)","decl":{"start":{"line":608,"column":9},"end":{"line":608,"column":10}},"loc":{"start":{"line":608,"column":19},"end":{"line":613,"column":6}},"line":608},"63":{"name":"(anonymous_63)","decl":{"start":{"line":614,"column":57},"end":{"line":614,"column":58}},"loc":{"start":{"line":614,"column":73},"end":{"line":630,"column":3}},"line":614},"64":{"name":"(anonymous_64)","decl":{"start":{"line":648,"column":52},"end":{"line":648,"column":53}},"loc":{"start":{"line":648,"column":64},"end":{"line":685,"column":3}},"line":648},"65":{"name":"(anonymous_65)","decl":{"start":{"line":650,"column":48},"end":{"line":650,"column":49}},"loc":{"start":{"line":650,"column":49},"end":{"line":650,"column":114}},"line":650},"66":{"name":"(anonymous_66)","decl":{"start":{"line":654,"column":27},"end":{"line":654,"column":28}},"loc":{"start":{"line":654,"column":37},"end":{"line":661,"column":5}},"line":654},"67":{"name":"(anonymous_67)","decl":{"start":{"line":686,"column":54},"end":{"line":686,"column":55}},"loc":{"start":{"line":687,"column":4},"end":{"line":707,"column":null}},"line":687},"68":{"name":"(anonymous_68)","decl":{"start":{"line":687,"column":52},"end":{"line":687,"column":53}},"loc":{"start":{"line":687,"column":69},"end":{"line":707,"column":5}},"line":687},"69":{"name":"(anonymous_69)","decl":{"start":{"line":709,"column":27},"end":{"line":709,"column":28}},"loc":{"start":{"line":709,"column":36},"end":{"line":709,"column":58}},"line":709},"70":{"name":"(anonymous_70)","decl":{"start":{"line":711,"column":4},"end":{"line":711,"column":5}},"loc":{"start":{"line":711,"column":25},"end":{"line":711,"column":null}},"line":711},"71":{"name":"(anonymous_71)","decl":{"start":{"line":711,"column":39},"end":{"line":711,"column":40}},"loc":{"start":{"line":711,"column":54},"end":{"line":711,"column":152}},"line":711},"72":{"name":"(anonymous_72)","decl":{"start":{"line":713,"column":51},"end":{"line":713,"column":52}},"loc":{"start":{"line":713,"column":61},"end":{"line":717,"column":4}},"line":713},"73":{"name":"(anonymous_73)","decl":{"start":{"line":718,"column":70},"end":{"line":718,"column":71}},"loc":{"start":{"line":718,"column":79},"end":{"line":727,"column":3}},"line":718},"74":{"name":"(anonymous_74)","decl":{"start":{"line":730,"column":9},"end":{"line":730,"column":10}},"loc":{"start":{"line":730,"column":22},"end":{"line":735,"column":6}},"line":730},"75":{"name":"(anonymous_75)","decl":{"start":{"line":740,"column":45},"end":{"line":740,"column":46}},"loc":{"start":{"line":740,"column":54},"end":{"line":740,"column":112}},"line":740},"76":{"name":"(anonymous_76)","decl":{"start":{"line":745,"column":75},"end":{"line":745,"column":76}},"loc":{"start":{"line":745,"column":93},"end":{"line":749,"column":6}},"line":745},"77":{"name":"(anonymous_77)","decl":{"start":{"line":751,"column":64},"end":{"line":751,"column":65}},"loc":{"start":{"line":751,"column":81},"end":{"line":758,"column":4}},"line":751},"78":{"name":"(anonymous_78)","decl":{"start":{"line":782,"column":64},"end":{"line":782,"column":65}},"loc":{"start":{"line":782,"column":81},"end":{"line":790,"column":4}},"line":782},"79":{"name":"(anonymous_79)","decl":{"start":{"line":792,"column":4},"end":{"line":792,"column":5}},"loc":{"start":{"line":792,"column":18},"end":{"line":803,"column":null}},"line":792},"80":{"name":"(anonymous_80)","decl":{"start":{"line":806,"column":50},"end":{"line":806,"column":51}},"loc":{"start":{"line":806,"column":67},"end":{"line":821,"column":4}},"line":806},"81":{"name":"(anonymous_81)","decl":{"start":{"line":824,"column":52},"end":{"line":824,"column":53}},"loc":{"start":{"line":824,"column":61},"end":{"line":824,"column":102}},"line":824},"82":{"name":"(anonymous_82)","decl":{"start":{"line":828,"column":55},"end":{"line":828,"column":56}},"loc":{"start":{"line":828,"column":64},"end":{"line":828,"column":111}},"line":828},"83":{"name":"selectRowsFromCandidates","decl":{"start":{"line":925,"column":15},"end":{"line":925,"column":40}},"loc":{"start":{"line":934,"column":52},"end":{"line":981,"column":null}},"line":934},"84":{"name":"(anonymous_84)","decl":{"start":{"line":950,"column":19},"end":{"line":950,"column":31}},"loc":{"start":{"line":950,"column":31},"end":{"line":967,"column":null}},"line":950},"85":{"name":"(anonymous_85)","decl":{"start":{"line":965,"column":41},"end":{"line":965,"column":42}},"loc":{"start":{"line":965,"column":69},"end":{"line":965,"column":108}},"line":965},"86":{"name":"loadAircraftRows","decl":{"start":{"line":983,"column":15},"end":{"line":983,"column":32}},"loc":{"start":{"line":983,"column":144},"end":{"line":993,"column":null}},"line":983},"87":{"name":"loadWorkPackageRows","decl":{"start":{"line":995,"column":15},"end":{"line":995,"column":35}},"loc":{"start":{"line":995,"column":147},"end":{"line":1005,"column":null}},"line":995},"88":{"name":"loadFlightLogRows","decl":{"start":{"line":1007,"column":15},"end":{"line":1007,"column":33}},"loc":{"start":{"line":1007,"column":145},"end":{"line":1017,"column":null}},"line":1007},"89":{"name":"loadDefectRows","decl":{"start":{"line":1019,"column":15},"end":{"line":1019,"column":30}},"loc":{"start":{"line":1019,"column":142},"end":{"line":1029,"column":null}},"line":1019},"90":{"name":"loadSignalRows","decl":{"start":{"line":1031,"column":15},"end":{"line":1031,"column":30}},"loc":{"start":{"line":1031,"column":142},"end":{"line":1041,"column":null}},"line":1031},"91":{"name":"loadAircraftLeadRows","decl":{"start":{"line":1043,"column":15},"end":{"line":1043,"column":36}},"loc":{"start":{"line":1043,"column":148},"end":{"line":1065,"column":null}},"line":1043},"92":{"name":"loadIntegrationJobRows","decl":{"start":{"line":1067,"column":15},"end":{"line":1067,"column":38}},"loc":{"start":{"line":1067,"column":150},"end":{"line":1077,"column":null}},"line":1067},"93":{"name":"buildTrendBuckets","decl":{"start":{"line":1079,"column":9},"end":{"line":1079,"column":27}},"loc":{"start":{"line":1079,"column":51},"end":{"line":1085,"column":null}},"line":1079},"94":{"name":"(anonymous_94)","decl":{"start":{"line":1080,"column":42},"end":{"line":1080,"column":43}},"loc":{"start":{"line":1080,"column":56},"end":{"line":1084,"column":3}},"line":1080},"95":{"name":"buildFlightHoursTrend","decl":{"start":{"line":1087,"column":9},"end":{"line":1087,"column":31}},"loc":{"start":{"line":1087,"column":71},"end":{"line":1102,"column":null}},"line":1087},"96":{"name":"(anonymous_96)","decl":{"start":{"line":1090,"column":18},"end":{"line":1090,"column":19}},"loc":{"start":{"line":1090,"column":27},"end":{"line":1092,"column":3}},"line":1090},"97":{"name":"(anonymous_97)","decl":{"start":{"line":1093,"column":21},"end":{"line":1093,"column":22}},"loc":{"start":{"line":1093,"column":30},"end":{"line":1100,"column":3}},"line":1093},"98":{"name":"buildDefectTrend","decl":{"start":{"line":1104,"column":9},"end":{"line":1104,"column":26}},"loc":{"start":{"line":1104,"column":66},"end":{"line":1122,"column":null}},"line":1104},"99":{"name":"(anonymous_99)","decl":{"start":{"line":1107,"column":18},"end":{"line":1107,"column":19}},"loc":{"start":{"line":1107,"column":27},"end":{"line":1109,"column":3}},"line":1107},"100":{"name":"(anonymous_100)","decl":{"start":{"line":1110,"column":21},"end":{"line":1110,"column":22}},"loc":{"start":{"line":1110,"column":30},"end":{"line":1120,"column":3}},"line":1110},"101":{"name":"buildRoleScopedOutput","decl":{"start":{"line":1124,"column":9},"end":{"line":1124,"column":31}},"loc":{"start":{"line":1128,"column":15},"end":{"line":1234,"column":null}},"line":1128},"102":{"name":"(anonymous_102)","decl":{"start":{"line":1163,"column":77},"end":{"line":1163,"column":78}},"loc":{"start":{"line":1163,"column":88},"end":{"line":1168,"column":6}},"line":1163},"103":{"name":"(anonymous_103)","decl":{"start":{"line":1169,"column":59},"end":{"line":1169,"column":60}},"loc":{"start":{"line":1169,"column":70},"end":{"line":1176,"column":6}},"line":1169},"104":{"name":"(anonymous_104)","decl":{"start":{"line":1188,"column":65},"end":{"line":1188,"column":66}},"loc":{"start":{"line":1188,"column":76},"end":{"line":1195,"column":6}},"line":1188},"105":{"name":"(anonymous_105)","decl":{"start":{"line":1196,"column":67},"end":{"line":1196,"column":68}},"loc":{"start":{"line":1196,"column":78},"end":{"line":1201,"column":6}},"line":1196},"106":{"name":"(anonymous_106)","decl":{"start":{"line":1203,"column":45},"end":{"line":1203,"column":46}},"loc":{"start":{"line":1203,"column":56},"end":{"line":1209,"column":10}},"line":1203},"107":{"name":"handler","decl":{"start":{"line":1236,"column":30},"end":{"line":1236,"column":38}},"loc":{"start":{"line":1236,"column":73},"end":{"line":1675,"column":null}},"line":1236},"108":{"name":"(anonymous_108)","decl":{"start":{"line":1373,"column":50},"end":{"line":1373,"column":51}},"loc":{"start":{"line":1373,"column":59},"end":{"line":1384,"column":5}},"line":1373},"109":{"name":"(anonymous_109)","decl":{"start":{"line":1387,"column":14},"end":{"line":1387,"column":15}},"loc":{"start":{"line":1387,"column":23},"end":{"line":1392,"column":7}},"line":1387},"110":{"name":"(anonymous_110)","decl":{"start":{"line":1393,"column":11},"end":{"line":1393,"column":12}},"loc":{"start":{"line":1393,"column":20},"end":{"line":1408,"column":7}},"line":1393},"111":{"name":"(anonymous_111)","decl":{"start":{"line":1412,"column":14},"end":{"line":1412,"column":15}},"loc":{"start":{"line":1412,"column":23},"end":{"line":1416,"column":7}},"line":1412},"112":{"name":"(anonymous_112)","decl":{"start":{"line":1417,"column":11},"end":{"line":1417,"column":12}},"loc":{"start":{"line":1417,"column":21},"end":{"line":1427,"column":8}},"line":1417},"113":{"name":"(anonymous_113)","decl":{"start":{"line":1431,"column":14},"end":{"line":1431,"column":15}},"loc":{"start":{"line":1431,"column":23},"end":{"line":1439,"column":7}},"line":1431},"114":{"name":"(anonymous_114)","decl":{"start":{"line":1440,"column":11},"end":{"line":1440,"column":12}},"loc":{"start":{"line":1440,"column":21},"end":{"line":1450,"column":8}},"line":1440},"115":{"name":"(anonymous_115)","decl":{"start":{"line":1454,"column":14},"end":{"line":1454,"column":15}},"loc":{"start":{"line":1454,"column":23},"end":{"line":1466,"column":7}},"line":1454},"116":{"name":"(anonymous_116)","decl":{"start":{"line":1467,"column":11},"end":{"line":1467,"column":12}},"loc":{"start":{"line":1467,"column":20},"end":{"line":1482,"column":7}},"line":1467},"117":{"name":"(anonymous_117)","decl":{"start":{"line":1485,"column":56},"end":{"line":1485,"column":57}},"loc":{"start":{"line":1485,"column":65},"end":{"line":1485,"column":97}},"line":1485},"118":{"name":"(anonymous_118)","decl":{"start":{"line":1486,"column":52},"end":{"line":1486,"column":53}},"loc":{"start":{"line":1486,"column":61},"end":{"line":1486,"column":141}},"line":1486},"119":{"name":"(anonymous_119)","decl":{"start":{"line":1487,"column":48},"end":{"line":1487,"column":49}},"loc":{"start":{"line":1487,"column":49},"end":{"line":1487,"column":83}},"line":1487},"120":{"name":"(anonymous_120)","decl":{"start":{"line":1488,"column":42},"end":{"line":1488,"column":43}},"loc":{"start":{"line":1488,"column":51},"end":{"line":1488,"column":95}},"line":1488},"121":{"name":"(anonymous_121)","decl":{"start":{"line":1489,"column":50},"end":{"line":1489,"column":51}},"loc":{"start":{"line":1489,"column":64},"end":{"line":1489,"column":88}},"line":1489},"122":{"name":"(anonymous_122)","decl":{"start":{"line":1490,"column":45},"end":{"line":1490,"column":46}},"loc":{"start":{"line":1490,"column":59},"end":{"line":1490,"column":84}},"line":1490},"123":{"name":"(anonymous_123)","decl":{"start":{"line":1491,"column":54},"end":{"line":1491,"column":55}},"loc":{"start":{"line":1491,"column":63},"end":{"line":1491,"column":138}},"line":1491},"124":{"name":"(anonymous_124)","decl":{"start":{"line":1492,"column":48},"end":{"line":1492,"column":49}},"loc":{"start":{"line":1492,"column":57},"end":{"line":1492,"column":119}},"line":1492},"125":{"name":"(anonymous_125)","decl":{"start":{"line":1493,"column":55},"end":{"line":1493,"column":56}},"loc":{"start":{"line":1493,"column":69},"end":{"line":1499,"column":7}},"line":1493},"126":{"name":"(anonymous_126)","decl":{"start":{"line":1504,"column":48},"end":{"line":1504,"column":49}},"loc":{"start":{"line":1504,"column":58},"end":{"line":1513,"column":6}},"line":1504},"127":{"name":"(anonymous_127)","decl":{"start":{"line":1541,"column":89},"end":{"line":1541,"column":90}},"loc":{"start":{"line":1541,"column":106},"end":{"line":1549,"column":5}},"line":1541},"128":{"name":"(anonymous_128)","decl":{"start":{"line":1542,"column":19},"end":{"line":1542,"column":20}},"loc":{"start":{"line":1542,"column":42},"end":{"line":1547,"column":null}},"line":1542},"129":{"name":"(anonymous_129)","decl":{"start":{"line":1629,"column":16},"end":{"line":1629,"column":17}},"loc":{"start":{"line":1629,"column":31},"end":{"line":1629,"column":60}},"line":1629},"130":{"name":"(anonymous_130)","decl":{"start":{"line":1630,"column":13},"end":{"line":1630,"column":14}},"loc":{"start":{"line":1630,"column":24},"end":{"line":1630,"column":27}},"line":1630},"131":{"name":"(anonymous_131)","decl":{"start":{"line":1631,"column":24},"end":{"line":1631,"column":25}},"loc":{"start":{"line":1631,"column":33},"end":{"line":1631,"column":60}},"line":1631}},"branchMap":{"0":{"loc":{"start":{"line":29,"column":55},"end":{"line":29,"column":113}},"type":"binary-expr","locations":[{"start":{"line":29,"column":55},"end":{"line":29,"column":107}},{"start":{"line":29,"column":107},"end":{"line":29,"column":113}}],"line":29},"1":{"loc":{"start":{"line":32,"column":61},"end":{"line":32,"column":105}},"type":"binary-expr","locations":[{"start":{"line":32,"column":61},"end":{"line":32,"column":104}},{"start":{"line":32,"column":104},"end":{"line":32,"column":105}}],"line":32},"2":{"loc":{"start":{"line":33,"column":55},"end":{"line":33,"column":102}},"type":"binary-expr","locations":[{"start":{"line":33,"column":55},"end":{"line":33,"column":96}},{"start":{"line":33,"column":96},"end":{"line":33,"column":102}}],"line":33},"3":{"loc":{"start":{"line":34,"column":48},"end":{"line":34,"column":100}},"type":"binary-expr","locations":[{"start":{"line":34,"column":48},"end":{"line":34,"column":99}},{"start":{"line":34,"column":99},"end":{"line":34,"column":100}}],"line":34},"4":{"loc":{"start":{"line":35,"column":51},"end":{"line":35,"column":106}},"type":"binary-expr","locations":[{"start":{"line":35,"column":51},"end":{"line":35,"column":104}},{"start":{"line":35,"column":104},"end":{"line":35,"column":106}}],"line":35},"5":{"loc":{"start":{"line":50,"column":19},"end":{"line":50,"column":null}},"type":"binary-expr","locations":[{"start":{"line":50,"column":19},"end":{"line":50,"column":61}},{"start":{"line":50,"column":61},"end":{"line":50,"column":null}}],"line":50},"6":{"loc":{"start":{"line":58,"column":19},"end":{"line":58,"column":null}},"type":"binary-expr","locations":[{"start":{"line":58,"column":19},"end":{"line":58,"column":61}},{"start":{"line":58,"column":61},"end":{"line":58,"column":null}}],"line":58},"7":{"loc":{"start":{"line":64,"column":2},"end":{"line":66,"column":null}},"type":"if","locations":[{"start":{"line":64,"column":2},"end":{"line":66,"column":null}},{"start":{},"end":{}}],"line":64},"8":{"loc":{"start":{"line":78,"column":2},"end":{"line":78,"column":null}},"type":"if","locations":[{"start":{"line":78,"column":2},"end":{"line":78,"column":null}},{"start":{},"end":{}}],"line":78},"9":{"loc":{"start":{"line":79,"column":2},"end":{"line":82,"column":null}},"type":"if","locations":[{"start":{"line":79,"column":2},"end":{"line":82,"column":null}},{"start":{},"end":{}}],"line":79},"10":{"loc":{"start":{"line":92,"column":2},"end":{"line":97,"column":null}},"type":"if","locations":[{"start":{"line":92,"column":2},"end":{"line":97,"column":null}},{"start":{},"end":{}}],"line":92},"11":{"loc":{"start":{"line":93,"column":4},"end":{"line":95,"column":null}},"type":"if","locations":[{"start":{"line":93,"column":4},"end":{"line":95,"column":null}},{"start":{},"end":{}}],"line":93},"12":{"loc":{"start":{"line":107,"column":6},"end":{"line":109,"column":null}},"type":"if","locations":[{"start":{"line":107,"column":6},"end":{"line":109,"column":null}},{"start":{},"end":{}}],"line":107},"13":{"loc":{"start":{"line":110,"column":6},"end":{"line":115,"column":null}},"type":"if","locations":[{"start":{"line":110,"column":6},"end":{"line":115,"column":null}},{"start":{},"end":{}}],"line":110},"14":{"loc":{"start":{"line":111,"column":8},"end":{"line":113,"column":null}},"type":"if","locations":[{"start":{"line":111,"column":8},"end":{"line":113,"column":null}},{"start":{},"end":{}}],"line":111},"15":{"loc":{"start":{"line":118,"column":8},"end":{"line":118,"column":null}},"type":"binary-expr","locations":[{"start":{"line":118,"column":8},"end":{"line":118,"column":21}},{"start":{"line":118,"column":21},"end":{"line":118,"column":null}}],"line":118},"16":{"loc":{"start":{"line":123,"column":2},"end":{"line":125,"column":null}},"type":"if","locations":[{"start":{"line":123,"column":2},"end":{"line":125,"column":null}},{"start":{},"end":{}}],"line":123},"17":{"loc":{"start":{"line":130,"column":16},"end":{"line":130,"column":27}},"type":"binary-expr","locations":[{"start":{"line":130,"column":16},"end":{"line":130,"column":25}},{"start":{"line":130,"column":25},"end":{"line":130,"column":27}}],"line":130},"18":{"loc":{"start":{"line":133,"column":42},"end":{"line":133,"column":69}},"type":"default-arg","locations":[{"start":{"line":133,"column":58},"end":{"line":133,"column":69}}],"line":133},"19":{"loc":{"start":{"line":135,"column":2},"end":{"line":137,"column":null}},"type":"if","locations":[{"start":{"line":135,"column":2},"end":{"line":137,"column":null}},{"start":{},"end":{}}],"line":135},"20":{"loc":{"start":{"line":142,"column":28},"end":{"line":142,"column":39}},"type":"binary-expr","locations":[{"start":{"line":142,"column":28},"end":{"line":142,"column":37}},{"start":{"line":142,"column":37},"end":{"line":142,"column":39}}],"line":142},"21":{"loc":{"start":{"line":143,"column":2},"end":{"line":143,"column":null}},"type":"if","locations":[{"start":{"line":143,"column":2},"end":{"line":143,"column":null}},{"start":{},"end":{}}],"line":143},"22":{"loc":{"start":{"line":144,"column":2},"end":{"line":144,"column":null}},"type":"if","locations":[{"start":{"line":144,"column":2},"end":{"line":144,"column":null}},{"start":{},"end":{}}],"line":144},"23":{"loc":{"start":{"line":145,"column":2},"end":{"line":145,"column":null}},"type":"if","locations":[{"start":{"line":145,"column":2},"end":{"line":145,"column":null}},{"start":{},"end":{}}],"line":145},"24":{"loc":{"start":{"line":150,"column":68},"end":{"line":150,"column":84}},"type":"binary-expr","locations":[{"start":{"line":150,"column":68},"end":{"line":150,"column":82}},{"start":{"line":150,"column":82},"end":{"line":150,"column":84}}],"line":150},"25":{"loc":{"start":{"line":151,"column":2},"end":{"line":153,"column":null}},"type":"if","locations":[{"start":{"line":151,"column":2},"end":{"line":153,"column":null}},{"start":{},"end":{}}],"line":151},"26":{"loc":{"start":{"line":151,"column":6},"end":{"line":151,"column":124}},"type":"binary-expr","locations":[{"start":{"line":151,"column":6},"end":{"line":151,"column":47}},{"start":{"line":151,"column":47},"end":{"line":151,"column":87}},{"start":{"line":151,"column":87},"end":{"line":151,"column":124}}],"line":151},"27":{"loc":{"start":{"line":154,"column":2},"end":{"line":156,"column":null}},"type":"if","locations":[{"start":{"line":154,"column":2},"end":{"line":156,"column":null}},{"start":{},"end":{}}],"line":154},"28":{"loc":{"start":{"line":154,"column":6},"end":{"line":154,"column":88}},"type":"binary-expr","locations":[{"start":{"line":154,"column":6},"end":{"line":154,"column":49}},{"start":{"line":154,"column":49},"end":{"line":154,"column":88}}],"line":154},"29":{"loc":{"start":{"line":161,"column":2},"end":{"line":161,"column":null}},"type":"if","locations":[{"start":{"line":161,"column":2},"end":{"line":161,"column":null}},{"start":{},"end":{}}],"line":161},"30":{"loc":{"start":{"line":161,"column":6},"end":{"line":161,"column":47}},"type":"binary-expr","locations":[{"start":{"line":161,"column":6},"end":{"line":161,"column":23}},{"start":{"line":161,"column":23},"end":{"line":161,"column":47}}],"line":161},"31":{"loc":{"start":{"line":166,"column":2},"end":{"line":166,"column":null}},"type":"if","locations":[{"start":{"line":166,"column":2},"end":{"line":166,"column":null}},{"start":{},"end":{}}],"line":166},"32":{"loc":{"start":{"line":168,"column":27},"end":{"line":168,"column":38}},"type":"binary-expr","locations":[{"start":{"line":168,"column":27},"end":{"line":168,"column":36}},{"start":{"line":168,"column":36},"end":{"line":168,"column":38}}],"line":168},"33":{"loc":{"start":{"line":174,"column":35},"end":{"line":174,"column":46}},"type":"binary-expr","locations":[{"start":{"line":174,"column":35},"end":{"line":174,"column":44}},{"start":{"line":174,"column":44},"end":{"line":174,"column":46}}],"line":174},"34":{"loc":{"start":{"line":175,"column":2},"end":{"line":175,"column":null}},"type":"if","locations":[{"start":{"line":175,"column":2},"end":{"line":175,"column":null}},{"start":{},"end":{}}],"line":175},"35":{"loc":{"start":{"line":180,"column":2},"end":{"line":180,"column":null}},"type":"if","locations":[{"start":{"line":180,"column":2},"end":{"line":180,"column":null}},{"start":{},"end":{}}],"line":180},"36":{"loc":{"start":{"line":182,"column":2},"end":{"line":182,"column":null}},"type":"if","locations":[{"start":{"line":182,"column":2},"end":{"line":182,"column":null}},{"start":{},"end":{}}],"line":182},"37":{"loc":{"start":{"line":190,"column":2},"end":{"line":190,"column":null}},"type":"if","locations":[{"start":{"line":190,"column":2},"end":{"line":190,"column":null}},{"start":{},"end":{}}],"line":190},"38":{"loc":{"start":{"line":194,"column":98},"end":{"line":194,"column":150}},"type":"default-arg","locations":[{"start":{"line":194,"column":108},"end":{"line":194,"column":150}}],"line":194},"39":{"loc":{"start":{"line":195,"column":2},"end":{"line":199,"column":null}},"type":"if","locations":[{"start":{"line":195,"column":2},"end":{"line":199,"column":null}},{"start":{},"end":{}}],"line":195},"40":{"loc":{"start":{"line":196,"column":4},"end":{"line":196,"column":null}},"type":"if","locations":[{"start":{"line":196,"column":4},"end":{"line":196,"column":null}},{"start":{},"end":{}}],"line":196},"41":{"loc":{"start":{"line":197,"column":4},"end":{"line":197,"column":null}},"type":"if","locations":[{"start":{"line":197,"column":4},"end":{"line":197,"column":null}},{"start":{},"end":{}}],"line":197},"42":{"loc":{"start":{"line":200,"column":2},"end":{"line":200,"column":null}},"type":"if","locations":[{"start":{"line":200,"column":2},"end":{"line":200,"column":null}},{"start":{},"end":{}}],"line":200},"43":{"loc":{"start":{"line":201,"column":2},"end":{"line":201,"column":null}},"type":"if","locations":[{"start":{"line":201,"column":2},"end":{"line":201,"column":null}},{"start":{},"end":{}}],"line":201},"44":{"loc":{"start":{"line":206,"column":26},"end":{"line":206,"column":37}},"type":"binary-expr","locations":[{"start":{"line":206,"column":26},"end":{"line":206,"column":35}},{"start":{"line":206,"column":35},"end":{"line":206,"column":37}}],"line":206},"45":{"loc":{"start":{"line":212,"column":39},"end":{"line":212,"column":76}},"type":"binary-expr","locations":[{"start":{"line":212,"column":39},"end":{"line":212,"column":60}},{"start":{"line":212,"column":60},"end":{"line":212,"column":76}}],"line":212},"46":{"loc":{"start":{"line":212,"column":92},"end":{"line":212,"column":127}},"type":"binary-expr","locations":[{"start":{"line":212,"column":92},"end":{"line":212,"column":112}},{"start":{"line":212,"column":112},"end":{"line":212,"column":127}}],"line":212},"47":{"loc":{"start":{"line":217,"column":2},"end":{"line":219,"column":null}},"type":"if","locations":[{"start":{"line":217,"column":2},"end":{"line":219,"column":null}},{"start":{},"end":{}}],"line":217},"48":{"loc":{"start":{"line":236,"column":40},"end":{"line":236,"column":74}},"type":"binary-expr","locations":[{"start":{"line":236,"column":40},"end":{"line":236,"column":59}},{"start":{"line":236,"column":59},"end":{"line":236,"column":74}}],"line":236},"49":{"loc":{"start":{"line":238,"column":4},"end":{"line":238,"column":null}},"type":"if","locations":[{"start":{"line":238,"column":4},"end":{"line":238,"column":null}},{"start":{},"end":{}}],"line":238},"50":{"loc":{"start":{"line":239,"column":21},"end":{"line":239,"column":null}},"type":"binary-expr","locations":[{"start":{"line":239,"column":21},"end":{"line":239,"column":48}},{"start":{"line":239,"column":48},"end":{"line":239,"column":null}}],"line":239},"51":{"loc":{"start":{"line":255,"column":40},"end":{"line":255,"column":74}},"type":"binary-expr","locations":[{"start":{"line":255,"column":40},"end":{"line":255,"column":59}},{"start":{"line":255,"column":59},"end":{"line":255,"column":74}}],"line":255},"52":{"loc":{"start":{"line":256,"column":38},"end":{"line":256,"column":62}},"type":"binary-expr","locations":[{"start":{"line":256,"column":38},"end":{"line":256,"column":54}},{"start":{"line":256,"column":54},"end":{"line":256,"column":62}}],"line":256},"53":{"loc":{"start":{"line":258,"column":4},"end":{"line":258,"column":null}},"type":"if","locations":[{"start":{"line":258,"column":4},"end":{"line":258,"column":null}},{"start":{},"end":{}}],"line":258},"54":{"loc":{"start":{"line":259,"column":20},"end":{"line":259,"column":null}},"type":"binary-expr","locations":[{"start":{"line":259,"column":20},"end":{"line":259,"column":47}},{"start":{"line":259,"column":47},"end":{"line":259,"column":null}}],"line":259},"55":{"loc":{"start":{"line":260,"column":4},"end":{"line":260,"column":null}},"type":"if","locations":[{"start":{"line":260,"column":4},"end":{"line":260,"column":null}},{"start":{},"end":{}}],"line":260},"56":{"loc":{"start":{"line":264,"column":19},"end":{"line":264,"column":null}},"type":"cond-expr","locations":[{"start":{"line":264,"column":28},"end":{"line":264,"column":64}},{"start":{"line":264,"column":64},"end":{"line":264,"column":null}}],"line":264},"57":{"loc":{"start":{"line":266,"column":33},"end":{"line":266,"column":null}},"type":"binary-expr","locations":[{"start":{"line":266,"column":33},"end":{"line":266,"column":56}},{"start":{"line":266,"column":56},"end":{"line":266,"column":null}}],"line":266},"58":{"loc":{"start":{"line":267,"column":4},"end":{"line":267,"column":null}},"type":"if","locations":[{"start":{"line":267,"column":4},"end":{"line":267,"column":null}},{"start":{},"end":{}}],"line":267},"59":{"loc":{"start":{"line":267,"column":8},"end":{"line":267,"column":56}},"type":"binary-expr",
[...]
"s:587:55:587:115":240,"s:588:23:588:Infinity":241,"b:588:42:588:55:588:55:588:Infinity":92,"b:588:73:588:85:588:85:588:Infinity":93,"s:589:27:589:Infinity":242,"f:589:51:589:52":60,"s:589:65:589:102":243,"b:589:78:589:98:589:98:589:99":94,"s:590:25:590:Infinity":244,"s:591:23:591:Infinity":245,"s:592:24:605:Infinity":246,"f:592:59:592:60":61,"s:593:24:593:Infinity":247,"b:593:31:593:51:593:51:593:52":95,"s:594:27:594:Infinity":248,"b:594:47:594:58:594:58:594:Infinity":96,"b:594:78:594:93:594:93:594:Infinity":97,"s:595:4:604:Infinity":249,"b:598:13:598:33:598:33:598:Infinity":98,"b:603:30:603:77:603:77:603:Infinity":99,"s:606:8:613:Infinity":250,"b:606:63:606:103:606:103:606:Infinity":100,"f:608:9:608:10":62,"s:608:19:613:6":251,"s:614:29:630:Infinity":252,"f:614:57:614:58":63,"s:615:22:615:Infinity":253,"b:615:22:615:49:615:49:615:Infinity":101,"s:616:22:616:Infinity":254,"b:616:70:616:74:616:74:616:80":102,"s:617:20:617:Infinity":255,"b:617:78:617:82:617:82:617:87":103,"s:618:4:629:Infinity":256,"b:627:70:627:94:627:94:627:Infinity":104,"b:628:48:628:52:628:52:628:Infinity":105,"s:631:25:631:Infinity":257,"s:632:47:637:Infinity":258,"s:638:32:638:Infinity":259,"s:639:22:639:Infinity":260,"s:647:7:647:Infinity":261,"s:648:29:685:Infinity":262,"f:648:52:648:53":64,"s:649:24:649:Infinity":263,"s:650:26:650:Infinity":264,"f:650:48:650:49":65,"s:650:49:650:114":265,"b:650:59:650:79:650:79:650:83":106,"s:651:27:651:Infinity":266,"b:651:54:651:70:651:70:651:Infinity":107,"s:652:23:652:Infinity":267,"s:653:23:653:Infinity":268,"s:654:4:661:Infinity":269,"f:654:27:654:28":66,"s:655:18:655:Infinity":270,"s:656:19:656:Infinity":271,"b:656:26:656:50:656:50:656:51":108,"b:657:6:660:Infinity:undefined:undefined:undefined:undefined":109,"s:657:6:660:Infinity":272,"s:658:8:658:Infinity":273,"s:659:8:659:Infinity":274,"s:662:24:662:Infinity":275,"s:663:21:663:Infinity":276,"b:663:28:663:60:663:60:663:61":110,"s:664:4:664:Infinity":277,"s:665:29:665:Infinity":278,"b:666:4:675:Infinity:undefined:undefined:undefined:undefined":111,"s:666:4:675:Infinity":279,"s:667:6:674:Infinity":280,"s:676:4:684:Infinity":281,"b:682:81:682:95:682:95:682:Infinity":112,"b:682:25:682:56:682:56:682:81":113,"b:682:114:682:129:682:129:682:Infinity":114,"s:686:27:708:Infinity":282,"f:686:54:686:55":67,"s:687:4:707:Infinity":283,"f:687:52:687:53":68,"b:688:6:690:Infinity:undefined:undefined:undefined:undefined":115,"s:688:6:690:Infinity":284,"s:689:8:689:Infinity":285,"s:691:24:691:Infinity":286,"s:692:22:692:Infinity":287,"s:693:25:693:Infinity":288,"s:694:23:694:Infinity":289,"s:695:23:695:Infinity":290,"b:695:23:695:47:695:47:695:Infinity":116,"b:696:6:698:Infinity:undefined:undefined:undefined:undefined":117,"s:696:6:698:Infinity":291,"s:697:8:697:Infinity":292,"s:699:6:706:Infinity":293,"s:709:2:709:Infinity":294,"f:709:27:709:28":69,"s:709:36:709:58":295,"s:710:29:712:Infinity":296,"f:711:4:711:5":70,"s:711:25:711:Infinity":297,"f:711:39:711:40":71,"s:711:54:711:152":298,"b:711:54:711:107:711:107:711:152":118,"s:713:28:717:Infinity":299,"f:713:51:713:52":72,"s:713:61:717:4":300,"s:718:30:727:Infinity":301,"f:718:70:718:71":73,"s:719:20:719:Infinity":302,"b:719:20:719:39:719:39:719:Infinity":119,"s:720:28:720:Infinity":303,"b:720:96:720:101:720:101:720:103":120,"s:721:4:726:Infinity":304,"b:725:46:725:63:725:63:725:Infinity":121,"b:725:87:725:99:725:99:725:Infinity":122,"s:728:8:735:Infinity":305,"b:728:71:728:117:728:117:728:Infinity":123,"f:730:9:730:10":74,"s:730:22:735:6":306,"b:731:36:731:58:731:58:731:73":124,"b:732:33:732:52:732:52:732:60":125,"b:734:36:734:58:734:58:734:75":126,"s:736:28:738:Infinity":307,"b:737:49:737:95:737:95:737:Infinity":127,"s:739:26:739:Infinity":308,"s:740:22:740:Infinity":309,"f:740:45:740:46":75,"s:740:54:740:112":310,"s:741:35:750:Infinity":311,"f:745:75:745:76":76,"s:745:93:749:6":312,"b:748:41:748:55:748:55:748:Infinity":128,"s:751:24:758:Infinity":313,"f:751:64:751:65":77,"s:751:81:758:4":314,"b:754:25:754:48:754:48:754:57":129,"b:755:49:755:53:755:53:755:Infinity":130,"b:756:97:756:101:756:101:756:Infinity":131,"b:757:88:757:99:757:99:757:Infinity":132,"s:759:29:775:Infinity":315,"b:761:36:761:50:761:50:761:Infinity":133,"b:766:36:766:50:766:50:766:Infinity":134,"b:771:36:771:50:771:50:771:Infinity":135,"s:776:28:781:Infinity":316,"s:782:28:790:Infinity":317,"f:782:64:782:65":78,"s:782:81:790:4":318,"b:783:8:783:36:783:36:783:Infinity":136,"b:784:29:784:50:784:50:784:66:784:66:784:77":137,"b:785:32:785:49:785:49:785:65":138,"b:786:31:786:47:786:47:786:53":139,"b:787:29:787:43:787:43:787:51":140,"s:791:29:805:Infinity":319,"f:792:4:792:5":79,"b:793:6:797:Infinity:795:13:797:Infinity":141,"s:793:6:797:Infinity":320,"b:793:10:793:55:793:55:793:103:793:103:793:147":142,"s:794:8:794:Infinity":321,"s:796:8:796:Infinity":322,"b:798:6:800:Infinity:undefined:undefined:undefined:undefined":143,"s:798:6:800:Infinity":323,"s:799:8:799:Infinity":324,"s:801:6:801:Infinity":325,"s:802:6:802:Infinity":326,"s:806:32:821:Infinity":327,"f:806:50:806:51":80,"s:806:67:821:4":328,"b:817:89:817:100:817:100:817:110":144,"b:818:61:818:73:818:73:818:84":145,"s:822:23:822:Infinity":329,"s:823:21:834:Infinity":330,"b:824:106:824:117:824:117:824:Infinity":146,"f:824:52:824:53":81,"s:824:61:824:102":331,"b:824:69:824:92:824:92:824:101":147,"b:825:62:825:74:825:74:825:Infinity":148,"b:828:115:828:126:828:126:828:Infinity":149,"f:828:55:828:56":82,"s:828:64:828:111":332,"b:828:72:828:95:828:95:828:110":150,"b:829:63:829:75:829:75:829:Infinity":151,"b:830:68:830:80:830:80:830:Infinity":152,"s:835:2:922:Infinity":333,"b:848:14:848:30:848:30:848:Infinity":153,"b:851:86:851:127:851:127:851:Infinity":154,"b:851:12:851:39:851:39:851:86":155,"b:864:21:864:45:864:45:864:46":156,"b:865:28:865:59:865:59:865:60":157,"b:866:24:866:51:866:51:866:52":158,"b:867:26:867:55:867:55:867:56":159,"b:894:10:894:Infinity:895:10:900:Infinity":160,"b:897:109:897:122:897:122:897:132":161,"b:897:170:897:174:897:174:897:179":162,"f:925:15:925:40":83,"s:944:6:944:Infinity":334,"b:942:14:942:Infinity":163,"s:945:2:976:Infinity":335,"s:946:4:975:Infinity":336,"s:947:19:968:Infinity":337,"f:950:19:950:31":84,"s:951:22:956:Infinity":338,"b:957:10:959:Infinity:undefined:undefined:undefined:undefined":164,"s:957:10:959:Infinity":339,"s:958:12:958:Infinity":340,"s:960:34:960:Infinity":341,"b:961:10:963:Infinity:undefined:undefined:undefined:undefined":165,"s:961:10:963:Infinity":342,"s:962:12:962:Infinity":343,"s:964:10:966:Infinity":344,"b:965:15:965:Infinity:966:14:966:Infinity":166,"f:965:41:965:42":85,"s:965:69:965:108":345,"b:965:69:965:85:965:85:965:108":167,"s:969:6:972:Infinity":346,"s:974:6:974:Infinity":347,"s:977:2:980:Infinity":348,"f:983:15:983:32":86,"s:984:2:992:Infinity":349,"f:995:15:995:35":87,"s:996:2:1004:Infinity":350,"f:1007:15:1007:33":88,"s:1008:2:1016:Infinity":351,"f:1019:15:1019:30":89,"s:1020:2:1028:Infinity":352,"f:1031:15:1031:30":90,"s:1032:2:1040:Infinity":353,"f:1043:15:1043:36":91,"s:1044:24:1052:Infinity":354,"b:1053:2:1055:Infinity:undefined:undefined:undefined:undefined":168,"s:1053:2:1055:Infinity":355,"s:1054:4:1054:Infinity":356,"s:1056:2:1064:Infinity":357,"f:1067:15:1067:38":92,"s:1068:2:1076:Infinity":358,"f:1079:9:1079:27":93,"s:1080:2:1084:Infinity":359,"f:1080:42:1080:43":94,"s:1081:17:1081:Infinity":360,"s:1082:4:1082:Infinity":361,"s:1083:4:1083:Infinity":362,"f:1087:9:1087:31":95,"s:1088:18:1088:Infinity":363,"s:1089:14:1089:Infinity":364,"s:1090:2:1092:Infinity":365,"f:1090:18:1090:19":96,"s:1091:4:1091:Infinity":366,"s:1093:2:1100:Infinity":367,"f:1093:21:1093:22":97,"s:1094:16:1094:Infinity":368,"b:1094:33:1094:52:1094:52:1094:66":169,"b:1095:4:1095:Infinity:undefined:undefined:undefined:undefined":170,"s:1095:4:1095:Infinity":369,"s:1095:23:1095:Infinity":370,"s:1096:19:1096:Infinity":371,"b:1097:4:1097:Infinity:undefined:undefined:undefined:undefined":171,"s:1097:4:1097:Infinity":372,"s:1097:17:1097:Infinity":373,"s:1098:4:1098:Infinity":374,"s:1099:4:1099:Infinity":375,"s:1101:2:1101:Infinity":376,"f:1104:9:1104:26":98,"s:1105:18:1105:Infinity":377,"s:1106:14:1106:Infinity":378,"s:1107:2:1109:Infinity":379,"f:1107:18:1107:19":99,"s:1108:4:1108:Infinity":380,"s:1110:2:1120:Infinity":381,"f:1110:21:1110:22":100,"s:1111:16:1111:Infinity":382,"b:1111:33:1111:52:1111:52:1111:70:1111:70:1111:84":172,"s:1112:19:1112:Infinity":383,"b:1112:36:1112:50:1112:50:1112:52":173,"s:1113:19:1113:Infinity":384,"b:1114:4:1114:Infinity:undefined:undefined:undefined:undefined":174,"s:1114:4:1114:Infinity":385,"s:1114:17:1114:Infinity":386,"b:1115:4:1119:Infinity:1117:11:1119:Infinity":175,"s:1115:4:1119:Infinity":387,"b:1115:8:1115:31:1115:31:1115:54":176,"s:1116:6:1116:Infinity":388,"s:1118:6:1118:Infinity":389,"s:1121:2:1121:Infinity":390,"f:1124:9:1124:31":101,"s:1129:44:1129:Infinity":391,"s:1130:21:1130:Infinity":392,"b:1130:21:1130:49:1130:49:1130:Infinity":177,"s:1131:25:1131:Infinity":393,"b:1131:25:1131:53:1131:53:1131:Infinity":178,"s:1132:33:1144:Infinity":394,"b:1142:32:1142:56:1142:56:1142:Infinity":179,"b:1143:40:1143:68:1143:68:1143:Infinity":180,"b:1145:2:1154:Infinity:undefined:undefined:undefined:undefined":181,"s:1145:2:1154:Infinity":395,"s:1146:4:1153:Infinity":396,"b:1149:28:1149:70:1149:70:1149:71":182,"b:1150:36:1150:86:1150:86:1150:87":183,"b:1151:38:1151:90:1151:90:1151:91":184,"b:1155:2:1160:Infinity:undefined:undefined:undefined:undefined":185,"s:1155:2:1160:Infinity":397,"s:1156:4:1159:Infinity":398,"s:1161:2:1233:Infinity":399,"f:1163:77:1163:78":102,"s:1163:88:1168:6":400,"f:1169:59:1169:60":103,"s:1169:70:1176:6":401,"b:1178:33:1178:75:1178:75:1178:76":186,"b:1179:30:1179:79:1179:79:1179:80":187,"b:1180:30:1180:74:1180:74:1180:75":188,"b:1186:36:1186:88:1186:88:1186:89":189,"f:1188:65:1188:66":104,"s:1188:76:1195:6":402,"f:1196:67:1196:68":105,"s:1196:78:1201:6":403,"b:1203:9:1209:Infinity:1210:8:1210:Infinity":190,"f:1203:45:1203:46":106,"s:1203:56:1209:10":404,"b:1212:8:1223:Infinity:1224:8:1224:Infinity":191,"b:1213:17:1213:63:1213:63:1213:Infinity":192,"b:1214:21:1214:71:1214:71:1214:Infinity":193,"b:1215:18:1215:65:1215:65:1215:Infinity":194,"b:1216:33:1216:95:1216:95:1216:Infinity":195,"b:1217:33:1217:95:1217:95:1217:Infinity":196,"b:1218:33:1218:95:1218:95:1218:Infinity":197,"b:1219:24:1219:77:1219:77:1219:Infinity":198,"b:1220:32:1220:93:1220:93:1220:Infinity":199,"b:1221:34:1221:97:1221:97:1221:Infinity":200,"b:1222:37:1222:103:1222:103:1222:Infinity":201,"b:1226:8:1230:Infinity:1231:8:1231:Infinity":202,"b:1227:17:1227:67:1227:67:1227:Infinity":203,"b:1228:21:1228:75:1228:75:1228:Infinity":204,"b:1229:18:1229:69:1229:69:1229:Infinity":205,"f:1236:30:1236:38":107,"s:1237:2:1237:Infinity":405,"b:1238:2:1238:Infinity:undefined:undefined:undefined:undefined":206,"s:1238:2:1238:Infinity":406,"s:1238:33:1238:Infinity":407,"s:1240:8:1240:Infinity":408,"s:1241:8:1241:Infinity":409,"s:1242:2:1242:Infinity":410,"s:1244:2:1674:Infinity":411,"b:1245:4:1252:Infinity:undefined:undefined:undefined:undefined":207,"s:1245:4:1252:Infinity":412,"s:1246:6:1246:Infinity":413,"s:1247:6:1251:Infinity":414,"s:1254:4:1254:Infinity":415,"s:1255:4:1255:Infinity":416,"s:1256:17:1256:Infinity":417,"s:1257:4:1257:Infinity":418,"s:1258:4:1258:Infinity":419,"s:1259:19:1259:Infinity":420,"s:1260:10:1263:Infinity":421,"s:1264:4:1264:Infinity":422,"s:1265:23:1265:Infinity":423,"s:1266:4:1271:Infinity":424,"b:1266:25:1266:45:1266:45:1266:49":208,"s:1273:21:1273:Infinity":425,"s:1274:24:1274:Infinity":426,"b:1274:24:1274:64:1274:64:1274:Infinity":209,"s:1275:17:1275:Infinity":427,"b:1275:39:1275:59:1275:59:1275:74":210,"s:1276:10:1276:Infinity":428,"s:1277:10:1282:Infinity":429,"s:1284:21:1284:Infinity":430,"s:1285:26:1285:Infinity":431,"s:1286:25:1286:Infinity":432,"b:1286:42:1286:62:1286:62:1286:67":211,"s:1287:27:1287:Infinity":433,"s:1288:25:1291:Infinity":434,"s:1292:22:1292:Infinity":435,"s:1293:28:1293:Infinity":436,"b:1294:4:1300:Infinity:undefined:undefined:undefined:undefined":212,"s:1294:4:1300:Infinity":437,"b:1294:8:1294:40:1294:40:1294:61":213,"s:1295:6:1299:Infinity":438,"s:1301:45:1305:Infinity":439,"s:1307:21:1318:Infinity":440,"b:1309:6:1309:21:1309:21:1309:Infinity":214,"s:1319:16:1319:Infinity":441,"s:1320:19:1320:Infinity":442,"b:1321:4:1360:Infinity:undefined:undefined:undefined:undefined":215,"s:1321:4:1360:Infinity":443,"b:1321:8:1321:18:1321:18:1321:42":216,"s:1322:6:1340:Infinity":444,"b:1332:35:1332:50:1332:50:1332:66":217,"b:1333:49:1333:64:1333:64:1333:80":218,"s:1341:6:1359:Infinity":445,"s:1362:10:1362:Infinity":446,"s:1363:121:1371:Infinity":447,"s:1373:25:1384:Infinity":448,"f:1373:50:1373:51":108,"s:1374:21:1374:Infinity":449,"b:1374:38:1374:52:1374:52:1374:61":219,"b:1375:6:1375:Infinity:undefined:undefined:undefined:undefined":220,"s:1375:6:1375:Infinity":450,"s:1375:48:1375:Infinity":451,"b:1376:6:1382:Infinity:undefined:undefined:undefined:undefined":221,"s:1376:6:1382:Infinity":452,"s:1377:27:1377:Infinity":453,"s:1378:29:1378:Infinity":454,"b:1378:46:1378:66:1378:66:1378:81":222,"b:1379:8:1381:Infinity:undefined:undefined:undefined:undefined":223,"s:1379:8:1381:Infinity":455,"b:1379:12:1379:52:1379:52:1379:92":224,"s:1380:10:1380:Infinity":456,"s:1383:6:1383:Infinity":457,"s:1386:28:1409:Infinity":458,"f:1387:14:1387:15":109,"b:1388:8:1388:Infinity:undefined:undefined:undefined:undefined":225,"s:1388:8:1388:Infinity":459,"b:1388:29:1388:43:1388:43:1388:60":226,"s:1388:76:1388:Infinity":460,"b:1389:8:1389:Infinity:undefined:undefined:undefined:undefined":227,"s:1389:8:1389:Infinity":461,"s:1389:53:1389:Infinity":462,"b:1390:8:1390:Infinity:undefined:undefined:undefined:undefined":228,"s:1390:8:1390:Infinity":463,"s:1390:29:1390:Infinity":464,"s:1391:8:1391:Infinity":465,"f:1393:11:1393:12":110,"s:1394:24:1394:Infinity":466,"b:1394:24:1394:38:1394:38:1394:57:1394:57:1394:Infinity":229,"s:1395:8:1407:Infinity":467,"b:1398:48:1398:75:1398:75:1398:81":230,"b:1399:34:1399:47:1399:47:1399:74:1399:74:1399:95":231,"b:1400:35:1400:49:1400:49:1400:55":232,"b:1401:37:1401:53:1401:53:1401:61":233,"b:1406:45:1406:69:1406:69:1406:78":234,"s:1411:26:1428:Infinity":468,"f:1412:14:1412:15":111,"b:1413:8:1413:Infinity:undefined:undefined:undefined:undefined":235,"s:1413:8:1413:Infinity":469,"s:1413:53:1413:Infinity":470,"b:1414:8:1414:Infinity:undefined:undefined:undefined:undefined":236,"s:1414:8:1414:Infinity":471,"s:1414:29:1414:Infinity":472,"s:1415:8:1415:Infinity":473,"f:1417:11:1417:12":112,"s:1417:21:1427:8":474,"b:1421:40:1421:61:1421:61:1421:67":237,"b:1423:37:1423:55:1423:55:1423:67":238,"b:1426:47:1426:75:1426:75:1426:80":239,"s:1430:23:1451:Infinity":475,"f:1431:14:1431:15":113,"s:1432:26:1432:Infinity":476,"b:1432:43:1432:61:1432:61:1432:63":240,"b:1433:8:1435:Infinity:undefined:undefined:undefined:undefined":241,"s:1433:8:1435:Infinity":477,"b:1433:12:1433:25:1433:25:1433:58:1433:58:1433:94":242,"s:1434:10:1434:Infinity":478,"b:1436:8:1436:Infinity:undefined:undefined:undefined:undefined":243,"s:1436:8:1436:Infinity":479,"s:1436:53:1436:Infinity":480,"b:1437:8:1437:Infinity:undefined:undefined:undefined:undefined":244,"s:1437:8:1437:Infinity":481,"s:1437:29:1437:Infinity":482,"s:1438:8:1438:Infinity":483,"f:1440:11:1440:12":114,"s:1440:21:1450:8":484,"b:1443:32:1443:45:1443:45:1443:58":245,"b:1444:38:1444:57:1444:57:1444:59":246,"b:1445:35:1445:51:1445:51:1445:59":247,"b:1446:33:1446:47:1446:47:1446:53":248,"b:1447:33:1447:47:1447:47:1447:49":249,"b:1449:38:1449:57:1449:57:1449:75:1449:75:1449:89":250,"s:1453:29:1483:Infinity":485,"f:1454:14:1454:15":115,"s:1455:26:1455:Infinity":486,"b:1455:43:1455:61:1455:61:1455:63":251,"b:1456:8:1458:Infinity:undefined:undefined:undefined:undefined":252,"s:1456:8:1458:Infinity":487,"b:1456:12:1456:64:1456:64:1456:77:1456:77:1456:108:1456:108:1456:141":253,"s:1457:10:1457:Infinity":488,"b:1459:8:1459:Infinity:undefined:undefined:undefined:undefined":254,"s:1459:8:1459:Infinity":489,"s:1459:53:1459:Infinity":490,"b:1460:8:1463:Infinity:undefined:undefined:undefined:undefined":255,"s:1460:8:1463:Infinity":491,"s:1461:25:1461:Infinity":492,"b:1461:42:1461:56:1461:56:1461:58":256,"b:1462:10:1462:Infinity:undefined:undefined:undefined:undefined":257,"s:1462:10:1462:Infinity":493,"s:1462:53:1462:Infinity":494,"b:1464:8:1464:Infinity:undefined:undefined:undefined:undefined":258,"s:1464:8:1464:Infinity":495,"s:1464:29:1464:Infinity":496,"s:1465:8:1465:Infinity":497,"f:1467:11:1467:12":116,"s:1468:21:1468:Infinity":498,"b:1468:65:1468:91:1468:91:1468:Infinity":259,"b:1468:21:1468:33:1468:33:1468:65":260,"s:1469:24:1469:Infinity":499,"b:1469:24:1469:50:1469:50:1469:64:1469:64:1469:91:1469:91:1469:Infinity":261,"s:1470:8:1481:Infinity":500,"b:1473:42:1473:63:1473:63:1473:81":262,"b:1474:34:1474:47:1474:47:1474:61:1474:61:1474:76":263,"b:1475:35:1475:49:1475:49:1475:64:1475:64:1475:69":264,"b:1476:37:1476:53:1476:53:1476:69:1476:69:1476:86:1476:86:1476:94":265,"b:1477:45:1477:69:1477:69:1477:94:1477:94:1477:106":266,"b:1480:47:1480:73:1480:73:1480:100:1480:100:1480:102":267,"s:1485:33:1485:Infinity":501,"f:1485:56:1485:57":117,"s:1485:65:1485:97":502,"s:1486:29:1486:Infinity":503,"f:1486:52:1486:53":118,"s:1486:61:1486:141":504,"s:1487:25:1487:Infinity":505,"f:1487:48:1487:49":119,"s:1487:49:1487:83":506,"b:1487:58:1487:77:1487:77:1487:82":268,"s:1488:24:1488:Infinity":507,"f:1488:42:1488:43":120,"s:1488:51:1488:95":508,"s:1489:29:1489:Infinity":509,"f:1489:50:1489:51":121,"s:1489:64:1489:88":510,"s:1490:24:1490:Infinity":511,"f:1490:45:1490:46":122,"s:1490:59:1490:84":512,"s:1491:30:1491:Infinity":513,"f:1491:54:1491:55":123,"s:1491:63:1491:138":514,"b:1491:106:1491:120:1491:120:1491:122":269,"s:1492:24:1492:Infinity":515,"f:1492:48:1492:49":124,"s:1492:57:1492:119":516,"b:1492:64:1492:88:1492:88:1492:90":270,"s:1493:32:1499:Infinity":517,"f:1493:55:1493:56":125,"s:1494:23:1494:Infinity":518,"b:1494:40:1494:56:1494:56:1494:58":271,"b:1495:6:1495:Infinity:undefined:undefined:undefined:undefined":272,"s:1495:6:1495:Infinity":519,"s:1495:35:1495:Infinity":520,"b:1496:6:1496:Infinity:undefined:undefined:undefined:undefined":273,"s:1496:6:1496:Infinity":521,"s:1496:31:1496:Infinity":522,"b:1497:6:1497:Infinity:undefined:undefined:undefined:undefined":274,"s:1497:6:1497:Infinity":523,"s:1497:33:1497:Infinity":524,"s:1498:6:1498:Infinity":525,"s:1501:29:1501:Infinity":526,"s:1502:24:1502:Infinity":527,"s:1504:31:1513:Infinity":528,"f:1504:48:1504:49":126,"s:1504:58:1513:6":529,"b:1506:37:1506:57:1506:57:1506:76:1506:76:1506:82":275,"b:1507:31:1507:45:1507:45:1507:54":276,"s:1515:27:1522:Infinity":530,"s:1524:31:1529:Infinity":531,"s:1530:10:1530:Infinity":532,"s:1531:35:1540:Infinity":533,"s:1541:27:1549:Infinity":534,"f:1541:89:1541:90":127,"s:1542:19:1547:Infinity":535,"f:1542:19:1542:20":128,"s:1543:27:1543:Infinity":536,"b:1544:8:1544:Infinity:undefined:undefined:undefined:undefined":277,"s:1544:8:1544:Infinity":537,"s:1544:39:1544:Infinity":538,"b:1545:8:1545:Infinity:undefined:undefined:undefined:undefined":278,"s:1545:8:1545:Infinity":539,"s:1545:38:1545:Infinity":540,"s:1546:8:1546:Infinity":541,"s:1548:6:1548:Infinity":542,"s:1551:32:1583:Infinity":543,"b:1581:59:1581:127:1581:127:1581:Infinity":279,"s:1585:29:1589:Infinity":544,"s:1591:32:1620:Infinity":545,"b:1612:16:1612:32:1612:32:1612:Infinity":280,"b:1613:21:1613:39:1613:39:1613:Infinity":281,"b:1617:16:1617:42:1617:42:1617:Infinity":282,"s:1622:4:1625:Infinity":546,"b:1627:4:1632:Infinity:undefined:undefined:undefined:undefined":283,"s:1627:4:1632:Infinity":547,"s:1628:24:1630:Infinity":548,"f:1629:16:1629:17":129,"s:1629:31:1629:60":549,"f:1630:13:1630:14":130,"s:1630:24:1630:27":550,"s:1631:6:1631:Infinity":551,"f:1631:24:1631:25":131,"s:1631:33:1631:60":552,"s:1634:4:1657:Infinity":553,"b:1644:33:1644:48:1644:48:1644:64":284,"b:1645:47:1645:62:1645:62:1645:78":285,"b:1653:18:1653:34:1653:34:1653:Infinity":286,"b:1654:23:1654:41:1654:41:1654:Infinity":287,"s:1659:4:1671:Infinity":554,"s:1673:4:1673:Infinity":555}}}
}
