TN:
SF:src/diagonal-strip.esm.js
FN:9,(anonymous_1)
FN:11,(anonymous_2)
FN:16,(anonymous_3)
FN:18,(anonymous_4)
FN:23,(anonymous_5)
FN:30,(anonymous_6)
FN:42,(anonymous_7)
FN:56,(anonymous_8)
FN:65,(anonymous_9)
FN:71,(anonymous_10)
FN:78,(anonymous_11)
FN:92,(anonymous_12)
FN:106,(anonymous_13)
FN:114,(anonymous_14)
FN:116,(anonymous_15)
FN:127,(anonymous_16)
FN:146,(anonymous_17)
FN:216,(anonymous_18)
FN:160,(anonymous_19)
FN:169,(anonymous_20)
FN:179,(anonymous_21)
FN:184,(anonymous_22)
FN:188,(anonymous_23)
FN:223,(anonymous_25)
FN:225,(anonymous_26)
FN:238,_DiagonalStrip_resolveResponsiveConfig
FN:264,_DiagonalStrip_computeContrast
FN:277,_DiagonalStrip_sync
FN:338,_DiagonalStrip_applyStrategy
FN:352,_DiagonalStrip_suppressPreviousDecorations
FN:357,(anonymous_32)
FN:363,(anonymous_33)
FNF:32
FNH:26
FNDA:87,(anonymous_1)
FNDA:76,(anonymous_2)
FNDA:5,(anonymous_3)
FNDA:33,(anonymous_4)
FNDA:5,(anonymous_5)
FNDA:5,(anonymous_6)
FNDA:11,(anonymous_7)
FNDA:11,(anonymous_8)
FNDA:22,(anonymous_9)
FNDA:33,(anonymous_10)
FNDA:11,(anonymous_11)
FNDA:11,(anonymous_12)
FNDA:11,(anonymous_13)
FNDA:11,(anonymous_14)
FNDA:0,(anonymous_15)
FNDA:10,(anonymous_16)
FNDA:5,(anonymous_17)
FNDA:1,(anonymous_18)
FNDA:0,(anonymous_19)
FNDA:0,(anonymous_20)
FNDA:5,(anonymous_21)
FNDA:2,(anonymous_22)
FNDA:5,(anonymous_23)
FNDA:0,(anonymous_25)
FNDA:0,(anonymous_26)
FNDA:11,_DiagonalStrip_resolveResponsiveConfig
FNDA:11,_DiagonalStrip_computeContrast
FNDA:11,_DiagonalStrip_sync
FNDA:11,_DiagonalStrip_applyStrategy
FNDA:5,_DiagonalStrip_suppressPreviousDecorations
FNDA:0,(anonymous_32)
FNDA:4,(anonymous_33)
DA:1,2
DA:2,2
DA:3,2
DA:5,2
DA:6,2
DA:7,2
DA:9,87
DA:11,2
DA:12,76
DA:13,76
DA:16,5
DA:18,2
DA:19,33
DA:20,33
DA:23,2
DA:24,5
DA:25,5
DA:26,0
DA:30,2
DA:31,5
DA:32,5
DA:33,5
DA:34,5
DA:35,5
DA:36,5
DA:37,5
DA:38,5
DA:39,5
DA:42,2
DA:43,11
DA:44,11
DA:45,11
DA:46,11
DA:47,0
DA:48,0
DA:49,0
DA:50,0
DA:51,0
DA:53,0
DA:56,2
DA:57,11
DA:58,11
DA:59,11
DA:60,11
DA:61,11
DA:62,11
DA:65,2
DA:66,22
DA:67,22
DA:68,22
DA:71,2
DA:72,33
DA:73,33
DA:74,33
DA:75,33
DA:78,2
DA:79,11
DA:80,11
DA:81,11
DA:82,11
DA:83,11
DA:84,11
DA:85,11
DA:86,11
DA:88,0
DA:89,0
DA:92,2
DA:93,11
DA:94,11
DA:95,11
DA:96,11
DA:97,12
DA:98,12
DA:99,12
DA:100,0
DA:103,11
DA:106,2
DA:107,11
DA:108,11
DA:109,11
DA:110,11
DA:111,11
DA:114,11
DA:116,2
DA:117,0
DA:118,0
DA:127,2
DA:128,10
DA:129,10
DA:145,2
DA:147,5
DA:148,5
DA:149,0
DA:151,5
DA:152,5
DA:153,5
DA:154,5
DA:155,5
DA:156,5
DA:157,5
DA:158,5
DA:159,5
DA:160,5
DA:161,5
DA:162,5
DA:163,5
DA:164,5
DA:165,0
DA:166,0
DA:168,5
DA:169,0
DA:170,0
DA:175,5
DA:176,5
DA:180,5
DA:181,5
DA:185,2
DA:189,5
DA:190,5
DA:191,5
DA:193,5
DA:194,0
DA:195,0
DA:197,5
DA:198,5
DA:199,0
DA:200,0
DA:202,5
DA:203,0
DA:204,0
DA:206,5
DA:207,5
DA:208,5
DA:210,5
DA:211,5
DA:213,5
DA:216,5
DA:217,1
DA:221,5
DA:222,0
DA:223,0
DA:224,0
DA:225,0
DA:226,0
DA:227,0
DA:234,0
DA:236,0
DA:241,11
DA:242,11
DA:243,11
DA:244,11
DA:245,11
DA:246,11
DA:247,11
DA:248,11
DA:249,11
DA:250,11
DA:251,11
DA:252,0
DA:253,11
DA:254,11
DA:256,0
DA:258,11
DA:259,11
DA:267,11
DA:268,11
DA:269,11
DA:280,11
DA:281,11
DA:282,11
DA:283,11
DA:284,11
DA:285,11
DA:286,11
DA:287,11
DA:288,11
DA:289,11
DA:290,11
DA:301,11
DA:302,11
DA:303,11
DA:304,2
DA:310,11
DA:311,3
DA:323,11
DA:341,11
DA:342,11
DA:343,7
DA:344,2
DA:346,7
DA:347,7
DA:351,11
DA:355,5
DA:356,5
DA:357,5
DA:358,0
DA:363,4
DA:365,2
LF:198
LH:164
BRDA:12,0,0,22
BRDA:12,0,1,54
BRDA:13,1,0,58
BRDA:13,1,1,18
BRDA:25,2,0,0
BRDA:25,2,1,5
BRDA:46,3,0,11
BRDA:46,3,1,0
BRDA:50,4,0,0
BRDA:50,4,1,0
BRDA:57,5,0,11
BRDA:57,5,1,8
BRDA:58,6,0,11
BRDA:58,6,1,8
BRDA:59,7,0,11
BRDA:59,7,1,8
BRDA:60,8,0,0
BRDA:60,8,1,11
BRDA:61,9,0,0
BRDA:61,9,1,11
BRDA:66,10,0,0
BRDA:66,10,1,22
BRDA:72,11,0,33
BRDA:72,11,1,0
BRDA:74,12,0,0
BRDA:74,12,1,33
BRDA:82,13,0,0
BRDA:82,13,1,11
BRDA:82,14,0,11
BRDA:82,14,1,11
BRDA:82,14,2,11
BRDA:82,15,0,0
BRDA:82,15,1,0
BRDA:82,15,2,0
BRDA:82,15,3,0
BRDA:83,16,0,0
BRDA:83,16,1,11
BRDA:83,17,0,11
BRDA:83,17,1,11
BRDA:83,18,0,0
BRDA:83,18,1,0
BRDA:83,18,2,0
BRDA:83,18,3,0
BRDA:84,19,0,0
BRDA:84,19,1,11
BRDA:85,20,0,11
BRDA:85,20,1,0
BRDA:99,21,0,0
BRDA:99,21,1,12
BRDA:114,22,0,11
BRDA:114,22,1,0
BRDA:119,23,0,0
BRDA:119,23,1,0
BRDA:121,24,0,0
BRDA:121,24,1,0
BRDA:122,25,0,0
BRDA:122,25,1,0
BRDA:123,26,0,0
BRDA:123,26,1,0
BRDA:128,27,0,10
BRDA:128,27,1,0
BRDA:130,28,0,10
BRDA:130,28,1,2
BRDA:132,29,0,10
BRDA:132,29,1,1
BRDA:133,30,0,10
BRDA:133,30,1,1
BRDA:134,31,0,0
BRDA:134,31,1,10
BRDA:136,32,0,1
BRDA:136,32,1,9
BRDA:137,33,0,10
BRDA:137,33,1,4
BRDA:146,34,0,0
BRDA:148,35,0,0
BRDA:148,35,1,5
BRDA:148,36,0,5
BRDA:148,36,1,5
BRDA:163,37,0,5
BRDA:163,37,1,0
BRDA:165,38,0,0
BRDA:165,38,1,0
BRDA:168,39,0,0
BRDA:168,39,1,5
BRDA:168,40,0,5
BRDA:168,40,1,0
BRDA:189,41,0,5
BRDA:189,41,1,0
BRDA:193,42,0,0
BRDA:193,42,1,5
BRDA:197,43,0,5
BRDA:197,43,1,0
BRDA:199,44,0,0
BRDA:199,44,1,0
BRDA:202,45,0,0
BRDA:202,45,1,5
BRDA:206,46,0,5
BRDA:206,46,1,0
BRDA:210,47,0,5
BRDA:210,47,1,0
BRDA:221,48,0,5
BRDA:221,48,1,0
BRDA:225,49,0,0
BRDA:225,49,1,0
BRDA:226,50,0,0
BRDA:226,50,1,0
BRDA:242,51,0,0
BRDA:242,51,1,11
BRDA:243,52,0,11
BRDA:243,52,1,8
BRDA:244,53,0,11
BRDA:244,53,1,8
BRDA:245,54,0,11
BRDA:245,54,1,8
BRDA:247,55,0,11
BRDA:247,55,1,0
BRDA:248,56,0,11
BRDA:248,56,1,0
BRDA:249,57,0,11
BRDA:249,57,1,0
BRDA:251,58,0,0
BRDA:251,58,1,11
BRDA:253,59,0,11
BRDA:253,59,1,0
BRDA:268,60,0,0
BRDA:268,60,1,11
BRDA:279,61,0,6
BRDA:280,62,0,11
BRDA:280,62,1,0
BRDA:284,63,0,11
BRDA:284,63,1,0
BRDA:285,64,0,1
BRDA:285,64,1,10
BRDA:288,65,0,0
BRDA:288,65,1,11
BRDA:289,66,0,3
BRDA:289,66,1,8
BRDA:302,67,0,11
BRDA:302,67,1,0
BRDA:303,68,0,2
BRDA:303,68,1,9
BRDA:310,69,0,3
BRDA:310,69,1,8
BRDA:341,70,0,1
BRDA:341,70,1,10
BRDA:342,71,0,7
BRDA:342,71,1,4
BRDA:342,72,0,11
BRDA:342,72,1,6
BRDA:343,73,0,2
BRDA:343,73,1,5
BRDA:347,74,0,1
BRDA:347,74,1,6
BRDA:358,75,0,0
BRDA:358,75,1,0
BRDA:363,76,0,0
BRF:156
BRH:89
end_of_record
TN:
SF:src/contrast/apca.js
FN:3,(anonymous_0)
FN:5,(anonymous_1)
FN:10,(anonymous_2)
FN:17,(anonymous_3)
FN:19,(anonymous_4)
FN:24,(anonymous_5)
FN:33,(anonymous_6)
FN:70,(anonymous_7)
FN:74,(anonymous_8)
FN:77,(anonymous_9)
FN:89,(anonymous_10)
FN:93,(anonymous_11)
FN:101,(anonymous_12)
FN:139,(anonymous_13)
FN:149,(anonymous_14)
FN:151,(anonymous_15)
FN:154,(anonymous_16)
FN:162,(anonymous_17)
FN:174,(anonymous_18)
FNF:19
FNH:19
FNDA:16097,(anonymous_0)
FNDA:61050,(anonymous_1)
FNDA:20350,(anonymous_2)
FNDA:16083,(anonymous_3)
FNDA:348,(anonymous_4)
FNDA:3,(anonymous_5)
FNDA:6,(anonymous_6)
FNDA:370,(anonymous_7)
FNDA:1056,(anonymous_8)
FNDA:1053,(anonymous_9)
FNDA:14,(anonymous_10)
FNDA:21,(anonymous_11)
FNDA:716,(anonymous_12)
FNDA:2,(anonymous_13)
FNDA:178,(anonymous_14)
FNDA:534,(anonymous_15)
FNDA:5006,(anonymous_16)
FNDA:5169,(anonymous_17)
FNDA:178,(anonymous_18)
DA:1,4
DA:3,16097
DA:5,4
DA:6,61050
DA:7,61050
DA:10,4
DA:11,20350
DA:12,20350
DA:13,20350
DA:14,20350
DA:17,16083
DA:19,4
DA:20,348
DA:21,348
DA:22,1
DA:24,3
DA:27,347
DA:28,346
DA:30,1
DA:33,4
DA:34,6
DA:35,6
DA:36,6
DA:37,6
DA:38,6
DA:39,6
DA:40,6
DA:41,6
DA:42,6
DA:43,6
DA:44,1
DA:45,1
DA:46,5
DA:47,1
DA:48,1
DA:49,4
DA:50,1
DA:51,1
DA:52,3
DA:53,1
DA:54,1
DA:55,2
DA:56,1
DA:57,1
DA:59,1
DA:60,1
DA:62,6
DA:70,4
DA:71,370
DA:72,370
DA:73,352
DA:74,1056
DA:75,352
DA:76,351
DA:77,351
DA:78,1053
DA:79,1050
DA:81,351
DA:89,4
DA:90,14
DA:91,14
DA:92,7
DA:93,21
DA:94,7
DA:95,6
DA:96,6
DA:97,6
DA:98,6
DA:101,4
DA:102,716
DA:103,713
DA:104,713
DA:109,713
DA:110,711
DA:111,348
DA:112,348
DA:113,347
DA:120,363
DA:121,363
DA:122,14
DA:123,14
DA:125,8
DA:126,7
DA:127,7
DA:128,7
DA:129,7
DA:130,7
DA:131,7
DA:132,7
DA:133,7
DA:134,7
DA:136,6
DA:139,4
DA:140,2
DA:141,2
DA:149,4
DA:150,178
DA:151,534
DA:154,4
DA:155,5006
DA:156,5006
DA:157,5006
DA:158,5006
DA:159,5006
DA:162,4
DA:163,5169
DA:164,5169
DA:165,5169
DA:166,5169
DA:167,5169
DA:168,5169
DA:171,5169
DA:174,4
DA:182,178
DA:183,178
DA:184,178
DA:185,1
DA:194,177
DA:195,177
DA:196,177
DA:197,177
DA:198,43
DA:207,134
DA:212,134
DA:213,134
DA:214,268
DA:215,268
DA:216,268
DA:217,268
DA:218,4824
DA:219,4824
DA:225,4824
DA:226,4824
DA:227,4824
DA:228,1204
DA:229,1204
DA:231,3620
DA:234,268
DA:235,133
DA:239,134
DA:240,2
DA:241,2
DA:242,2
DA:243,2
DA:252,132
DA:261,4
LF:146
LH:146
BRDA:7,0,0,14483
BRDA:7,0,1,46567
BRDA:21,1,0,1
BRDA:21,1,1,347
BRDA:27,2,0,346
BRDA:27,2,1,1
BRDA:27,3,0,347
BRDA:27,3,1,2
BRDA:43,4,0,1
BRDA:43,4,1,5
BRDA:46,5,0,1
BRDA:46,5,1,4
BRDA:49,6,0,1
BRDA:49,6,1,3
BRDA:52,7,0,1
BRDA:52,7,1,2
BRDA:55,8,0,1
BRDA:55,8,1,1
BRDA:72,9,0,18
BRDA:72,9,1,352
BRDA:75,10,0,1
BRDA:75,10,1,351
BRDA:78,11,0,3
BRDA:78,11,1,1050
BRDA:85,12,0,350
BRDA:85,12,1,1
BRDA:91,13,0,7
BRDA:91,13,1,7
BRDA:94,14,0,1
BRDA:94,14,1,6
BRDA:97,15,0,5
BRDA:97,15,1,1
BRDA:101,16,0,0
BRDA:101,17,0,0
BRDA:101,17,1,0
BRDA:102,18,0,3
BRDA:102,18,1,713
BRDA:102,19,0,716
BRDA:102,19,1,714
BRDA:109,20,0,2
BRDA:109,20,1,711
BRDA:110,21,0,348
BRDA:110,21,1,363
BRDA:112,22,0,1
BRDA:112,22,1,347
BRDA:121,23,0,349
BRDA:121,23,1,14
BRDA:123,24,0,6
BRDA:123,24,1,8
BRDA:125,25,0,7
BRDA:125,25,1,1
BRDA:133,26,0,7
BRDA:133,26,1,0
BRDA:134,27,0,2
BRDA:134,27,1,5
BRDA:140,28,0,2
BRDA:140,28,1,1
BRDA:168,29,0,2585
BRDA:168,29,1,2584
BRDA:177,30,0,1
BRDA:178,31,0,1
BRDA:179,32,0,4
BRDA:180,33,0,1
BRDA:180,34,0,1
BRDA:180,34,1,0
BRDA:184,35,0,1
BRDA:184,35,1,177
BRDA:184,36,0,178
BRDA:184,36,1,177
BRDA:194,37,0,1
BRDA:194,37,1,176
BRDA:197,38,0,43
BRDA:197,38,1,134
BRDA:197,39,0,177
BRDA:197,39,1,43
BRDA:227,40,0,1204
BRDA:227,40,1,3620
BRDA:227,41,0,4824
BRDA:227,41,1,1204
BRDA:234,42,0,133
BRDA:234,42,1,135
BRDA:234,43,0,268
BRDA:234,43,1,134
BRDA:234,43,2,2
BRDA:239,44,0,2
BRDA:239,44,1,132
BRDA:242,45,0,1
BRDA:242,45,1,1
BRF:88
BRH:83
end_of_record
