TN:
SF:src/design-system/federation-entry.ts
FNF:0
FNH:0
DA:1,1
LF:1
LH:1
BRF:0
BRH:0
end_of_record
TN:
SF:src/design-system/index.ts
FN:1,(anonymous_4)
FN:5,(anonymous_5)
FN:6,(anonymous_6)
FN:7,(anonymous_7)
FN:8,(anonymous_8)
FN:9,(anonymous_9)
FN:9,(anonymous_10)
FN:9,(anonymous_11)
FN:9,(anonymous_12)
FN:9,(anonymous_13)
FN:10,(anonymous_14)
FN:10,(anonymous_15)
FN:10,(anonymous_16)
FN:10,(anonymous_17)
FN:10,(anonymous_18)
FN:10,(anonymous_19)
FN:11,(anonymous_20)
FN:11,(anonymous_21)
FN:11,(anonymous_22)
FN:11,(anonymous_23)
FN:12,(anonymous_24)
FN:12,(anonymous_25)
FN:12,(anonymous_26)
FN:12,(anonymous_27)
FN:13,(anonymous_28)
FN:13,(anonymous_29)
FN:13,(anonymous_30)
FN:13,(anonymous_31)
FN:13,(anonymous_32)
FN:13,(anonymous_33)
FN:14,(anonymous_34)
FN:14,(anonymous_35)
FN:14,(anonymous_36)
FN:15,(anonymous_37)
FN:16,(anonymous_38)
FN:16,(anonymous_39)
FN:16,(anonymous_40)
FN:16,(anonymous_41)
FN:16,(anonymous_42)
FN:17,(anonymous_43)
FN:18,(anonymous_44)
FN:18,(anonymous_45)
FN:19,(anonymous_46)
FN:19,(anonymous_47)
FN:19,(anonymous_48)
FN:19,(anonymous_49)
FN:20,(anonymous_50)
FN:20,(anonymous_51)
FN:20,(anonymous_52)
FN:20,(anonymous_53)
FN:21,(anonymous_54)
FN:21,(anonymous_55)
FN:21,(anonymous_56)
FN:21,(anonymous_57)
FN:22,(anonymous_58)
FN:22,(anonymous_59)
FN:22,(anonymous_60)
FN:23,(anonymous_61)
FNF:58
FNH:0
FNDA:0,(anonymous_4)
FNDA:0,(anonymous_5)
FNDA:0,(anonymous_6)
FNDA:0,(anonymous_7)
FNDA:0,(anonymous_8)
FNDA:0,(anonymous_9)
FNDA:0,(anonymous_10)
FNDA:0,(anonymous_11)
FNDA:0,(anonymous_12)
FNDA:0,(anonymous_13)
FNDA:0,(anonymous_14)
FNDA:0,(anonymous_15)
FNDA:0,(anonymous_16)
FNDA:0,(anonymous_17)
FNDA:0,(anonymous_18)
FNDA:0,(anonymous_19)
FNDA:0,(anonymous_20)
FNDA:0,(anonymous_21)
FNDA:0,(anonymous_22)
FNDA:0,(anonymous_23)
FNDA:0,(anonymous_24)
FNDA:0,(anonymous_25)
FNDA:0,(anonymous_26)
FNDA:0,(anonymous_27)
FNDA:0,(anonymous_28)
FNDA:0,(anonymous_29)
FNDA:0,(anonymous_30)
FNDA:0,(anonymous_31)
FNDA:0,(anonymous_32)
FNDA:0,(anonymous_33)
FNDA:0,(anonymous_34)
FNDA:0,(anonymous_35)
FNDA:0,(anonymous_36)
FNDA:0,(anonymous_37)
FNDA:0,(anonymous_38)
FNDA:0,(anonymous_39)
FNDA:0,(anonymous_40)
FNDA:0,(anonymous_41)
FNDA:0,(anonymous_42)
FNDA:0,(anonymous_43)
FNDA:0,(anonymous_44)
FNDA:0,(anonymous_45)
FNDA:0,(anonymous_46)
FNDA:0,(anonymous_47)
FNDA:0,(anonymous_48)
FNDA:0,(anonymous_49)
FNDA:0,(anonymous_50)
FNDA:0,(anonymous_51)
FNDA:0,(anonymous_52)
FNDA:0,(anonymous_53)
FNDA:0,(anonymous_54)
FNDA:0,(anonymous_55)
FNDA:0,(anonymous_56)
FNDA:0,(anonymous_57)
FNDA:0,(anonymous_58)
FNDA:0,(anonymous_59)
FNDA:0,(anonymous_60)
FNDA:0,(anonymous_61)
DA:1,1
DA:2,1
DA:3,1
DA:4,1
DA:5,1
DA:6,1
DA:7,1
DA:8,1
DA:9,1
DA:10,1
DA:11,1
DA:12,1
DA:13,1
DA:14,1
DA:15,1
DA:16,1
DA:17,1
DA:18,1
DA:19,1
DA:20,1
DA:21,1
DA:22,1
DA:23,1
LF:23
LH:23
BRF:0
BRH:0
end_of_record
TN:
SF:src/design-system/rolloutPlan.ts
FN:35,(anonymous_0)
FN:35,(anonymous_1)
FNF:2
FNH:2
FNDA:1,(anonymous_0)
FNDA:4,(anonymous_1)
DA:8,1
DA:35,4
LF:2
LH:2
BRF:0
BRH:0
end_of_record
TN:
SF:src/design-system/components/index.ts
FNF:0
FNH:0
DA:1,2
DA:2,2
DA:3,2
DA:4,2
DA:5,2
LF:5
LH:5
BRF:0
BRH:0
end_of_record
TN:
SF:src/design-system/tokens/index.ts
FNF:0
FNH:0
DA:1,1
LF:1
LH:1
BRF:0
BRH:0
end_of_record
